k-points are in crystal coordinates
nk(3) =     2    2    2
dk(3) =   0.000000000  0.000000000  0.000000000
dq(3) =   0.001000000  0.000000000  0.000000000

direct lattice vectors
a1 =   1.000000000  0.000000000  0.000000000
a2 =   0.000000000  1.000000000  0.000000000
a3 =   0.000000000  0.000000000  1.000000000

unit cell volume =  0.100000000E+01

reciprocal lattice vectors
b1 =   6.283185307  0.000000000  0.000000000
b2 =   0.000000000  6.283185307  0.000000000
b3 =   0.000000000  0.000000000  6.283185307

symmetries of the Bravais lattice
Space group 221, symbol Pm-3m                
r01 =     1   0   0     0   1   0     0   0   1
r02 =     1   0   0     0   1   0     0   0  -1
r03 =     1   0   0     0   0   1     0   1   0
r04 =     1   0   0     0   0   1     0  -1   0
r05 =     1   0   0     0  -1   0     0   0   1
r06 =     1   0   0     0  -1   0     0   0  -1
r07 =     1   0   0     0   0  -1     0   1   0
r08 =     1   0   0     0   0  -1     0  -1   0
r09 =     0   1   0     1   0   0     0   0   1
r10 =     0   1   0     1   0   0     0   0  -1
r11 =     0   1   0     0   0   1     1   0   0
r12 =     0   1   0     0   0   1    -1   0   0
r13 =     0   1   0    -1   0   0     0   0   1
r14 =     0   1   0    -1   0   0     0   0  -1
r15 =     0   1   0     0   0  -1     1   0   0
r16 =     0   1   0     0   0  -1    -1   0   0
r17 =     0   0   1     1   0   0     0   1   0
r18 =     0   0   1     1   0   0     0  -1   0
r19 =     0   0   1     0   1   0     1   0   0
r20 =     0   0   1     0   1   0    -1   0   0
r21 =     0   0   1    -1   0   0     0   1   0
r22 =     0   0   1    -1   0   0     0  -1   0
r23 =     0   0   1     0  -1   0     1   0   0
r24 =     0   0   1     0  -1   0    -1   0   0
r25 =    -1   0   0     0   1   0     0   0   1
r26 =    -1   0   0     0   1   0     0   0  -1
r27 =    -1   0   0     0   0   1     0   1   0
r28 =    -1   0   0     0   0   1     0  -1   0
r29 =    -1   0   0     0  -1   0     0   0   1
r30 =    -1   0   0     0  -1   0     0   0  -1
r31 =    -1   0   0     0   0  -1     0   1   0
r32 =    -1   0   0     0   0  -1     0  -1   0
r33 =     0  -1   0     1   0   0     0   0   1
r34 =     0  -1   0     1   0   0     0   0  -1
r35 =     0  -1   0     0   0   1     1   0   0
r36 =     0  -1   0     0   0   1    -1   0   0
r37 =     0  -1   0    -1   0   0     0   0   1
r38 =     0  -1   0    -1   0   0     0   0  -1
r39 =     0  -1   0     0   0  -1     1   0   0
r40 =     0  -1   0     0   0  -1    -1   0   0
r41 =     0   0  -1     1   0   0     0   1   0
r42 =     0   0  -1     1   0   0     0  -1   0
r43 =     0   0  -1     0   1   0     1   0   0
r44 =     0   0  -1     0   1   0    -1   0   0
r45 =     0   0  -1    -1   0   0     0   1   0
r46 =     0   0  -1    -1   0   0     0  -1   0
r47 =     0   0  -1     0  -1   0     1   0   0
r48 =     0   0  -1     0  -1   0    -1   0   0

symmetries of the crystal
Space group 227, symbol Fd-3m                
r01 =     1   0   0     0   1   0     0   0   1
r02 =     1   0   0     0   0   1     0   1   0
r03 =     1   0   0     0  -1   0     0   0  -1
r04 =     1   0   0     0   0  -1     0  -1   0
r05 =     0   1   0     1   0   0     0   0   1
r06 =     0   1   0     0   0   1     1   0   0
r07 =     0   1   0    -1   0   0     0   0  -1
r08 =     0   1   0     0   0  -1    -1   0   0
r09 =     0   0   1     1   0   0     0   1   0
r10 =     0   0   1     0   1   0     1   0   0
r11 =     0   0   1    -1   0   0     0  -1   0
r12 =     0   0   1     0  -1   0    -1   0   0
r13 =    -1   0   0     0   1   0     0   0  -1
r14 =    -1   0   0     0   0   1     0  -1   0
r15 =    -1   0   0     0  -1   0     0   0   1
r16 =    -1   0   0     0   0  -1     0   1   0
r17 =     0  -1   0     1   0   0     0   0  -1
r18 =     0  -1   0     0   0   1    -1   0   0
r19 =     0  -1   0    -1   0   0     0   0   1
r20 =     0  -1   0     0   0  -1     1   0   0
r21 =     0   0  -1     1   0   0     0  -1   0
r22 =     0   0  -1     0   1   0    -1   0   0
r23 =     0   0  -1    -1   0   0     0   1   0
r24 =     0   0  -1     0  -1   0     1   0   0

symmetries that reduce the k-points
r02 =     1   0   0     0   0   1     0   1   0
r05 =     0   1   0     1   0   0     0   0   1

symmetries of a subgroup of the q-vector
r01 =     1   0   0     0   1   0     0   0   1
r02 =     1   0   0     0   0   1     0   1   0
r03 =     1   0   0     0  -1   0     0   0  -1
r04 =     1   0   0     0   0  -1     0  -1   0

k-points in the original uniform grid
    8
    1  0.000000000  0.000000000  0.000000000   1.0    0  ---
    2  0.000000000  0.000000000  0.500000000   3.0    0  ---
    3  0.000000000  0.500000000  0.000000000   0.0    2  r02
    4  0.000000000  0.500000000  0.500000000   3.0    0  ---
    5  0.500000000  0.000000000  0.000000000   0.0    2  r05
    6  0.500000000  0.000000000  0.500000000   0.0    4  r05
    7  0.500000000  0.500000000  0.000000000   0.0    4  r02
    8  0.500000000  0.500000000  0.500000000   1.0    0  ---

k-points in the irreducible wedge
    4
    1  0.000000000  0.000000000  0.000000000   1.0    1
    2  0.000000000  0.000000000  0.500000000   3.0    2
    3  0.000000000  0.500000000  0.500000000   3.0    4
    4  0.500000000  0.500000000  0.500000000   1.0    8

k-points in the unfolded Brillouin Zone
    8
    1  0.001000000  0.000000000  0.000000000   1.0
    2  0.001000000  0.000000000  0.500000000   1.0
    3  0.001000000  0.500000000  0.000000000   1.0
    4  0.001000000  0.500000000  0.500000000   1.0
    5  0.501000000  0.000000000  0.000000000   1.0
    6  0.501000000  0.000000000  0.500000000   1.0
    7  0.501000000  0.500000000  0.000000000   1.0
    8  0.501000000  0.500000000  0.500000000   1.0

k-points folded with the symmetries of a subgroup of the q-vector
    6
    1  0.001000000  0.000000000  0.000000000   1.0
    2  0.001000000  0.000000000  0.500000000   2.0
    3  0.001000000  0.500000000  0.500000000   1.0
    4  0.501000000  0.000000000  0.000000000   1.0
    5  0.501000000  0.000000000  0.500000000   2.0
    6  0.501000000  0.500000000  0.500000000   1.0

