K_POINTS crystal
   32
  0.000000000  0.000000000  0.015625000   1.0
  0.000000000  0.000000000  0.046875000   1.0
  0.000000000  0.000000000  0.078125000   1.0
  0.000000000  0.000000000  0.109375000   1.0
  0.000000000  0.000000000  0.140625000   1.0
  0.000000000  0.000000000  0.171875000   1.0
  0.000000000  0.000000000  0.203125000   1.0
  0.000000000  0.000000000  0.234375000   1.0
  0.000000000  0.000000000  0.265625000   1.0
  0.000000000  0.000000000  0.296875000   1.0
  0.000000000  0.000000000  0.328125000   1.0
  0.000000000  0.000000000  0.359375000   1.0
  0.000000000  0.000000000  0.390625000   1.0
  0.000000000  0.000000000  0.421875000   1.0
  0.000000000  0.000000000  0.453125000   1.0
  0.000000000  0.000000000  0.484375000   1.0
  0.000000000  0.000000000  0.515625000   1.0
  0.000000000  0.000000000  0.546875000   1.0
  0.000000000  0.000000000  0.578125000   1.0
  0.000000000  0.000000000  0.609375000   1.0
  0.000000000  0.000000000  0.640625000   1.0
  0.000000000  0.000000000  0.671875000   1.0
  0.000000000  0.000000000  0.703125000   1.0
  0.000000000  0.000000000  0.734375000   1.0
  0.000000000  0.000000000  0.765625000   1.0
  0.000000000  0.000000000  0.796875000   1.0
  0.000000000  0.000000000  0.828125000   1.0
  0.000000000  0.000000000  0.859375000   1.0
  0.000000000  0.000000000  0.890625000   1.0
  0.000000000  0.000000000  0.921875000   1.0
  0.000000000  0.000000000  0.953125000   1.0
  0.000000000  0.000000000  0.984375000   1.0
