RMG initialization ... 1 image(s) total, 1 per node. 16 MPI processes/image. Thread level 2.


                     * * * * * * * * * *
                     *    R   M   G    *
                     * * * * * * * * * *

     -- A Real Space Multigrid Electronic structure code --
     --      More information at www.rmgdft.org          --

Code Revision 4433, Last change on 2018-06-07
Build Date: Jun  8 2018  10:45:31
Start time: Fri Jun  8 14:09:49 2018

Files
   Control input file:        input
   Data output file:          Waves/wave.out

Run Setup
    Calculation type:         Quench electrons - Fixed ions SCF calculation
    Description:              Carbon Nanotube
    Orbital Initialization:   LCAO (128 LCAO and 0 random orbitals)
    Exchange Correlation:     pz
    Spin Polarization:        OFF
    System charge:            Neutral

Processor Topology
   Total PEs:                 16
   X direction:               4
   Y direction:               2
   Z direction:               2
   MG Threads/PE:             1
   OMP Threads/PE:            1

Grid Points
    X:  Total: 72   Per PE: 18   Spacing:0.402 a0  
    Y:  Total: 72   Per PE: 36   Spacing:0.402 a0  
    Z:  Total: 20   Per PE: 10   Spacing:0.402 a0  

    Equivalent energy cutoff:    30.548 Ry

    Charge density grid:         2 times finer
    Non-local projectors grid:   4 times finer


Lattice (Cell) Setup
    Type:                       Orthorhombic_primitive
    Volume (a0^3):               6731.69
    Boundary conditions:        Periodic

    X Basis Vector:      28.938       0.000       0.000 a0
    Y Basis Vector:       0.000      28.938       0.000 a0
    Z Basis Vector:       0.000       0.000       8.038 a0

K-points
    Brillouin Zone sampling with 3 K-points (orbitals are complex)

         Kx      Ky        Kz     Weight
      0.0000     0.0000     0.0000   0.250
      0.0000     0.0000     0.2500   0.500
      0.0000     0.0000     0.5000   0.250

Ions and States
    Number of ions:                          32
    Number of species:                       1
    Number of states:                        128

Run Parameters
    SCF Convergence criterion (potential):   1.00e-07
    SCF Convergence criterion (energy):      1.00e-13
    Max SCF steps:                           50

SCF Cycle Settings
    Charge density mixing:                   Linear  (Mixing constant 0.50)
    Hartree Solver:                          PFFT
    Interpolation type:                      FFT
    Projector mixing:                        Linear, mixing constant 0.00

Subspace Diagonalization Options
    Frequency:                               every 1 SCF step(s)
    Driver:                                  ScaLapack
    Initial diagonalization:                 ON
    Folded spectrum:                         OFF

Filtering Cutoff  Parameters
    Wavefunction grid (cparm):               0.800
    Charge density grid (rhocparm):          0.800
    NL projectors grid (betacparm):          2.400

Multigrid (MG) Parameters
    Psi MG levels:                           2
    Psi global step:                         0.660 
    Psi pre:                                 2
    Psi post:                                2


Atomic Species Information
(PP = Pseudopotential, US = Ultrasoft, NC = Norm Conserving)
----------------------------------------------------------------------------------------
|Index|Symbol| Mass|Valence| PP |  Comp  |Local| Local|Nlocal|  LCAO|        PP        |
|     |      |     |       |Type|Gaussian|  l  |Radius|Radius|Radius|    Functional    |
----------------------------------------------------------------------------------------
|    1|     C| 12.0|   4.00|  US|    0.62|    0|  8.34|  7.00|  9.00|SLA  PW   PBE  PBE|
----------------------------------------------------------------------------------------


Initial Ionic Positions And Displacements
Species      X           Y           Z           dX          dY          dZ
  C       21.2913     15.3700      5.3701      0.0000      0.0000      0.0000
  C       20.8406     17.6360      6.7126      0.0000      0.0000      0.0000
  C       21.2913     15.3700      2.6850      0.0000      0.0000      0.0000
  C       19.5570     19.5570      5.3701      0.0000      0.0000      0.0000
  C       17.6360     20.8406      6.7126      0.0000      0.0000      0.0000
  C       20.8406     17.6360      1.3425      0.0000      0.0000      0.0000
  C       19.5570     19.5570      2.6850      0.0000      0.0000      0.0000
  C       15.3700     21.2913      5.3701      0.0000      0.0000      0.0000
  C       13.1040     20.8406      6.7126      0.0000      0.0000      0.0000
  C       17.6360     20.8406      1.3425      0.0000      0.0000      0.0000
  C       15.3700     21.2913      2.6850      0.0000      0.0000      0.0000
  C       11.1830     19.5570      5.3701      0.0000      0.0000      0.0000
  C        9.8994     17.6360      6.7126      0.0000      0.0000      0.0000
  C       13.1040     20.8406      1.3425      0.0000      0.0000      0.0000
  C       11.1830     19.5570      2.6850      0.0000      0.0000      0.0000
  C        9.4486     15.3700      5.3701      0.0000      0.0000      0.0000
  C        9.8994     13.1040      6.7126      0.0000      0.0000      0.0000
  C        9.8994     17.6360      1.3425      0.0000      0.0000      0.0000
  C        9.4486     15.3700      2.6850      0.0000      0.0000      0.0000
  C       11.1830     11.1830      5.3701      0.0000      0.0000      0.0000
  C       13.1040      9.8994      6.7126      0.0000      0.0000      0.0000
  C        9.8994     13.1040      1.3425      0.0000      0.0000      0.0000
  C       11.1830     11.1830      2.6850      0.0000      0.0000      0.0000
  C       15.3700      9.4486      5.3701      0.0000      0.0000      0.0000
  C       17.6360      9.8994      6.7126      0.0000      0.0000      0.0000
  C       13.1040      9.8994      1.3425      0.0000      0.0000      0.0000
  C       15.3700      9.4486      2.6850      0.0000      0.0000      0.0000
  C       19.5570     11.1830      5.3701      0.0000      0.0000      0.0000
  C       20.8406     13.1040      6.7126      0.0000      0.0000      0.0000
  C       17.6360      9.8994      1.3425      0.0000      0.0000      0.0000
  C       19.5570     11.1830      2.6850      0.0000      0.0000      0.0000
  C       20.8406     13.1040      1.3425      0.0000      0.0000      0.0000


KOHN SHAM EIGENVALUES [eV] AT K-POINT [  0]:       0.000000      0.000000      0.000000

[kpt   0  -1   0]   -24.1657 [2.000]   -23.8907 [2.000]   -23.8907 [2.000]   -23.0028 [2.000]   -23.0013 [2.000]
[kpt   0  -1   1]   -21.5552 [2.000]   -21.5552 [2.000]   -19.7274 [2.000]   -19.6810 [2.000]   -19.5283 [2.000]
[kpt   0  -1   2]   -19.2643 [2.000]   -19.2643 [2.000]   -18.4697 [2.000]   -18.4695 [2.000]   -17.8076 [2.000]
[kpt   0  -1   3]   -17.8076 [2.000]   -17.8069 [2.000]   -17.6310 [2.000]   -17.6310 [2.000]   -17.2215 [2.000]
[kpt   0  -1   4]   -17.2212 [2.000]   -17.1892 [2.000]   -17.1892 [2.000]   -15.5111 [2.000]   -15.5044 [2.000]
[kpt   0  -1   5]   -14.9799 [2.000]   -14.9799 [2.000]   -14.3664 [2.000]   -14.3652 [2.000]   -13.8410 [2.000]
[kpt   0  -1   6]   -13.7949 [2.000]   -13.5237 [2.000]   -13.5237 [2.000]   -12.5435 [2.000]   -12.5433 [2.000]
[kpt   0  -1   7]   -12.2504 [2.000]   -12.2503 [2.000]   -11.6212 [2.000]   -11.3671 [2.000]   -11.3670 [2.000]
[kpt   0  -1   8]   -10.9377 [2.000]   -10.9341 [2.000]   -10.7846 [2.000]   -10.7846 [2.000]   -10.7535 [2.000]
[kpt   0  -1   9]    -9.3626 [2.000]    -9.3625 [2.000]    -9.1886 [2.000]    -9.1850 [2.000]    -8.8373 [2.000]
[kpt   0  -1  10]    -8.8372 [2.000]    -8.4280 [2.000]    -8.4149 [2.000]    -8.1091 [2.000]    -8.1090 [2.000]
[kpt   0  -1  11]    -6.5215 [2.000]    -6.3442 [2.000]    -6.2873 [2.000]    -6.1586 [2.000]    -6.1585 [2.000]
[kpt   0  -1  12]    -5.0658 [2.000]    -5.0656 [2.000]    -4.4203 [2.000]    -4.4201 [2.000]    -3.3876 [0.000]
[kpt   0  -1  13]    -3.2697 [0.000]    -3.2695 [0.000]    -3.2165 [0.000]    -3.2129 [0.000]    -3.1130 [0.000]
[kpt   0  -1  14]    -3.1130 [0.000]    -0.9105 [0.000]    -0.8864 [0.000]     1.6639 [0.000]     1.6641 [0.000]
[kpt   0  -1  15]     2.6247 [0.000]     3.4378 [0.000]     3.4378 [0.000]     3.5591 [0.000]     3.5593 [0.000]
[kpt   0  -1  16]     4.4815 [0.000]     4.8991 [0.000]     4.8994 [0.000]     6.2415 [0.000]     6.2451 [0.000]
[kpt   0  -1  17]     6.3027 [0.000]     6.3909 [0.000]     6.3909 [0.000]     6.6073 [0.000]     7.1901 [0.000]
[kpt   0  -1  18]     7.1904 [0.000]     7.5665 [0.000]     7.5667 [0.000]     8.2763 [0.000]     8.2764 [0.000]
[kpt   0  -1  19]     8.3096 [0.000]     8.3098 [0.000]     9.2987 [0.000]     9.4904 [0.000]     9.6855 [0.000]
[kpt   0  -1  20]     9.6891 [0.000]    10.3584 [0.000]    10.3824 [0.000]    10.7589 [0.000]    10.7589 [0.000]
[kpt   0  -1  21]    11.0536 [0.000]    11.0537 [0.000]    11.4148 [0.000]    11.4150 [0.000]    11.4201 [0.000]
[kpt   0  -1  22]    12.2997 [0.000]    12.3006 [0.000]    12.3397 [0.000]    12.3397 [0.000]    13.9177 [0.000]
[kpt   0  -1  23]    13.9183 [0.000]    14.7809 [0.000]    14.7811 [0.000]    14.8369 [0.000]    16.8853 [0.000]
[kpt   0  -1  24]    17.2535 [0.000]    17.2789 [0.000]    17.6207 [0.000]    17.6210 [0.000]    18.4967 [0.000]
[kpt   0  -1  25]    18.4973 [0.000]    18.5474 [0.000]    18.5478 [0.000]




KOHN SHAM EIGENVALUES [eV] AT K-POINT [  1]:       0.000000      0.000000      0.250000

[kpt   1  -1   0]   -23.7393 [2.000]   -23.4673 [2.000]   -23.4673 [2.000]   -22.5856 [2.000]   -22.5842 [2.000]
[kpt   1  -1   1]   -21.4149 [2.000]   -21.1492 [2.000]   -21.1492 [2.000]   -21.1321 [2.000]   -21.1321 [2.000]
[kpt   1  -1   2]   -20.2872 [2.000]   -20.2870 [2.000]   -19.3843 [2.000]   -19.3246 [2.000]   -19.0055 [2.000]
[kpt   1  -1   3]   -19.0055 [2.000]   -16.8752 [2.000]   -16.8751 [2.000]   -16.7926 [2.000]   -16.7883 [2.000]
[kpt   1  -1   4]   -15.2117 [2.000]   -15.2112 [2.000]   -15.1227 [2.000]   -15.0241 [2.000]   -15.0241 [2.000]
[kpt   1  -1   5]   -14.6962 [2.000]   -14.6962 [2.000]   -13.3597 [2.000]   -13.3586 [2.000]   -13.0043 [2.000]
[kpt   1  -1   6]   -13.0043 [2.000]   -12.3958 [2.000]   -12.3958 [2.000]   -12.0323 [2.000]   -12.0321 [2.000]
[kpt   1  -1   7]   -12.0144 [2.000]   -11.9668 [2.000]   -11.1528 [2.000]   -10.9076 [2.000]   -10.9075 [2.000]
[kpt   1  -1   8]   -10.7476 [2.000]   -10.7475 [2.000]   -10.4765 [2.000]   -10.0937 [2.000]   -10.0920 [2.000]
[kpt   1  -1   9]    -9.5894 [2.000]    -9.5893 [2.000]    -8.9837 [2.000]    -8.9197 [2.000]    -8.9196 [2.000]
[kpt   1  -1  10]    -8.8017 [2.000]    -8.7993 [2.000]    -8.6398 [2.000]    -7.6341 [2.000]    -7.6341 [2.000]
[kpt   1  -1  11]    -7.2098 [2.000]    -6.8191 [2.000]    -6.8190 [2.000]    -5.9987 [2.000]    -5.9392 [2.000]
[kpt   1  -1  12]    -5.8041 [2.000]    -5.8018 [2.000]    -4.9350 [2.000]    -4.9349 [2.000]    -1.8399 [0.000]
[kpt   1  -1  13]    -1.7520 [0.000]    -1.7519 [0.000]    -1.5372 [0.000]    -1.5372 [0.000]    -1.4956 [0.000]
[kpt   1  -1  14]    -1.4946 [0.000]    -0.2556 [0.000]    -0.2288 [0.000]     2.1729 [0.000]     2.1731 [0.000]
[kpt   1  -1  15]     3.2462 [0.000]     3.9788 [0.000]     3.9789 [0.000]     4.0149 [0.000]     4.0152 [0.000]
[kpt   1  -1  16]     5.4875 [0.000]     5.4878 [0.000]     5.6739 [0.000]     5.7517 [0.000]     5.7531 [0.000]
[kpt   1  -1  17]     6.6932 [0.000]     6.6933 [0.000]     7.1573 [0.000]     7.9163 [0.000]     8.0481 [0.000]
[kpt   1  -1  18]     8.0483 [0.000]     8.0878 [0.000]     8.2155 [0.000]     8.4156 [0.000]     8.4157 [0.000]
[kpt   1  -1  19]     9.6623 [0.000]     9.6623 [0.000]     9.8084 [0.000]     9.8112 [0.000]     9.8728 [0.000]
[kpt   1  -1  20]     9.8761 [0.000]    11.5812 [0.000]    11.5814 [0.000]    11.8858 [0.000]    11.9190 [0.000]
[kpt   1  -1  21]    11.9192 [0.000]    12.8437 [0.000]    12.8445 [0.000]    12.8952 [0.000]    12.9822 [0.000]
[kpt   1  -1  22]    13.2310 [0.000]    13.2317 [0.000]    13.2628 [0.000]    13.2628 [0.000]    14.4562 [0.000]
[kpt   1  -1  23]    14.4568 [0.000]    15.3157 [0.000]    15.3537 [0.000]    15.3540 [0.000]    17.5971 [0.000]
[kpt   1  -1  24]    17.8681 [0.000]    17.8979 [0.000]    18.3006 [0.000]    18.3009 [0.000]    19.1609 [0.000]
[kpt   1  -1  25]    19.1613 [0.000]    19.1936 [0.000]    19.1940 [0.000]




KOHN SHAM EIGENVALUES [eV] AT K-POINT [  2]:       0.000000      0.000000      0.500000

[kpt   2  -1   0]   -23.1866 [2.000]   -22.8753 [2.000]   -22.8753 [2.000]   -22.4574 [2.000]   -22.1947 [2.000]
[kpt   2  -1   1]   -22.1947 [2.000]   -21.9466 [2.000]   -21.9466 [2.000]   -21.3350 [2.000]   -21.3333 [2.000]
[kpt   2  -1   2]   -20.4752 [2.000]   -20.4752 [2.000]   -19.9503 [2.000]   -19.9503 [2.000]   -18.9513 [2.000]
[kpt   2  -1   3]   -18.8515 [2.000]   -17.3910 [2.000]   -17.3452 [2.000]   -15.8691 [2.000]   -15.8691 [2.000]
[kpt   2  -1   4]   -15.5944 [2.000]   -15.5944 [2.000]   -13.4742 [2.000]   -13.4729 [2.000]   -13.3421 [2.000]
[kpt   2  -1   5]   -13.3414 [2.000]   -11.6485 [2.000]   -11.6485 [2.000]   -11.5024 [2.000]   -11.5023 [2.000]
[kpt   2  -1   6]   -11.2133 [2.000]   -11.0574 [2.000]   -10.1356 [2.000]   -10.1355 [2.000]   -10.0162 [2.000]
[kpt   2  -1   7]   -10.0160 [2.000]    -9.7490 [2.000]    -9.5845 [2.000]    -9.5844 [2.000]    -9.5473 [2.000]
[kpt   2  -1   8]    -9.5466 [2.000]    -9.4398 [2.000]    -9.4398 [2.000]    -9.2932 [2.000]    -9.2894 [2.000]
[kpt   2  -1   9]    -9.2893 [2.000]    -9.2355 [2.000]    -8.9820 [2.000]    -8.3049 [2.000]    -8.2339 [2.000]
[kpt   2  -1  10]    -8.2339 [2.000]    -7.6653 [2.000]    -7.4956 [2.000]    -7.4948 [2.000]    -7.2284 [2.000]
[kpt   2  -1  11]    -7.2283 [2.000]    -6.2141 [2.000]    -6.2141 [2.000]    -6.0932 [2.000]    -6.0894 [2.000]
[kpt   2  -1  12]    -4.9143 [2.000]    -4.8476 [2.000]    -4.8277 [2.000]    -4.8277 [2.000]     1.1750 [0.000]
[kpt   2  -1  13]     1.1750 [0.000]     1.2278 [0.000]     1.6598 [0.000]     1.6599 [0.000]     1.6698 [0.000]
[kpt   2  -1  14]     1.7033 [0.000]     1.7867 [0.000]     1.7878 [0.000]     3.7144 [0.000]     3.7146 [0.000]
[kpt   2  -1  15]     4.8081 [0.000]     5.4327 [0.000]     5.4331 [0.000]     5.4442 [0.000]     5.4443 [0.000]
[kpt   2  -1  16]     7.0701 [0.000]     7.0702 [0.000]     7.2901 [0.000]     7.2916 [0.000]     7.8992 [0.000]
[kpt   2  -1  17]     8.0214 [0.000]     8.1657 [0.000]     8.1659 [0.000]     8.8884 [0.000]     8.9198 [0.000]
[kpt   2  -1  18]     9.5380 [0.000]     9.5383 [0.000]     9.5528 [0.000]     9.5529 [0.000]    10.4977 [0.000]
[kpt   2  -1  19]    10.4999 [0.000]    12.0342 [0.000]    12.4479 [0.000]    12.4481 [0.000]    13.5261 [0.000]
[kpt   2  -1  20]    13.9619 [0.000]    13.9619 [0.000]    14.0433 [0.000]    14.0438 [0.000]    15.1059 [0.000]
[kpt   2  -1  21]    15.1102 [0.000]    15.5794 [0.000]    15.5806 [0.000]    16.0523 [0.000]    16.0528 [0.000]
[kpt   2  -1  22]    16.3288 [0.000]    16.3290 [0.000]    16.7019 [0.000]    16.7019 [0.000]    16.7543 [0.000]
[kpt   2  -1  23]    17.0870 [0.000]    17.0873 [0.000]    17.1077 [0.000]    17.1819 [0.000]    19.7210 [0.000]
[kpt   2  -1  24]    19.7433 [0.000]    19.7993 [0.000]    20.3564 [0.000]    20.3566 [0.000]    21.1670 [0.000]
[kpt   2  -1  25]    21.1674 [0.000]    21.1795 [0.000]    21.1797 [0.000]


Charge density mixing: Linear with a constant of 0.50 

 charge density is NEGATIVE after interpolation, minimum is -8.741318e-06
 minimum charge density with core charge added is -8.536980e-06
@@ EIGENVALUE SUM     =      -65.113058 Ha
@@ ION_ION            =      513.549245 Ha
@@ ELECTROSTATIC      =     -643.509899 Ha
@@ VXC                =      -70.393743 Ha
@@ EXC                =      -55.510048 Ha
@@ TOTAL ENERGY       =     -180.190017 Ha
@@ estimated error    =   ****************
Charge density mixing: Linear with a constant of 0.50 

 charge density is NEGATIVE after interpolation, minimum is -4.368224e-06
 minimum charge density with core charge added is -4.163886e-06
WriteRestart: Restart file Waves/wave.out opened...
WriteData: total size of each of the 16 files = 8.2 Mb
WriteData: writing took 0.1 seconds, writing speed 74.464 Mbps 
WriteRestart: writing took 0.1 seconds 


KOHN SHAM EIGENVALUES [eV] AT K-POINT [  0]:       0.000000      0.000000      0.000000

[kpt   0   0   0]   -25.0436 [2.000]   -24.6990 [2.000]   -24.6977 [2.000]   -23.7122 [2.000]   -23.7089 [2.000]
[kpt   0   0   1]   -22.1689 [2.000]   -22.1682 [2.000]   -20.2136 [2.000]   -20.1836 [2.000]   -19.7646 [2.000]
[kpt   0   0   2]   -19.4785 [2.000]   -19.4783 [2.000]   -18.6861 [2.000]   -18.6407 [2.000]   -18.6380 [2.000]
[kpt   0   0   3]   -18.4180 [2.000]   -18.4179 [2.000]   -18.1095 [2.000]   -18.1087 [2.000]   -17.7288 [2.000]
[kpt   0   0   4]   -17.7286 [2.000]   -17.3130 [2.000]   -17.3125 [2.000]   -15.7602 [2.000]   -15.7597 [2.000]
[kpt   0   0   5]   -15.5823 [2.000]   -15.5732 [2.000]   -14.9033 [2.000]   -14.9022 [2.000]   -14.3056 [2.000]
[kpt   0   0   6]   -14.2606 [2.000]   -13.5292 [2.000]   -13.5291 [2.000]   -12.7684 [2.000]   -12.7679 [2.000]
[kpt   0   0   7]   -12.4893 [2.000]   -12.4891 [2.000]   -12.3162 [2.000]   -12.0266 [2.000]   -12.0266 [2.000]
[kpt   0   0   8]   -11.7319 [2.000]   -11.3672 [2.000]   -11.3670 [2.000]   -11.3025 [2.000]   -11.3009 [2.000]
[kpt   0   0   9]    -9.9070 [2.000]    -9.9066 [2.000]    -9.2387 [2.000]    -9.2384 [2.000]    -8.9427 [2.000]
[kpt   0   0  10]    -8.9425 [2.000]    -8.9148 [2.000]    -8.9147 [2.000]    -8.4432 [2.000]    -8.2619 [2.000]
[kpt   0   0  11]    -7.1080 [2.000]    -6.9468 [2.000]    -6.8943 [2.000]    -6.7304 [2.000]    -6.7303 [2.000]
[kpt   0   0  12]    -5.6278 [2.000]    -5.6259 [2.000]    -4.9598 [2.000]    -4.9597 [2.000]    -4.1786 [0.000]
[kpt   0   0  13]    -3.8700 [0.000]    -3.8699 [0.000]    -3.8552 [0.000]    -3.8552 [0.000]    -3.8410 [0.000]
[kpt   0   0  14]    -3.8400 [0.000]    -1.5556 [0.000]    -1.5246 [0.000]     1.0157 [0.000]     1.0158 [0.000]
[kpt   0   0  15]     1.6820 [0.000]     2.6315 [0.000]     2.6316 [0.000]     2.8947 [0.000]     3.0288 [0.000]
[kpt   0   0  16]     3.0291 [0.000]     3.3195 [0.000]     3.3200 [0.000]     4.5275 [0.000]     4.5285 [0.000]
[kpt   0   0  17]     4.7388 [0.000]     5.5819 [0.000]     5.5822 [0.000]     5.7209 [0.000]     5.9233 [0.000]
[kpt   0   0  18]     5.9235 [0.000]     6.1478 [0.000]     6.1498 [0.000]     6.4781 [0.000]     6.4782 [0.000]
[kpt   0   0  19]     7.6312 [0.000]     7.6314 [0.000]     8.6336 [0.000]     8.6482 [0.000]     8.7586 [0.000]
[kpt   0   0  20]     8.9458 [0.000]     8.9487 [0.000]     8.9598 [0.000]    10.1516 [0.000]    10.1518 [0.000]
[kpt   0   0  21]    10.2845 [0.000]    10.2846 [0.000]    11.3288 [0.000]    11.3291 [0.000]    11.4083 [0.000]
[kpt   0   0  22]    11.6765 [0.000]    11.6784 [0.000]    11.8901 [0.000]    11.8997 [0.000]    13.3384 [0.000]
[kpt   0   0  23]    13.3387 [0.000]    14.0487 [0.000]    14.0488 [0.000]    14.3670 [0.000]    16.5251 [0.000]
[kpt   0   0  24]    16.8265 [0.000]    16.8377 [0.000]    17.3884 [0.000]    17.3885 [0.000]    18.4708 [0.000]
[kpt   0   0  25]    18.4714 [0.000]    18.5004 [0.000]    18.5005 [0.000]




KOHN SHAM EIGENVALUES [eV] AT K-POINT [  1]:       0.000000      0.000000      0.250000

[kpt   1   0   0]   -24.3106 [2.000]   -23.9631 [2.000]   -23.9617 [2.000]   -22.9688 [2.000]   -22.9660 [2.000]
[kpt   1   0   1]   -21.4173 [2.000]   -21.4172 [2.000]   -21.3357 [2.000]   -21.0237 [2.000]   -21.0235 [2.000]
[kpt   1   0   2]   -20.1130 [2.000]   -20.1116 [2.000]   -19.4703 [2.000]   -19.4333 [2.000]   -18.7284 [2.000]
[kpt   1   0   3]   -18.7283 [2.000]   -17.0068 [2.000]   -17.0068 [2.000]   -16.6545 [2.000]   -16.6475 [2.000]
[kpt   1   0   4]   -15.6741 [2.000]   -15.4686 [2.000]   -15.4683 [2.000]   -15.2370 [2.000]   -15.2363 [2.000]
[kpt   1   0   5]   -14.4560 [2.000]   -14.4557 [2.000]   -13.8381 [2.000]   -13.8377 [2.000]   -13.4333 [2.000]
[kpt   1   0   6]   -13.4323 [2.000]   -12.2602 [2.000]   -12.2084 [2.000]   -12.1460 [2.000]   -12.1448 [2.000]
[kpt   1   0   7]   -11.9633 [2.000]   -11.9632 [2.000]   -11.9217 [2.000]   -11.6436 [2.000]   -11.6435 [2.000]
[kpt   1   0   8]   -11.0428 [2.000]   -11.0427 [2.000]   -10.9158 [2.000]   -10.5823 [2.000]   -10.5816 [2.000]
[kpt   1   0   9]    -9.7659 [2.000]    -9.7659 [2.000]    -9.5707 [2.000]    -9.5698 [2.000]    -9.2004 [2.000]
[kpt   1   0  10]    -9.0960 [2.000]    -9.0959 [2.000]    -8.6359 [2.000]    -8.5621 [2.000]    -8.5619 [2.000]
[kpt   1   0  11]    -8.4792 [2.000]    -8.2348 [2.000]    -8.2348 [2.000]    -7.1845 [2.000]    -7.1829 [2.000]
[kpt   1   0  12]    -6.7783 [2.000]    -6.7187 [2.000]    -6.0335 [2.000]    -6.0334 [2.000]    -2.6472 [0.000]
[kpt   1   0  13]    -2.6472 [0.000]    -2.4533 [0.000]    -2.1092 [0.000]    -2.1091 [0.000]    -2.0329 [0.000]
[kpt   1   0  14]    -2.0324 [0.000]    -1.6801 [0.000]    -1.6481 [0.000]     0.6695 [0.000]     0.6696 [0.000]
[kpt   1   0  15]     1.7071 [0.000]     2.4730 [0.000]     2.4731 [0.000]     2.6223 [0.000]     2.6230 [0.000]
[kpt   1   0  16]     4.1332 [0.000]     4.1353 [0.000]     4.3177 [0.000]     4.3179 [0.000]     4.5807 [0.000]
[kpt   1   0  17]     4.8430 [0.000]     4.8432 [0.000]     5.5385 [0.000]     6.2836 [0.000]     6.3882 [0.000]
[kpt   1   0  18]     6.6272 [0.000]     6.6272 [0.000]     6.8301 [0.000]     7.1152 [0.000]     7.1153 [0.000]
[kpt   1   0  19]     8.1784 [0.000]     8.1784 [0.000]     8.6406 [0.000]     8.6473 [0.000]     8.9165 [0.000]
[kpt   1   0  20]     8.9294 [0.000]    10.9739 [0.000]    10.9741 [0.000]    11.3667 [0.000]    11.3676 [0.000]
[kpt   1   0  21]    11.7749 [0.000]    11.8659 [0.000]    11.8659 [0.000]    12.5055 [0.000]    12.5839 [0.000]
[kpt   1   0  22]    12.5954 [0.000]    12.6025 [0.000]    12.6027 [0.000]    12.6073 [0.000]    12.6802 [0.000]
[kpt   1   0  23]    12.6802 [0.000]    13.7055 [0.000]    14.4587 [0.000]    14.4590 [0.000]    16.0953 [0.000]
[kpt   1   0  24]    16.9606 [0.000]    16.9614 [0.000]    16.9731 [0.000]    16.9731 [0.000]    18.1667 [0.000]
[kpt   1   0  25]    18.1691 [0.000]    18.3984 [0.000]    18.3985 [0.000]




KOHN SHAM EIGENVALUES [eV] AT K-POINT [  2]:       0.000000      0.000000      0.500000

[kpt   2   0   0]   -22.8426 [2.000]   -22.7480 [2.000]   -22.4972 [2.000]   -22.4971 [2.000]   -22.4112 [2.000]
[kpt   2   0   1]   -22.4108 [2.000]   -21.5117 [2.000]   -21.5089 [2.000]   -21.4353 [2.000]   -21.4341 [2.000]
[kpt   2   0   2]   -19.9783 [2.000]   -19.9783 [2.000]   -19.9076 [2.000]   -19.9075 [2.000]   -18.3234 [2.000]
[kpt   2   0   3]   -18.2509 [2.000]   -17.6116 [2.000]   -17.5698 [2.000]   -15.5756 [2.000]   -15.5754 [2.000]
[kpt   2   0   4]   -15.5169 [2.000]   -15.5167 [2.000]   -13.2051 [2.000]   -13.2031 [2.000]   -13.1416 [2.000]
[kpt   2   0   5]   -13.1387 [2.000]   -12.0292 [2.000]   -12.0121 [2.000]   -12.0118 [2.000]   -11.9551 [2.000]
[kpt   2   0   6]   -11.9306 [2.000]   -11.9302 [2.000]   -11.0974 [2.000]   -11.0970 [2.000]   -10.9395 [2.000]
[kpt   2   0   7]   -10.9364 [2.000]   -10.7772 [2.000]   -10.7770 [2.000]   -10.6322 [2.000]   -10.6314 [2.000]
[kpt   2   0   8]   -10.5647 [2.000]   -10.5003 [2.000]   -10.3623 [2.000]   -10.3622 [2.000]   -10.3179 [2.000]
[kpt   2   0   9]   -10.3176 [2.000]   -10.2615 [2.000]   -10.2035 [2.000]    -9.9405 [2.000]    -9.9397 [2.000]
[kpt   2   0  10]    -9.8845 [2.000]    -9.8842 [2.000]    -9.4080 [2.000]    -9.3532 [2.000]    -8.9711 [2.000]
[kpt   2   0  11]    -8.9692 [2.000]    -8.8442 [2.000]    -8.8421 [2.000]    -7.4921 [2.000]    -7.4919 [2.000]
[kpt   2   0  12]    -7.2844 [2.000]    -7.2843 [2.000]    -6.4050 [2.000]    -6.3431 [2.000]    -1.7470 [0.000]
[kpt   2   0  13]    -1.7047 [0.000]    -0.8413 [0.000]    -0.8412 [0.000]    -0.2560 [0.000]    -0.2559 [0.000]
[kpt   2   0  14]     0.1084 [0.000]     0.5557 [0.000]     0.5572 [0.000]     0.5826 [0.000]     0.5831 [0.000]
[kpt   2   0  15]     1.0219 [0.000]     1.4280 [0.000]     1.4294 [0.000]     1.5536 [0.000]     1.5537 [0.000]
[kpt   2   0  16]     5.1103 [0.000]     5.1105 [0.000]     5.2336 [0.000]     5.3486 [0.000]     5.9569 [0.000]
[kpt   2   0  17]     5.9589 [0.000]     6.4179 [0.000]     6.4181 [0.000]     7.2761 [0.000]     7.2762 [0.000]
[kpt   2   0  18]     7.3931 [0.000]     8.0903 [0.000]     8.0929 [0.000]     8.1499 [0.000]     8.1499 [0.000]
[kpt   2   0  19]     8.3117 [0.000]     8.4469 [0.000]     8.8493 [0.000]     8.8494 [0.000]    10.3785 [0.000]
[kpt   2   0  20]    10.3786 [0.000]    10.5861 [0.000]    10.5977 [0.000]    11.2307 [0.000]    11.2427 [0.000]
[kpt   2   0  21]    11.3747 [0.000]    12.9661 [0.000]    13.4974 [0.000]    13.4977 [0.000]    13.5186 [0.000]
[kpt   2   0  22]    13.5187 [0.000]    14.2945 [0.000]    14.4434 [0.000]    14.4435 [0.000]    14.7301 [0.000]
[kpt   2   0  23]    14.7517 [0.000]    15.1860 [0.000]    15.1861 [0.000]    15.4315 [0.000]    15.5548 [0.000]
[kpt   2   0  24]    16.1062 [0.000]    16.1063 [0.000]    16.6994 [0.000]    16.7063 [0.000]    17.0362 [0.000]
[kpt   2   0  25]    17.0791 [0.000]    17.5303 [0.000]    17.5307 [0.000]



Total charge in supercell =     128.00000000
 quench: [md:   0/100  scf:   0/50  step time:   8.84  scf time:     8.96 secs  RMS[dV]: 1.11e-02 ]


average potential <V> = -3.23e-15
@@ EIGENVALUE SUM     =      -57.419478 Ha
@@ ION_ION            =      513.549245 Ha
@@ ELECTROSTATIC      =     -654.385345 Ha
@@ VXC                =      -71.752225 Ha
@@ EXC                =      -56.560973 Ha
@@ TOTAL ENERGY       =     -178.238214 Ha
@@ estimated error    =        5.76e-01 Ha
Charge density mixing: Linear with a constant of 0.50 

 charge density is NEGATIVE after interpolation, minimum is -2.183062e-06
 minimum charge density with core charge added is -1.978723e-06
 quench: [md:   0/100  scf:   1/50  step time:   8.73  scf time:    17.69 secs  RMS[dV]: 3.94e-02 ]


average potential <V> = -1.40e-16
@@ EIGENVALUE SUM     =      -51.428360 Ha
@@ ION_ION            =      513.549245 Ha
@@ ELECTROSTATIC      =     -660.924294 Ha
@@ VXC                =      -72.699271 Ha
@@ EXC                =      -57.290722 Ha
@@ TOTAL ENERGY       =     -182.725897 Ha
@@ estimated error    =        2.56e-01 Ha
Charge density mixing: Linear with a constant of 0.50 

 charge density is NEGATIVE after interpolation, minimum is -1.090703e-06
 minimum charge density with core charge added is -8.863638e-07
 quench: [md:   0/100  scf:   2/50  step time:   8.64  scf time:    26.33 secs  RMS[dV]: 2.31e-02 ]


average potential <V> = -5.75e-15
@@ EIGENVALUE SUM     =      -49.328661 Ha
@@ ION_ION            =      513.549245 Ha
@@ ELECTROSTATIC      =     -663.044718 Ha
@@ VXC                =      -73.132575 Ha
@@ EXC                =      -57.623284 Ha
@@ TOTAL ENERGY       =     -183.101942 Ha
@@ estimated error    =        5.59e-02 Ha
Charge density mixing: Linear with a constant of 0.50 

 charge density is NEGATIVE after interpolation, minimum is -5.444422e-07
 minimum charge density with core charge added is -3.401034e-07
 quench: [md:   0/100  scf:   3/50  step time:   8.68  scf time:    35.02 secs  RMS[dV]: 8.78e-03 ]


average potential <V> = 2.67e-15
@@ EIGENVALUE SUM     =      -49.172057 Ha
@@ ION_ION            =      513.549245 Ha
@@ ELECTROSTATIC      =     -663.125688 Ha
@@ VXC                =      -73.257861 Ha
@@ EXC                =      -57.718415 Ha
@@ TOTAL ENERGY       =     -183.106573 Ha
@@ estimated error    =        9.23e-03 Ha
Charge density mixing: Linear with a constant of 0.50 

 charge density is NEGATIVE after interpolation, minimum is -2.711328e-07
 minimum charge density with core charge added is -6.679404e-08
 quench: [md:   0/100  scf:   4/50  step time:   8.70  scf time:    43.72 secs  RMS[dV]: 4.54e-03 ]


average potential <V> = 4.77e-15
@@ EIGENVALUE SUM     =      -49.378798 Ha
@@ ION_ION            =      513.549245 Ha
@@ ELECTROSTATIC      =     -662.873287 Ha
@@ VXC                =      -73.265648 Ha
@@ EXC                =      -57.723343 Ha
@@ TOTAL ENERGY       =     -183.122821 Ha
@@ estimated error    =        1.60e-03 Ha
Charge density mixing: Linear with a constant of 0.50 

 charge density is NEGATIVE after interpolation, minimum is -1.343640e-07
 minimum charge density with core charge added is -8.578548e-09
WriteRestart: Restart file Waves/wave.out opened...
WriteData: total size of each of the 16 files = 8.7 Mb
WriteData: writing took 0.1 seconds, writing speed 72.668 Mbps 
WriteRestart: writing took 0.1 seconds 


KOHN SHAM EIGENVALUES [eV] AT K-POINT [  0]:       0.000000      0.000000      0.000000

[kpt   0   5   0]   -21.2268 [2.000]   -20.8949 [2.000]   -20.8948 [2.000]   -19.9322 [2.000]   -19.9322 [2.000]
[kpt   0   5   1]   -18.4185 [2.000]   -18.4185 [2.000]   -16.4769 [2.000]   -16.4543 [2.000]   -15.9437 [2.000]
[kpt   0   5   2]   -15.6517 [2.000]   -15.6517 [2.000]   -14.8156 [2.000]   -14.8045 [2.000]   -14.8042 [2.000]
[kpt   0   5   3]   -14.5443 [2.000]   -14.5442 [2.000]   -14.3266 [2.000]   -14.3266 [2.000]   -13.8488 [2.000]
[kpt   0   5   4]   -13.8485 [2.000]   -13.4685 [2.000]   -13.4685 [2.000]   -11.8346 [2.000]   -11.8345 [2.000]
[kpt   0   5   5]   -11.7272 [2.000]   -11.7176 [2.000]   -11.1034 [2.000]   -11.1033 [2.000]   -10.3459 [2.000]
[kpt   0   5   6]   -10.3162 [2.000]    -9.6488 [2.000]    -9.6488 [2.000]    -9.4145 [2.000]    -8.9994 [2.000]
[kpt   0   5   7]    -8.9994 [2.000]    -8.8866 [2.000]    -8.8866 [2.000]    -8.5178 [2.000]    -8.5178 [2.000]
[kpt   0   5   8]    -7.9927 [2.000]    -7.9925 [2.000]    -7.7615 [2.000]    -7.3773 [2.000]    -7.3771 [2.000]
[kpt   0   5   9]    -6.1292 [2.000]    -6.1291 [2.000]    -5.7030 [2.000]    -5.7029 [2.000]    -5.2493 [2.000]
[kpt   0   5  10]    -5.2492 [2.000]    -4.8617 [2.000]    -4.8617 [2.000]    -4.3351 [2.000]    -4.2276 [2.000]
[kpt   0   5  11]    -3.8351 [2.000]    -3.6508 [2.000]    -3.6135 [2.000]    -3.4310 [2.000]    -3.4310 [2.000]
[kpt   0   5  12]    -2.2784 [2.000]    -2.2779 [2.000]    -1.5871 [2.000]    -1.5871 [2.000]    -1.0768 [0.000]
[kpt   0   5  13]    -0.6607 [0.000]    -0.6607 [0.000]    -0.4803 [0.000]    -0.4802 [0.000]    -0.4631 [0.000]
[kpt   0   5  14]    -0.4631 [0.000]     1.8483 [0.000]     1.8854 [0.000]     4.4021 [0.000]     4.4021 [0.000]
[kpt   0   5  15]     5.3542 [0.000]     5.6602 [0.000]     6.1115 [0.000]     6.1285 [0.000]     6.1309 [0.000]
[kpt   0   5  16]     6.2818 [0.000]     6.2818 [0.000]     6.4370 [0.000]     6.4371 [0.000]     6.4937 [0.000]
[kpt   0   5  17]     6.6720 [0.000]     6.9058 [0.000]     6.9058 [0.000]     7.1611 [0.000]     7.1611 [0.000]
[kpt   0   5  18]     7.7963 [0.000]     8.5863 [0.000]     8.8097 [0.000]     8.8097 [0.000]     8.8850 [0.000]
[kpt   0   5  19]     9.6035 [0.000]     9.6036 [0.000]    10.1484 [0.000]    10.1539 [0.000]    10.5834 [0.000]
[kpt   0   5  20]    10.5839 [0.000]    10.9885 [0.000]    10.9885 [0.000]    11.8853 [0.000]    12.0527 [0.000]
[kpt   0   5  21]    12.7304 [0.000]    12.7955 [0.000]    12.7955 [0.000]    13.4315 [0.000]    13.4316 [0.000]
[kpt   0   5  22]    13.4463 [0.000]    13.4475 [0.000]    14.8427 [0.000]    14.8428 [0.000]    15.0888 [0.000]
[kpt   0   5  23]    15.0895 [0.000]    15.1138 [0.000]    17.2379 [0.000]    17.2381 [0.000]    18.6232 [0.000]
[kpt   0   5  24]    19.4735 [0.000]    19.4736 [0.000]    20.3404 [0.000]    20.3680 [0.000]    22.0550 [0.000]
[kpt   0   5  25]    22.0698 [0.000]    22.7876 [0.000]    22.7877 [0.000]




KOHN SHAM EIGENVALUES [eV] AT K-POINT [  1]:       0.000000      0.000000      0.250000

[kpt   1   5   0]   -20.8523 [2.000]   -20.5225 [2.000]   -20.5225 [2.000]   -19.5658 [2.000]   -19.5654 [2.000]
[kpt   1   5   1]   -18.0612 [2.000]   -18.0611 [2.000]   -17.9311 [2.000]   -17.6197 [2.000]   -17.6197 [2.000]
[kpt   1   5   2]   -16.7188 [2.000]   -16.7185 [2.000]   -16.1481 [2.000]   -16.1200 [2.000]   -15.3600 [2.000]
[kpt   1   5   3]   -15.3599 [2.000]   -13.6597 [2.000]   -13.6597 [2.000]   -13.2754 [2.000]   -13.2751 [2.000]
[kpt   1   5   4]   -12.2998 [2.000]   -12.0931 [2.000]   -12.0930 [2.000]   -11.8720 [2.000]   -11.8719 [2.000]
[kpt   1   5   5]   -11.0887 [2.000]   -11.0887 [2.000]   -10.3749 [2.000]   -10.3747 [2.000]    -9.9759 [2.000]
[kpt   1   5   6]    -9.9758 [2.000]    -9.0209 [2.000]    -8.7814 [2.000]    -8.7813 [2.000]    -8.7812 [2.000]
[kpt   1   5   7]    -8.7414 [2.000]    -8.6417 [2.000]    -8.6417 [2.000]    -8.5008 [2.000]    -8.5008 [2.000]
[kpt   1   5   8]    -7.5526 [2.000]    -7.5525 [2.000]    -7.3935 [2.000]    -7.3626 [2.000]    -7.3623 [2.000]
[kpt   1   5   9]    -6.3389 [2.000]    -6.3388 [2.000]    -6.0978 [2.000]    -6.0977 [2.000]    -5.6960 [2.000]
[kpt   1   5  10]    -5.5582 [2.000]    -5.5582 [2.000]    -5.4984 [2.000]    -5.3189 [2.000]    -5.3189 [2.000]
[kpt   1   5  11]    -5.0749 [2.000]    -5.0748 [2.000]    -4.9823 [2.000]    -3.9985 [2.000]    -3.9980 [2.000]
[kpt   1   5  12]    -3.4590 [2.000]    -3.4179 [2.000]    -2.7671 [2.000]    -2.7671 [2.000]     0.4702 [0.000]
[kpt   1   5  13]     0.4702 [0.000]     0.7066 [0.000]     1.1629 [0.000]     1.1629 [0.000]     1.2175 [0.000]
[kpt   1   5  14]     1.2574 [0.000]     1.2995 [0.000]     1.3001 [0.000]     3.4955 [0.000]     3.4955 [0.000]
[kpt   1   5  15]     4.5128 [0.000]     5.3553 [0.000]     5.3629 [0.000]     5.3629 [0.000]     5.4319 [0.000]
[kpt   1   5  16]     5.7825 [0.000]     6.1732 [0.000]     6.2646 [0.000]     6.2650 [0.000]     6.4735 [0.000]
[kpt   1   5  17]     6.5917 [0.000]     6.5921 [0.000]     7.1390 [0.000]     7.1761 [0.000]     7.3651 [0.000]
[kpt   1   5  18]     7.4321 [0.000]     7.4325 [0.000]     7.6590 [0.000]     7.6590 [0.000]     7.6784 [0.000]
[kpt   1   5  19]     8.1225 [0.000]     8.2049 [0.000]     8.2300 [0.000]     8.3925 [0.000]     8.3925 [0.000]
[kpt   1   5  20]     8.9006 [0.000]     9.4889 [0.000]     9.4889 [0.000]    10.6996 [0.000]    10.7133 [0.000]
[kpt   1   5  21]    10.9747 [0.000]    10.9755 [0.000]    11.3856 [0.000]    11.3888 [0.000]    12.5285 [0.000]
[kpt   1   5  22]    13.0048 [0.000]    13.0050 [0.000]    13.1162 [0.000]    13.1163 [0.000]    13.3405 [0.000]
[kpt   1   5  23]    13.5163 [0.000]    14.2858 [0.000]    15.8232 [0.000]    15.9197 [0.000]    15.9302 [0.000]
[kpt   1   5  24]    16.1358 [0.000]    16.1358 [0.000]    16.3628 [0.000]    16.3630 [0.000]    17.7342 [0.000]
[kpt   1   5  25]    17.8757 [0.000]    17.8763 [0.000]    18.1159 [0.000]




KOHN SHAM EIGENVALUES [eV] AT K-POINT [  2]:       0.000000      0.000000      0.500000

[kpt   2   5   0]   -19.7711 [2.000]   -19.7182 [2.000]   -19.4474 [2.000]   -19.4473 [2.000]   -19.3943 [2.000]
[kpt   2   5   1]   -19.3943 [2.000]   -18.5081 [2.000]   -18.5079 [2.000]   -18.4546 [2.000]   -18.4541 [2.000]
[kpt   2   5   2]   -17.0360 [2.000]   -17.0360 [2.000]   -16.9809 [2.000]   -16.9809 [2.000]   -15.4902 [2.000]
[kpt   2   5   3]   -15.4246 [2.000]   -14.5841 [2.000]   -14.5443 [2.000]   -12.6985 [2.000]   -12.6985 [2.000]
[kpt   2   5   4]   -12.6479 [2.000]   -12.6478 [2.000]   -10.3515 [2.000]   -10.3514 [2.000]   -10.2958 [2.000]
[kpt   2   5   5]   -10.2957 [2.000]    -9.2157 [2.000]    -9.2011 [2.000]    -9.2010 [2.000]    -9.1589 [2.000]
[kpt   2   5   6]    -9.1417 [2.000]    -9.1417 [2.000]    -8.1551 [2.000]    -8.1550 [2.000]    -8.1105 [2.000]
[kpt   2   5   7]    -8.1102 [2.000]    -7.9242 [2.000]    -7.9241 [2.000]    -7.8741 [2.000]    -7.8741 [2.000]
[kpt   2   5   8]    -7.7847 [2.000]    -7.7332 [2.000]    -7.3566 [2.000]    -7.3566 [2.000]    -7.3165 [2.000]
[kpt   2   5   9]    -7.3165 [2.000]    -7.3112 [2.000]    -7.2703 [2.000]    -6.9224 [2.000]    -6.9224 [2.000]
[kpt   2   5  10]    -6.8805 [2.000]    -6.8805 [2.000]    -6.3783 [2.000]    -6.3353 [2.000]    -5.8665 [2.000]
[kpt   2   5  11]    -5.8661 [2.000]    -5.8232 [2.000]    -5.8226 [2.000]    -4.3152 [2.000]    -4.3152 [2.000]
[kpt   2   5  12]    -4.2698 [2.000]    -4.2698 [2.000]    -3.2363 [2.000]    -3.1891 [2.000]     0.6228 [0.000]
[kpt   2   5  13]     0.6677 [0.000]     1.8648 [0.000]     1.8648 [0.000]     1.9109 [0.000]     1.9109 [0.000]
[kpt   2   5  14]     2.8456 [0.000]     2.9001 [0.000]     3.4709 [0.000]     3.4723 [0.000]     3.4773 [0.000]
[kpt   2   5  15]     3.4773 [0.000]     3.5214 [0.000]     3.5224 [0.000]     3.5273 [0.000]     3.5273 [0.000]
[kpt   2   5  16]     6.0732 [0.000]     6.2584 [0.000]     6.3466 [0.000]     6.6079 [0.000]     6.6174 [0.000]
[kpt   2   5  17]     6.6205 [0.000]     6.7456 [0.000]     6.7458 [0.000]     6.8198 [0.000]     6.8199 [0.000]
[kpt   2   5  18]     7.2028 [0.000]     7.2998 [0.000]     7.3004 [0.000]     8.0194 [0.000]     8.0205 [0.000]
[kpt   2   5  19]     8.1019 [0.000]     8.1522 [0.000]     8.1566 [0.000]     8.5859 [0.000]     9.1087 [0.000]
[kpt   2   5  20]     9.1139 [0.000]     9.1141 [0.000]     9.2222 [0.000]     9.2222 [0.000]    10.4330 [0.000]
[kpt   2   5  21]    10.4339 [0.000]    11.2376 [0.000]    11.2761 [0.000]    11.6752 [0.000]    11.7473 [0.000]
[kpt   2   5  22]    11.7739 [0.000]    11.8186 [0.000]    11.9795 [0.000]    12.0987 [0.000]    12.0992 [0.000]
[kpt   2   5  23]    12.2231 [0.000]    12.2827 [0.000]    13.0792 [0.000]    14.1697 [0.000]    14.1700 [0.000]
[kpt   2   5  24]    14.9004 [0.000]    14.9005 [0.000]    15.2358 [0.000]    15.2608 [0.000]    15.7021 [0.000]
[kpt   2   5  25]    15.8337 [0.000]    15.8341 [0.000]    16.0608 [0.000]



Total charge in supercell =     128.00000000
 quench: [md:   0/100  scf:   5/50  step time:   8.68  scf time:    52.53 secs  RMS[dV]: 2.01e-03 ]


average potential <V> = 2.95e-15
@@ EIGENVALUE SUM     =      -49.468307 Ha
@@ ION_ION            =      513.549245 Ha
@@ ELECTROSTATIC      =     -662.768366 Ha
@@ VXC                =      -73.247948 Ha
@@ EXC                =      -57.709019 Ha
@@ TOTAL ENERGY       =     -183.139215 Ha
@@ estimated error    =        4.97e-04 Ha
Charge density mixing: Linear with a constant of 0.50 

 charge density is NEGATIVE after interpolation, minimum is -6.595708e-08
 minimum charge density with core charge added is -2.547713e-09
 quench: [md:   0/100  scf:   6/50  step time:   8.73  scf time:    61.26 secs  RMS[dV]: 1.21e-03 ]


average potential <V> = 2.81e-16
@@ EIGENVALUE SUM     =      -49.485751 Ha
@@ ION_ION            =      513.549245 Ha
@@ ELECTROSTATIC      =     -662.745638 Ha
@@ VXC                =      -73.232808 Ha
@@ EXC                =      -57.696960 Ha
@@ TOTAL ENERGY       =     -183.144885 Ha
@@ estimated error    =        2.23e-04 Ha
Charge density mixing: Linear with a constant of 0.50 

 charge density is NEGATIVE after interpolation, minimum is -3.179797e-08
 minimum charge density with core charge added is -7.889528e-10
 quench: [md:   0/100  scf:   7/50  step time:   8.68  scf time:    69.94 secs  RMS[dV]: 8.75e-04 ]


average potential <V> = 0.00e+00
@@ EIGENVALUE SUM     =      -49.509769 Ha
@@ ION_ION            =      513.549245 Ha
@@ ELECTROSTATIC      =     -662.718486 Ha
@@ VXC                =      -73.224010 Ha
@@ EXC                =      -57.689977 Ha
@@ TOTAL ENERGY       =     -183.144811 Ha
@@ estimated error    =        5.50e-05 Ha
Charge density mixing: Linear with a constant of 0.50 

 charge density is NEGATIVE after interpolation, minimum is -1.474556e-08
 minimum charge density with core charge added is -5.412523e-11
 quench: [md:   0/100  scf:   8/50  step time:   8.67  scf time:    78.61 secs  RMS[dV]: 3.78e-04 ]


average potential <V> = -7.86e-15
@@ EIGENVALUE SUM     =      -49.541767 Ha
@@ ION_ION            =      513.549245 Ha
@@ ELECTROSTATIC      =     -662.685012 Ha
@@ VXC                =      -73.219946 Ha
@@ EXC                =      -57.686749 Ha
@@ TOTAL ENERGY       =     -183.144546 Ha
@@ estimated error    =        9.88e-06 Ha
Charge density mixing: Linear with a constant of 0.50 

 charge density is NEGATIVE after interpolation, minimum is -6.192653e-09
 minimum charge density with core charge added is 0.000000e+00
 quench: [md:   0/100  scf:   9/50  step time:   8.66  scf time:    87.28 secs  RMS[dV]: 1.71e-04 ]


average potential <V> = -2.95e-15
@@ EIGENVALUE SUM     =      -49.562494 Ha
@@ ION_ION            =      513.549245 Ha
@@ ELECTROSTATIC      =     -662.664372 Ha
@@ VXC                =      -73.218650 Ha
@@ EXC                =      -57.685710 Ha
@@ TOTAL ENERGY       =     -183.145097 Ha
@@ estimated error    =        2.46e-06 Ha
Charge density mixing: Linear with a constant of 0.50 

 charge density is NEGATIVE after interpolation, minimum is -2.791815e-09
 minimum charge density with core charge added is 0.000000e+00
WriteRestart: Restart file Waves/wave.out opened...
WriteData: total size of each of the 16 files = 8.9 Mb
WriteData: writing took 0.1 seconds, writing speed 76.723 Mbps 
WriteRestart: writing took 0.1 seconds 


KOHN SHAM EIGENVALUES [eV] AT K-POINT [  0]:       0.000000      0.000000      0.000000

[kpt   0  10   0]   -21.2681 [2.000]   -20.9364 [2.000]   -20.9364 [2.000]   -19.9745 [2.000]   -19.9744 [2.000]
[kpt   0  10   1]   -18.4617 [2.000]   -18.4617 [2.000]   -16.5210 [2.000]   -16.4984 [2.000]   -15.9868 [2.000]
[kpt   0  10   2]   -15.6950 [2.000]   -15.6950 [2.000]   -14.8604 [2.000]   -14.8483 [2.000]   -14.8482 [2.000]
[kpt   0  10   3]   -14.5892 [2.000]   -14.5892 [2.000]   -14.3710 [2.000]   -14.3710 [2.000]   -13.8941 [2.000]
[kpt   0  10   4]   -13.8941 [2.000]   -13.5131 [2.000]   -13.5131 [2.000]   -11.8811 [2.000]   -11.8811 [2.000]
[kpt   0  10   5]   -11.7723 [2.000]   -11.7628 [2.000]   -11.1499 [2.000]   -11.1499 [2.000]   -10.3937 [2.000]
[kpt   0  10   6]   -10.3641 [2.000]    -9.6946 [2.000]    -9.6946 [2.000]    -9.4420 [2.000]    -9.0288 [2.000]
[kpt   0  10   7]    -9.0288 [2.000]    -8.9335 [2.000]    -8.9335 [2.000]    -8.5654 [2.000]    -8.5654 [2.000]
[kpt   0  10   8]    -8.0273 [2.000]    -8.0270 [2.000]    -7.8088 [2.000]    -7.4237 [2.000]    -7.4237 [2.000]
[kpt   0  10   9]    -6.1724 [2.000]    -6.1724 [2.000]    -5.7358 [2.000]    -5.7358 [2.000]    -5.2959 [2.000]
[kpt   0  10  10]    -5.2959 [2.000]    -4.9078 [2.000]    -4.9078 [2.000]    -4.3809 [2.000]    -4.2743 [2.000]
[kpt   0  10  11]    -3.8665 [2.000]    -3.6860 [2.000]    -3.6487 [2.000]    -3.4633 [2.000]    -3.4633 [2.000]
[kpt   0  10  12]    -2.3124 [2.000]    -2.3119 [2.000]    -1.6241 [2.000]    -1.6241 [2.000]    -1.1027 [0.000]
[kpt   0  10  13]    -0.6895 [0.000]    -0.6895 [0.000]    -0.5150 [0.000]    -0.5148 [0.000]    -0.4988 [0.000]
[kpt   0  10  14]    -0.4988 [0.000]     1.8108 [0.000]     1.8483 [0.000]     3.8198 [0.000]     4.0656 [0.000]
[kpt   0  10  15]     4.0669 [0.000]     4.3630 [0.000]     4.3630 [0.000]     4.5367 [0.000]     4.6262 [0.000]
[kpt   0  10  16]     4.7521 [0.000]     4.7549 [0.000]     5.3099 [0.000]     5.4714 [0.000]     5.8633 [0.000]
[kpt   0  10  17]     5.8978 [0.000]     6.2379 [0.000]     6.2380 [0.000]     6.3569 [0.000]     6.3741 [0.000]
[kpt   0  10  18]     6.3953 [0.000]     6.3953 [0.000]     6.6211 [0.000]     6.6222 [0.000]     6.6252 [0.000]
[kpt   0  10  19]     8.7578 [0.000]     8.7592 [0.000]     8.7592 [0.000]     8.7650 [0.000]     8.8737 [0.000]
[kpt   0  10  20]     9.5482 [0.000]     9.5483 [0.000]     9.5992 [0.000]    10.9127 [0.000]    10.9128 [0.000]
[kpt   0  10  21]    11.1299 [0.000]    11.1300 [0.000]    11.7341 [0.000]    11.8873 [0.000]    11.8956 [0.000]
[kpt   0  10  22]    11.9555 [0.000]    12.3060 [0.000]    12.3064 [0.000]    14.4604 [0.000]    14.4617 [0.000]
[kpt   0  10  23]    14.9077 [0.000]    14.9309 [0.000]    16.5979 [0.000]    16.7537 [0.000]    16.7825 [0.000]
[kpt   0  10  24]    16.8417 [0.000]    16.9158 [0.000]    18.1646 [0.000]    18.1734 [0.000]    18.5701 [0.000]
[kpt   0  10  25]    19.1018 [0.000]    19.1734 [0.000]    19.5445 [0.000]




KOHN SHAM EIGENVALUES [eV] AT K-POINT [  1]:       0.000000      0.000000      0.250000

[kpt   1  10   0]   -20.8941 [2.000]   -20.5642 [2.000]   -20.5642 [2.000]   -19.6071 [2.000]   -19.6070 [2.000]
[kpt   1  10   1]   -18.1020 [2.000]   -18.1020 [2.000]   -17.9734 [2.000]   -17.6619 [2.000]   -17.6619 [2.000]
[kpt   1  10   2]   -16.7604 [2.000]   -16.7603 [2.000]   -16.1876 [2.000]   -16.1593 [2.000]   -15.3997 [2.000]
[kpt   1  10   3]   -15.3997 [2.000]   -13.7010 [2.000]   -13.7010 [2.000]   -13.3178 [2.000]   -13.3174 [2.000]
[kpt   1  10   4]   -12.3409 [2.000]   -12.1336 [2.000]   -12.1336 [2.000]   -11.9096 [2.000]   -11.9096 [2.000]
[kpt   1  10   5]   -11.1296 [2.000]   -11.1296 [2.000]   -10.4193 [2.000]   -10.4192 [2.000]   -10.0183 [2.000]
[kpt   1  10   6]   -10.0183 [2.000]    -9.0505 [2.000]    -8.8225 [2.000]    -8.8201 [2.000]    -8.8201 [2.000]
[kpt   1  10   7]    -8.7827 [2.000]    -8.6733 [2.000]    -8.6733 [2.000]    -8.5431 [2.000]    -8.5431 [2.000]
[kpt   1  10   8]    -7.5926 [2.000]    -7.5926 [2.000]    -7.4357 [2.000]    -7.3992 [2.000]    -7.3989 [2.000]
[kpt   1  10   9]    -6.3774 [2.000]    -6.3774 [2.000]    -6.1369 [2.000]    -6.1369 [2.000]    -5.7333 [2.000]
[kpt   1  10  10]    -5.5986 [2.000]    -5.5986 [2.000]    -5.5281 [2.000]    -5.3568 [2.000]    -5.3568 [2.000]
[kpt   1  10  11]    -5.1064 [2.000]    -5.1064 [2.000]    -5.0232 [2.000]    -4.0327 [2.000]    -4.0323 [2.000]
[kpt   1  10  12]    -3.4991 [2.000]    -3.4574 [2.000]    -2.8048 [2.000]    -2.8048 [2.000]     0.4308 [0.000]
[kpt   1  10  13]     0.4308 [0.000]     0.6761 [0.000]     1.1306 [0.000]     1.1306 [0.000]     1.1779 [0.000]
[kpt   1  10  14]     1.2176 [0.000]     1.2623 [0.000]     1.2629 [0.000]     2.6520 [0.000]     3.4288 [0.000]
[kpt   1  10  15]     3.4289 [0.000]     3.5726 [0.000]     3.6835 [0.000]     3.6835 [0.000]     4.0811 [0.000]
[kpt   1  10  16]     4.5066 [0.000]     4.5555 [0.000]     4.5557 [0.000]     4.8156 [0.000]     5.3093 [0.000]
[kpt   1  10  17]     5.3093 [0.000]     5.4355 [0.000]     5.4472 [0.000]     5.8932 [0.000]     6.0963 [0.000]
[kpt   1  10  18]     6.4926 [0.000]     6.4931 [0.000]     6.6252 [0.000]     6.6275 [0.000]     6.7826 [0.000]
[kpt   1  10  19]     6.7826 [0.000]     7.0371 [0.000]     7.1696 [0.000]     7.3439 [0.000]     7.3439 [0.000]
[kpt   1  10  20]     7.5018 [0.000]     7.5019 [0.000]     7.7456 [0.000]     7.7457 [0.000]     7.7630 [0.000]
[kpt   1  10  21]     7.7942 [0.000]     7.9148 [0.000]     8.1613 [0.000]     9.0428 [0.000]     9.1938 [0.000]
[kpt   1  10  22]     9.3423 [0.000]     9.3711 [0.000]     9.4544 [0.000]     9.4709 [0.000]     9.5499 [0.000]
[kpt   1  10  23]     9.5613 [0.000]    10.0877 [0.000]    10.2175 [0.000]    10.6684 [0.000]    10.6698 [0.000]
[kpt   1  10  24]    10.7480 [0.000]    10.9841 [0.000]    10.9891 [0.000]    11.0561 [0.000]    11.0562 [0.000]
[kpt   1  10  25]    11.3212 [0.000]    11.3801 [0.000]    14.0053 [0.000]




KOHN SHAM EIGENVALUES [eV] AT K-POINT [  2]:       0.000000      0.000000      0.500000

[kpt   2  10   0]   -19.8087 [2.000]   -19.7554 [2.000]   -19.4847 [2.000]   -19.4847 [2.000]   -19.4312 [2.000]
[kpt   2  10   1]   -19.4312 [2.000]   -18.5447 [2.000]   -18.5446 [2.000]   -18.4907 [2.000]   -18.4906 [2.000]
[kpt   2  10   2]   -17.0712 [2.000]   -17.0712 [2.000]   -17.0158 [2.000]   -17.0158 [2.000]   -15.5194 [2.000]
[kpt   2  10   3]   -15.4534 [2.000]   -14.6251 [2.000]   -14.5853 [2.000]   -12.7339 [2.000]   -12.7339 [2.000]
[kpt   2  10   4]   -12.6831 [2.000]   -12.6831 [2.000]   -10.3836 [2.000]   -10.3836 [2.000]   -10.3281 [2.000]
[kpt   2  10   5]   -10.3280 [2.000]    -9.2483 [2.000]    -9.2323 [2.000]    -9.2323 [2.000]    -9.1922 [2.000]
[kpt   2  10   6]    -9.1735 [2.000]    -9.1735 [2.000]    -8.1925 [2.000]    -8.1925 [2.000]    -8.1481 [2.000]
[kpt   2  10   7]    -8.1480 [2.000]    -7.9589 [2.000]    -7.9589 [2.000]    -7.9092 [2.000]    -7.9092 [2.000]
[kpt   2  10   8]    -7.8186 [2.000]    -7.7676 [2.000]    -7.3949 [2.000]    -7.3949 [2.000]    -7.3546 [2.000]
[kpt   2  10   9]    -7.3546 [2.000]    -7.3439 [2.000]    -7.3026 [2.000]    -6.9565 [2.000]    -6.9565 [2.000]
[kpt   2  10  10]    -6.9140 [2.000]    -6.9140 [2.000]    -6.4146 [2.000]    -6.3715 [2.000]    -5.9027 [2.000]
[kpt   2  10  11]    -5.9025 [2.000]    -5.8587 [2.000]    -5.8584 [2.000]    -4.3537 [2.000]    -4.3537 [2.000]
[kpt   2  10  12]    -4.3076 [2.000]    -4.3076 [2.000]    -3.2764 [2.000]    -3.2283 [2.000]     0.5863 [0.000]
[kpt   2  10  13]     0.6309 [0.000]     1.8259 [0.000]     1.8259 [0.000]     1.8713 [0.000]     1.8713 [0.000]
[kpt   2  10  14]     2.8103 [0.000]     2.8632 [0.000]     3.4310 [0.000]     3.4328 [0.000]     3.4449 [0.000]
[kpt   2  10  15]     3.4449 [0.000]     3.4812 [0.000]     3.4827 [0.000]     3.4938 [0.000]     3.4938 [0.000]
[kpt   2  10  16]     4.2012 [0.000]     4.9337 [0.000]     4.9338 [0.000]     5.0126 [0.000]     5.0915 [0.000]
[kpt   2  10  17]     5.4603 [0.000]     5.9351 [0.000]     5.9352 [0.000]     6.1158 [0.000]     6.2238 [0.000]
[kpt   2  10  18]     6.3356 [0.000]     6.6371 [0.000]     6.6371 [0.000]     6.7273 [0.000]     6.7274 [0.000]
[kpt   2  10  19]     6.7716 [0.000]     7.2087 [0.000]     7.2198 [0.000]     7.2199 [0.000]     7.3880 [0.000]
[kpt   2  10  20]     7.6411 [0.000]     7.8164 [0.000]     7.9189 [0.000]     7.9685 [0.000]     8.0224 [0.000]
[kpt   2  10  21]     8.0472 [0.000]     8.1163 [0.000]     8.1173 [0.000]     8.2999 [0.000]     8.3035 [0.000]
[kpt   2  10  22]     8.5017 [0.000]     8.5041 [0.000]     8.7108 [0.000]     8.9936 [0.000]     8.9940 [0.000]
[kpt   2  10  23]     9.1605 [0.000]    10.0342 [0.000]    10.0371 [0.000]    10.5212 [0.000]    10.5214 [0.000]
[kpt   2  10  24]    10.8247 [0.000]    10.8262 [0.000]    11.2307 [0.000]    11.6316 [0.000]    11.6794 [0.000]
[kpt   2  10  25]    11.6939 [0.000]    11.7859 [0.000]    11.8190 [0.000]



Total charge in supercell =     128.00000000
 quench: [md:   0/100  scf:  10/50  step time:   8.66  scf time:    96.07 secs  RMS[dV]: 1.34e-04 ]


average potential <V> = -8.84e-15
@@ EIGENVALUE SUM     =      -49.568703 Ha
@@ ION_ION            =      513.549245 Ha
@@ ELECTROSTATIC      =     -662.658824 Ha
@@ VXC                =      -73.218585 Ha
@@ EXC                =      -57.685644 Ha
@@ TOTAL ENERGY       =     -183.145677 Ha
@@ estimated error    =        4.26e-07 Ha
Charge density mixing: Linear with a constant of 0.50 

 charge density is NEGATIVE after interpolation, minimum is -1.229998e-09
 minimum charge density with core charge added is 0.000000e+00
 quench: [md:   0/100  scf:  11/50  step time:   8.73  scf time:   104.79 secs  RMS[dV]: 6.12e-05 ]


average potential <V> = -3.09e-15
@@ EIGENVALUE SUM     =      -49.567917 Ha
@@ ION_ION            =      513.549245 Ha
@@ ELECTROSTATIC      =     -662.660081 Ha
@@ VXC                =      -73.218826 Ha
@@ EXC                =      -57.685823 Ha
@@ TOTAL ENERGY       =     -183.145887 Ha
@@ estimated error    =        7.67e-08 Ha
Charge density mixing: Linear with a constant of 0.50 

 charge density is NEGATIVE after interpolation, minimum is -4.498123e-10
 minimum charge density with core charge added is 0.000000e+00
 quench: [md:   0/100  scf:  12/50  step time:   8.66  scf time:   113.45 secs  RMS[dV]: 2.86e-05 ]


average potential <V> = -2.81e-15
@@ EIGENVALUE SUM     =      -49.566360 Ha
@@ ION_ION            =      513.549245 Ha
@@ ELECTROSTATIC      =     -662.661790 Ha
@@ VXC                =      -73.219006 Ha
@@ EXC                =      -57.685960 Ha
@@ TOTAL ENERGY       =     -183.145862 Ha
@@ estimated error    =        2.83e-08 Ha
Charge density mixing: Linear with a constant of 0.50 

 charge density is NEGATIVE after interpolation, minimum is -7.973384e-11
 minimum charge density with core charge added is 0.000000e+00
 quench: [md:   0/100  scf:  13/50  step time:   8.63  scf time:   122.08 secs  RMS[dV]: 1.83e-05 ]


average potential <V> = 1.26e-15
@@ EIGENVALUE SUM     =      -49.565842 Ha
@@ ION_ION            =      513.549245 Ha
@@ ELECTROSTATIC      =     -662.662301 Ha
@@ VXC                =      -73.219079 Ha
@@ EXC                =      -57.686014 Ha
@@ TOTAL ENERGY       =     -183.145801 Ha
@@ estimated error    =        6.54e-09 Ha
Charge density mixing: Linear with a constant of 0.50 
 quench: [md:   0/100  scf:  14/50  step time:   8.64  scf time:   130.73 secs  RMS[dV]: 9.60e-06 ]


average potential <V> = -6.18e-15
@@ EIGENVALUE SUM     =      -49.565959 Ha
@@ ION_ION            =      513.549245 Ha
@@ ELECTROSTATIC      =     -662.662152 Ha
@@ VXC                =      -73.219093 Ha
@@ EXC                =      -57.686025 Ha
@@ TOTAL ENERGY       =     -183.145774 Ha
@@ estimated error    =        1.74e-09 Ha
Charge density mixing: Linear with a constant of 0.50 
WriteRestart: Restart file Waves/wave.out opened...
WriteData: total size of each of the 16 files = 9.0 Mb
WriteData: writing took 0.1 seconds, writing speed 62.910 Mbps 
WriteRestart: writing took 0.2 seconds 


KOHN SHAM EIGENVALUES [eV] AT K-POINT [  0]:       0.000000      0.000000      0.000000

[kpt   0  15   0]   -21.2688 [2.000]   -20.9371 [2.000]   -20.9371 [2.000]   -19.9752 [2.000]   -19.9751 [2.000]
[kpt   0  15   1]   -18.4623 [2.000]   -18.4623 [2.000]   -16.5216 [2.000]   -16.4990 [2.000]   -15.9873 [2.000]
[kpt   0  15   2]   -15.6956 [2.000]   -15.6956 [2.000]   -14.8614 [2.000]   -14.8487 [2.000]   -14.8487 [2.000]
[kpt   0  15   3]   -14.5902 [2.000]   -14.5902 [2.000]   -14.3717 [2.000]   -14.3717 [2.000]   -13.8951 [2.000]
[kpt   0  15   4]   -13.8951 [2.000]   -13.5134 [2.000]   -13.5134 [2.000]   -11.8818 [2.000]   -11.8818 [2.000]
[kpt   0  15   5]   -11.7726 [2.000]   -11.7631 [2.000]   -11.1502 [2.000]   -11.1502 [2.000]   -10.3945 [2.000]
[kpt   0  15   6]   -10.3648 [2.000]    -9.6949 [2.000]    -9.6949 [2.000]    -9.4428 [2.000]    -9.0296 [2.000]
[kpt   0  15   7]    -9.0296 [2.000]    -8.9338 [2.000]    -8.9338 [2.000]    -8.5661 [2.000]    -8.5661 [2.000]
[kpt   0  15   8]    -8.0281 [2.000]    -8.0278 [2.000]    -7.8091 [2.000]    -7.4240 [2.000]    -7.4239 [2.000]
[kpt   0  15   9]    -6.1732 [2.000]    -6.1731 [2.000]    -5.7365 [2.000]    -5.7365 [2.000]    -5.2961 [2.000]
[kpt   0  15  10]    -5.2961 [2.000]    -4.9086 [2.000]    -4.9086 [2.000]    -4.3818 [2.000]    -4.2745 [2.000]
[kpt   0  15  11]    -3.8672 [2.000]    -3.6868 [2.000]    -3.6494 [2.000]    -3.4640 [2.000]    -3.4640 [2.000]
[kpt   0  15  12]    -2.3130 [2.000]    -2.3126 [2.000]    -1.6248 [2.000]    -1.6248 [2.000]    -1.1031 [0.000]
[kpt   0  15  13]    -0.6899 [0.000]    -0.6899 [0.000]    -0.5157 [0.000]    -0.5155 [0.000]    -0.4994 [0.000]
[kpt   0  15  14]    -0.4994 [0.000]     1.8102 [0.000]     1.8387 [0.000]     1.8477 [0.000]     3.1411 [0.000]
[kpt   0  15  15]     3.1525 [0.000]     3.1550 [0.000]     3.5749 [0.000]     3.7222 [0.000]     4.0092 [0.000]
[kpt   0  15  16]     4.0096 [0.000]     4.0834 [0.000]     4.3626 [0.000]     4.3626 [0.000]     5.2743 [0.000]
[kpt   0  15  17]     5.3045 [0.000]     5.4525 [0.000]     5.6281 [0.000]     5.6283 [0.000]     6.0641 [0.000]
[kpt   0  15  18]     6.2374 [0.000]     6.2374 [0.000]     6.3950 [0.000]     6.3950 [0.000]     6.5563 [0.000]
[kpt   0  15  19]     6.5565 [0.000]     6.6248 [0.000]     7.2807 [0.000]     7.5343 [0.000]     7.6241 [0.000]
[kpt   0  15  20]     7.7838 [0.000]     8.7564 [0.000]     8.7632 [0.000]     8.8361 [0.000]     9.1531 [0.000]
[kpt   0  15  21]     9.3389 [0.000]     9.4493 [0.000]     9.5456 [0.000]     9.5462 [0.000]    10.7342 [0.000]
[kpt   0  15  22]    10.7467 [0.000]    10.9567 [0.000]    11.0095 [0.000]    11.1331 [0.000]    11.2837 [0.000]
[kpt   0  15  23]    11.3705 [0.000]    11.4086 [0.000]    11.6895 [0.000]    11.8544 [0.000]    12.0487 [0.000]
[kpt   0  15  24]    12.0601 [0.000]    12.3964 [0.000]    12.5163 [0.000]    13.2943 [0.000]    13.9422 [0.000]
[kpt   0  15  25]    16.0028 [0.000]    16.4478 [0.000]    18.5627 [0.000]




KOHN SHAM EIGENVALUES [eV] AT K-POINT [  1]:       0.000000      0.000000      0.250000

[kpt   1  15   0]   -20.8950 [2.000]   -20.5650 [2.000]   -20.5650 [2.000]   -19.6079 [2.000]   -19.6078 [2.000]
[kpt   1  15   1]   -18.1028 [2.000]   -18.1028 [2.000]   -17.9742 [2.000]   -17.6627 [2.000]   -17.6627 [2.000]
[kpt   1  15   2]   -16.7612 [2.000]   -16.7611 [2.000]   -16.1884 [2.000]   -16.1601 [2.000]   -15.4006 [2.000]
[kpt   1  15   3]   -15.4006 [2.000]   -13.7016 [2.000]   -13.7016 [2.000]   -13.3183 [2.000]   -13.3180 [2.000]
[kpt   1  15   4]   -12.3420 [2.000]   -12.1347 [2.000]   -12.1347 [2.000]   -11.9107 [2.000]   -11.9107 [2.000]
[kpt   1  15   5]   -11.1302 [2.000]   -11.1302 [2.000]   -10.4197 [2.000]   -10.4196 [2.000]   -10.0191 [2.000]
[kpt   1  15   6]   -10.0191 [2.000]    -9.0513 [2.000]    -8.8234 [2.000]    -8.8208 [2.000]    -8.8207 [2.000]
[kpt   1  15   7]    -8.7836 [2.000]    -8.6740 [2.000]    -8.6740 [2.000]    -8.5435 [2.000]    -8.5435 [2.000]
[kpt   1  15   8]    -7.5935 [2.000]    -7.5935 [2.000]    -7.4361 [2.000]    -7.3998 [2.000]    -7.3995 [2.000]
[kpt   1  15   9]    -6.3780 [2.000]    -6.3780 [2.000]    -6.1378 [2.000]    -6.1378 [2.000]    -5.7345 [2.000]
[kpt   1  15  10]    -5.5993 [2.000]    -5.5993 [2.000]    -5.5287 [2.000]    -5.3576 [2.000]    -5.3576 [2.000]
[kpt   1  15  11]    -5.1070 [2.000]    -5.1070 [2.000]    -5.0235 [2.000]    -4.0333 [2.000]    -4.0330 [2.000]
[kpt   1  15  12]    -3.4998 [2.000]    -3.4581 [2.000]    -2.8055 [2.000]    -2.8055 [2.000]     0.4305 [0.000]
[kpt   1  15  13]     0.4305 [0.000]     0.6755 [0.000]     1.1299 [0.000]     1.1299 [0.000]     1.1778 [0.000]
[kpt   1  15  14]     1.2176 [0.000]     1.2616 [0.000]     1.2622 [0.000]     2.2330 [0.000]     3.3529 [0.000]
[kpt   1  15  15]     3.3530 [0.000]     3.4471 [0.000]     3.4471 [0.000]     3.4488 [0.000]     3.9127 [0.000]
[kpt   1  15  16]     4.2042 [0.000]     4.3657 [0.000]     4.3661 [0.000]     4.5306 [0.000]     4.9125 [0.000]
[kpt   1  15  17]     5.3050 [0.000]     5.3070 [0.000]     5.4327 [0.000]     5.4452 [0.000]     5.6831 [0.000]
[kpt   1  15  18]     5.7184 [0.000]     5.9044 [0.000]     6.0100 [0.000]     6.0114 [0.000]     6.1171 [0.000]
[kpt   1  15  19]     6.1181 [0.000]     6.3182 [0.000]     6.5708 [0.000]     6.5773 [0.000]     6.7445 [0.000]
[kpt   1  15  20]     6.7445 [0.000]     7.2027 [0.000]     7.2078 [0.000]     7.2263 [0.000]     7.2887 [0.000]
[kpt   1  15  21]     7.2903 [0.000]     7.3250 [0.000]     7.6535 [0.000]     7.6612 [0.000]     7.6928 [0.000]
[kpt   1  15  22]     7.7570 [0.000]     7.8005 [0.000]     8.1606 [0.000]     8.3576 [0.000]     8.3705 [0.000]
[kpt   1  15  23]     8.4117 [0.000]     8.4235 [0.000]     8.5109 [0.000]     8.7416 [0.000]     9.1663 [0.000]
[kpt   1  15  24]     9.1710 [0.000]     9.3416 [0.000]     9.3424 [0.000]     9.7489 [0.000]     9.9378 [0.000]
[kpt   1  15  25]    10.4403 [0.000]    10.6950 [0.000]    11.6082 [0.000]




KOHN SHAM EIGENVALUES [eV] AT K-POINT [  2]:       0.000000      0.000000      0.500000

[kpt   2  15   0]   -19.8096 [2.000]   -19.7563 [2.000]   -19.4856 [2.000]   -19.4856 [2.000]   -19.4322 [2.000]
[kpt   2  15   1]   -19.4322 [2.000]   -18.5456 [2.000]   -18.5455 [2.000]   -18.4916 [2.000]   -18.4915 [2.000]
[kpt   2  15   2]   -17.0722 [2.000]   -17.0722 [2.000]   -17.0168 [2.000]   -17.0168 [2.000]   -15.5207 [2.000]
[kpt   2  15   3]   -15.4547 [2.000]   -14.6256 [2.000]   -14.5858 [2.000]   -12.7347 [2.000]   -12.7347 [2.000]
[kpt   2  15   4]   -12.6839 [2.000]   -12.6839 [2.000]   -10.3846 [2.000]   -10.3846 [2.000]   -10.3290 [2.000]
[kpt   2  15   5]   -10.3290 [2.000]    -9.2495 [2.000]    -9.2335 [2.000]    -9.2335 [2.000]    -9.1934 [2.000]
[kpt   2  15   6]    -9.1747 [2.000]    -9.1747 [2.000]    -8.1934 [2.000]    -8.1933 [2.000]    -8.1489 [2.000]
[kpt   2  15   7]    -8.1488 [2.000]    -7.9599 [2.000]    -7.9599 [2.000]    -7.9102 [2.000]    -7.9102 [2.000]
[kpt   2  15   8]    -7.8196 [2.000]    -7.7685 [2.000]    -7.3955 [2.000]    -7.3955 [2.000]    -7.3552 [2.000]
[kpt   2  15   9]    -7.3552 [2.000]    -7.3446 [2.000]    -7.3033 [2.000]    -6.9572 [2.000]    -6.9572 [2.000]
[kpt   2  15  10]    -6.9147 [2.000]    -6.9147 [2.000]    -6.4153 [2.000]    -6.3721 [2.000]    -5.9033 [2.000]
[kpt   2  15  11]    -5.9031 [2.000]    -5.8593 [2.000]    -5.8590 [2.000]    -4.3543 [2.000]    -4.3543 [2.000]
[kpt   2  15  12]    -4.3082 [2.000]    -4.3082 [2.000]    -3.2770 [2.000]    -3.2288 [2.000]     0.5865 [0.000]
[kpt   2  15  13]     0.6309 [0.000]     1.8260 [0.000]     1.8260 [0.000]     1.8714 [0.000]     1.8714 [0.000]
[kpt   2  15  14]     2.8057 [0.000]     2.8552 [0.000]     3.4298 [0.000]     3.4319 [0.000]     3.4437 [0.000]
[kpt   2  15  15]     3.4437 [0.000]     3.4802 [0.000]     3.4819 [0.000]     3.4926 [0.000]     3.4926 [0.000]
[kpt   2  15  16]     3.7352 [0.000]     3.8328 [0.000]     4.8415 [0.000]     4.8416 [0.000]     4.9733 [0.000]
[kpt   2  15  17]     5.1494 [0.000]     5.1495 [0.000]     5.3022 [0.000]     5.4146 [0.000]     5.4320 [0.000]
[kpt   2  15  18]     5.5038 [0.000]     5.8105 [0.000]     5.8527 [0.000]     5.8528 [0.000]     6.0724 [0.000]
[kpt   2  15  19]     6.2115 [0.000]     6.2174 [0.000]     6.3023 [0.000]     6.3039 [0.000]     6.6305 [0.000]
[kpt   2  15  20]     6.6307 [0.000]     6.7123 [0.000]     6.7124 [0.000]     7.0298 [0.000]     7.2477 [0.000]
[kpt   2  15  21]     7.4737 [0.000]     7.6261 [0.000]     7.6263 [0.000]     7.7346 [0.000]     7.7349 [0.000]
[kpt   2  15  22]     7.9101 [0.000]     7.9183 [0.000]     8.0083 [0.000]     8.0186 [0.000]     8.2774 [0.000]
[kpt   2  15  23]     8.2774 [0.000]     8.3245 [0.000]     8.3249 [0.000]     9.3264 [0.000]     9.9716 [0.000]
[kpt   2  15  24]    10.2529 [0.000]    10.2806 [0.000]    10.2808 [0.000]    10.3506 [0.000]    10.3506 [0.000]
[kpt   2  15  25]    10.9181 [0.000]    11.5824 [0.000]    11.6431 [0.000]



Total charge in supercell =     128.00000000
 quench: [md:   0/100  scf:  15/50  step time:   8.66  scf time:   139.55 secs  RMS[dV]: 5.45e-06 ]


average potential <V> = 1.82e-15
@@ EIGENVALUE SUM     =      -49.566150 Ha
@@ ION_ION            =      513.549245 Ha
@@ ELECTROSTATIC      =     -662.661944 Ha
@@ VXC                =      -73.219090 Ha
@@ EXC                =      -57.686023 Ha
@@ TOTAL ENERGY       =     -183.145771 Ha
@@ estimated error    =        6.68e-10 Ha
Charge density mixing: Linear with a constant of 0.50 
 quench: [md:   0/100  scf:  16/50  step time:   9.08  scf time:   148.63 secs  RMS[dV]: 3.12e-06 ]


average potential <V> = -3.65e-15
@@ EIGENVALUE SUM     =      -49.566237 Ha
@@ ION_ION            =      513.549245 Ha
@@ ELECTROSTATIC      =     -662.661853 Ha
@@ VXC                =      -73.219087 Ha
@@ EXC                =      -57.686020 Ha
@@ TOTAL ENERGY       =     -183.145779 Ha
@@ estimated error    =        1.89e-10 Ha
Charge density mixing: Linear with a constant of 0.50 
 quench: [md:   0/100  scf:  17/50  step time:   9.06  scf time:   157.69 secs  RMS[dV]: 1.50e-06 ]


average potential <V> = 1.05e-14
@@ EIGENVALUE SUM     =      -49.566258 Ha
@@ ION_ION            =      513.549245 Ha
@@ ELECTROSTATIC      =     -662.661832 Ha
@@ VXC                =      -73.219085 Ha
@@ EXC                =      -57.686018 Ha
@@ TOTAL ENERGY       =     -183.145779 Ha
@@ estimated error    =        4.49e-11 Ha
Charge density mixing: Linear with a constant of 0.50 
 quench: [md:   0/100  scf:  18/50  step time:   9.05  scf time:   166.74 secs  RMS[dV]: 7.06e-07 ]


average potential <V> = 7.86e-15
@@ EIGENVALUE SUM     =      -49.566262 Ha
@@ ION_ION            =      513.549245 Ha
@@ ELECTROSTATIC      =     -662.661828 Ha
@@ VXC                =      -73.219084 Ha
@@ EXC                =      -57.686018 Ha
@@ TOTAL ENERGY       =     -183.145779 Ha
@@ estimated error    =        8.93e-12 Ha
Charge density mixing: Linear with a constant of 0.50 
 quench: [md:   0/100  scf:  19/50  step time:   9.13  scf time:   175.87 secs  RMS[dV]: 3.59e-07 ]


average potential <V> = -2.81e-16
@@ EIGENVALUE SUM     =      -49.566266 Ha
@@ ION_ION            =      513.549245 Ha
@@ ELECTROSTATIC      =     -662.661823 Ha
@@ VXC                =      -73.219083 Ha
@@ EXC                =      -57.686017 Ha
@@ TOTAL ENERGY       =     -183.145778 Ha
@@ estimated error    =        1.68e-12 Ha
Charge density mixing: Linear with a constant of 0.50 
WriteRestart: Restart file Waves/wave.out opened...
WriteData: total size of each of the 16 files = 9.1 Mb
WriteData: writing took 0.1 seconds, writing speed 77.180 Mbps 
WriteRestart: writing took 0.2 seconds 


KOHN SHAM EIGENVALUES [eV] AT K-POINT [  0]:       0.000000      0.000000      0.000000

[kpt   0  20   0]   -21.2689 [2.000]   -20.9372 [2.000]   -20.9372 [2.000]   -19.9752 [2.000]   -19.9752 [2.000]
[kpt   0  20   1]   -18.4624 [2.000]   -18.4624 [2.000]   -16.5216 [2.000]   -16.4990 [2.000]   -15.9874 [2.000]
[kpt   0  20   2]   -15.6957 [2.000]   -15.6957 [2.000]   -14.8614 [2.000]   -14.8488 [2.000]   -14.8488 [2.000]
[kpt   0  20   3]   -14.5902 [2.000]   -14.5902 [2.000]   -14.3717 [2.000]   -14.3717 [2.000]   -13.8951 [2.000]
[kpt   0  20   4]   -13.8951 [2.000]   -13.5135 [2.000]   -13.5135 [2.000]   -11.8818 [2.000]   -11.8818 [2.000]
[kpt   0  20   5]   -11.7727 [2.000]   -11.7632 [2.000]   -11.1503 [2.000]   -11.1503 [2.000]   -10.3945 [2.000]
[kpt   0  20   6]   -10.3649 [2.000]    -9.6949 [2.000]    -9.6949 [2.000]    -9.4428 [2.000]    -9.0297 [2.000]
[kpt   0  20   7]    -9.0297 [2.000]    -8.9338 [2.000]    -8.9338 [2.000]    -8.5662 [2.000]    -8.5662 [2.000]
[kpt   0  20   8]    -8.0281 [2.000]    -8.0278 [2.000]    -7.8092 [2.000]    -7.4241 [2.000]    -7.4240 [2.000]
[kpt   0  20   9]    -6.1732 [2.000]    -6.1732 [2.000]    -5.7366 [2.000]    -5.7366 [2.000]    -5.2962 [2.000]
[kpt   0  20  10]    -5.2962 [2.000]    -4.9086 [2.000]    -4.9086 [2.000]    -4.3818 [2.000]    -4.2746 [2.000]
[kpt   0  20  11]    -3.8672 [2.000]    -3.6868 [2.000]    -3.6495 [2.000]    -3.4641 [2.000]    -3.4641 [2.000]
[kpt   0  20  12]    -2.3131 [2.000]    -2.3127 [2.000]    -1.6249 [2.000]    -1.6249 [2.000]    -1.1031 [0.000]
[kpt   0  20  13]    -0.6900 [0.000]    -0.6900 [0.000]    -0.5157 [0.000]    -0.5156 [0.000]    -0.4995 [0.000]
[kpt   0  20  14]    -0.4995 [0.000]     1.7211 [0.000]     1.8101 [0.000]     1.8476 [0.000]     2.8741 [0.000]
[kpt   0  20  15]     2.8745 [0.000]     2.9753 [0.000]     3.0592 [0.000]     3.4665 [0.000]     3.8275 [0.000]
[kpt   0  20  16]     3.8280 [0.000]     3.9239 [0.000]     4.3625 [0.000]     4.3625 [0.000]     5.0272 [0.000]
[kpt   0  20  17]     5.1507 [0.000]     5.3094 [0.000]     5.4500 [0.000]     5.4528 [0.000]     5.4548 [0.000]
[kpt   0  20  18]     5.5961 [0.000]     5.6015 [0.000]     5.8139 [0.000]     6.2375 [0.000]     6.2375 [0.000]
[kpt   0  20  19]     6.3949 [0.000]     6.3950 [0.000]     6.5328 [0.000]     6.5335 [0.000]     6.6247 [0.000]
[kpt   0  20  20]     6.8453 [0.000]     6.8495 [0.000]     7.5259 [0.000]     7.5569 [0.000]     7.6543 [0.000]
[kpt   0  20  21]     8.0043 [0.000]     8.1748 [0.000]     8.7586 [0.000]     8.7587 [0.000]     8.8255 [0.000]
[kpt   0  20  22]     9.4140 [0.000]     9.4666 [0.000]     9.5465 [0.000]     9.5466 [0.000]     9.8316 [0.000]
[kpt   0  20  23]    10.6548 [0.000]    10.6731 [0.000]    10.7187 [0.000]    10.9045 [0.000]    10.9046 [0.000]
[kpt   0  20  24]    11.0802 [0.000]    11.3426 [0.000]    11.6566 [0.000]    11.8258 [0.000]    11.8606 [0.000]
[kpt   0  20  25]    11.8608 [0.000]    12.8684 [0.000]    18.4741 [0.000]




KOHN SHAM EIGENVALUES [eV] AT K-POINT [  1]:       0.000000      0.000000      0.250000

[kpt   1  20   0]   -20.8951 [2.000]   -20.5651 [2.000]   -20.5651 [2.000]   -19.6080 [2.000]   -19.6079 [2.000]
[kpt   1  20   1]   -18.1029 [2.000]   -18.1029 [2.000]   -17.9743 [2.000]   -17.6628 [2.000]   -17.6628 [2.000]
[kpt   1  20   2]   -16.7612 [2.000]   -16.7612 [2.000]   -16.1885 [2.000]   -16.1601 [2.000]   -15.4006 [2.000]
[kpt   1  20   3]   -15.4006 [2.000]   -13.7016 [2.000]   -13.7016 [2.000]   -13.3184 [2.000]   -13.3180 [2.000]
[kpt   1  20   4]   -12.3421 [2.000]   -12.1348 [2.000]   -12.1348 [2.000]   -11.9107 [2.000]   -11.9107 [2.000]
[kpt   1  20   5]   -11.1302 [2.000]   -11.1302 [2.000]   -10.4198 [2.000]   -10.4197 [2.000]   -10.0192 [2.000]
[kpt   1  20   6]   -10.0192 [2.000]    -9.0513 [2.000]    -8.8234 [2.000]    -8.8208 [2.000]    -8.8208 [2.000]
[kpt   1  20   7]    -8.7836 [2.000]    -8.6741 [2.000]    -8.6741 [2.000]    -8.5436 [2.000]    -8.5436 [2.000]
[kpt   1  20   8]    -7.5936 [2.000]    -7.5936 [2.000]    -7.4361 [2.000]    -7.3999 [2.000]    -7.3996 [2.000]
[kpt   1  20   9]    -6.3781 [2.000]    -6.3781 [2.000]    -6.1378 [2.000]    -6.1378 [2.000]    -5.7345 [2.000]
[kpt   1  20  10]    -5.5994 [2.000]    -5.5994 [2.000]    -5.5288 [2.000]    -5.3576 [2.000]    -5.3576 [2.000]
[kpt   1  20  11]    -5.1071 [2.000]    -5.1071 [2.000]    -5.0236 [2.000]    -4.0334 [2.000]    -4.0330 [2.000]
[kpt   1  20  12]    -3.4998 [2.000]    -3.4582 [2.000]    -2.8056 [2.000]    -2.8056 [2.000]     0.4304 [0.000]
[kpt   1  20  13]     0.4304 [0.000]     0.6754 [0.000]     1.1299 [0.000]     1.1299 [0.000]     1.1778 [0.000]
[kpt   1  20  14]     1.2176 [0.000]     1.2616 [0.000]     1.2621 [0.000]     2.2072 [0.000]     3.3287 [0.000]
[kpt   1  20  15]     3.3287 [0.000]     3.4401 [0.000]     3.4428 [0.000]     3.4428 [0.000]     3.6227 [0.000]
[kpt   1  20  16]     3.8985 [0.000]     4.3501 [0.000]     4.3501 [0.000]     4.4318 [0.000]     4.6107 [0.000]
[kpt   1  20  17]     5.3005 [0.000]     5.3006 [0.000]     5.4340 [0.000]     5.4470 [0.000]     5.5083 [0.000]
[kpt   1  20  18]     5.7060 [0.000]     5.8127 [0.000]     5.8803 [0.000]     5.8806 [0.000]     6.0682 [0.000]
[kpt   1  20  19]     6.0685 [0.000]     6.0954 [0.000]     6.5437 [0.000]     6.5593 [0.000]     6.7375 [0.000]
[kpt   1  20  20]     6.7375 [0.000]     6.8456 [0.000]     6.9075 [0.000]     6.9101 [0.000]     6.9537 [0.000]
[kpt   1  20  21]     7.0986 [0.000]     7.1934 [0.000]     7.1935 [0.000]     7.4747 [0.000]     7.4759 [0.000]
[kpt   1  20  22]     7.6557 [0.000]     7.6564 [0.000]     7.6787 [0.000]     7.7470 [0.000]     7.9380 [0.000]
[kpt   1  20  23]     7.9591 [0.000]     8.1606 [0.000]     8.2170 [0.000]     8.2249 [0.000]     8.7446 [0.000]
[kpt   1  20  24]     8.8753 [0.000]     8.8775 [0.000]     9.2999 [0.000]     9.3000 [0.000]     9.6389 [0.000]
[kpt   1  20  25]     9.7755 [0.000]    10.5179 [0.000]    10.6383 [0.000]




KOHN SHAM EIGENVALUES [eV] AT K-POINT [  2]:       0.000000      0.000000      0.500000

[kpt   2  20   0]   -19.8097 [2.000]   -19.7564 [2.000]   -19.4857 [2.000]   -19.4857 [2.000]   -19.4322 [2.000]
[kpt   2  20   1]   -19.4322 [2.000]   -18.5457 [2.000]   -18.5456 [2.000]   -18.4917 [2.000]   -18.4916 [2.000]
[kpt   2  20   2]   -17.0723 [2.000]   -17.0723 [2.000]   -17.0168 [2.000]   -17.0168 [2.000]   -15.5207 [2.000]
[kpt   2  20   3]   -15.4547 [2.000]   -14.6257 [2.000]   -14.5859 [2.000]   -12.7348 [2.000]   -12.7348 [2.000]
[kpt   2  20   4]   -12.6840 [2.000]   -12.6840 [2.000]   -10.3847 [2.000]   -10.3846 [2.000]   -10.3291 [2.000]
[kpt   2  20   5]   -10.3291 [2.000]    -9.2496 [2.000]    -9.2336 [2.000]    -9.2336 [2.000]    -9.1935 [2.000]
[kpt   2  20   6]    -9.1748 [2.000]    -9.1748 [2.000]    -8.1934 [2.000]    -8.1934 [2.000]    -8.1490 [2.000]
[kpt   2  20   7]    -8.1489 [2.000]    -7.9600 [2.000]    -7.9600 [2.000]    -7.9102 [2.000]    -7.9102 [2.000]
[kpt   2  20   8]    -7.8197 [2.000]    -7.7686 [2.000]    -7.3955 [2.000]    -7.3955 [2.000]    -7.3552 [2.000]
[kpt   2  20   9]    -7.3552 [2.000]    -7.3446 [2.000]    -7.3034 [2.000]    -6.9572 [2.000]    -6.9572 [2.000]
[kpt   2  20  10]    -6.9147 [2.000]    -6.9147 [2.000]    -6.4153 [2.000]    -6.3722 [2.000]    -5.9034 [2.000]
[kpt   2  20  11]    -5.9031 [2.000]    -5.8594 [2.000]    -5.8591 [2.000]    -4.3544 [2.000]    -4.3544 [2.000]
[kpt   2  20  12]    -4.3083 [2.000]    -4.3083 [2.000]    -3.2770 [2.000]    -3.2289 [2.000]     0.5865 [0.000]
[kpt   2  20  13]     0.6309 [0.000]     1.8261 [0.000]     1.8261 [0.000]     1.8715 [0.000]     1.8715 [0.000]
[kpt   2  20  14]     2.8006 [0.000]     2.8481 [0.000]     3.4298 [0.000]     3.4319 [0.000]     3.4432 [0.000]
[kpt   2  20  15]     3.4432 [0.000]     3.4801 [0.000]     3.4819 [0.000]     3.4921 [0.000]     3.4921 [0.000]
[kpt   2  20  16]     3.7068 [0.000]     3.7184 [0.000]     4.8363 [0.000]     4.8363 [0.000]     4.8693 [0.000]
[kpt   2  20  17]     4.8693 [0.000]     4.9708 [0.000]     5.0110 [0.000]     5.0984 [0.000]     5.1404 [0.000]
[kpt   2  20  18]     5.4116 [0.000]     5.4635 [0.000]     5.8403 [0.000]     5.8404 [0.000]     5.9680 [0.000]
[kpt   2  20  19]     5.9682 [0.000]     6.0144 [0.000]     6.1685 [0.000]     6.2082 [0.000]     6.6208 [0.000]
[kpt   2  20  20]     6.6208 [0.000]     6.6942 [0.000]     6.7112 [0.000]     6.7112 [0.000]     7.1859 [0.000]
[kpt   2  20  21]     7.3478 [0.000]     7.3824 [0.000]     7.3824 [0.000]     7.6572 [0.000]     7.6575 [0.000]
[kpt   2  20  22]     7.9077 [0.000]     7.9172 [0.000]     7.9470 [0.000]     7.9470 [0.000]     7.9747 [0.000]
[kpt   2  20  23]     8.0179 [0.000]     8.0950 [0.000]     8.0954 [0.000]     8.1401 [0.000]     8.8126 [0.000]
[kpt   2  20  24]     9.2374 [0.000]     9.8803 [0.000]     9.8809 [0.000]    10.1439 [0.000]    10.1456 [0.000]
[kpt   2  20  25]    10.2365 [0.000]    11.5482 [0.000]    11.6080 [0.000]



Total charge in supercell =     128.00000000
 quench: [md:   0/100  scf:  20/50  step time:   9.05  scf time:   185.07 secs  RMS[dV]: 1.88e-07 ]


average potential <V> = 1.32e-14
@@ EIGENVALUE SUM     =      -49.566271 Ha
@@ ION_ION            =      513.549245 Ha
@@ ELECTROSTATIC      =     -662.661818 Ha
@@ VXC                =      -73.219083 Ha
@@ EXC                =      -57.686017 Ha
@@ TOTAL ENERGY       =     -183.145778 Ha
@@ estimated error    =        9.29e-13 Ha
Charge density mixing: Linear with a constant of 0.50 
 quench: [md:   0/100  scf:  21/50  step time:   9.09  scf time:   194.16 secs  RMS[dV]: 1.04e-07 ]


average potential <V> = -4.21e-16

 Convergence criterion reached: potential RMS (5.75e-08) is lower than threshold (1.00e-07)
@@ EIGENVALUE SUM     =      -49.566274 Ha
@@ ION_ION            =      513.549245 Ha
@@ ELECTROSTATIC      =     -662.661815 Ha
@@ VXC                =      -73.219083 Ha
@@ EXC                =      -57.686017 Ha
@@ TOTAL ENERGY       =     -183.145778 Ha
@@ estimated error    =        7.12e-13 Ha
Charge density mixing: Linear with a constant of 0.50 
 quench: [md:   0/100  scf:  22/50  step time:   9.06  scf time:   203.22 secs  RMS[dV]: 5.75e-08 ]



potential convergence has been achieved. stopping ...

[   0  23   23      209 ] Quench.cpp: final total energy =    -183.14577806 Ha


KOHN SHAM EIGENVALUES [eV] AT K-POINT [  0]:       0.000000      0.000000      0.000000

[kpt   0  23   0]   -21.2689 [2.000]   -20.9372 [2.000]   -20.9372 [2.000]   -19.9752 [2.000]   -19.9752 [2.000]
[kpt   0  23   1]   -18.4624 [2.000]   -18.4624 [2.000]   -16.5216 [2.000]   -16.4990 [2.000]   -15.9874 [2.000]
[kpt   0  23   2]   -15.6957 [2.000]   -15.6957 [2.000]   -14.8614 [2.000]   -14.8488 [2.000]   -14.8488 [2.000]
[kpt   0  23   3]   -14.5902 [2.000]   -14.5902 [2.000]   -14.3717 [2.000]   -14.3717 [2.000]   -13.8951 [2.000]
[kpt   0  23   4]   -13.8951 [2.000]   -13.5135 [2.000]   -13.5135 [2.000]   -11.8818 [2.000]   -11.8818 [2.000]
[kpt   0  23   5]   -11.7727 [2.000]   -11.7632 [2.000]   -11.1503 [2.000]   -11.1503 [2.000]   -10.3945 [2.000]
[kpt   0  23   6]   -10.3649 [2.000]    -9.6949 [2.000]    -9.6949 [2.000]    -9.4428 [2.000]    -9.0297 [2.000]
[kpt   0  23   7]    -9.0297 [2.000]    -8.9338 [2.000]    -8.9338 [2.000]    -8.5662 [2.000]    -8.5662 [2.000]
[kpt   0  23   8]    -8.0281 [2.000]    -8.0278 [2.000]    -7.8092 [2.000]    -7.4241 [2.000]    -7.4240 [2.000]
[kpt   0  23   9]    -6.1732 [2.000]    -6.1732 [2.000]    -5.7366 [2.000]    -5.7366 [2.000]    -5.2962 [2.000]
[kpt   0  23  10]    -5.2962 [2.000]    -4.9086 [2.000]    -4.9086 [2.000]    -4.3818 [2.000]    -4.2746 [2.000]
[kpt   0  23  11]    -3.8672 [2.000]    -3.6868 [2.000]    -3.6495 [2.000]    -3.4641 [2.000]    -3.4641 [2.000]
[kpt   0  23  12]    -2.3131 [2.000]    -2.3127 [2.000]    -1.6249 [2.000]    -1.6249 [2.000]    -1.1031 [0.000]
[kpt   0  23  13]    -0.6900 [0.000]    -0.6900 [0.000]    -0.5158 [0.000]    -0.5156 [0.000]    -0.4995 [0.000]
[kpt   0  23  14]    -0.4995 [0.000]     1.7189 [0.000]     1.8101 [0.000]     1.8476 [0.000]     2.8484 [0.000]
[kpt   0  23  15]     2.8488 [0.000]     2.9568 [0.000]     3.0401 [0.000]     3.4327 [0.000]     3.8108 [0.000]
[kpt   0  23  16]     3.8112 [0.000]     3.9161 [0.000]     4.3625 [0.000]     4.3625 [0.000]     4.9679 [0.000]
[kpt   0  23  17]     5.1406 [0.000]     5.3094 [0.000]     5.4083 [0.000]     5.4099 [0.000]     5.4498 [0.000]
[kpt   0  23  18]     5.5338 [0.000]     5.5355 [0.000]     5.6559 [0.000]     6.2375 [0.000]     6.2375 [0.000]
[kpt   0  23  19]     6.3949 [0.000]     6.3950 [0.000]     6.5303 [0.000]     6.5305 [0.000]     6.5347 [0.000]
[kpt   0  23  20]     6.6247 [0.000]     6.6605 [0.000]     7.1616 [0.000]     7.1680 [0.000]     7.5192 [0.000]
[kpt   0  23  21]     7.6344 [0.000]     7.9522 [0.000]     8.2271 [0.000]     8.7582 [0.000]     8.7582 [0.000]
[kpt   0  23  22]     8.8380 [0.000]     9.4285 [0.000]     9.4424 [0.000]     9.4748 [0.000]     9.5464 [0.000]
[kpt   0  23  23]     9.5556 [0.000]    10.6520 [0.000]    10.6687 [0.000]    10.9044 [0.000]    10.9044 [0.000]
[kpt   0  23  24]    11.0286 [0.000]    11.2730 [0.000]    11.5190 [0.000]    11.6511 [0.000]    11.8076 [0.000]
[kpt   0  23  25]    11.8174 [0.000]    11.8224 [0.000]    18.2225 [0.000]




KOHN SHAM EIGENVALUES [eV] AT K-POINT [  1]:       0.000000      0.000000      0.250000

[kpt   1  23   0]   -20.8951 [2.000]   -20.5651 [2.000]   -20.5651 [2.000]   -19.6080 [2.000]   -19.6079 [2.000]
[kpt   1  23   1]   -18.1029 [2.000]   -18.1029 [2.000]   -17.9743 [2.000]   -17.6628 [2.000]   -17.6628 [2.000]
[kpt   1  23   2]   -16.7612 [2.000]   -16.7612 [2.000]   -16.1885 [2.000]   -16.1601 [2.000]   -15.4006 [2.000]
[kpt   1  23   3]   -15.4006 [2.000]   -13.7016 [2.000]   -13.7016 [2.000]   -13.3184 [2.000]   -13.3180 [2.000]
[kpt   1  23   4]   -12.3421 [2.000]   -12.1348 [2.000]   -12.1348 [2.000]   -11.9107 [2.000]   -11.9107 [2.000]
[kpt   1  23   5]   -11.1302 [2.000]   -11.1302 [2.000]   -10.4198 [2.000]   -10.4197 [2.000]   -10.0192 [2.000]
[kpt   1  23   6]   -10.0192 [2.000]    -9.0513 [2.000]    -8.8234 [2.000]    -8.8208 [2.000]    -8.8208 [2.000]
[kpt   1  23   7]    -8.7836 [2.000]    -8.6741 [2.000]    -8.6741 [2.000]    -8.5436 [2.000]    -8.5436 [2.000]
[kpt   1  23   8]    -7.5936 [2.000]    -7.5936 [2.000]    -7.4362 [2.000]    -7.3999 [2.000]    -7.3996 [2.000]
[kpt   1  23   9]    -6.3781 [2.000]    -6.3781 [2.000]    -6.1378 [2.000]    -6.1378 [2.000]    -5.7345 [2.000]
[kpt   1  23  10]    -5.5994 [2.000]    -5.5994 [2.000]    -5.5288 [2.000]    -5.3576 [2.000]    -5.3576 [2.000]
[kpt   1  23  11]    -5.1071 [2.000]    -5.1071 [2.000]    -5.0236 [2.000]    -4.0334 [2.000]    -4.0330 [2.000]
[kpt   1  23  12]    -3.4998 [2.000]    -3.4582 [2.000]    -2.8056 [2.000]    -2.8056 [2.000]     0.4304 [0.000]
[kpt   1  23  13]     0.4304 [0.000]     0.6754 [0.000]     1.1299 [0.000]     1.1299 [0.000]     1.1778 [0.000]
[kpt   1  23  14]     1.2176 [0.000]     1.2616 [0.000]     1.2621 [0.000]     2.2064 [0.000]     3.3273 [0.000]
[kpt   1  23  15]     3.3273 [0.000]     3.4399 [0.000]     3.4426 [0.000]     3.4426 [0.000]     3.5619 [0.000]
[kpt   1  23  16]     3.8980 [0.000]     4.3491 [0.000]     4.3491 [0.000]     4.4246 [0.000]     4.6036 [0.000]
[kpt   1  23  17]     5.3000 [0.000]     5.3000 [0.000]     5.4339 [0.000]     5.4470 [0.000]     5.4856 [0.000]
[kpt   1  23  18]     5.7054 [0.000]     5.7966 [0.000]     5.8680 [0.000]     5.8682 [0.000]     6.0651 [0.000]
[kpt   1  23  19]     6.0653 [0.000]     6.0664 [0.000]     6.5389 [0.000]     6.5574 [0.000]     6.7373 [0.000]
[kpt   1  23  20]     6.7373 [0.000]     6.8077 [0.000]     6.8246 [0.000]     6.8472 [0.000]     6.8505 [0.000]
[kpt   1  23  21]     7.0566 [0.000]     7.1743 [0.000]     7.1743 [0.000]     7.4660 [0.000]     7.4666 [0.000]
[kpt   1  23  22]     7.5708 [0.000]     7.5714 [0.000]     7.6764 [0.000]     7.7461 [0.000]     7.7856 [0.000]
[kpt   1  23  23]     7.8518 [0.000]     8.1606 [0.000]     8.1884 [0.000]     8.1940 [0.000]     8.5300 [0.000]
[kpt   1  23  24]     8.8257 [0.000]     8.8261 [0.000]     9.2835 [0.000]     9.2836 [0.000]     9.3730 [0.000]
[kpt   1  23  25]     9.7577 [0.000]    10.4062 [0.000]    10.4672 [0.000]




KOHN SHAM EIGENVALUES [eV] AT K-POINT [  2]:       0.000000      0.000000      0.500000

[kpt   2  23   0]   -19.8097 [2.000]   -19.7564 [2.000]   -19.4857 [2.000]   -19.4857 [2.000]   -19.4322 [2.000]
[kpt   2  23   1]   -19.4322 [2.000]   -18.5457 [2.000]   -18.5456 [2.000]   -18.4917 [2.000]   -18.4916 [2.000]
[kpt   2  23   2]   -17.0723 [2.000]   -17.0723 [2.000]   -17.0168 [2.000]   -17.0168 [2.000]   -15.5207 [2.000]
[kpt   2  23   3]   -15.4547 [2.000]   -14.6257 [2.000]   -14.5859 [2.000]   -12.7348 [2.000]   -12.7348 [2.000]
[kpt   2  23   4]   -12.6840 [2.000]   -12.6840 [2.000]   -10.3847 [2.000]   -10.3846 [2.000]   -10.3291 [2.000]
[kpt   2  23   5]   -10.3291 [2.000]    -9.2496 [2.000]    -9.2336 [2.000]    -9.2336 [2.000]    -9.1935 [2.000]
[kpt   2  23   6]    -9.1748 [2.000]    -9.1748 [2.000]    -8.1934 [2.000]    -8.1934 [2.000]    -8.1490 [2.000]
[kpt   2  23   7]    -8.1489 [2.000]    -7.9600 [2.000]    -7.9600 [2.000]    -7.9102 [2.000]    -7.9102 [2.000]
[kpt   2  23   8]    -7.8197 [2.000]    -7.7686 [2.000]    -7.3955 [2.000]    -7.3955 [2.000]    -7.3552 [2.000]
[kpt   2  23   9]    -7.3552 [2.000]    -7.3446 [2.000]    -7.3034 [2.000]    -6.9572 [2.000]    -6.9572 [2.000]
[kpt   2  23  10]    -6.9147 [2.000]    -6.9147 [2.000]    -6.4153 [2.000]    -6.3722 [2.000]    -5.9034 [2.000]
[kpt   2  23  11]    -5.9031 [2.000]    -5.8594 [2.000]    -5.8591 [2.000]    -4.3544 [2.000]    -4.3544 [2.000]
[kpt   2  23  12]    -4.3083 [2.000]    -4.3083 [2.000]    -3.2770 [2.000]    -3.2289 [2.000]     0.5865 [0.000]
[kpt   2  23  13]     0.6309 [0.000]     1.8261 [0.000]     1.8261 [0.000]     1.8715 [0.000]     1.8715 [0.000]
[kpt   2  23  14]     2.8006 [0.000]     2.8480 [0.000]     3.4298 [0.000]     3.4319 [0.000]     3.4432 [0.000]
[kpt   2  23  15]     3.4432 [0.000]     3.4801 [0.000]     3.4819 [0.000]     3.4921 [0.000]     3.4921 [0.000]
[kpt   2  23  16]     3.7040 [0.000]     3.7133 [0.000]     4.8358 [0.000]     4.8358 [0.000]     4.8503 [0.000]
[kpt   2  23  17]     4.8503 [0.000]     4.9706 [0.000]     4.9881 [0.000]     5.0592 [0.000]     5.0864 [0.000]
[kpt   2  23  18]     5.4114 [0.000]     5.4347 [0.000]     5.8382 [0.000]     5.8382 [0.000]     5.9228 [0.000]
[kpt   2  23  19]     5.9230 [0.000]     6.0024 [0.000]     6.1617 [0.000]     6.2081 [0.000]     6.6160 [0.000]
[kpt   2  23  20]     6.6204 [0.000]     6.6204 [0.000]     6.7106 [0.000]     6.7106 [0.000]     7.1782 [0.000]
[kpt   2  23  21]     7.3415 [0.000]     7.3528 [0.000]     7.3528 [0.000]     7.6493 [0.000]     7.6499 [0.000]
[kpt   2  23  22]     7.8625 [0.000]     7.8629 [0.000]     7.8645 [0.000]     7.9062 [0.000]     7.9163 [0.000]
[kpt   2  23  23]     8.0176 [0.000]     8.0417 [0.000]     8.0510 [0.000]     8.0512 [0.000]     8.6065 [0.000]
[kpt   2  23  24]     9.0163 [0.000]     9.6538 [0.000]     9.6547 [0.000]    10.0857 [0.000]    10.1094 [0.000]
[kpt   2  23  25]    10.1132 [0.000]    11.5319 [0.000]    11.5910 [0.000]



Total charge in supercell =     128.00000000
 volume and energy per atom =        31.17290726       -155.73906832 eV


VDD: Summation of partial charges is 2.116428e-05 (report if substantially different from 0)
 Vdd took 0.190834 seconds



  IONIC POSITIONS [a0] AND FORCES [Ha/a0]
  Charge analysis using: Voronoi Deformation Density

@ION  Ion  Species       X           Y           Z       Charge       FX          FY         FZ      Movable
@ION    1     C     21.2913387  15.3699890   5.3700774    0.002    0.0056419  -0.0000120  -0.0098097     1
@ION    2     C     20.8405984  17.6359865   6.7125907   -0.003    0.0053193   0.0021071   0.0027236     1
@ION    3     C     21.2913387  15.3699890   2.6850347    0.000    0.0056420  -0.0000118   0.0098096     1
@ION    4     C     19.5570199  19.5570199   5.3700774    0.004    0.0040476   0.0040476  -0.0098821     1
@ION    5     C     17.6359865  20.8405984   6.7125907   -0.006    0.0021071   0.0053193   0.0027236     1
@ION    6     C     20.8405984  17.6359865   1.3425214    0.003    0.0053194   0.0021071  -0.0027237     1
@ION    7     C     19.5570199  19.5570199   2.6850347   -0.004    0.0040475   0.0040475   0.0098823     1
@ION    8     C     15.3699890  21.2913387   5.3700774    0.002   -0.0000120   0.0056419  -0.0098097     1
@ION    9     C     13.1039915  20.8405984   6.7125907    0.001   -0.0020821   0.0053219   0.0027174     1
@ION   10     C     17.6359865  20.8405984   1.3425214    0.002    0.0021071   0.0053194  -0.0027237     1
@ION   11     C     15.3699890  21.2913387   2.6850347    0.000   -0.0000118   0.0056420   0.0098096     1
@ION   12     C     11.1829581  19.5570199   5.3700774    0.004   -0.0040519   0.0040500  -0.0098821     1
@ION   13     C      9.8993796  17.6359865   6.7125907   -0.007   -0.0053258   0.0021086   0.0027239     1
@ION   14     C     13.1039915  20.8405984   1.3425214    0.002   -0.0020821   0.0053217  -0.0027173     1
@ION   15     C     11.1829581  19.5570199   2.6850347   -0.004   -0.0040523   0.0040501   0.0098821     1
@ION   16     C      9.4486393  15.3699890   5.3700774    0.003   -0.0056465  -0.0000126  -0.0098109     1
@ION   17     C      9.8993796  13.1039915   6.7125907    0.000   -0.0053273  -0.0020835   0.0027178     1
@ION   18     C      9.8993796  17.6359865   1.3425214    0.002   -0.0053256   0.0021087  -0.0027241     1
@ION   19     C      9.4486393  15.3699890   2.6850347    0.000   -0.0056465  -0.0000127   0.0098110     1
@ION   20     C     11.1829581  11.1829581   5.3700774    0.003   -0.0040547  -0.0040547  -0.0098819     1
@ION   21     C     13.1039915   9.8993796   6.7125907   -0.003   -0.0020835  -0.0053273   0.0027178     1
@ION   22     C      9.8993796  13.1039915   1.3425214    0.002   -0.0053272  -0.0020834  -0.0027176     1
@ION   23     C     11.1829581  11.1829581   2.6850347   -0.005   -0.0040549  -0.0040549   0.0098816     1
@ION   24     C     15.3699890   9.4486393   5.3700774    0.003   -0.0000126  -0.0056465  -0.0098109     1
@ION   25     C     17.6359865   9.8993796   6.7125907   -0.007    0.0021086  -0.0053258   0.0027239     1
@ION   26     C     13.1039915   9.8993796   1.3425214    0.001   -0.0020834  -0.0053272  -0.0027176     1
@ION   27     C     15.3699890   9.4486393   2.6850347    0.000   -0.0000127  -0.0056465   0.0098110     1
@ION   28     C     19.5570199  11.1829581   5.3700774    0.004    0.0040500  -0.0040519  -0.0098821     1
@ION   29     C     20.8405984  13.1039915   6.7125907    0.001    0.0053219  -0.0020821   0.0027174     1
@ION   30     C     17.6359865   9.8993796   1.3425214    0.002    0.0021087  -0.0053256  -0.0027241     1
@ION   31     C     19.5570199  11.1829581   2.6850347   -0.004    0.0040501  -0.0040523   0.0098821     1
@ION   32     C     20.8405984  13.1039915   1.3425214    0.002    0.0053217  -0.0020821  -0.0027173     1

 mean FX      =   0.00357456 Ha/a0
 mean FY      =   0.00357456 Ha/a0
 mean FZ      =   0.00628342 Ha/a0

 max FX       =   0.00564650 Ha/a0   (ion 19)
 max FY       =   0.00564650 Ha/a0   (ion 27)
 max FZ       =   0.00988226 Ha/a0   (ion 7)
 max F[x,y,z] =   0.00988226 Ha/a0
 max |F|      =   0.01142508 Ha/a0   (ion 20)

WriteRestart: Restart file Waves/wave.out opened...
WriteData: total size of each of the 16 files = 9.1 Mb
WriteData: writing took 0.1 seconds, writing speed 77.342 Mbps 
WriteRestart: writing took 0.1 seconds 
WriteRestart: Restart file Waves/wave.out opened...
WriteData: total size of each of the 16 files = 9.1 Mb
WriteData: writing took 0.2 seconds, writing speed 60.141 Mbps 
WriteRestart: writing took 0.2 seconds 


--------TIMING INFORMATION FOR Processor owned the most atoms----------------
                                        Total time               Per SCF/step

1-TOTAL                                           211.01                9.17
-----------------------------------------------------------------------------
  1-TOTAL: Init                                     5.55                0.24
  1-TOTAL: run                                    205.45                8.93
  ---------------------------------------------------------------------------
    1-TOTAL: run: Force                             1.72                0.07
    1-TOTAL: run: Scf steps                       202.52                8.81

2-Force                                             1.72                0.07
-----------------------------------------------------------------------------
  2-Force: core correction                          0.02                0.00
  2-Force: corrections                              0.39                0.02
  2-Force: ion-ion                                  0.19                0.01
  2-Force: local                                    0.34                0.01
  2-Force: non-local                                0.78                0.03
  2-Force: non-local-betaxpsi                       0.72                0.03
  2-Force: non-local-get gamma                      0.00                0.00
  2-Force: non-local-nlforce_par_Q                  0.00                0.00
  2-Force: non-local-partial gamma                  0.00                0.00
  2-Force: non-local-veff grad                      0.00                0.00
  2-Force: symmetrization                           0.00                0.00

2-Init                                              5.55                0.24
-----------------------------------------------------------------------------
  2-Init: GetNewRho                                 0.07                0.00
  2-Init: KpointClass                               0.62                0.03
  2-Init: LcaoGetPsi                                0.07                0.00
  2-Init: LcaoGetRho                                0.07                0.00
  2-Init: ReinitIonicPotentials                     0.86                0.04
  2-Init: betaxpsi                                  0.76                0.03
  2-Init: exchange/correlation                      0.00                0.00
  2-Init: hartree                                   0.01                0.00
  2-Init: normalization                             0.03                0.00
  2-Init: qfunct                                    0.26                0.01
  2-Init: radial potentials                         0.19                0.01
  2-Init: subdiag                                   2.38                0.10
  2-Init: symmetry                                  0.00                0.00
  2-Init: weights                                   0.01                0.00

2-Scf steps                                       202.52                8.81
-----------------------------------------------------------------------------
  2-Scf steps: GetNewRho                            1.63                0.07
  2-Scf steps: Hartree                              0.80                0.03
  2-Scf steps: MgridSubspace                      198.19                8.62
  2-Scf steps: MixRho                               0.01                0.00
  2-Scf steps: exchange/correlation                 0.28                0.01

3-MgridSubspace                                   198.19                8.62
-----------------------------------------------------------------------------
  3-MgridSubspace: AppNls                          53.99                2.35
  3-MgridSubspace: Beta x psi                      28.92                1.26
  3-MgridSubspace: Diagonalization                 54.18                2.36
  3-MgridSubspace: Mg_eig                          60.82                2.64

3-ReinitIonicPotentials                             0.86                0.04
-----------------------------------------------------------------------------
  3-ReinitIonicPotentials: GetNlop                  0.07                0.00
  3-ReinitIonicPotentials: GetWeight                0.45                0.02
  3-ReinitIonicPotentials: get_QI                   0.00                0.00
  3-ReinitIonicPotentials: get_qqq                  0.02                0.00
  3-ReinitIonicPotentials: init_nuc                 0.21                0.01

4-Diagonalization                                  56.55                2.46
-----------------------------------------------------------------------------
  4-Diagonalization: AppNls                        28.22                1.23
  4-Diagonalization: Eigensolver                    0.66                0.03
  4-Diagonalization: Invert Bij                     0.12                0.01
  4-Diagonalization: MPI_Bcast                      0.07                0.00
  4-Diagonalization: PDSYGVX/PZHEGVX                0.40                0.02
  4-Diagonalization: Update orbitals                6.18                0.27
  4-Diagonalization: apply operators               34.06                1.48
  4-Diagonalization: distribute matrices.           0.00                0.00
  4-Diagonalization: matrix setup                   0.03                0.00
  4-Diagonalization: matrix setup/reduce           14.97                0.65

5-Functional                                        0.29                0.01
-----------------------------------------------------------------------------
  5-Functional: vxc                                 0.29                0.01
  5-Functional: vxc grad                            0.00                0.00
  5-Functional: vxc local                           0.09                0.00
  5-Functional: vxc nonlocal                        0.00                0.00

App_gradient                                        0.10                0.00
-----------------------------------------------------------------------------
  GetNewRHO: symmetrize                             0.90                0.04

GlobalSums                                          0.85                0.04

Init                                                4.93                0.21

Mix rho                                             0.01                0.00
-----------------------------------------------------------------------------
  Mix rho: Linear                                   0.00                0.00

VhPfft                                              0.79                0.03

Weight                                              0.01                0.00
-----------------------------------------------------------------------------
  Weight: phase and set                             0.01                0.00
  Weight: proj cal                                  0.01                0.00

radial beta                                         0.05                0.00


------------------------- TIMING INFORMATION FOR THREADS  -------------------

                                           Min            Max            Avg
App_gradient                            2.00           2.00           2.00
-----------------------------------------------------------------------------

GlobalSums                              1.57           1.57           1.57
-----------------------------------------------------------------------------

Mg_eig                                 60.20          60.20          60.20
-----------------------------------------------------------------------------
  Mg_eig: apply A operator             34.57          34.57          34.57
  Mg_eig: apply B operator              1.61           1.61           1.61
  Mg_eig: mgrid_solv                    6.12           6.12           6.12
