RMG initialization ... 1 image(s) total, 1 per node. 16 MPI processes/image. Thread level 2.


                     * * * * * * * * * *
                     *    R   M   G    *
                     * * * * * * * * * *

     -- A Real Space Multigrid Electronic structure code --
     --      More information at www.rmgdft.org          --

Code Revision 3.0, Last change on Unknown
Build Date: Jun  8 2018  09:43:03
Start time: Fri Jun  8 10:00:03 2018

Files
   Control input file:        in.c60
   Data output file:          Waves/wave.out

Run Setup
    Calculation type:         Quench electrons - Fixed ions SCF calculation
    Description:              C60 example using Davidson diagonalization
    Orbital Initialization:   LCAO (240 LCAO and 0 random orbitals)
    Exchange Correlation:     pbe
    Spin Polarization:        OFF
    System charge:            Neutral

Processor Topology
   Total PEs:                 16
   X direction:               4
   Y direction:               2
   Z direction:               2
   MG Threads/PE:             1
   OMP Threads/PE:            1

Grid Points
    X:  Total: 48   Per PE: 12   Spacing:0.375 a0  
    Y:  Total: 48   Per PE: 24   Spacing:0.375 a0  
    Z:  Total: 48   Per PE: 24   Spacing:0.375 a0  

    Equivalent energy cutoff:    35.092 Ry

    Charge density grid:         2 times finer
    Non-local projectors grid:   4 times finer


Lattice (Cell) Setup
    Type:                       Cubic_primitive
    Volume (a0^3):               5832.00
    Boundary conditions:        Periodic

    X Basis Vector:      18.000       0.000       0.000 a0
    Y Basis Vector:       0.000      18.000       0.000 a0
    Z Basis Vector:       0.000       0.000      18.000 a0

K-points
    Gamma Point Only (real orbitals)

Ions and States
    Number of ions:                          60
    Number of species:                       1
    Number of states:                        138

Run Parameters
    SCF Convergence criterion (potential):   1.00e-07
    SCF Convergence criterion (energy):      1.00e-09
    Max SCF steps:                           20

SCF Cycle Settings
    Charge density mixing:                   Broyden
    Hartree Solver:                          PFFT
    Interpolation type:                      FFT
    Projector mixing:                        Linear, mixing constant 0.00

Subspace Diagonalization Options
    Frequency:                               every 1 SCF step(s)
    Driver:                                  ScaLapack
    Initial diagonalization:                 ON
    Folded spectrum:                         OFF

Filtering Cutoff  Parameters
    Wavefunction grid (cparm):               0.800
    Charge density grid (rhocparm):          0.800
    NL projectors grid (betacparm):          2.400

Multigrid (MG) Parameters
    Psi MG levels:                           3
    Psi global step:                         0.660 
    Psi pre:                                 2
    Psi post:                                2


Atomic Species Information
(PP = Pseudopotential, US = Ultrasoft, NC = Norm Conserving)
----------------------------------------------------------------------------------------
|Index|Symbol| Mass|Valence| PP |  Comp  |Local| Local|Nlocal|  LCAO|        PP        |
|     |      |     |       |Type|Gaussian|  l  |Radius|Radius|Radius|    Functional    |
----------------------------------------------------------------------------------------
|    1|     C| 12.0|   4.00|  US|    0.62|    0|  8.34|  6.14|  9.00|SLA  PW   PBE  PBE|
----------------------------------------------------------------------------------------


Initial Ionic Positions And Displacements
Species      X           Y           Z           dX          dY          dZ
  C       15.3293     12.9600      1.2070      0.0000      0.0000      0.0000
  C       17.5363     12.9600     17.7857      0.0000      0.0000      0.0000
  C       13.7313     15.1732      1.2251      0.0000      0.0000      0.0000
  C       14.4083     17.2893     17.8251      0.0000      0.0000      0.0000
  C       11.1292     14.3262      1.2527      0.0000      0.0000      0.0000
  C        9.3055     15.6378     17.8881      0.0000      0.0000      0.0000
  C       11.1292     11.5939      1.2527      0.0000      0.0000      0.0000
  C        9.3055     10.2823     17.8881      0.0000      0.0000      0.0000
  C       13.7313     10.7469      1.2251      0.0000      0.0000      0.0000
  C       14.4083      8.6308     17.8251      0.0000      0.0000      0.0000
  C        0.2386     15.1636     16.3387      0.0000      0.0000      0.0000
  C       16.7171     17.2920     16.3627      0.0000      0.0000      0.0000
  C        0.2386     10.7565     16.3387      0.0000      0.0000      0.0000
  C       16.7170      8.6281     16.3627      0.0000      0.0000      0.0000
  C        1.3641     14.3200     13.9962      0.0000      0.0000      0.0000
  C        0.9522     15.6335     11.7652      0.0000      0.0000      0.0000
  C        1.3641     11.6000     13.9962      0.0000      0.0000      0.0000
  C        0.9522     10.2865     11.7652      0.0000      0.0000      0.0000
  C       12.5141      0.6398     16.4036      0.0000      0.0000      0.0000
  C       10.0138     17.8435     16.4390      0.0000      0.0000      0.0000
  C       16.2562      0.6408     14.0355      0.0000      0.0000      0.0000
  C       17.3583     17.8445     11.7869      0.0000      0.0000      0.0000
  C       13.6568      1.4834     14.0698      0.0000      0.0000      0.0000
  C       12.2629      1.4836     11.8500      0.0000      0.0000      0.0000
  C        7.4102     14.2728     16.4751      0.0000      0.0000      0.0000
  C        7.4102     11.6472     16.4751      0.0000      0.0000      0.0000
  C        8.5614     17.8446     14.1329      0.0000      0.0000      0.0000
  C        9.6634      0.6411     11.8843      0.0000      0.0000      0.0000
  C        6.9677     15.6335     14.1547      0.0000      0.0000      0.0000
  C        6.5558     14.3200     11.9237      0.0000      0.0000      0.0000
  C       10.0138      8.0765     16.4390      0.0000      0.0000      0.0000
  C       12.5141      7.2802     16.4036      0.0000      0.0000      0.0000
  C        6.9677     10.2865     14.1547      0.0000      0.0000      0.0000
  C        6.5558     11.6000     11.9237      0.0000      0.0000      0.0000
  C        8.5614      8.0754     14.1329      0.0000      0.0000      0.0000
  C        9.6635      7.2790     11.8844      0.0000      0.0000      0.0000
  C       13.6568      6.4367     14.0698      0.0000      0.0000      0.0000
  C       12.2629      6.4364     11.8500      0.0000      0.0000      0.0000
  C       16.2562      7.2793     14.0355      0.0000      0.0000      0.0000
  C       17.3583      8.0755     11.7869      0.0000      0.0000      0.0000
  C       15.9060     17.8435      9.4808      0.0000      0.0000      0.0000
  C       13.4057      0.6398      9.5163      0.0000      0.0000      0.0000
  C        0.5097     14.2728      9.4447      0.0000      0.0000      0.0000
  C        0.5097     11.6472      9.4447      0.0000      0.0000      0.0000
  C       16.6144     15.6378      8.0317      0.0000      0.0000      0.0000
  C       14.7907     14.3262      6.6672      0.0000      0.0000      0.0000
  C        9.2027     17.2921      9.5572      0.0000      0.0000      0.0000
  C        7.6813     15.1636      9.5812      0.0000      0.0000      0.0000
  C       11.5115     17.2892      8.0948      0.0000      0.0000      0.0000
  C       12.1885     15.1732      6.6948      0.0000      0.0000      0.0000
  C        7.6813     10.7564      9.5812      0.0000      0.0000      0.0000
  C        9.2027      8.6279      9.5572      0.0000      0.0000      0.0000
  C        8.3836     12.9600      8.1343      0.0000      0.0000      0.0000
  C       10.5906     12.9600      6.7129      0.0000      0.0000      0.0000
  C       13.4057      7.2802      9.5163      0.0000      0.0000      0.0000
  C       15.9060      8.0765      9.4808      0.0000      0.0000      0.0000
  C       11.5115      8.6308      8.0948      0.0000      0.0000      0.0000
  C       12.1885     10.7468      6.6948      0.0000      0.0000      0.0000
  C       16.6144     10.2823      8.0317      0.0000      0.0000      0.0000
  C       14.7907     11.5939      6.6672      0.0000      0.0000      0.0000


KOHN SHAM EIGENVALUES [eV] AT K-POINT [  0]:       0.000000      0.000000      0.000000

[kpt   0  -1   0]   -20.9805 [2.000]   -20.5372 [2.000]   -20.5133 [2.000]   -20.5000 [2.000]   -19.7268 [2.000]
[kpt   0  -1   1]   -19.7148 [2.000]   -19.6579 [2.000]   -19.6549 [2.000]   -19.6401 [2.000]   -18.7673 [2.000]
[kpt   0  -1   2]   -18.7493 [2.000]   -18.7335 [2.000]   -17.8266 [2.000]   -17.8208 [2.000]   -17.8108 [2.000]
[kpt   0  -1   3]   -17.7996 [2.000]   -16.7229 [2.000]   -16.6491 [2.000]   -16.6431 [2.000]   -16.6326 [2.000]
[kpt   0  -1   4]   -16.6180 [2.000]   -16.2730 [2.000]   -16.2402 [2.000]   -16.2234 [2.000]   -16.2066 [2.000]
[kpt   0  -1   5]   -15.0387 [2.000]   -15.0297 [2.000]   -14.9879 [2.000]   -14.9727 [2.000]   -14.9620 [2.000]
[kpt   0  -1   6]   -14.4444 [2.000]   -14.4416 [2.000]   -14.3961 [2.000]   -13.1978 [2.000]   -13.1762 [2.000]
[kpt   0  -1   7]   -13.1374 [2.000]   -12.6158 [2.000]   -12.5628 [2.000]   -12.5610 [2.000]   -12.5542 [2.000]
[kpt   0  -1   8]   -12.5474 [2.000]   -12.5430 [2.000]   -12.5157 [2.000]   -12.4531 [2.000]   -11.6906 [2.000]
[kpt   0  -1   9]   -10.6180 [2.000]   -10.5704 [2.000]   -10.5300 [2.000]   -10.5267 [2.000]   -10.3674 [2.000]
[kpt   0  -1  10]   -10.3607 [2.000]   -10.3301 [2.000]   -10.3068 [2.000]   -10.2960 [2.000]    -9.9596 [2.000]
[kpt   0  -1  11]    -9.9500 [2.000]    -9.9194 [2.000]    -9.1699 [2.000]    -9.1541 [2.000]    -9.1313 [2.000]
[kpt   0  -1  12]    -8.5351 [2.000]    -8.5159 [2.000]    -8.4971 [2.000]    -8.4846 [2.000]    -8.3312 [2.000]
[kpt   0  -1  13]    -8.3237 [2.000]    -8.3167 [2.000]    -8.2772 [2.000]    -8.2686 [2.000]    -8.0158 [2.000]
[kpt   0  -1  14]    -7.9878 [2.000]    -7.9741 [2.000]    -7.9559 [2.000]    -7.6115 [2.000]    -7.6046 [2.000]
[kpt   0  -1  15]    -7.5638 [2.000]    -7.3466 [2.000]    -7.3437 [2.000]    -7.3325 [2.000]    -7.3199 [2.000]
[kpt   0  -1  16]    -7.2798 [2.000]    -6.8210 [2.000]    -6.8003 [2.000]    -6.7897 [2.000]    -6.7448 [2.000]
[kpt   0  -1  17]    -6.6914 [2.000]    -6.2131 [2.000]    -6.2126 [2.000]    -6.1850 [2.000]    -6.1296 [2.000]
[kpt   0  -1  18]    -6.1035 [2.000]    -6.0497 [2.000]    -6.0422 [2.000]    -6.0124 [2.000]    -5.9544 [2.000]
[kpt   0  -1  19]    -5.9488 [2.000]    -5.9256 [2.000]    -5.9204 [2.000]    -5.9133 [2.000]    -5.1546 [2.000]
[kpt   0  -1  20]    -5.0716 [2.000]    -4.7875 [2.000]    -4.7479 [2.000]    -4.7367 [2.000]    -4.4697 [2.000]
[kpt   0  -1  21]    -4.4303 [2.000]    -3.8158 [2.000]    -3.4195 [2.000]    -3.3118 [2.000]    -3.1934 [2.000]
[kpt   0  -1  22]    -3.1601 [2.000]    -3.0794 [2.000]    -2.7715 [2.000]    -2.7525 [2.000]    -2.6774 [2.000]
[kpt   0  -1  23]    -2.3027 [2.000]    -2.1939 [2.000]    -2.1561 [2.000]    -2.0701 [2.000]    -1.7372 [2.000]
[kpt   0  -1  24]    -0.5949 [0.000]    -0.3240 [0.000]    -0.2378 [0.000]     0.7501 [0.000]     1.0058 [0.000]
[kpt   0  -1  25]     1.2255 [0.000]     1.7961 [0.000]     1.9934 [0.000]     1.9983 [0.000]     2.0389 [0.000]
[kpt   0  -1  26]     2.0609 [0.000]     2.2181 [0.000]     2.3690 [0.000]     2.5794 [0.000]     3.2436 [0.000]
[kpt   0  -1  27]     3.4129 [0.000]     3.4864 [0.000]     3.6238 [0.000]     3.7407 [0.000]     3.9506 [0.000]
[kpt   0  -1  28]     4.1338 [0.000]     4.1520 [0.000]     4.3192 [0.000]     4.5896 [0.000]     4.9265 [0.000]
[kpt   0  -1  29]     4.9817 [0.000]     5.0228 [0.000]     5.0610 [0.000]     5.1068 [0.000]     5.6359 [0.000]
[kpt   0  -1  30]     6.7940 [0.000]     6.8931 [0.000]     6.9242 [0.000]     7.8809 [0.000]     7.9848 [0.000]
[kpt   0  -1  31]     8.0289 [0.000]     8.0861 [0.000]     8.1931 [0.000]     8.2792 [0.000]     8.3328 [0.000]
[kpt   0  -1  32]     8.4757 [0.000]     9.5085 [0.000]     9.5636 [0.000]     9.6248 [0.000]     9.6591 [0.000]
[kpt   0  -1  33]     9.8906 [0.000]     9.9186 [0.000]    10.1032 [0.000]    10.6187 [0.000]    10.6834 [0.000]
[kpt   0  -1  34]    10.7050 [0.000]    10.7370 [0.000]    10.7669 [0.000]    10.7854 [0.000]    10.8059 [0.000]
[kpt   0  -1  35]    10.8095 [0.000]    10.8981 [0.000]    11.0622 [0.000]    11.4548 [0.000]    11.5160 [0.000]
[kpt   0  -1  36]    11.5777 [0.000]    11.7931 [0.000]    12.5388 [0.000]    12.5875 [0.000]    12.6131 [0.000]
[kpt   0  -1  37]    12.9055 [0.000]    12.9491 [0.000]    12.9827 [0.000]    13.1347 [0.000]    13.1406 [0.000]
[kpt   0  -1  38]    13.1452 [0.000]    13.2062 [0.000]    13.3501 [0.000]    14.4170 [0.000]    14.5170 [0.000]
[kpt   0  -1  39]    14.6249 [0.000]    14.6257 [0.000]    14.6280 [0.000]    14.7646 [0.000]    15.2751 [0.000]
[kpt   0  -1  40]    15.2966 [0.000]    15.3002 [0.000]    15.3365 [0.000]    15.3588 [0.000]    15.3688 [0.000]
[kpt   0  -1  41]    15.3905 [0.000]    15.4370 [0.000]    15.6325 [0.000]    15.6358 [0.000]    15.7157 [0.000]
[kpt   0  -1  42]    15.8846 [0.000]    15.8947 [0.000]    15.9459 [0.000]    15.9613 [0.000]    16.0199 [0.000]
[kpt   0  -1  43]    16.8821 [0.000]    16.8937 [0.000]    16.9172 [0.000]    16.9223 [0.000]    16.9737 [0.000]
[kpt   0  -1  44]    17.8001 [0.000]    17.8211 [0.000]    17.8458 [0.000]    17.8637 [0.000]    17.9039 [0.000]
[kpt   0  -1  45]    17.9405 [0.000]    18.0616 [0.000]    18.0820 [0.000]    18.1295 [0.000]    18.7318 [0.000]
[kpt   0  -1  46]    18.7533 [0.000]    18.8041 [0.000]    19.6623 [0.000]    20.2796 [0.000]    20.3021 [0.000]
[kpt   0  -1  47]    20.3361 [0.000]    20.3507 [0.000]    20.6682 [0.000]    20.6977 [0.000]    20.7416 [0.000]



Charge density mixing: Linear with a constant of 0.70 

FERMI ENERGY =     -1.80561700 eV
@@ EIGENVALUE SUM     =      -94.694811 Ha
@@ ION_ION            =     -619.580012 Ha
@@ ELECTROSTATIC      =      344.596049 Ha
@@ VXC                =     -132.130362 Ha
@@ EXC                =     -104.477535 Ha
@@ TOTAL ENERGY       =     -342.025946 Ha
@@ estimated error    =   ****************
Charge density mixing: Linear with a constant of 0.70 
WriteRestart: Restart file Waves/wave.out opened...
WriteData: total size of each of the 16 files = 2.4 Mb
WriteData: writing took 0.0 seconds, writing speed 55.310 Mbps 
WriteRestart: writing took 0.0 seconds 


KOHN SHAM EIGENVALUES [eV] AT K-POINT [  0]:       0.000000      0.000000      0.000000

[kpt   0   0   0]   -21.8839 [2.000]   -21.3137 [2.000]   -21.2752 [2.000]   -21.2662 [2.000]   -20.4432 [2.000]
[kpt   0   0   1]   -20.4173 [2.000]   -20.3353 [2.000]   -20.3324 [2.000]   -20.2983 [2.000]   -19.3338 [2.000]
[kpt   0   0   2]   -19.3252 [2.000]   -19.2649 [2.000]   -18.4250 [2.000]   -18.4198 [2.000]   -18.4040 [2.000]
[kpt   0   0   3]   -18.3627 [2.000]   -17.2759 [2.000]   -17.1569 [2.000]   -17.1538 [2.000]   -17.1404 [2.000]
[kpt   0   0   4]   -17.0638 [2.000]   -16.7199 [2.000]   -16.6596 [2.000]   -16.6345 [2.000]   -16.5834 [2.000]
[kpt   0   0   5]   -15.2219 [2.000]   -15.2100 [2.000]   -15.1567 [2.000]   -15.1426 [2.000]   -15.1158 [2.000]
[kpt   0   0   6]   -15.0210 [2.000]   -14.9728 [2.000]   -14.9702 [2.000]   -13.9385 [2.000]   -13.9262 [2.000]
[kpt   0   0   7]   -13.9227 [2.000]   -13.0169 [2.000]   -12.9626 [2.000]   -12.9214 [2.000]   -12.9198 [2.000]
[kpt   0   0   8]   -12.8560 [2.000]   -12.6779 [2.000]   -12.6754 [2.000]   -12.6413 [2.000]   -12.5824 [2.000]
[kpt   0   0   9]   -11.1931 [2.000]   -11.1565 [2.000]   -11.1429 [2.000]   -11.0932 [2.000]   -10.5337 [2.000]
[kpt   0   0  10]   -10.5002 [2.000]   -10.4761 [2.000]   -10.4556 [2.000]   -10.4275 [2.000]   -10.3188 [2.000]
[kpt   0   0  11]   -10.2627 [2.000]   -10.2487 [2.000]    -9.6353 [2.000]    -9.6290 [2.000]    -9.6114 [2.000]
[kpt   0   0  12]    -9.1543 [2.000]    -8.9168 [2.000]    -8.8764 [2.000]    -8.8399 [2.000]    -8.8329 [2.000]
[kpt   0   0  13]    -8.5575 [2.000]    -8.5283 [2.000]    -8.5104 [2.000]    -8.4965 [2.000]    -8.4504 [2.000]
[kpt   0   0  14]    -8.1399 [2.000]    -8.0959 [2.000]    -8.0938 [2.000]    -8.0677 [2.000]    -8.0481 [2.000]
[kpt   0   0  15]    -8.0312 [2.000]    -8.0243 [2.000]    -7.9130 [2.000]    -7.8178 [2.000]    -7.8077 [2.000]
[kpt   0   0  16]    -7.7807 [2.000]    -7.7553 [2.000]    -7.4418 [2.000]    -7.4154 [2.000]    -7.4113 [2.000]
[kpt   0   0  17]    -7.3326 [2.000]    -7.0865 [2.000]    -7.0848 [2.000]    -7.0206 [2.000]    -6.3435 [2.000]
[kpt   0   0  18]    -6.3145 [2.000]    -6.3044 [2.000]    -6.3017 [2.000]    -6.2889 [2.000]    -6.0984 [2.000]
[kpt   0   0  19]    -6.0470 [2.000]    -6.0326 [2.000]    -6.0092 [2.000]    -5.9952 [2.000]    -5.9731 [2.000]
[kpt   0   0  20]    -5.9340 [2.000]    -5.6429 [2.000]    -5.5932 [2.000]    -5.5765 [2.000]    -5.2934 [2.000]
[kpt   0   0  21]    -5.1957 [2.000]    -4.5392 [2.000]    -4.1611 [2.000]    -4.0331 [2.000]    -3.9064 [2.000]
[kpt   0   0  22]    -3.8840 [2.000]    -3.7581 [2.000]    -3.4207 [2.000]    -3.4195 [2.000]    -3.3180 [2.000]
[kpt   0   0  23]    -2.9127 [2.000]    -2.8033 [2.000]    -2.7399 [2.000]    -2.6698 [2.000]    -2.3204 [2.000]
[kpt   0   0  24]    -1.2908 [0.000]    -1.0014 [0.000]    -0.9429 [0.000]     0.1123 [0.000]     0.3525 [0.000]
[kpt   0   0  25]     0.5999 [0.000]     0.9717 [0.000]     1.1242 [0.000]     1.1630 [0.000]     1.2198 [0.000]
[kpt   0   0  26]     1.2538 [0.000]     1.3594 [0.000]     1.4892 [0.000]     1.8126 [0.000]     2.5329 [0.000]
[kpt   0   0  27]     2.6964 [0.000]     2.8023 [0.000]     2.9199 [0.000]



Total charge in supercell =     240.00000000
 quench: [md:   0/100  scf:   0/20  step time:   1.29  scf time:     1.34 secs  RMS[dV]: 1.32e-02 ]


average potential <V> = -4.11e-17

FERMI ENERGY =      0.80708125 eV
@@ EIGENVALUE SUM     =      -69.362670 Ha
@@ ION_ION            =     -619.580012 Ha
@@ ELECTROSTATIC      =      316.048020 Ha
@@ VXC                =     -137.004475 Ha
@@ EXC                =     -108.348466 Ha
@@ TOTAL ENERGY       =     -342.958861 Ha
@@ estimated error    =        1.83e+00 Ha
Charge density mixing: Linear with a constant of 0.70 
 quench: [md:   0/100  scf:   1/20  step time:   1.37  scf time:     2.70 secs  RMS[dV]: 4.88e-02 ]


average potential <V> = -1.07e-16

FERMI ENERGY =      0.80004894 eV
@@ EIGENVALUE SUM     =      -69.052353 Ha
@@ ION_ION            =     -619.580012 Ha
@@ ELECTROSTATIC      =      316.009596 Ha
@@ VXC                =     -137.795554 Ha
@@ EXC                =     -108.979682 Ha
@@ TOTAL ENERGY       =     -343.631913 Ha
@@ estimated error    =        1.36e-01 Ha
Charge density mixing: Linear with a constant of 0.70 
 quench: [md:   0/100  scf:   2/20  step time:   1.34  scf time:     4.04 secs  RMS[dV]: 1.72e-02 ]


average potential <V> = -1.48e-16

FERMI ENERGY =      0.80180060 eV
@@ EIGENVALUE SUM     =      -68.853728 Ha
@@ ION_ION            =     -619.580012 Ha
@@ ELECTROSTATIC      =      315.801476 Ha
@@ VXC                =     -137.863831 Ha
@@ EXC                =     -109.030836 Ha
@@ TOTAL ENERGY       =     -343.774108 Ha
@@ estimated error    =        4.50e-03 Ha
Charge density mixing: Linear with a constant of 0.70 
 quench: [md:   0/100  scf:   3/20  step time:   1.35  scf time:     5.39 secs  RMS[dV]: 2.54e-03 ]


average potential <V> = 2.30e-16
Davidson converged in 7 steps

FERMI ENERGY =      0.80112276 eV
@@ EIGENVALUE SUM     =      -68.818302 Ha
@@ ION_ION            =     -619.580012 Ha
@@ ELECTROSTATIC      =      315.780329 Ha
@@ VXC                =     -137.830204 Ha
@@ EXC                =     -109.002432 Ha
@@ TOTAL ENERGY       =     -343.786553 Ha
@@ estimated error    =        1.47e-03 Ha
Charge density mixing: Broyden
 quench: [md:   0/100  scf:   4/20  step time:   1.47  scf time:     6.86 secs  RMS[dV]: 1.84e-03 ]


average potential <V> = -6.58e-16
Davidson converged in 2 steps

FERMI ENERGY =      0.78722750 eV
@@ EIGENVALUE SUM     =      -69.021965 Ha
@@ ION_ION            =     -619.580012 Ha
@@ ELECTROSTATIC      =      315.988618 Ha
@@ VXC                =     -137.806924 Ha
@@ EXC                =     -108.983724 Ha
@@ TOTAL ENERGY       =     -343.789815 Ha
@@ estimated error    =        3.44e-04 Ha
Charge density mixing: Broyden


KOHN SHAM EIGENVALUES [eV] AT K-POINT [  0]:       0.000000      0.000000      0.000000

[kpt   0   5   0]   -18.8730 [2.000]   -18.2984 [2.000]   -18.2542 [2.000]   -18.2534 [2.000]   -17.4483 [2.000]
[kpt   0   5   1]   -17.4221 [2.000]   -17.3251 [2.000]   -17.3057 [2.000]   -17.2856 [2.000]   -16.2964 [2.000]
[kpt   0   5   2]   -16.2825 [2.000]   -16.2253 [2.000]   -15.4666 [2.000]   -15.4648 [2.000]   -15.4332 [2.000]
[kpt   0   5   3]   -15.3904 [2.000]   -14.3130 [2.000]   -14.1701 [2.000]   -14.1627 [2.000]   -14.1562 [2.000]
[kpt   0   5   4]   -14.0430 [2.000]   -13.7749 [2.000]   -13.6996 [2.000]   -13.6734 [2.000]   -13.6034 [2.000]
[kpt   0   5   5]   -12.2555 [2.000]   -12.2318 [2.000]   -12.1804 [2.000]   -12.1707 [2.000]   -12.1039 [2.000]
[kpt   0   5   6]   -12.0373 [2.000]   -11.9642 [2.000]   -11.9457 [2.000]   -10.9322 [2.000]   -10.9132 [2.000]
[kpt   0   5   7]   -10.8967 [2.000]   -10.0286 [2.000]    -9.9818 [2.000]    -9.9266 [2.000]    -9.9040 [2.000]
[kpt   0   5   8]    -9.8136 [2.000]    -9.7311 [2.000]    -9.7034 [2.000]    -9.5969 [2.000]    -9.4356 [2.000]
[kpt   0   5   9]    -8.2403 [2.000]    -8.2020 [2.000]    -8.1907 [2.000]    -8.1056 [2.000]    -7.5393 [2.000]
[kpt   0   5  10]    -7.4868 [2.000]    -7.4634 [2.000]    -7.4438 [2.000]    -7.3929 [2.000]    -7.2222 [2.000]
[kpt   0   5  11]    -7.1509 [2.000]    -7.1375 [2.000]    -6.9448 [2.000]    -6.5662 [2.000]    -6.5657 [2.000]
[kpt   0   5  12]    -6.5458 [2.000]    -5.9178 [2.000]    -5.8769 [2.000]    -5.8487 [2.000]    -5.8149 [2.000]
[kpt   0   5  13]    -5.7218 [2.000]    -5.6674 [2.000]    -5.6571 [2.000]    -5.6133 [2.000]    -5.5444 [2.000]
[kpt   0   5  14]    -5.3902 [2.000]    -5.3527 [2.000]    -5.3478 [2.000]    -5.3059 [2.000]    -5.2849 [2.000]
[kpt   0   5  15]    -5.0011 [2.000]    -4.9690 [2.000]    -4.9363 [2.000]    -4.8899 [2.000]    -4.7776 [2.000]
[kpt   0   5  16]    -4.7057 [2.000]    -4.6889 [2.000]    -4.6355 [2.000]    -4.6315 [2.000]    -4.5871 [2.000]
[kpt   0   5  17]    -4.2515 [2.000]    -4.2157 [2.000]    -4.2044 [2.000]    -4.1331 [2.000]    -3.6645 [2.000]
[kpt   0   5  18]    -3.4750 [2.000]    -3.2165 [2.000]    -3.1935 [2.000]    -3.1818 [2.000]    -3.1596 [2.000]
[kpt   0   5  19]    -3.1379 [2.000]    -3.1124 [2.000]    -3.1111 [2.000]    -3.0380 [2.000]    -2.8839 [2.000]
[kpt   0   5  20]    -2.8779 [2.000]    -2.8480 [2.000]    -2.8260 [2.000]    -2.7894 [2.000]    -2.7375 [2.000]
[kpt   0   5  21]    -2.6647 [2.000]    -2.0378 [2.000]    -1.6799 [2.000]    -1.5682 [2.000]    -1.3740 [2.000]
[kpt   0   5  22]    -1.3479 [2.000]    -1.2014 [2.000]    -0.7262 [2.000]    -0.7202 [2.000]    -0.6162 [2.000]
[kpt   0   5  23]    -0.3483 [2.000]    -0.2150 [2.000]    -0.1142 [2.000]    -0.0563 [2.000]     0.3749 [2.000]
[kpt   0   5  24]     1.1996 [0.000]     1.5237 [0.000]     1.6544 [0.000]     2.6911 [0.000]     2.9905 [0.000]
[kpt   0   5  25]     3.2881 [0.000]     3.3274 [0.000]     3.4339 [0.000]     3.5365 [0.000]     3.6254 [0.000]
[kpt   0   5  26]     3.6731 [0.000]     3.6955 [0.000]     3.8882 [0.000]     4.3844 [0.000]     4.3913 [0.000]
[kpt   0   5  27]     4.9863 [0.000]     5.1569 [0.000]     5.3285 [0.000]



Total charge in supercell =     240.00000000
 quench: [md:   0/100  scf:   5/20  step time:   0.96  scf time:     7.81 secs  RMS[dV]: 1.01e-03 ]


average potential <V> = 3.13e-16
Davidson converged in 1 steps

FERMI ENERGY =      0.78835223 eV
@@ EIGENVALUE SUM     =      -68.978766 Ha
@@ ION_ION            =     -619.580012 Ha
@@ ELECTROSTATIC      =      315.944991 Ha
@@ VXC                =     -137.808414 Ha
@@ EXC                =     -108.984762 Ha
@@ TOTAL ENERGY       =     -343.790081 Ha
@@ estimated error    =        1.39e-04 Ha
Charge density mixing: Broyden
 quench: [md:   0/100  scf:   6/20  step time:   0.79  scf time:     8.60 secs  RMS[dV]: 1.02e-03 ]


average potential <V> = -2.06e-17
Davidson converged in 1 steps

FERMI ENERGY =      0.78963122 eV
@@ EIGENVALUE SUM     =      -68.977311 Ha
@@ ION_ION            =     -619.580012 Ha
@@ ELECTROSTATIC      =      315.943643 Ha
@@ VXC                =     -137.807359 Ha
@@ EXC                =     -108.983814 Ha
@@ TOTAL ENERGY       =     -343.790126 Ha
@@ estimated error    =        1.89e-05 Ha
Charge density mixing: Broyden
 quench: [md:   0/100  scf:   7/20  step time:   0.79  scf time:     9.39 secs  RMS[dV]: 2.81e-04 ]


average potential <V> = -2.06e-16
Davidson converged in 1 steps

FERMI ENERGY =      0.78863571 eV
@@ EIGENVALUE SUM     =      -68.985757 Ha
@@ ION_ION            =     -619.580012 Ha
@@ ELECTROSTATIC      =      315.952193 Ha
@@ VXC                =     -137.806544 Ha
@@ EXC                =     -108.983105 Ha
@@ TOTAL ENERGY       =     -343.790135 Ha
@@ estimated error    =        2.79e-06 Ha
Charge density mixing: Broyden
 quench: [md:   0/100  scf:   8/20  step time:   0.80  scf time:    10.19 secs  RMS[dV]: 1.19e-04 ]


average potential <V> = -3.66e-16
Davidson converged in 1 steps

FERMI ENERGY =      0.78840470 eV
@@ EIGENVALUE SUM     =      -68.987700 Ha
@@ ION_ION            =     -619.580012 Ha
@@ ELECTROSTATIC      =      315.954072 Ha
@@ VXC                =     -137.806802 Ha
@@ EXC                =     -108.983300 Ha
@@ TOTAL ENERGY       =     -343.790137 Ha
@@ estimated error    =        3.47e-07 Ha
Charge density mixing: Broyden
 quench: [md:   0/100  scf:   9/20  step time:   0.79  scf time:    10.98 secs  RMS[dV]: 4.84e-05 ]


average potential <V> = -7.40e-17
Davidson converged in 1 steps

FERMI ENERGY =      0.78846279 eV
@@ EIGENVALUE SUM     =      -68.987857 Ha
@@ ION_ION            =     -619.580012 Ha
@@ ELECTROSTATIC      =      315.954194 Ha
@@ VXC                =     -137.806955 Ha
@@ EXC                =     -108.983418 Ha
@@ TOTAL ENERGY       =     -343.790137 Ha
@@ estimated error    =        1.34e-07 Ha
Charge density mixing: Broyden


KOHN SHAM EIGENVALUES [eV] AT K-POINT [  0]:       0.000000      0.000000      0.000000

[kpt   0  10   0]   -18.8668 [2.000]   -18.2901 [2.000]   -18.2505 [2.000]   -18.2475 [2.000]   -17.4431 [2.000]
[kpt   0  10   1]   -17.4128 [2.000]   -17.3199 [2.000]   -17.3090 [2.000]   -17.2744 [2.000]   -16.2837 [2.000]
[kpt   0  10   2]   -16.2835 [2.000]   -16.2203 [2.000]   -15.4651 [2.000]   -15.4610 [2.000]   -15.4291 [2.000]
[kpt   0  10   3]   -15.3812 [2.000]   -14.3070 [2.000]   -14.1674 [2.000]   -14.1587 [2.000]   -14.1509 [2.000]
[kpt   0  10   4]   -14.0372 [2.000]   -13.7704 [2.000]   -13.6956 [2.000]   -13.6699 [2.000]   -13.5996 [2.000]
[kpt   0  10   5]   -12.2511 [2.000]   -12.2283 [2.000]   -12.1774 [2.000]   -12.1643 [2.000]   -12.1053 [2.000]
[kpt   0  10   6]   -12.0321 [2.000]   -11.9573 [2.000]   -11.9426 [2.000]   -10.9291 [2.000]   -10.9102 [2.000]
[kpt   0  10   7]   -10.8917 [2.000]   -10.0251 [2.000]    -9.9786 [2.000]    -9.9204 [2.000]    -9.9051 [2.000]
[kpt   0  10   8]    -9.8099 [2.000]    -9.7295 [2.000]    -9.6999 [2.000]    -9.5906 [2.000]    -9.4327 [2.000]
[kpt   0  10   9]    -8.2361 [2.000]    -8.2013 [2.000]    -8.1838 [2.000]    -8.1020 [2.000]    -7.5366 [2.000]
[kpt   0  10  10]    -7.4842 [2.000]    -7.4580 [2.000]    -7.4410 [2.000]    -7.3924 [2.000]    -7.2207 [2.000]
[kpt   0  10  11]    -7.1466 [2.000]    -7.1330 [2.000]    -6.9397 [2.000]    -6.5629 [2.000]    -6.5608 [2.000]
[kpt   0  10  12]    -6.5446 [2.000]    -5.9141 [2.000]    -5.8755 [2.000]    -5.8429 [2.000]    -5.8117 [2.000]
[kpt   0  10  13]    -5.7127 [2.000]    -5.6638 [2.000]    -5.6560 [2.000]    -5.6096 [2.000]    -5.5383 [2.000]
[kpt   0  10  14]    -5.3852 [2.000]    -5.3537 [2.000]    -5.3432 [2.000]    -5.3023 [2.000]    -5.2816 [2.000]
[kpt   0  10  15]    -4.9980 [2.000]    -4.9661 [2.000]    -4.9345 [2.000]    -4.8870 [2.000]    -4.7729 [2.000]
[kpt   0  10  16]    -4.7047 [2.000]    -4.6852 [2.000]    -4.6337 [2.000]    -4.6306 [2.000]    -4.5775 [2.000]
[kpt   0  10  17]    -4.2500 [2.000]    -4.2144 [2.000]    -4.2070 [2.000]    -4.1228 [2.000]    -3.6544 [2.000]
[kpt   0  10  18]    -3.4729 [2.000]    -3.2115 [2.000]    -3.1932 [2.000]    -3.1809 [2.000]    -3.1571 [2.000]
[kpt   0  10  19]    -3.1317 [2.000]    -3.1115 [2.000]    -3.1078 [2.000]    -3.0354 [2.000]    -2.8823 [2.000]
[kpt   0  10  20]    -2.8797 [2.000]    -2.8423 [2.000]    -2.8223 [2.000]    -2.7841 [2.000]    -2.7334 [2.000]
[kpt   0  10  21]    -2.6574 [2.000]    -2.0320 [2.000]    -1.6758 [2.000]    -1.5639 [2.000]    -1.3684 [2.000]
[kpt   0  10  22]    -1.3446 [2.000]    -1.2009 [2.000]    -0.7235 [2.000]    -0.7158 [2.000]    -0.6121 [2.000]
[kpt   0  10  23]    -0.3422 [2.000]    -0.2117 [2.000]    -0.1102 [2.000]    -0.0496 [2.000]     0.3759 [2.000]
[kpt   0  10  24]     1.2010 [0.000]     1.5282 [0.000]     1.6588 [0.000]     2.6945 [0.000]     2.9933 [0.000]
[kpt   0  10  25]     3.2917 [0.000]     3.3301 [0.000]     3.4340 [0.000]     3.5359 [0.000]     3.6306 [0.000]
[kpt   0  10  26]     3.6709 [0.000]     3.6977 [0.000]     3.8897 [0.000]     4.3867 [0.000]     4.3957 [0.000]
[kpt   0  10  27]     4.9908 [0.000]     5.1561 [0.000]     5.3300 [0.000]



Total charge in supercell =     240.00000000
 quench: [md:   0/100  scf:  10/20  step time:   0.79  scf time:    11.78 secs  RMS[dV]: 3.98e-05 ]


average potential <V> = 6.91e-16
Davidson converged in 1 steps

FERMI ENERGY =      0.78849058 eV
@@ EIGENVALUE SUM     =      -68.987149 Ha
@@ ION_ION            =     -619.580012 Ha
@@ ELECTROSTATIC      =      315.953448 Ha
@@ VXC                =     -137.807122 Ha
@@ EXC                =     -108.983547 Ha
@@ TOTAL ENERGY       =     -343.790137 Ha
@@ estimated error    =        1.84e-08 Ha
Charge density mixing: Broyden
 quench: [md:   0/100  scf:  11/20  step time:   0.79  scf time:    12.57 secs  RMS[dV]: 1.01e-05 ]


average potential <V> = -5.96e-16
Davidson converged in 1 steps

FERMI ENERGY =      0.78852468 eV
@@ EIGENVALUE SUM     =      -68.986874 Ha
@@ ION_ION            =     -619.580012 Ha
@@ ELECTROSTATIC      =      315.953160 Ha
@@ VXC                =     -137.807174 Ha
@@ EXC                =     -108.983584 Ha
@@ TOTAL ENERGY       =     -343.790138 Ha
@@ estimated error    =        3.37e-09 Ha
Charge density mixing: Broyden
 quench: [md:   0/100  scf:  12/20  step time:   0.79  scf time:    13.36 secs  RMS[dV]: 2.91e-06 ]


average potential <V> = 3.62e-16
Davidson converged in 1 steps

FERMI ENERGY =      0.78850251 eV
@@ EIGENVALUE SUM     =      -68.986903 Ha
@@ ION_ION            =     -619.580012 Ha
@@ ELECTROSTATIC      =      315.953186 Ha
@@ VXC                =     -137.807178 Ha
@@ EXC                =     -108.983587 Ha
@@ TOTAL ENERGY       =     -343.790138 Ha
@@ estimated error    =        1.66e-09 Ha

 Convergence criterion reached: Energy variation (4.20e-10) is lower than threshold (1.00e-09)
Charge density mixing: Broyden
 quench: [md:   0/100  scf:  13/20  step time:   0.83  scf time:    14.19 secs  RMS[dV]: 4.12e-06 ]



potential convergence has been achieved. stopping ...

[   0  14   14       17 ] Quench.cpp: final total energy =    -343.79013762 Ha


KOHN SHAM EIGENVALUES [eV] AT K-POINT [  0]:       0.000000      0.000000      0.000000

[kpt   0  14   0]   -18.8667 [2.000]   -18.2900 [2.000]   -18.2503 [2.000]   -18.2474 [2.000]   -17.4430 [2.000]
[kpt   0  14   1]   -17.4128 [2.000]   -17.3197 [2.000]   -17.3088 [2.000]   -17.2744 [2.000]   -16.2837 [2.000]
[kpt   0  14   2]   -16.2833 [2.000]   -16.2202 [2.000]   -15.4649 [2.000]   -15.4609 [2.000]   -15.4290 [2.000]
[kpt   0  14   3]   -15.3811 [2.000]   -14.3069 [2.000]   -14.1672 [2.000]   -14.1586 [2.000]   -14.1508 [2.000]
[kpt   0  14   4]   -14.0371 [2.000]   -13.7703 [2.000]   -13.6954 [2.000]   -13.6697 [2.000]   -13.5995 [2.000]
[kpt   0  14   5]   -12.2509 [2.000]   -12.2281 [2.000]   -12.1773 [2.000]   -12.1642 [2.000]   -12.1052 [2.000]
[kpt   0  14   6]   -12.0320 [2.000]   -11.9572 [2.000]   -11.9425 [2.000]   -10.9290 [2.000]   -10.9100 [2.000]
[kpt   0  14   7]   -10.8916 [2.000]   -10.0250 [2.000]    -9.9784 [2.000]    -9.9203 [2.000]    -9.9049 [2.000]
[kpt   0  14   8]    -9.8097 [2.000]    -9.7295 [2.000]    -9.6998 [2.000]    -9.5905 [2.000]    -9.4326 [2.000]
[kpt   0  14   9]    -8.2360 [2.000]    -8.2012 [2.000]    -8.1837 [2.000]    -8.1019 [2.000]    -7.5364 [2.000]
[kpt   0  14  10]    -7.4841 [2.000]    -7.4579 [2.000]    -7.4409 [2.000]    -7.3923 [2.000]    -7.2206 [2.000]
[kpt   0  14  11]    -7.1464 [2.000]    -7.1329 [2.000]    -6.9396 [2.000]    -6.5627 [2.000]    -6.5607 [2.000]
[kpt   0  14  12]    -6.5445 [2.000]    -5.9140 [2.000]    -5.8754 [2.000]    -5.8428 [2.000]    -5.8116 [2.000]
[kpt   0  14  13]    -5.7126 [2.000]    -5.6638 [2.000]    -5.6559 [2.000]    -5.6096 [2.000]    -5.5383 [2.000]
[kpt   0  14  14]    -5.3851 [2.000]    -5.3535 [2.000]    -5.3431 [2.000]    -5.3022 [2.000]    -5.2815 [2.000]
[kpt   0  14  15]    -4.9979 [2.000]    -4.9659 [2.000]    -4.9343 [2.000]    -4.8869 [2.000]    -4.7728 [2.000]
[kpt   0  14  16]    -4.7045 [2.000]    -4.6851 [2.000]    -4.6337 [2.000]    -4.6305 [2.000]    -4.5775 [2.000]
[kpt   0  14  17]    -4.2499 [2.000]    -4.2143 [2.000]    -4.2069 [2.000]    -4.1228 [2.000]    -3.6544 [2.000]
[kpt   0  14  18]    -3.4729 [2.000]    -3.2114 [2.000]    -3.1931 [2.000]    -3.1808 [2.000]    -3.1570 [2.000]
[kpt   0  14  19]    -3.1316 [2.000]    -3.1114 [2.000]    -3.1077 [2.000]    -3.0352 [2.000]    -2.8822 [2.000]
[kpt   0  14  20]    -2.8796 [2.000]    -2.8422 [2.000]    -2.8222 [2.000]    -2.7840 [2.000]    -2.7334 [2.000]
[kpt   0  14  21]    -2.6574 [2.000]    -2.0320 [2.000]    -1.6757 [2.000]    -1.5639 [2.000]    -1.3683 [2.000]
[kpt   0  14  22]    -1.3446 [2.000]    -1.2008 [2.000]    -0.7233 [2.000]    -0.7158 [2.000]    -0.6120 [2.000]
[kpt   0  14  23]    -0.3422 [2.000]    -0.2116 [2.000]    -0.1102 [2.000]    -0.0495 [2.000]     0.3759 [2.000]
[kpt   0  14  24]     1.2011 [0.000]     1.5282 [0.000]     1.6588 [0.000]     2.6945 [0.000]     2.9934 [0.000]
[kpt   0  14  25]     3.2918 [0.000]     3.3302 [0.000]     3.4340 [0.000]     3.5359 [0.000]     3.6307 [0.000]
[kpt   0  14  26]     3.6710 [0.000]     3.6978 [0.000]     3.8897 [0.000]     4.3867 [0.000]     4.3956 [0.000]
[kpt   0  14  27]     4.9906 [0.000]     5.1559 [0.000]     5.3300 [0.000]



Total charge in supercell =     240.00000000
 volume and energy per atom =        14.40355395       -155.91676037 eV


VDD: Summation of partial charges is 5.509978e-06 (report if substantially different from 0)
 Vdd took 0.344622 seconds



  IONIC POSITIONS [a0] AND FORCES [Ha/a0]
  Charge analysis using: Voronoi Deformation Density

@ION  Ion  Species       X           Y           Z       Charge       FX          FY         FZ      Movable
@ION    1     C     15.3293000  12.9600000   1.2070000    0.006   -0.0019563  -0.0000196  -0.0026660     1
@ION    2     C     17.5363000  12.9600000  17.7857000    0.001    0.0042405  -0.0000010   0.0004042     1
@ION    3     C     13.7313000  15.1732000   1.2251000   -0.008   -0.0022105  -0.0019543  -0.0002198     1
@ION    4     C     14.4083000  17.2893000  17.8251000   -0.001    0.0006675   0.0033544   0.0013630     1
@ION    5     C     11.1292000  14.3262000   1.2527000    0.002    0.0011405   0.0046296  -0.0030811     1
@ION    6     C      9.3055000  15.6378000  17.8881000   -0.004   -0.0015271  -0.0022184   0.0052266     1
@ION    7     C     11.1292000  11.5939000   1.2527000    0.002    0.0011747  -0.0045562  -0.0031082     1
@ION    8     C      9.3055000  10.2823000  17.8881000   -0.002   -0.0015181   0.0021429   0.0052482     1
@ION    9     C     13.7313000  10.7469000   1.2251000   -0.004   -0.0021939   0.0019235  -0.0002868     1
@ION   10     C     14.4083000   8.6308000  17.8251000   -0.002    0.0006886  -0.0033159   0.0013835     1
@ION   11     C      0.2386000  15.1636000  16.3387000    0.004    0.0041895  -0.0029882  -0.0001172     1
@ION   12     C     16.7171000  17.2920000  16.3627000   -0.001   -0.0036326   0.0039851   0.0003235     1
@ION   13     C      0.2386000  10.7565000  16.3387000   -0.000    0.0041235   0.0029278  -0.0000989     1
@ION   14     C     16.7170000   8.6281000  16.3627000   -0.000   -0.0036060  -0.0039454   0.0003449     1
@ION   15     C      1.3641000  14.3200000  13.9962000    0.001    0.0002830   0.0024334   0.0047878     1
@ION   16     C      0.9522000  15.6335000  11.7652000    0.001   -0.0020661   0.0019922   0.0009530     1
@ION   17     C      1.3641000  11.6000000  13.9962000    0.002    0.0002801  -0.0023684   0.0048042     1
@ION   18     C      0.9522000  10.2865000  11.7652000    0.002   -0.0020346  -0.0020441   0.0009668     1
@ION   19     C     12.5141000   0.6398000  16.4036000    0.007    0.0055055   0.0008530  -0.0001901     1
@ION   20     C     10.0138000  17.8435000  16.4390000    0.004   -0.0027452   0.0030283  -0.0017471     1
@ION   21     C     16.2562000   0.6408000  14.0355000    0.001   -0.0081635   0.0046313   0.0051857     1
@ION   22     C     17.3583000  17.8445000  11.7869000   -0.007    0.0020185   0.0015066  -0.0038299     1
@ION   23     C     13.6568000   1.4834000  14.0698000    0.003    0.0089072  -0.0150505   0.0035526     1
@ION   24     C     12.2629000   1.4836000  11.8500000    0.005   -0.0089056  -0.0151426  -0.0035091     1
@ION   25     C      7.4102000  14.2728000  16.4751000    0.002    0.0001173   0.0048812   0.0012631     1
@ION   26     C      7.4102000  11.6472000  16.4751000    0.000    0.0000764  -0.0047828   0.0013095     1
@ION   27     C      8.5614000  17.8446000  14.1329000   -0.005   -0.0020008   0.0015199   0.0038282     1
@ION   28     C      9.6634000   0.6411000  11.8843000   -0.002    0.0082578   0.0046708  -0.0051705     1
@ION   29     C      6.9677000  15.6335000  14.1547000    0.001    0.0020844   0.0019570  -0.0009814     1
@ION   30     C      6.5558000  14.3200000  11.9237000    0.000   -0.0002853   0.0024336  -0.0048354     1
@ION   31     C     10.0138000   8.0765000  16.4390000    0.000   -0.0027506  -0.0031133  -0.0017039     1
@ION   32     C     12.5141000   7.2802000  16.4036000    0.006    0.0055164  -0.0008398  -0.0002207     1
@ION   33     C      6.9677000  10.2865000  14.1547000   -0.001    0.0020456  -0.0020069  -0.0009937     1
@ION   34     C      6.5558000  11.6000000  11.9237000    0.003   -0.0002782  -0.0023559  -0.0048466     1
@ION   35     C      8.5614000   8.0754000  14.1329000   -0.005   -0.0020250  -0.0015663   0.0038363     1
@ION   36     C      9.6635000   7.2790000  11.8844000    0.001    0.0082778  -0.0047010  -0.0052152     1
@ION   37     C     13.6568000   6.4367000  14.0698000   -0.003    0.0089177   0.0150887   0.0035544     1
@ION   38     C     12.2629000   6.4364000  11.8500000   -0.008   -0.0089082   0.0152116  -0.0034834     1
@ION   39     C     16.2562000   7.2793000  14.0355000   -0.005   -0.0082158  -0.0046546   0.0051869     1
@ION   40     C     17.3583000   8.0755000  11.7869000   -0.006    0.0020581  -0.0015407  -0.0038008     1
@ION   41     C     15.9060000  17.8435000   9.4808000    0.005    0.0027026   0.0030678   0.0018727     1
@ION   42     C     13.4057000   0.6398000   9.5163000    0.005   -0.0054289   0.0007749   0.0001336     1
@ION   43     C      0.5097000  14.2728000   9.4447000    0.003   -0.0001254   0.0049100  -0.0012427     1
@ION   44     C      0.5097000  11.6472000   9.4447000   -0.001   -0.0000834  -0.0048232  -0.0012947     1
@ION   45     C     16.6144000  15.6378000   8.0317000   -0.002    0.0015099  -0.0022582  -0.0052128     1
@ION   46     C     14.7907000  14.3262000   6.6672000    0.003   -0.0012110   0.0046542   0.0030036     1
@ION   47     C      9.2027000  17.2921000   9.5572000    0.000    0.0036368   0.0039730  -0.0004436     1
@ION   48     C      7.6813000  15.1636000   9.5812000    0.001   -0.0042226  -0.0030620   0.0001134     1
@ION   49     C     11.5115000  17.2892000   8.0948000   -0.003   -0.0007350   0.0034795  -0.0012461     1
@ION   50     C     12.1885000  15.1732000   6.6948000   -0.006    0.0022286  -0.0020312   0.0001788     1
@ION   51     C      7.6813000  10.7564000   9.5812000   -0.000   -0.0041562   0.0030262   0.0000858     1
@ION   52     C      9.2027000   8.6279000   9.5572000    0.001    0.0036627  -0.0039354  -0.0004669     1
@ION   53     C      8.3836000  12.9600000   8.1343000    0.006   -0.0040637  -0.0000196  -0.0004945     1
@ION   54     C     10.5906000  12.9600000   6.7129000    0.001    0.0017832  -0.0000305   0.0028516     1
@ION   55     C     13.4057000   7.2802000   9.5163000    0.004   -0.0054377  -0.0007617   0.0001613     1
@ION   56     C     15.9060000   8.0765000   9.4808000    0.002    0.0026877  -0.0031371   0.0018205     1
@ION   57     C     11.5115000   8.6308000   8.0948000   -0.007   -0.0007794  -0.0034279  -0.0012699     1
@ION   58     C     12.1885000  10.7468000   6.6948000   -0.001    0.0022391   0.0020220   0.0002401     1
@ION   59     C     16.6144000  10.2823000   8.0317000    0.000    0.0015080   0.0021800  -0.0052233     1
@ION   60     C     14.7907000  11.5939000   6.6672000    0.004   -0.0012625  -0.0046057   0.0030161     1

 mean FX      =   0.00308430 Ha/a0
 mean FY      =   0.00357528 Ha/a0
 mean FZ      =   0.00223334 Ha/a0

 max FX       =   0.00891765 Ha/a0   (ion 37)
 max FY       =   0.01521160 Ha/a0   (ion 38)
 max FZ       =   0.00524815 Ha/a0   (ion 8)
 max F[x,y,z] =   0.01521160 Ha/a0
 max |F|      =   0.01796896 Ha/a0   (ion 38)

WriteRestart: Restart file Waves/wave.out opened...
WriteData: total size of each of the 16 files = 2.4 Mb
WriteData: writing took 0.0 seconds, writing speed 54.880 Mbps 
WriteRestart: writing took 0.0 seconds 
WriteRestart: Restart file Waves/wave.out opened...
WriteData: total size of each of the 16 files = 2.4 Mb
WriteData: writing took 0.0 seconds, writing speed 54.900 Mbps 
WriteRestart: writing took 0.1 seconds 


--------TIMING INFORMATION FOR Processor owned the most atoms----------------
                                        Total time               Per SCF/step

1-TOTAL                                            18.47                1.32
-----------------------------------------------------------------------------
  1-TOTAL: Init                                     3.16                0.23
  1-TOTAL: run                                     15.31                1.09
  ---------------------------------------------------------------------------
    1-TOTAL: run: Force                             0.67                0.05
    1-TOTAL: run: Scf steps                        14.14                1.01

2-Force                                             0.67                0.05
-----------------------------------------------------------------------------
  2-Force: core correction                          0.07                0.00
  2-Force: corrections                              0.20                0.01
  2-Force: ion-ion                                  0.00                0.00
  2-Force: local                                    0.18                0.01
  2-Force: non-local                                0.22                0.02
  2-Force: non-local-betaxpsi                       0.14                0.01
  2-Force: non-local-get gamma                      0.00                0.00
  2-Force: non-local-nlforce_par_Q                  0.00                0.00
  2-Force: non-local-partial gamma                  0.00                0.00
  2-Force: non-local-veff grad                      0.00                0.00

2-Init                                              3.16                0.23
-----------------------------------------------------------------------------
  2-Init: GetNewRho                                 0.03                0.00
  2-Init: KpointClass                               0.57                0.04
  2-Init: LcaoGetPsi                                0.10                0.01
  2-Init: LcaoGetRho                                0.11                0.01
  2-Init: ReinitIonicPotentials                     1.09                0.08
  2-Init: betaxpsi                                  0.15                0.01
  2-Init: exchange/correlation                      0.03                0.00
  2-Init: hartree                                   0.02                0.00
  2-Init: normalization                             0.01                0.00
  2-Init: qfunct                                    0.27                0.02
  2-Init: radial potentials                         0.19                0.01
  2-Init: subdiag                                   0.45                0.03
  2-Init: weights                                   0.03                0.00

2-Scf steps                                        14.14                1.01
-----------------------------------------------------------------------------
  2-Scf steps: Davidson                             6.98                0.50
  2-Scf steps: GetNewRho                            0.35                0.02
  2-Scf steps: Hartree                              0.46                0.03
  2-Scf steps: MgridSubspace                        4.65                0.33
  2-Scf steps: MixRho                               0.06                0.00
  2-Scf steps: exchange/correlation                 0.51                0.04

3-MgridSubspace                                     4.65                0.33
-----------------------------------------------------------------------------
  3-MgridSubspace: AppNls                           1.51                0.11
  3-MgridSubspace: Beta x psi                       0.73                0.05
  3-MgridSubspace: Diagonalization                  0.97                0.07
  3-MgridSubspace: Mg_eig                           1.43                0.10

3-ReinitIonicPotentials                             1.09                0.08
-----------------------------------------------------------------------------
  3-ReinitIonicPotentials: GetNlop                  0.18                0.01
  3-ReinitIonicPotentials: GetWeight                0.55                0.04
  3-ReinitIonicPotentials: get_QI                   0.01                0.00
  3-ReinitIonicPotentials: get_qqq                  0.08                0.01
  3-ReinitIonicPotentials: init_nuc                 0.28                0.02

4-Diagonalization                                   1.42                0.10
-----------------------------------------------------------------------------
  4-Diagonalization: AppNls                         0.75                0.05
  4-Diagonalization: Eigensolver                    0.05                0.00
  4-Diagonalization: Invert Bij                     0.01                0.00
  4-Diagonalization: MPI_Bcast                      0.00                0.00
  4-Diagonalization: PDSYGVX/PZHEGVX                0.03                0.00
  4-Diagonalization: Update orbitals                0.14                0.01
  4-Diagonalization: apply operators                0.97                0.07
  4-Diagonalization: distribute matrices.           0.00                0.00
  4-Diagonalization: matrix setup                   0.00                0.00
  4-Diagonalization: matrix setup/reduce            0.27                0.02

5-Functional                                        0.55                0.04
-----------------------------------------------------------------------------
  5-Functional: apply gradient                      0.07                0.01
  5-Functional: apply laplacian                     0.07                0.00
  5-Functional: libxc                               0.28                0.02
  5-Functional: vxc                                 0.55                0.04
  5-Functional: vxc grad                            0.44                0.03
  5-Functional: vxc local                           0.10                0.01
  5-Functional: vxc nonlocal                        0.00                0.00

6-Davidson                                          6.98                0.50
-----------------------------------------------------------------------------
  6-Davidson: Betaxpsi                              1.47                0.11
  6-Davidson: apply hamiltonian                     2.51                0.18
  6-Davidson: diagonalization                       0.31                0.02
  6-Davidson: generate residuals                    0.46                0.03
  6-Davidson: matrix setup/reduce                   0.97                0.07
  6-Davidson: normalization                         0.06                0.00
  6-Davidson: precondition                          0.72                0.05
  6-Davidson: rotate orbitals                       0.36                0.03

App_cir                                             0.03                0.00

App_gradient                                        0.18                0.01

GlobalSums                                          0.19                0.01

Init                                                2.60                0.19

Mix rho                                             0.06                0.00
-----------------------------------------------------------------------------
  Mix rho: Broyden                                  0.05                0.00
  Mix rho: Linear                                   0.00                0.00

VhPfft                                              0.47                0.03

Weight                                              0.03                0.00
-----------------------------------------------------------------------------
  Weight: bcast                                     0.02                0.00
  Weight: phase and set                             0.00                0.00
  Weight: proj cal                                  0.00                0.00

radial beta                                         0.05                0.00

weight fft_forward                                  0.00                0.00

weight fft_nldim                                    0.00                0.00

weight fold                                         0.00                0.00


------------------------- TIMING INFORMATION FOR THREADS  -------------------

                                           Min            Max            Avg
GlobalSums                              0.27           0.27           0.27
-----------------------------------------------------------------------------

Mg_eig                                  1.40           1.40           1.40
-----------------------------------------------------------------------------
  Mg_eig: apply A operator              0.55           0.55           0.55
  Mg_eig: apply B operator              0.01           0.01           0.01
  Mg_eig: mgrid_solv                    0.32           0.32           0.32
