RMG initialization ... 1 image(s) total, 1 per node. 8 MPI processes/image. Thread level 2.

 EXTERNAL ELECTRIC FIELD INITIALIZATION 
 ====================================== 

 Electric Field: (  0.00000000,   0.00000000,   0.00000000) Ha/bohr


                     * * * * * * * * * *
                     *    R   M   G    *
                     * * * * * * * * * *

     -- A Real Space Multigrid Electronic structure code --
     --      More information at www.rmgdft.org          --

Code Revision:     6.1.0-develop-bffc675e
Build Date:        Feb 25 2025  14:36:55
Start time:        Wed Feb 26 02:02:11 2025

NOTICE: RMG internal pseudopotentials have switched to
ONCVP from Ultrasoft. You can revert to Ultrasoft by
adding the input tag internal_pseudo_type="ultrasoft" to
your input files.


Files
   Control input file:        input
   Data output file:          Waves/wave.out

Run Setup
    Calculation type:         Quench electrons - Fixed ions SCF calculation
    Description:              PbTiO3
    Orbital Initialization:   LCAO (31 LCAO and 0 random orbitals)
    Exchange Correlation:     pbe
    Spin Polarization:        OFF
    System charge:            Neutral

Processor Topology
   Total PEs:                 8
   X direction:               2
   Y direction:               2
   Z direction:               2
   MG Threads/PE:             4
   OMP Threads/PE:            4

Grid Points  (Linear Anisotropy: 1.000)
    X:  Total: 16   Per PE: 8   Spacing:0.461 a0  
    Y:  Total: 16   Per PE: 8   Spacing:0.461 a0  
    Z:  Total: 16   Per PE: 8   Spacing:0.461 a0  

    Equivalent energy cutoffs (psi,rho):    46.518    186.070 Ry

    Charge density grid:         2 times finer

Coordinate planes
  Planar Anisotropy: 1.000
  A0-A1 density:     4.713
  A0-A2 density:     4.713
  A1-A2 density:     4.713


Lattice (Cell) Setup
    Type:                       Cubic_primitive
    Volume (a0^3):                400.30
    Boundary conditions:        Periodic

    X Basis Vector:       7.370       0.000       0.000 a0
    Y Basis Vector:       0.000       7.370       0.000 a0
    Z Basis Vector:       0.000       0.000       7.370 a0
    X Reci Vector:       0.136      -0.000       0.000 a0
    Y Reci Vector:       0.000       0.136       0.000 a0
    Z Reci Vector:       0.000      -0.000       0.136 a0

K-points
    Brillouin Zone sampling with 6 K-points (orbitals are complex)

         Kx      Ky        Kz     Weight in crystal unit
      0.1250     0.1250     0.1250   0.125
      0.1250     0.1250     0.3750   0.125
      0.1250     0.3750     0.1250   0.250
      0.1250     0.3750     0.3750   0.250
      0.3750     0.3750     0.1250   0.125
      0.3750     0.3750     0.3750   0.125

         Kx      Ky        Kz     Weight in 2PI/a 
      0.1250     0.1250     0.1250   0.125
      0.1250     0.1250     0.3750   0.125
      0.1250     0.3750     0.1250   0.250
      0.1250     0.3750     0.3750   0.250
      0.3750     0.3750     0.1250   0.125
      0.3750     0.3750     0.3750   0.125

Atoms and States
    Number of ions:                          5
    Number of species:                       3
    Number of states:                        32

Run Parameters
    SCF Convergence criterion (potential):   1.00e-07
    SCF Convergence criterion (energy):      1.00e-09
    Max SCF steps:                           20

SCF Cycle Settings
    Charge density mixing:                   Broyden
    Hartree Solver:                          PFFT
    Interpolation type:                      FFT

Adaptive Interpolation
    On: cmix                                 1.506440400

Finite Difference parameters
    Kohn Sham FD Order:                      8   
    Force Gradient Order:                    8   
    Adaptive Finite Differencing:            On
    Adaptive CFAC:                           1.039350026

Subspace Diagonalization Options
    Frequency:                               every 1 SCF step(s)
    Driver:                                  ScaLapack
    Initial diagonalization:                 ON
    Folded spectrum:                         OFF

Filtering Cutoff  Parameters
    Wavefunction grid (cparm):               0.800
    Charge density grid (rhocparm):          1.000
    Filter factor:                           1.000

Multigrid (MG) Parameters
    Psi MG levels:                           3
    Psi global step:                         0.660 
    Psi pre:                                 2
    Psi post:                                2

Davidson Parameters
    Davidson multiplier:                     4
    Davidson max step:                       8
    Davidson unocc tol factor:               1000.000

Blas Libraries
    CPU support with openblas-parallel.


Atomic Species Information
(PP = Pseudopotential, US = Ultrasoft, NC = Norm Conserving)
-------------------------------------------------------------------------
|Index|Symbol| Mass|Valence| PP |  Comp  |Local| Local|Nlocal|    PP    |
|     |      |     |       |Type|Gaussian|  l  |Radius|Radius|Functional|
-------------------------------------------------------------------------
|    1|     O| 15.0|   6.00|  NC|    0.50|   -1| 10.00|  7.00|       PBE|
|    2|    Pb|207.0|  14.00|  NC|    1.42|   -1| 10.00|  7.00|       PBE|
|    3|    Ti| 47.0|  12.00|  NC|    0.83|   -1| 10.00|  7.00|       PBE|
-------------------------------------------------------------------------

Pseudopotential generation information:
   O pseudopotential file: ./@Internal
      Generation info     : Generated using ONCVPSP code by D. R. Hamann
      Author info         : anonymous
  Pb pseudopotential file: ./@Internal
      Generation info     : Generated using ONCVPSP code by D. R. Hamann
      Author info         : anonymous
  Ti pseudopotential file: ./@Internal
      Generation info     : Generated using ONCVPSP code by D. R. Hamann
      Author info         : anonymous


Memory usage (Mbytes):     Min        Max       Total
    wave functions          6.29       6.29      50.34
    beta-functions          7.88       7.88      63.01



Initial Ionic Positions And Displacements (Bohr)
Species      X           Y           Z           dX          dY          dZ
  Pb       0.0000      0.0000      0.0737      0.0000      0.0000      0.0000
  Ti       3.6850      3.6850      3.6850      0.0000      0.0000      0.0000
  O        0.0000      3.6850      3.6850      0.0000      0.0000      0.0000
  O        3.6850      3.6850      0.0000      0.0000      0.0000      0.0000
  O        3.6850      0.0000      3.6850      0.0000      0.0000      0.0000


Initial Ionic Positions And Displacements (Angstrom)
Species      X           Y           Z           dX          dY          dZ
  Pb       0.0000      0.0000      0.0390      0.0000      0.0000      0.0000
  Ti       1.9500      1.9500      1.9500      0.0000      0.0000      0.0000
  O        0.0000      1.9500      1.9500      0.0000      0.0000      0.0000
  O        1.9500      1.9500      0.0000      0.0000      0.0000      0.0000
  O        1.9500      0.0000      1.9500      0.0000      0.0000      0.0000

Diagonalization using scalapack for step=0  count=0


Diagonalization using scalapack for step=0  count=1


Diagonalization using scalapack for step=0  count=2


Diagonalization using scalapack for step=0  count=3


Diagonalization using scalapack for step=0  count=4


Diagonalization using scalapack for step=0  count=5



KOHN SHAM EIGENVALUES [eV] AT K-POINT [  0]:       0.125000      0.125000      0.125000

[kpt   0  -1   0]   -43.0119 [2.000]   -19.5248 [2.000]   -19.5236 [2.000]   -19.5235 [2.000]    -8.5223 [2.000]
[kpt   0  -1   1]    -7.6836 [2.000]    -7.6818 [2.000]    -1.2815 [2.000]    -1.2814 [2.000]    -1.2749 [2.000]
[kpt   0  -1   2]    -1.2087 [2.000]    -1.2077 [2.000]     5.4587 [2.000]     6.4860 [2.000]     6.4866 [2.000]
[kpt   0  -1   3]     7.3720 [2.000]     8.0282 [2.000]     8.0285 [2.000]     8.5332 [2.000]     8.5464 [2.000]
[kpt   0  -1   4]     8.5472 [2.000]     9.4064 [2.000]    15.1494 [0.000]    15.2127 [0.000]    15.2128 [0.000]
[kpt   0  -1   5]    17.9411 [0.000]    17.9411 [0.000]    18.8186 [0.000]    19.5855 [0.000]    19.5869 [0.000]
[kpt   0  -1   6]    26.3455 [0.000]    36.6477 [0.000]




KOHN SHAM EIGENVALUES [eV] AT K-POINT [  1]:       0.125000      0.125000      0.375000

[kpt   1  -1   0]   -43.0116 [2.000]   -19.6208 [2.000]   -19.5225 [2.000]   -19.5219 [2.000]    -8.2296 [2.000]
[kpt   1  -1   1]    -7.6437 [2.000]    -7.3831 [2.000]    -1.3283 [2.000]    -1.3255 [2.000]    -1.2755 [2.000]
[kpt   1  -1   2]    -1.2752 [2.000]    -1.1500 [2.000]     4.7790 [2.000]     5.8633 [2.000]     6.6761 [2.000]
[kpt   1  -1   3]     6.9078 [2.000]     7.3984 [2.000]     7.9456 [2.000]     8.1075 [2.000]     8.6766 [2.000]
[kpt   1  -1   4]     8.7368 [2.000]    10.7309 [2.000]    15.1688 [0.000]    15.9240 [0.000]    16.0888 [0.000]
[kpt   1  -1   5]    16.4280 [0.000]    17.9818 [0.000]    18.8816 [0.000]    19.4456 [0.000]    19.5392 [0.000]
[kpt   1  -1   6]    27.5430 [0.000]    32.9667 [0.000]




KOHN SHAM EIGENVALUES [eV] AT K-POINT [  2]:       0.125000      0.375000      0.125000

[kpt   2  -1   0]   -43.0116 [2.000]   -19.6210 [2.000]   -19.5224 [2.000]   -19.5219 [2.000]    -8.2282 [2.000]
[kpt   2  -1   1]    -7.6425 [2.000]    -7.3858 [2.000]    -1.3277 [2.000]    -1.3250 [2.000]    -1.2770 [2.000]
[kpt   2  -1   2]    -1.2737 [2.000]    -1.1506 [2.000]     4.7775 [2.000]     5.8612 [2.000]     6.6756 [2.000]
[kpt   2  -1   3]     6.9089 [2.000]     7.3984 [2.000]     7.9446 [2.000]     8.1087 [2.000]     8.6774 [2.000]
[kpt   2  -1   4]     8.7367 [2.000]    10.7318 [2.000]    15.1695 [0.000]    15.9239 [0.000]    16.0881 [0.000]
[kpt   2  -1   5]    16.4312 [0.000]    17.9820 [0.000]    18.8812 [0.000]    19.4458 [0.000]    19.5393 [0.000]
[kpt   2  -1   6]    27.5445 [0.000]    32.9614 [0.000]




KOHN SHAM EIGENVALUES [eV] AT K-POINT [  3]:       0.125000      0.375000      0.375000

[kpt   3  -1   0]   -43.0116 [2.000]   -19.6185 [2.000]   -19.6179 [2.000]   -19.5204 [2.000]    -7.9683 [2.000]
[kpt   3  -1   1]    -7.3696 [2.000]    -7.3109 [2.000]    -1.3245 [2.000]    -1.3234 [2.000]    -1.2722 [2.000]
[kpt   3  -1   2]    -1.2347 [2.000]    -1.1470 [2.000]     4.3805 [2.000]     5.7145 [2.000]     5.9875 [2.000]
[kpt   3  -1   3]     6.6291 [2.000]     6.7996 [2.000]     7.5267 [2.000]     8.3929 [2.000]     8.4502 [2.000]
[kpt   3  -1   4]     9.2949 [2.000]    10.4979 [2.000]    15.9520 [0.000]    16.0875 [0.000]    16.6311 [0.000]
[kpt   3  -1   5]    17.3437 [0.000]    17.7086 [0.000]    18.6049 [0.000]    18.8946 [0.000]    20.3515 [0.000]
[kpt   3  -1   6]    26.9538 [0.000]    34.8089 [0.000]




KOHN SHAM EIGENVALUES [eV] AT K-POINT [  4]:       0.375000      0.375000      0.125000

[kpt   4  -1   0]   -43.0116 [2.000]   -19.6185 [2.000]   -19.6180 [2.000]   -19.5202 [2.000]    -7.9657 [2.000]
[kpt   4  -1   1]    -7.3706 [2.000]    -7.3124 [2.000]    -1.3241 [2.000]    -1.3230 [2.000]    -1.2715 [2.000]
[kpt   4  -1   2]    -1.2346 [2.000]    -1.1480 [2.000]     4.3770 [2.000]     5.7140 [2.000]     5.9869 [2.000]
[kpt   4  -1   3]     6.6304 [2.000]     6.8005 [2.000]     7.5286 [2.000]     8.3942 [2.000]     8.4508 [2.000]
[kpt   4  -1   4]     9.2936 [2.000]    10.4976 [2.000]    15.9523 [0.000]    16.0876 [0.000]    16.6304 [0.000]
[kpt   4  -1   5]    17.3440 [0.000]    17.7092 [0.000]    18.6054 [0.000]    18.8973 [0.000]    20.3512 [0.000]
[kpt   4  -1   6]    26.9541 [0.000]    34.8021 [0.000]




KOHN SHAM EIGENVALUES [eV] AT K-POINT [  5]:       0.375000      0.375000      0.375000

[kpt   5  -1   0]   -43.0121 [2.000]   -19.6164 [2.000]   -19.6158 [2.000]   -19.6157 [2.000]    -7.4735 [2.000]
[kpt   5  -1   1]    -7.3059 [2.000]    -7.3040 [2.000]    -1.2493 [2.000]    -1.2420 [2.000]    -1.2418 [2.000]
[kpt   5  -1   2]    -1.1520 [2.000]    -1.1509 [2.000]     4.8380 [2.000]     5.5281 [2.000]     5.5445 [2.000]
[kpt   5  -1   3]     5.5496 [2.000]     6.1067 [2.000]     6.1075 [2.000]     9.1464 [2.000]     9.2813 [2.000]
[kpt   5  -1   4]     9.2990 [2.000]     9.3000 [2.000]    16.4562 [0.000]    16.7416 [0.000]    16.7423 [0.000]
[kpt   5  -1   5]    18.0145 [0.000]    18.6907 [0.000]    18.6913 [0.000]    20.3415 [0.000]    20.3418 [0.000]
[kpt   5  -1   6]    27.6018 [0.000]    33.7309 [0.000]


WriteRestart: Restart file Waves/wave.out_init opened...
WriteData: total size of each of the 8 files = 0.7 Mb
WriteData: writing took 0.0 seconds, writing speed 80.059 Mbps 
WriteRestart: writing took 0.0 seconds 
Davidson converged in 4 steps
Davidson converged in 4 steps
Davidson converged in 4 steps
Davidson converged in 4 steps
Davidson converged in 4 steps
Davidson converged in 4 steps

FERMI ENERGY =     12.74639580 eV
@@ EIGENVALUE SUM     =       -4.355324 Ha
@@ ION_ION            =     -135.771323 Ha
@@ ELECTROSTATIC      =      -29.408670 Ha
@@ VXC                =      -31.835161 Ha
@@ EXC                =      -24.525261 Ha
@@ TOTAL ENERGY       =     -162.225418 Ha
@@ estimated error    =   ****************
Charge density mixing: Broyden
WriteRestart: Restart file Waves/wave.out opened...
WriteData: total size of each of the 8 files = 0.7 Mb
WriteData: writing took 0.0 seconds, writing speed 78.842 Mbps 
WriteRestart: writing took 0.0 seconds 


KOHN SHAM EIGENVALUES [eV] AT K-POINT [  0]:       0.125000      0.125000      0.125000

[kpt   0   0   0]   -43.0162 [2.000]   -19.5353 [2.000]   -19.5340 [2.000]   -19.5339 [2.000]    -8.5603 [2.000]
[kpt   0   0   1]    -7.7326 [2.000]    -7.7308 [2.000]    -1.2940 [2.000]    -1.2938 [2.000]    -1.2874 [2.000]
[kpt   0   0   2]    -1.2226 [2.000]    -1.2217 [2.000]     5.3329 [2.000]     6.2415 [2.000]     6.2421 [2.000]
[kpt   0   0   3]     7.1142 [2.000]     7.7055 [2.000]     7.7060 [2.000]     8.2010 [2.000]     8.2316 [2.000]
[kpt   0   0   4]     8.2326 [2.000]     9.2178 [2.000]    14.8899 [0.000]    14.9764 [0.000]    14.9766 [0.000]
[kpt   0   0   5]    17.4804 [0.000]    17.4806 [0.000]    18.6302 [0.000]    19.1474 [0.000]    19.1485 [0.000]
[kpt   0   0   6]    23.8515 [0.000]    23.8526 [0.000]




KOHN SHAM EIGENVALUES [eV] AT K-POINT [  1]:       0.125000      0.125000      0.375000

[kpt   1   0   0]   -43.0158 [2.000]   -19.6427 [2.000]   -19.5335 [2.000]   -19.5329 [2.000]    -8.2738 [2.000]
[kpt   1   0   1]    -7.6934 [2.000]    -7.4358 [2.000]    -1.3405 [2.000]    -1.3359 [2.000]    -1.2890 [2.000]
[kpt   1   0   2]    -1.2875 [2.000]    -1.1577 [2.000]     4.6646 [2.000]     5.6527 [2.000]     6.4515 [2.000]
[kpt   1   0   3]     6.6268 [2.000]     7.0623 [2.000]     7.6770 [2.000]     7.8059 [2.000]     8.3307 [2.000]
[kpt   1   0   4]     8.3814 [2.000]    10.5293 [2.000]    14.9478 [0.000]    15.7150 [0.000]    15.8664 [0.000]
[kpt   1   0   5]    16.2320 [0.000]    17.5040 [0.000]    18.5909 [0.000]    18.9722 [0.000]    19.2536 [0.000]
[kpt   1   0   6]    24.4603 [0.000]    25.6147 [0.000]




KOHN SHAM EIGENVALUES [eV] AT K-POINT [  2]:       0.125000      0.375000      0.125000

[kpt   2   0   0]   -43.0158 [2.000]   -19.6429 [2.000]   -19.5335 [2.000]   -19.5329 [2.000]    -8.2724 [2.000]
[kpt   2   0   1]    -7.6921 [2.000]    -7.4385 [2.000]    -1.3399 [2.000]    -1.3355 [2.000]    -1.2897 [2.000]
[kpt   2   0   2]    -1.2867 [2.000]    -1.1584 [2.000]     4.6632 [2.000]     5.6506 [2.000]     6.4512 [2.000]
[kpt   2   0   3]     6.6279 [2.000]     7.0621 [2.000]     7.6764 [2.000]     7.8067 [2.000]     8.3311 [2.000]
[kpt   2   0   4]     8.3819 [2.000]    10.5302 [2.000]    14.9484 [0.000]    15.7149 [0.000]    15.8659 [0.000]
[kpt   2   0   5]    16.2352 [0.000]    17.5043 [0.000]    18.5907 [0.000]    18.9723 [0.000]    19.2537 [0.000]
[kpt   2   0   6]    24.4605 [0.000]    25.6145 [0.000]




KOHN SHAM EIGENVALUES [eV] AT K-POINT [  3]:       0.125000      0.375000      0.375000

[kpt   3   0   0]   -43.0154 [2.000]   -19.6413 [2.000]   -19.6401 [2.000]   -19.5321 [2.000]    -8.0132 [2.000]
[kpt   3   0   1]    -7.4232 [2.000]    -7.3669 [2.000]    -1.3350 [2.000]    -1.3337 [2.000]    -1.2816 [2.000]
[kpt   3   0   2]    -1.2442 [2.000]    -1.1534 [2.000]     4.2719 [2.000]     5.5051 [2.000]     5.7658 [2.000]
[kpt   3   0   3]     6.4176 [2.000]     6.5759 [2.000]     7.1533 [2.000]     8.0899 [2.000]     8.1362 [2.000]
[kpt   3   0   4]     8.9588 [2.000]    10.3166 [2.000]    15.7484 [0.000]    15.9140 [0.000]    16.3856 [0.000]
[kpt   3   0   5]    17.1484 [0.000]    17.4478 [0.000]    18.1395 [0.000]    18.5381 [0.000]    19.9286 [0.000]
[kpt   3   0   6]    25.1710 [0.000]    25.5347 [0.000]




KOHN SHAM EIGENVALUES [eV] AT K-POINT [  4]:       0.375000      0.375000      0.125000

[kpt   4   0   0]   -43.0154 [2.000]   -19.6414 [2.000]   -19.6402 [2.000]   -19.5320 [2.000]    -8.0107 [2.000]
[kpt   4   0   1]    -7.4242 [2.000]    -7.3684 [2.000]    -1.3346 [2.000]    -1.3333 [2.000]    -1.2809 [2.000]
[kpt   4   0   2]    -1.2441 [2.000]    -1.1544 [2.000]     4.2683 [2.000]     5.5045 [2.000]     5.7651 [2.000]
[kpt   4   0   3]     6.4189 [2.000]     6.5768 [2.000]     7.1552 [2.000]     8.0913 [2.000]     8.1368 [2.000]
[kpt   4   0   4]     8.9573 [2.000]    10.3162 [2.000]    15.7487 [0.000]    15.9142 [0.000]    16.3851 [0.000]
[kpt   4   0   5]    17.1488 [0.000]    17.4485 [0.000]    18.1398 [0.000]    18.5401 [0.000]    19.9284 [0.000]
[kpt   4   0   6]    25.1716 [0.000]    25.5314 [0.000]




KOHN SHAM EIGENVALUES [eV] AT K-POINT [  5]:       0.375000      0.375000      0.375000

[kpt   5   0   0]   -43.0151 [2.000]   -19.6401 [2.000]   -19.6387 [2.000]   -19.6386 [2.000]    -7.5232 [2.000]
[kpt   5   0   1]    -7.3694 [2.000]    -7.3674 [2.000]    -1.2576 [2.000]    -1.2522 [2.000]    -1.2519 [2.000]
[kpt   5   0   2]    -1.1590 [2.000]    -1.1580 [2.000]     4.7076 [2.000]     5.3247 [2.000]     5.3964 [2.000]
[kpt   5   0   3]     5.3968 [2.000]     5.8611 [2.000]     5.8619 [2.000]     8.9454 [2.000]     8.9478 [2.000]
[kpt   5   0   4]     8.9531 [2.000]     8.9931 [2.000]    16.2925 [0.000]    16.5748 [0.000]    16.5770 [0.000]
[kpt   5   0   5]    17.7194 [0.000]    18.4540 [0.000]    18.4553 [0.000]    19.9146 [0.000]    19.9169 [0.000]
[kpt   5   0   6]    24.1566 [0.000]    24.6032 [0.000]



Total charge in supercell =      44.00000000
 quench: [md:   0/100  scf:   0/20  step time:   2.30  scf time:     2.31 secs  RMS[dV]: ******** ]


average potential <V> = 3.26e-03
Davidson converged in 2 steps
Davidson converged in 2 steps
Davidson converged in 2 steps
Davidson converged in 2 steps
Davidson converged in 2 steps
Davidson converged in 3 steps

FERMI ENERGY =     12.56674981 eV
@@ EIGENVALUE SUM     =       -3.997374 Ha
@@ ION_ION            =     -135.771323 Ha
@@ ELECTROSTATIC      =      -29.643936 Ha
@@ VXC                =      -31.995461 Ha
@@ EXC                =      -24.650754 Ha
@@ TOTAL ENERGY       =     -162.067926 Ha
@@ estimated error    =        7.01e-01 Ha
Charge density mixing: Broyden
 quench: [md:   0/100  scf:   1/20  step time:   1.29  scf time:     3.60 secs  RMS[dV]: 1.29e-01 ]


average potential <V> = 2.28e-03
Davidson converged in 2 steps
Davidson converged in 2 steps
Davidson converged in 2 steps
Davidson converged in 2 steps
Davidson converged in 2 steps
Davidson converged in 2 steps

FERMI ENERGY =     12.55897853 eV
@@ EIGENVALUE SUM     =       -3.793155 Ha
@@ ION_ION            =     -135.771323 Ha
@@ ELECTROSTATIC      =      -29.842435 Ha
@@ VXC                =      -32.089933 Ha
@@ EXC                =      -24.722336 Ha
@@ TOTAL ENERGY       =     -162.039317 Ha
@@ estimated error    =        1.24e-01 Ha
Charge density mixing: Broyden
 quench: [md:   0/100  scf:   2/20  step time:   1.23  scf time:     4.83 secs  RMS[dV]: 5.45e-02 ]


average potential <V> = 2.64e-03
Davidson converged in 2 steps
Davidson converged in 2 steps
Davidson converged in 2 steps
Davidson converged in 2 steps
Davidson converged in 2 steps
Davidson converged in 2 steps

FERMI ENERGY =     12.83577663 eV
@@ EIGENVALUE SUM     =       -3.601555 Ha
@@ ION_ION            =     -135.771323 Ha
@@ ELECTROSTATIC      =      -30.041286 Ha
@@ VXC                =      -32.082419 Ha
@@ EXC                =      -24.709831 Ha
@@ TOTAL ENERGY       =     -162.041576 Ha
@@ estimated error    =        2.59e-02 Ha
Charge density mixing: Broyden
 quench: [md:   0/100  scf:   3/20  step time:   1.27  scf time:     6.10 secs  RMS[dV]: 1.92e-02 ]


average potential <V> = 5.96e-04
Davidson converged in 1 steps
Davidson converged in 1 steps
Davidson converged in 1 steps
Davidson converged in 1 steps
Davidson converged in 1 steps
Davidson converged in 1 steps

FERMI ENERGY =     12.78767132 eV
@@ EIGENVALUE SUM     =       -3.588435 Ha
@@ ION_ION            =     -135.771323 Ha
@@ ELECTROSTATIC      =      -30.051474 Ha
@@ VXC                =      -32.105887 Ha
@@ EXC                =      -24.728297 Ha
@@ TOTAL ENERGY       =     -162.033642 Ha
@@ estimated error    =        4.96e-02 Ha
Charge density mixing: Broyden
 quench: [md:   0/100  scf:   4/20  step time:   0.79  scf time:     6.89 secs  RMS[dV]: 3.92e-02 ]


average potential <V> = 1.27e-03
Davidson converged in 2 steps
Davidson converged in 2 steps
Davidson converged in 2 steps
Davidson converged in 2 steps
Davidson converged in 2 steps
Davidson converged in 2 steps

FERMI ENERGY =     13.13250303 eV
@@ EIGENVALUE SUM     =       -3.744464 Ha
@@ ION_ION            =     -135.771323 Ha
@@ ELECTROSTATIC      =      -29.894013 Ha
@@ VXC                =      -32.107810 Ha
@@ EXC                =      -24.730164 Ha
@@ TOTAL ENERGY       =     -162.032154 Ha
@@ estimated error    =        1.51e-02 Ha
Charge density mixing: Broyden


KOHN SHAM EIGENVALUES [eV] AT K-POINT [  0]:       0.125000      0.125000      0.125000

[kpt   0   5   0]   -45.1546 [2.000]   -21.3204 [2.000]   -21.3198 [2.000]   -21.3193 [2.000]    -6.1058 [2.000]
[kpt   0   5   1]    -5.0880 [2.000]    -5.0841 [2.000]    -3.2707 [2.000]    -3.2701 [2.000]    -3.2619 [2.000]
[kpt   0   5   2]    -3.1370 [2.000]    -3.1359 [2.000]     5.4960 [2.000]     8.1083 [2.000]     8.1092 [2.000]
[kpt   0   5   3]     8.8031 [2.000]     9.9220 [2.000]     9.9225 [2.000]    10.6913 [2.000]    10.7008 [2.000]
[kpt   0   5   4]    10.7015 [2.000]    10.8461 [2.000]    14.1559 [0.000]    14.1639 [0.000]    14.1639 [0.000]
[kpt   0   5   5]    16.5651 [0.000]    16.5659 [0.000]    18.2061 [0.000]    19.1067 [0.000]    19.1103 [0.000]
[kpt   0   5   6]    23.7514 [0.000]    23.7538 [0.000]




KOHN SHAM EIGENVALUES [eV] AT K-POINT [  1]:       0.125000      0.125000      0.375000

[kpt   1   5   0]   -45.1549 [2.000]   -21.3740 [2.000]   -21.3201 [2.000]   -21.3199 [2.000]    -5.7358 [2.000]
[kpt   1   5   1]    -4.9991 [2.000]    -4.9122 [2.000]    -3.3040 [2.000]    -3.2760 [2.000]    -3.2637 [2.000]
[kpt   1   5   2]    -3.2249 [2.000]    -3.1039 [2.000]     4.8156 [2.000]     7.5584 [2.000]     8.1861 [2.000]
[kpt   1   5   3]     8.6363 [2.000]     9.1895 [2.000]     9.5515 [2.000]    10.1088 [2.000]    10.7772 [2.000]
[kpt   1   5   4]    10.8738 [2.000]    11.6606 [2.000]    14.0912 [0.000]    15.2415 [0.000]    15.2836 [0.000]
[kpt   1   5   5]    16.1360 [0.000]    16.5543 [0.000]    18.1638 [0.000]    18.3446 [0.000]    18.8921 [0.000]
[kpt   1   5   6]    24.5960 [0.000]    25.8615 [0.000]




KOHN SHAM EIGENVALUES [eV] AT K-POINT [  2]:       0.125000      0.375000      0.125000

[kpt   2   5   0]   -45.1549 [2.000]   -21.3747 [2.000]   -21.3200 [2.000]   -21.3194 [2.000]    -5.7336 [2.000]
[kpt   2   5   1]    -4.9967 [2.000]    -4.9172 [2.000]    -3.3036 [2.000]    -3.2753 [2.000]    -3.2647 [2.000]
[kpt   2   5   2]    -3.2247 [2.000]    -3.1034 [2.000]     4.8138 [2.000]     7.5551 [2.000]     8.1847 [2.000]
[kpt   2   5   3]     8.6388 [2.000]     9.1903 [2.000]     9.5495 [2.000]    10.1108 [2.000]    10.7764 [2.000]
[kpt   2   5   4]    10.8765 [2.000]    11.6617 [2.000]    14.0928 [0.000]    15.2399 [0.000]    15.2825 [0.000]
[kpt   2   5   5]    16.1407 [0.000]    16.5550 [0.000]    18.1638 [0.000]    18.3444 [0.000]    18.8916 [0.000]
[kpt   2   5   6]    24.5950 [0.000]    25.8589 [0.000]




KOHN SHAM EIGENVALUES [eV] AT K-POINT [  3]:       0.125000      0.375000      0.375000

[kpt   3   5   0]   -45.1552 [2.000]   -21.3745 [2.000]   -21.3733 [2.000]   -21.3201 [2.000]    -5.4904 [2.000]
[kpt   3   5   1]    -4.8579 [2.000]    -4.7961 [2.000]    -3.2821 [2.000]    -3.2710 [2.000]    -3.2376 [2.000]
[kpt   3   5   2]    -3.1466 [2.000]    -3.0835 [2.000]     4.4933 [2.000]     7.5454 [2.000]     7.5987 [2.000]
[kpt   3   5   3]     8.0398 [2.000]     8.3107 [2.000]     9.4059 [2.000]    10.2339 [2.000]    10.2966 [2.000]
[kpt   3   5   4]    10.8607 [2.000]    11.5721 [2.000]    15.0904 [0.000]    15.1965 [0.000]    15.7283 [0.000]
[kpt   3   5   5]    17.0275 [0.000]    17.3819 [0.000]    17.8474 [0.000]    18.1942 [0.000]    19.5206 [0.000]
[kpt   3   5   6]    25.4412 [0.000]    25.8994 [0.000]




KOHN SHAM EIGENVALUES [eV] AT K-POINT [  4]:       0.375000      0.375000      0.125000

[kpt   4   5   0]   -45.1552 [2.000]   -21.3747 [2.000]   -21.3738 [2.000]   -21.3194 [2.000]    -5.4859 [2.000]
[kpt   4   5   1]    -4.8598 [2.000]    -4.7995 [2.000]    -3.2817 [2.000]    -3.2705 [2.000]    -3.2371 [2.000]
[kpt   4   5   2]    -3.1464 [2.000]    -3.0837 [2.000]     4.4897 [2.000]     7.5450 [2.000]     7.5971 [2.000]
[kpt   4   5   3]     8.0413 [2.000]     8.3120 [2.000]     9.4091 [2.000]    10.2361 [2.000]    10.2968 [2.000]
[kpt   4   5   4]    10.8611 [2.000]    11.5690 [2.000]    15.0908 [0.000]    15.1968 [0.000]    15.7262 [0.000]
[kpt   4   5   5]    17.0292 [0.000]    17.3827 [0.000]    17.8488 [0.000]    18.1954 [0.000]    19.5198 [0.000]
[kpt   4   5   6]    25.4392 [0.000]    25.9004 [0.000]




KOHN SHAM EIGENVALUES [eV] AT K-POINT [  5]:       0.375000      0.375000      0.375000

[kpt   5   5   0]   -45.1556 [2.000]   -21.3746 [2.000]   -21.3736 [2.000]   -21.3731 [2.000]    -5.0866 [2.000]
[kpt   5   5   1]    -4.9122 [2.000]    -4.9085 [2.000]    -3.1947 [2.000]    -3.1943 [2.000]    -3.0657 [2.000]
[kpt   5   5   2]    -3.0258 [2.000]    -3.0257 [2.000]     5.1074 [2.000]     6.8500 [2.000]     6.8532 [2.000]
[kpt   5   5   3]     7.4572 [2.000]     7.7424 [2.000]     7.7440 [2.000]     8.8495 [2.000]    11.5390 [2.000]
[kpt   5   5   4]    11.5419 [2.000]    11.5885 [2.000]    15.2665 [0.000]    15.5313 [0.000]    15.5329 [0.000]
[kpt   5   5   5]    18.0953 [0.000]    18.8932 [0.000]    18.8932 [0.000]    19.5065 [0.000]    19.5068 [0.000]
[kpt   5   5   6]    24.6539 [0.000]    24.9565 [0.000]



Total charge in supercell =      44.00000000
 quench: [md:   0/100  scf:   5/20  step time:   1.13  scf time:     8.02 secs  RMS[dV]: 1.59e-02 ]


average potential <V> = 2.49e-04
Davidson converged in 1 steps
Davidson converged in 1 steps
Davidson converged in 1 steps
Davidson converged in 1 steps
Davidson converged in 1 steps
Davidson converged in 1 steps

FERMI ENERGY =     12.60023788 eV
@@ EIGENVALUE SUM     =       -3.708689 Ha
@@ ION_ION            =     -135.771323 Ha
@@ ELECTROSTATIC      =      -29.929923 Ha
@@ VXC                =      -32.111714 Ha
@@ EXC                =      -24.732902 Ha
@@ TOTAL ENERGY       =     -162.031123 Ha
@@ estimated error    =        7.62e-03 Ha
Charge density mixing: Broyden
 quench: [md:   0/100  scf:   6/20  step time:   0.79  scf time:     8.82 secs  RMS[dV]: 1.69e-02 ]


average potential <V> = 2.64e-04
Davidson converged in 1 steps
Davidson converged in 1 steps
Davidson converged in 1 steps
Davidson converged in 2 steps
Davidson converged in 2 steps
Davidson converged in 2 steps

FERMI ENERGY =     12.63564765 eV
@@ EIGENVALUE SUM     =       -3.665151 Ha
@@ ION_ION            =     -135.771323 Ha
@@ ELECTROSTATIC      =      -29.974013 Ha
@@ VXC                =      -32.115674 Ha
@@ EXC                =      -24.735771 Ha
@@ TOTAL ENERGY       =     -162.030583 Ha
@@ estimated error    =        2.76e-03 Ha
Charge density mixing: Broyden
 quench: [md:   0/100  scf:   7/20  step time:   0.97  scf time:     9.79 secs  RMS[dV]: 8.74e-03 ]


average potential <V> = 9.13e-05
Davidson converged in 3 steps
Davidson converged in 5 steps
Davidson converged in 5 steps
Davidson converged in 6 steps
Davidson converged in 6 steps
Davidson converged in 3 steps

FERMI ENERGY =     12.60424210 eV
@@ EIGENVALUE SUM     =       -3.646382 Ha
@@ ION_ION            =     -135.771323 Ha
@@ ELECTROSTATIC      =      -29.993980 Ha
@@ VXC                =      -32.120745 Ha
@@ EXC                =      -24.739653 Ha
@@ TOTAL ENERGY       =     -162.030593 Ha
@@ estimated error    =        3.72e-05 Ha
Charge density mixing: Broyden
 quench: [md:   0/100  scf:   8/20  step time:   1.99  scf time:    11.78 secs  RMS[dV]: 9.45e-04 ]


average potential <V> = 1.18e-06
Davidson converged in 1 steps
Davidson converged in 1 steps
Davidson converged in 1 steps
Davidson converged in 1 steps
Davidson converged in 1 steps
Davidson converged in 1 steps

FERMI ENERGY =     12.60411610 eV
@@ EIGENVALUE SUM     =       -3.646199 Ha
@@ ION_ION            =     -135.771323 Ha
@@ ELECTROSTATIC      =      -29.994173 Ha
@@ VXC                =      -32.120790 Ha
@@ EXC                =      -24.739689 Ha
@@ TOTAL ENERGY       =     -162.030594 Ha
@@ estimated error    =        4.19e-05 Ha
Charge density mixing: Broyden
 quench: [md:   0/100  scf:   9/20  step time:   0.77  scf time:    12.55 secs  RMS[dV]: 1.30e-03 ]


average potential <V> = 2.63e-05
Davidson converged in 1 steps
Davidson converged in 1 steps
Davidson converged in 1 steps
Davidson converged in 1 steps
Davidson converged in 1 steps
Davidson converged in 1 steps

FERMI ENERGY =     12.60158684 eV
@@ EIGENVALUE SUM     =       -3.646880 Ha
@@ ION_ION            =     -135.771323 Ha
@@ ELECTROSTATIC      =      -29.993702 Ha
@@ VXC                =      -32.121880 Ha
@@ EXC                =      -24.740580 Ha
@@ TOTAL ENERGY       =     -162.030605 Ha
@@ estimated error    =        4.24e-05 Ha
Charge density mixing: Broyden


KOHN SHAM EIGENVALUES [eV] AT K-POINT [  0]:       0.125000      0.125000      0.125000

[kpt   0  10   0]   -44.6216 [2.000]   -20.8478 [2.000]   -20.8471 [2.000]   -20.8467 [2.000]    -6.1246 [2.000]
[kpt   0  10   1]    -5.1157 [2.000]    -5.1120 [2.000]    -3.3846 [2.000]    -3.3840 [2.000]    -3.3756 [2.000]
[kpt   0  10   2]    -3.2468 [2.000]    -3.2457 [2.000]     5.4330 [2.000]     8.1168 [2.000]     8.1176 [2.000]
[kpt   0  10   3]     8.8087 [2.000]     9.9255 [2.000]     9.9260 [2.000]    10.6470 [2.000]    10.6904 [2.000]
[kpt   0  10   4]    10.6920 [2.000]    10.8494 [2.000]    14.4582 [0.000]    14.4790 [0.000]    14.4796 [0.000]
[kpt   0  10   5]    16.9184 [0.000]    16.9192 [0.000]    18.1528 [0.000]    19.0443 [0.000]    19.0479 [0.000]
[kpt   0  10   6]    23.7173 [0.000]    23.7198 [0.000]




KOHN SHAM EIGENVALUES [eV] AT K-POINT [  1]:       0.125000      0.125000      0.375000

[kpt   1  10   0]   -44.6218 [2.000]   -20.9057 [2.000]   -20.8474 [2.000]   -20.8471 [2.000]    -5.7554 [2.000]
[kpt   1  10   1]    -5.0241 [2.000]    -4.9349 [2.000]    -3.4184 [2.000]    -3.3886 [2.000]    -3.3774 [2.000]
[kpt   1  10   2]    -3.3361 [2.000]    -3.2148 [2.000]     4.7568 [2.000]     7.6403 [2.000]     8.1953 [2.000]
[kpt   1  10   3]     8.6420 [2.000]     9.2216 [2.000]     9.5582 [2.000]    10.1235 [2.000]    10.7359 [2.000]
[kpt   1  10   4]    10.8517 [2.000]    11.6248 [2.000]    14.3963 [0.000]    15.5515 [0.000]    15.5554 [0.000]
[kpt   1  10   5]    16.1052 [0.000]    16.9090 [0.000]    18.1225 [0.000]    18.6573 [0.000]    18.8322 [0.000]
[kpt   1  10   6]    24.5658 [0.000]    25.8071 [0.000]




KOHN SHAM EIGENVALUES [eV] AT K-POINT [  2]:       0.125000      0.375000      0.125000

[kpt   2  10   0]   -44.6218 [2.000]   -20.9063 [2.000]   -20.8473 [2.000]   -20.8466 [2.000]    -5.7533 [2.000]
[kpt   2  10   1]    -5.0218 [2.000]    -4.9396 [2.000]    -3.4180 [2.000]    -3.3880 [2.000]    -3.3784 [2.000]
[kpt   2  10   2]    -3.3359 [2.000]    -3.2142 [2.000]     4.7551 [2.000]     7.6371 [2.000]     8.1939 [2.000]
[kpt   2  10   3]     8.6444 [2.000]     9.2223 [2.000]     9.5563 [2.000]    10.1254 [2.000]    10.7350 [2.000]
[kpt   2  10   4]    10.8543 [2.000]    11.6258 [2.000]    14.3979 [0.000]    15.5493 [0.000]    15.5553 [0.000]
[kpt   2  10   5]    16.1100 [0.000]    16.9096 [0.000]    18.1226 [0.000]    18.6570 [0.000]    18.8318 [0.000]
[kpt   2  10   6]    24.5648 [0.000]    25.8039 [0.000]




KOHN SHAM EIGENVALUES [eV] AT K-POINT [  3]:       0.125000      0.375000      0.375000

[kpt   3  10   0]   -44.6220 [2.000]   -20.9059 [2.000]   -20.9048 [2.000]   -20.8472 [2.000]    -5.5158 [2.000]
[kpt   3  10   1]    -4.8794 [2.000]    -4.8170 [2.000]    -3.3961 [2.000]    -3.3836 [2.000]    -3.3498 [2.000]
[kpt   3  10   2]    -3.2599 [2.000]    -3.1898 [2.000]     4.4441 [2.000]     7.6087 [2.000]     7.6827 [2.000]
[kpt   3  10   3]     8.0418 [2.000]     8.3247 [2.000]     9.4385 [2.000]    10.2405 [2.000]    10.2798 [2.000]
[kpt   3  10   4]    10.8306 [2.000]    11.5228 [2.000]    15.3593 [0.000]    15.4935 [0.000]    16.0155 [0.000]
[kpt   3  10   5]    17.0592 [0.000]    17.6881 [0.000]    17.7949 [0.000]    18.1368 [0.000]    19.8251 [0.000]
[kpt   3  10   6]    25.4224 [0.000]    25.7975 [0.000]




KOHN SHAM EIGENVALUES [eV] AT K-POINT [  4]:       0.375000      0.375000      0.125000

[kpt   4  10   0]   -44.6220 [2.000]   -20.9061 [2.000]   -20.9052 [2.000]   -20.8466 [2.000]    -5.5115 [2.000]
[kpt   4  10   1]    -4.8813 [2.000]    -4.8204 [2.000]    -3.3957 [2.000]    -3.3831 [2.000]    -3.3493 [2.000]
[kpt   4  10   2]    -3.2597 [2.000]    -3.1901 [2.000]     4.4405 [2.000]     7.6083 [2.000]     7.6816 [2.000]
[kpt   4  10   3]     8.0432 [2.000]     8.3259 [2.000]     9.4415 [2.000]    10.2436 [2.000]    10.2791 [2.000]
[kpt   4  10   4]    10.8308 [2.000]    11.5198 [2.000]    15.3598 [0.000]    15.4939 [0.000]    16.0135 [0.000]
[kpt   4  10   5]    17.0606 [0.000]    17.6893 [0.000]    17.7958 [0.000]    18.1381 [0.000]    19.8244 [0.000]
[kpt   4  10   6]    25.4208 [0.000]    25.7977 [0.000]




KOHN SHAM EIGENVALUES [eV] AT K-POINT [  5]:       0.375000      0.375000      0.375000

[kpt   5  10   0]   -44.6223 [2.000]   -20.9059 [2.000]   -20.9049 [2.000]   -20.9044 [2.000]    -5.1126 [2.000]
[kpt   5  10   1]    -4.9410 [2.000]    -4.9374 [2.000]    -3.3107 [2.000]    -3.3103 [2.000]    -3.1699 [2.000]
[kpt   5  10   2]    -3.1285 [2.000]    -3.1284 [2.000]     5.0597 [2.000]     6.8536 [2.000]     6.8568 [2.000]
[kpt   5  10   3]     7.4999 [2.000]     7.8473 [2.000]     7.8488 [2.000]     8.8213 [2.000]    11.4913 [2.000]
[kpt   5  10   4]    11.4940 [2.000]    11.5387 [2.000]    15.5474 [0.000]    15.8613 [0.000]    15.8625 [0.000]
[kpt   5  10   5]    18.0871 [0.000]    18.8389 [0.000]    18.8391 [0.000]    19.8081 [0.000]    19.8090 [0.000]
[kpt   5  10   6]    24.6742 [0.000]    24.9857 [0.000]



Total charge in supercell =      44.00000000
 quench: [md:   0/100  scf:  10/20  step time:   0.86  scf time:    13.41 secs  RMS[dV]: 1.11e-03 ]


average potential <V> = 1.19e-05
Davidson converged in 2 steps
Davidson converged in 2 steps
Davidson converged in 2 steps
Davidson converged in 2 steps
Davidson converged in 2 steps
Davidson converged in 3 steps

FERMI ENERGY =     12.59988591 eV
@@ EIGENVALUE SUM     =       -3.649043 Ha
@@ ION_ION            =     -135.771323 Ha
@@ ELECTROSTATIC      =      -29.991440 Ha
@@ VXC                =      -32.121498 Ha
@@ EXC                =      -24.740305 Ha
@@ TOTAL ENERGY       =     -162.030613 Ha
@@ estimated error    =        2.19e-06 Ha
Charge density mixing: Broyden
 quench: [md:   0/100  scf:  11/20  step time:   1.17  scf time:    14.58 secs  RMS[dV]: 2.60e-04 ]


average potential <V> = 2.09e-06
Davidson converged in 2 steps
Davidson converged in 3 steps
Davidson converged in 3 steps
Davidson converged in 3 steps
Davidson converged in 3 steps
Davidson converged in 3 steps

FERMI ENERGY =     12.59965064 eV
@@ EIGENVALUE SUM     =       -3.649838 Ha
@@ ION_ION            =     -135.771323 Ha
@@ ELECTROSTATIC      =      -29.990599 Ha
@@ VXC                =      -32.121280 Ha
@@ EXC                =      -24.740132 Ha
@@ TOTAL ENERGY       =     -162.030612 Ha
@@ estimated error    =        1.49e-07 Ha
Charge density mixing: Broyden
 quench: [md:   0/100  scf:  12/20  step time:   1.43  scf time:    16.01 secs  RMS[dV]: 5.43e-05 ]


average potential <V> = 1.72e-06
Davidson converged in 2 steps
Davidson converged in 2 steps
Davidson converged in 2 steps
Davidson converged in 2 steps
Davidson converged in 2 steps
Davidson converged in 2 steps

FERMI ENERGY =     12.59959180 eV
@@ EIGENVALUE SUM     =       -3.650504 Ha
@@ ION_ION            =     -135.771323 Ha
@@ ELECTROSTATIC      =      -29.989891 Ha
@@ VXC                =      -32.121070 Ha
@@ EXC                =      -24.739963 Ha
@@ TOTAL ENERGY       =     -162.030610 Ha
@@ estimated error    =        5.73e-08 Ha
Charge density mixing: Broyden
 quench: [md:   0/100  scf:  13/20  step time:   1.14  scf time:    17.15 secs  RMS[dV]: 2.56e-05 ]


average potential <V> = 4.55e-07
Davidson converged in 2 steps
Davidson converged in 2 steps
Davidson converged in 2 steps
Davidson converged in 2 steps
Davidson converged in 2 steps
Davidson converged in 2 steps

FERMI ENERGY =     12.59955726 eV
@@ EIGENVALUE SUM     =       -3.650335 Ha
@@ ION_ION            =     -135.771323 Ha
@@ ELECTROSTATIC      =      -29.990071 Ha
@@ VXC                =      -32.121128 Ha
@@ EXC                =      -24.740010 Ha
@@ TOTAL ENERGY       =     -162.030611 Ha
@@ estimated error    =        3.02e-09 Ha
Charge density mixing: Broyden
 quench: [md:   0/100  scf:  14/20  step time:   1.36  scf time:    18.52 secs  RMS[dV]: 9.62e-06 ]


average potential <V> = 1.03e-06
Davidson converged in 2 steps
Davidson converged in 2 steps
Davidson converged in 2 steps
Davidson converged in 2 steps
Davidson converged in 2 steps
Davidson converged in 2 steps

FERMI ENERGY =     12.59953034 eV
@@ EIGENVALUE SUM     =       -3.650776 Ha
@@ ION_ION            =     -135.771323 Ha
@@ ELECTROSTATIC      =      -29.989599 Ha
@@ VXC                =      -32.120974 Ha
@@ EXC                =      -24.739887 Ha
@@ TOTAL ENERGY       =     -162.030611 Ha
@@ estimated error    =        1.02e-08 Ha
Charge density mixing: Broyden


KOHN SHAM EIGENVALUES [eV] AT K-POINT [  0]:       0.125000      0.125000      0.125000

[kpt   0  15   0]   -44.6336 [2.000]   -20.8581 [2.000]   -20.8575 [2.000]   -20.8570 [2.000]    -6.1265 [2.000]
[kpt   0  15   1]    -5.1176 [2.000]    -5.1138 [2.000]    -3.3818 [2.000]    -3.3812 [2.000]    -3.3728 [2.000]
[kpt   0  15   2]    -3.2443 [2.000]    -3.2433 [2.000]     5.4345 [2.000]     8.1149 [2.000]     8.1157 [2.000]
[kpt   0  15   3]     8.8069 [2.000]     9.9233 [2.000]     9.9239 [2.000]    10.6456 [2.000]    10.6881 [2.000]
[kpt   0  15   4]    10.6897 [2.000]    10.8472 [2.000]    14.4514 [0.000]    14.4721 [0.000]    14.4727 [0.000]
[kpt   0  15   5]    16.9102 [0.000]    16.9110 [0.000]    18.1542 [0.000]    19.0456 [0.000]    19.0492 [0.000]
[kpt   0  15   6]    23.7188 [0.000]    23.7213 [0.000]




KOHN SHAM EIGENVALUES [eV] AT K-POINT [  1]:       0.125000      0.125000      0.375000

[kpt   1  15   0]   -44.6338 [2.000]   -20.9160 [2.000]   -20.8577 [2.000]   -20.8575 [2.000]    -5.7574 [2.000]
[kpt   1  15   1]    -5.0262 [2.000]    -4.9368 [2.000]    -3.4155 [2.000]    -3.3859 [2.000]    -3.3747 [2.000]
[kpt   1  15   2]    -3.3335 [2.000]    -3.2123 [2.000]     4.7581 [2.000]     7.6366 [2.000]     8.1937 [2.000]
[kpt   1  15   3]     8.6400 [2.000]     9.2188 [2.000]     9.5565 [2.000]    10.1209 [2.000]    10.7344 [2.000]
[kpt   1  15   4]    10.8496 [2.000]    11.6239 [2.000]    14.3897 [0.000]    15.5445 [0.000]    15.5491 [0.000]
[kpt   1  15   5]    16.1060 [0.000]    16.9008 [0.000]    18.1237 [0.000]    18.6497 [0.000]    18.8336 [0.000]
[kpt   1  15   6]    24.5670 [0.000]    25.8073 [0.000]




KOHN SHAM EIGENVALUES [eV] AT K-POINT [  2]:       0.125000      0.375000      0.125000

[kpt   2  15   0]   -44.6338 [2.000]   -20.9166 [2.000]   -20.8576 [2.000]   -20.8570 [2.000]    -5.7553 [2.000]
[kpt   2  15   1]    -5.0238 [2.000]    -4.9416 [2.000]    -3.4152 [2.000]    -3.3852 [2.000]    -3.3756 [2.000]
[kpt   2  15   2]    -3.3333 [2.000]    -3.2117 [2.000]     4.7564 [2.000]     7.6334 [2.000]     8.1923 [2.000]
[kpt   2  15   3]     8.6424 [2.000]     9.2195 [2.000]     9.5546 [2.000]    10.1228 [2.000]    10.7335 [2.000]
[kpt   2  15   4]    10.8523 [2.000]    11.6249 [2.000]    14.3913 [0.000]    15.5423 [0.000]    15.5489 [0.000]
[kpt   2  15   5]    16.1107 [0.000]    16.9014 [0.000]    18.1237 [0.000]    18.6493 [0.000]    18.8331 [0.000]
[kpt   2  15   6]    24.5660 [0.000]    25.8041 [0.000]




KOHN SHAM EIGENVALUES [eV] AT K-POINT [  3]:       0.125000      0.375000      0.375000

[kpt   3  15   0]   -44.6340 [2.000]   -20.9162 [2.000]   -20.9150 [2.000]   -20.8575 [2.000]    -5.5176 [2.000]
[kpt   3  15   1]    -4.8814 [2.000]    -4.8190 [2.000]    -3.3933 [2.000]    -3.3809 [2.000]    -3.3471 [2.000]
[kpt   3  15   2]    -3.2572 [2.000]    -3.1875 [2.000]     4.4452 [2.000]     7.6053 [2.000]     7.6792 [2.000]
[kpt   3  15   3]     8.0405 [2.000]     8.3228 [2.000]     9.4355 [2.000]    10.2385 [2.000]    10.2782 [2.000]
[kpt   3  15   4]    10.8300 [2.000]    11.5212 [2.000]    15.3534 [0.000]    15.4868 [0.000]    16.0091 [0.000]
[kpt   3  15   5]    17.0583 [0.000]    17.6806 [0.000]    17.7956 [0.000]    18.1381 [0.000]    19.8174 [0.000]
[kpt   3  15   6]    25.4214 [0.000]    25.7967 [0.000]




KOHN SHAM EIGENVALUES [eV] AT K-POINT [  4]:       0.375000      0.375000      0.125000

[kpt   4  15   0]   -44.6340 [2.000]   -20.9164 [2.000]   -20.9154 [2.000]   -20.8569 [2.000]    -5.5132 [2.000]
[kpt   4  15   1]    -4.8833 [2.000]    -4.8224 [2.000]    -3.3929 [2.000]    -3.3804 [2.000]    -3.3466 [2.000]
[kpt   4  15   2]    -3.2570 [2.000]    -3.1878 [2.000]     4.4416 [2.000]     7.6049 [2.000]     7.6780 [2.000]
[kpt   4  15   3]     8.0419 [2.000]     8.3240 [2.000]     9.4386 [2.000]    10.2416 [2.000]    10.2774 [2.000]
[kpt   4  15   4]    10.8302 [2.000]    11.5182 [2.000]    15.3539 [0.000]    15.4871 [0.000]    16.0071 [0.000]
[kpt   4  15   5]    17.0598 [0.000]    17.6818 [0.000]    17.7966 [0.000]    18.1394 [0.000]    19.8167 [0.000]
[kpt   4  15   6]    25.4198 [0.000]    25.7969 [0.000]




KOHN SHAM EIGENVALUES [eV] AT K-POINT [  5]:       0.375000      0.375000      0.375000

[kpt   5  15   0]   -44.6343 [2.000]   -20.9162 [2.000]   -20.9152 [2.000]   -20.9147 [2.000]    -5.1142 [2.000]
[kpt   5  15   1]    -4.9426 [2.000]    -4.9390 [2.000]    -3.3078 [2.000]    -3.3074 [2.000]    -3.1677 [2.000]
[kpt   5  15   2]    -3.1265 [2.000]    -3.1264 [2.000]     5.0608 [2.000]     6.8525 [2.000]     6.8557 [2.000]
[kpt   5  15   3]     7.4968 [2.000]     7.8430 [2.000]     7.8447 [2.000]     8.8214 [2.000]    11.4897 [2.000]
[kpt   5  15   4]    11.4925 [2.000]    11.5371 [2.000]    15.5417 [0.000]    15.8543 [0.000]    15.8555 [0.000]
[kpt   5  15   5]    18.0865 [0.000]    18.8395 [0.000]    18.8396 [0.000]    19.8004 [0.000]    19.8013 [0.000]
[kpt   5  15   6]    24.6734 [0.000]    24.9842 [0.000]



Total charge in supercell =      44.00000000
 quench: [md:   0/100  scf:  15/20  step time:   1.18  scf time:    19.70 secs  RMS[dV]: 1.26e-05 ]


average potential <V> = 4.26e-07
Davidson converged in 2 steps
Davidson converged in 2 steps
Davidson converged in 2 steps
Davidson converged in 2 steps
Davidson converged in 2 steps
Davidson converged in 2 steps

FERMI ENERGY =     12.59954014 eV
@@ EIGENVALUE SUM     =       -3.650661 Ha
@@ ION_ION            =     -135.771323 Ha
@@ ELECTROSTATIC      =      -29.989721 Ha
@@ VXC                =      -32.121008 Ha
@@ EXC                =      -24.739915 Ha
@@ TOTAL ENERGY       =     -162.030612 Ha
@@ estimated error    =        2.51e-09 Ha
Charge density mixing: Broyden
 quench: [md:   0/100  scf:  16/20  step time:   1.26  scf time:    20.96 secs  RMS[dV]: 3.96e-06 ]



 Convergence criterion reached: Energy variation (5.07e-11) is lower than threshold (1.00e-09)

potential convergence has been achieved. stopping ...

[   0  17   17       23 ] common_prototypes1.h: 
final total energy from eig sum =    -162.03061185 Ha


KOHN SHAM EIGENVALUES [eV] AT K-POINT [  0]:       0.125000      0.125000      0.125000

[kpt   0  17   0]   -44.6335 [2.000]   -20.8580 [2.000]   -20.8574 [2.000]   -20.8569 [2.000]    -6.1265 [2.000]
[kpt   0  17   1]    -5.1175 [2.000]    -5.1136 [2.000]    -3.3818 [2.000]    -3.3812 [2.000]    -3.3728 [2.000]
[kpt   0  17   2]    -3.2443 [2.000]    -3.2432 [2.000]     5.4345 [2.000]     8.1150 [2.000]     8.1158 [2.000]
[kpt   0  17   3]     8.8070 [2.000]     9.9234 [2.000]     9.9240 [2.000]    10.6457 [2.000]    10.6882 [2.000]
[kpt   0  17   4]    10.6899 [2.000]    10.8473 [2.000]    14.4515 [0.000]    14.4722 [0.000]    14.4728 [0.000]
[kpt   0  17   5]    16.9103 [0.000]    16.9111 [0.000]    18.1543 [0.000]    19.0457 [0.000]    19.0493 [0.000]
[kpt   0  17   6]    23.7188 [0.000]    23.7213 [0.000]




KOHN SHAM EIGENVALUES [eV] AT K-POINT [  1]:       0.125000      0.125000      0.375000

[kpt   1  17   0]   -44.6337 [2.000]   -20.9159 [2.000]   -20.8576 [2.000]   -20.8574 [2.000]    -5.7573 [2.000]
[kpt   1  17   1]    -5.0261 [2.000]    -4.9367 [2.000]    -3.4155 [2.000]    -3.3859 [2.000]    -3.3746 [2.000]
[kpt   1  17   2]    -3.3335 [2.000]    -3.2123 [2.000]     4.7581 [2.000]     7.6367 [2.000]     8.1937 [2.000]
[kpt   1  17   3]     8.6401 [2.000]     9.2189 [2.000]     9.5566 [2.000]    10.1210 [2.000]    10.7345 [2.000]
[kpt   1  17   4]    10.8497 [2.000]    11.6239 [2.000]    14.3898 [0.000]    15.5446 [0.000]    15.5493 [0.000]
[kpt   1  17   5]    16.1060 [0.000]    16.9009 [0.000]    18.1237 [0.000]    18.6498 [0.000]    18.8336 [0.000]
[kpt   1  17   6]    24.5670 [0.000]    25.8074 [0.000]




KOHN SHAM EIGENVALUES [eV] AT K-POINT [  2]:       0.125000      0.375000      0.125000

[kpt   2  17   0]   -44.6337 [2.000]   -20.9165 [2.000]   -20.8575 [2.000]   -20.8569 [2.000]    -5.7552 [2.000]
[kpt   2  17   1]    -5.0237 [2.000]    -4.9415 [2.000]    -3.4152 [2.000]    -3.3852 [2.000]    -3.3756 [2.000]
[kpt   2  17   2]    -3.3333 [2.000]    -3.2117 [2.000]     4.7564 [2.000]     7.6335 [2.000]     8.1923 [2.000]
[kpt   2  17   3]     8.6425 [2.000]     9.2196 [2.000]     9.5547 [2.000]    10.1229 [2.000]    10.7336 [2.000]
[kpt   2  17   4]    10.8524 [2.000]    11.6250 [2.000]    14.3914 [0.000]    15.5424 [0.000]    15.5490 [0.000]
[kpt   2  17   5]    16.1107 [0.000]    16.9015 [0.000]    18.1238 [0.000]    18.6495 [0.000]    18.8332 [0.000]
[kpt   2  17   6]    24.5660 [0.000]    25.8041 [0.000]




KOHN SHAM EIGENVALUES [eV] AT K-POINT [  3]:       0.125000      0.375000      0.375000

[kpt   3  17   0]   -44.6340 [2.000]   -20.9161 [2.000]   -20.9149 [2.000]   -20.8574 [2.000]    -5.5175 [2.000]
[kpt   3  17   1]    -4.8813 [2.000]    -4.8189 [2.000]    -3.3933 [2.000]    -3.3809 [2.000]    -3.3471 [2.000]
[kpt   3  17   2]    -3.2572 [2.000]    -3.1875 [2.000]     4.4452 [2.000]     7.6054 [2.000]     7.6793 [2.000]
[kpt   3  17   3]     8.0405 [2.000]     8.3229 [2.000]     9.4356 [2.000]    10.2386 [2.000]    10.2783 [2.000]
[kpt   3  17   4]    10.8300 [2.000]    11.5213 [2.000]    15.3535 [0.000]    15.4869 [0.000]    16.0093 [0.000]
[kpt   3  17   5]    17.0584 [0.000]    17.6807 [0.000]    17.7956 [0.000]    18.1381 [0.000]    19.8175 [0.000]
[kpt   3  17   6]    25.4214 [0.000]    25.7967 [0.000]




KOHN SHAM EIGENVALUES [eV] AT K-POINT [  4]:       0.375000      0.375000      0.125000

[kpt   4  17   0]   -44.6340 [2.000]   -20.9163 [2.000]   -20.9153 [2.000]   -20.8568 [2.000]    -5.5131 [2.000]
[kpt   4  17   1]    -4.8832 [2.000]    -4.8223 [2.000]    -3.3929 [2.000]    -3.3803 [2.000]    -3.3466 [2.000]
[kpt   4  17   2]    -3.2570 [2.000]    -3.1878 [2.000]     4.4416 [2.000]     7.6050 [2.000]     7.6781 [2.000]
[kpt   4  17   3]     8.0419 [2.000]     8.3241 [2.000]     9.4387 [2.000]    10.2417 [2.000]    10.2775 [2.000]
[kpt   4  17   4]    10.8303 [2.000]    11.5183 [2.000]    15.3540 [0.000]    15.4873 [0.000]    16.0072 [0.000]
[kpt   4  17   5]    17.0598 [0.000]    17.6820 [0.000]    17.7966 [0.000]    18.1394 [0.000]    19.8168 [0.000]
[kpt   4  17   6]    25.4198 [0.000]    25.7970 [0.000]




KOHN SHAM EIGENVALUES [eV] AT K-POINT [  5]:       0.375000      0.375000      0.375000

[kpt   5  17   0]   -44.6343 [2.000]   -20.9161 [2.000]   -20.9151 [2.000]   -20.9146 [2.000]    -5.1141 [2.000]
[kpt   5  17   1]    -4.9425 [2.000]    -4.9389 [2.000]    -3.3078 [2.000]    -3.3074 [2.000]    -3.1677 [2.000]
[kpt   5  17   2]    -3.1265 [2.000]    -3.1263 [2.000]     5.0608 [2.000]     6.8525 [2.000]     6.8557 [2.000]
[kpt   5  17   3]     7.4969 [2.000]     7.8432 [2.000]     7.8448 [2.000]     8.8214 [2.000]    11.4898 [2.000]
[kpt   5  17   4]    11.4926 [2.000]    11.5372 [2.000]    15.5418 [0.000]    15.8544 [0.000]    15.8556 [0.000]
[kpt   5  17   5]    18.0866 [0.000]    18.8395 [0.000]    18.8397 [0.000]    19.8005 [0.000]    19.8014 [0.000]
[kpt   5  17   6]    24.6734 [0.000]    24.9842 [0.000]



Total charge in supercell =      44.00000000
 volume and energy per atom =        11.86364601       -881.81545597 eV

 Vdd took 0.000014 seconds
WriteRestart: Restart file Waves/wave.out opened...
WriteData: total size of each of the 8 files = 0.7 Mb
WriteData: writing took 0.0 seconds, writing speed 78.418 Mbps 
WriteRestart: writing took 0.0 seconds 



  IONIC POSITIONS [a0] AND FORCES [Ha/a0]
  Charge analysis using: Voronoi Deformation Density

@ION  Ion  Species       X           Y           Z       Charge       FX          FY         FZ      Movable
@ION    1    Pb      0.0000000   0.0000000   0.0736990    0.511    0.0000000   0.0000000  -0.0012106  1 1 1
@ION    2    Ti      3.6849500   3.6849500   3.6849500    0.445    0.0000000  -0.0000000   0.0015573  1 1 1
@ION    3     O      0.0000000   3.6849500   3.6849500   -0.309    0.0000000   0.0000000  -0.0000253  1 1 1
@ION    4     O      3.6849500   3.6849500   0.0000000   -0.318    0.0000000  -0.0000000  -0.0002963  1 1 1
@ION    5     O      3.6849500   0.0000000   3.6849500   -0.331    0.0000000   0.0000000  -0.0000253  1 1 1

 mean FX      =   0.00000000 Ha/a0
 mean FY      =   0.00000000 Ha/a0
 mean FZ      =   0.00062293 Ha/a0

 max FX       =   0.00000000 Ha/a0   (ion 1)
 max FY       =   0.00000000 Ha/a0   (ion 4)
 max FZ       =   0.00155733 Ha/a0   (ion 2)
 max F[x,y,z] =   0.00155733 Ha/a0
 max |F|      =   0.00155733 Ha/a0   (ion 2)

WriteRestart: Restart file Waves/wave.out opened...
WriteData: total size of each of the 8 files = 0.7 Mb
WriteData: writing took 0.0 seconds, writing speed 79.292 Mbps 
WriteRestart: writing took 0.0 seconds 


--------TIMING INFORMATION FOR Processor owned the most atoms----------------
                                        Total time               Per SCF/step

1-TOTAL                                            23.53                1.38
-----------------------------------------------------------------------------
  1-TOTAL: Init                                     2.35                0.14
  1-TOTAL: run                                     21.18                1.25
  ---------------------------------------------------------------------------
    1-TOTAL: run: Force                             0.10                0.01
    1-TOTAL: run: Scf steps                        20.94                1.23

2-Force                                             0.10                0.01
-----------------------------------------------------------------------------
  2-Force: core correction                          0.00                0.00
  2-Force: corrections                              0.00                0.00
  2-Force: ion-ion                                  0.00                0.00
  2-Force: local                                    0.00                0.00
  2-Force: non-local                                0.09                0.01
  2-Force: non-local-betaxpsi                       0.05                0.00
  2-Force: non-local-get gamma                      0.00                0.00
  2-Force: non-local-nlforce_par_Q                  0.00                0.00
  2-Force: non-local-nlforce_par_gamma              0.00                0.00
  2-Force: non-local-nlforce_par_omega              0.00                0.00
  2-Force: non-local-partial gamma                  0.02                0.00
  2-Force: non-local-veff grad                      0.00                0.00
  2-Force: symmetrization                           0.00                0.00

2-Init                                              2.35                0.14
-----------------------------------------------------------------------------
  2-Init: KpointClass                               0.45                0.03
  2-Init: LcaoGetPsi                                0.12                0.01
  2-Init: LcaoGetRho                                0.01                0.00
  2-Init: ReinitIonicPotentials                     0.03                0.00
  2-Init: betaxpsi                                  0.03                0.00
  2-Init: exchange/correlation                      0.00                0.00
  2-Init: hartree                                   0.00                0.00
  2-Init: normalization                             0.00                0.00
  2-Init: radial potentials                         0.46                0.03
  2-Init: subdiag                                   0.35                0.02
  2-Init: weights                                   0.02                0.00

2-Scf steps                                        20.94                1.23
-----------------------------------------------------------------------------
  2-Scf steps: Davidson                            19.23                1.13
  2-Scf steps: GetNewRho                            1.33                0.08
  2-Scf steps: Hartree                              0.03                0.00
  2-Scf steps: MixRho                               0.02                0.00
  2-Scf steps: exchange/correlation                 0.16                0.01

3-ReinitIonicPotentials                             0.03                0.00
-----------------------------------------------------------------------------
  3-ReinitIonicPotentials: GetNlop                  0.00                0.00
  3-ReinitIonicPotentials: GetWeight                0.02                0.00
  3-ReinitIonicPotentials: get_QI                   0.00                0.00
  3-ReinitIonicPotentials: get_qqq                  0.00                0.00
  3-ReinitIonicPotentials: init_nuc                 0.00                0.00

4-Diagonalization                                   0.35                0.02
-----------------------------------------------------------------------------
  4-Diagonalization: ELPA/PDSYGVX/PZHEGVX           0.01                0.00
  4-Diagonalization: Hpsi                           0.10                0.01
  4-Diagonalization: MPI_Bcast                      0.00                0.00
  4-Diagonalization: Update orbitals                0.05                0.00
  ---------------------------------------------------------------------------
    4-Diagonalization: Update orbitals: gather           0.05                0.00
    4-Diagonalization: Update orbitals: gemm           0.01                0.00
  4-Diagonalization: matrix                         0.18                0.01
  ---------------------------------------------------------------------------
    4-Diagonalization: matrix: Allreduce            0.15                0.01
    4-Diagonalization: matrix: Gemm                 0.03                0.00

5-Functional                                        0.16                0.01
-----------------------------------------------------------------------------
  5-Functional: apply gradient                      0.07                0.00
  5-Functional: apply laplacian                     0.01                0.00
  5-Functional: libxc                               0.01                0.00
  5-Functional: vxc                                 0.16                0.01
  5-Functional: vxc grad                            0.11                0.01
  5-Functional: vxc local                           0.01                0.00
  5-Functional: vxc nonlocal                        0.00                0.00

6-Davidson                                         19.23                1.13
-----------------------------------------------------------------------------
  6-Davidson: Betaxpsi                              2.04                0.12
  6-Davidson: apply hamiltonian                     4.81                0.28
  6-Davidson: diagonalization                       1.20                0.07
  6-Davidson: generate residuals                    0.61                0.04
  6-Davidson: matrix setup/reduce                   2.11                0.12
  6-Davidson: normalization                         1.39                0.08
  6-Davidson: precondition                          6.87                0.40
  6-Davidson: rotate orbitals                       0.08                0.00

AppNls                                              0.48                0.03
-----------------------------------------------------------------------------
  AppNls: data_rearrange                            0.02                0.00
  ---------------------------------------------------------------------------
    AppNls: data_rearrange: alloc and zeros           0.01                0.00
    AppNls: data_rearrange: dnm                     0.00                0.00
    AppNls: data_rearrange: sint                    0.00                0.00
  AppNls: nv                                        0.42                0.02
  AppNls: nv_work                                   0.01                0.00

App_gradient                                        0.08                0.00

Compute Hpsi                                        0.10                0.01
-----------------------------------------------------------------------------
  Compute Hpsi: AppNls                              0.02                0.00
  Compute Hpsi: Threaded Apply H                    0.09                0.01

GlobalSums                                          0.35                0.02

Init                                                1.90                0.11

Init Voronoi                                        0.00                0.00

Mix rho                                             0.02                0.00
-----------------------------------------------------------------------------
  Mix rho: Broyden                                  0.02                0.00

Orbital                                             0.00                0.00
-----------------------------------------------------------------------------
  Orbital: phase and set                            0.00                0.00
  Orbital: proj cal                                 0.00                0.00

Prolong tradeimages                                 0.01                0.00

VhPfft                                              0.02                0.00

Weight                                              0.02                0.00

radial beta                                         0.35                0.02


------------------------- TIMING INFORMATION FOR THREADS  -------------------

                                           Min            Max            Avg
GlobalSums                         2.59           2.61           1.95
-----------------------------------------------------------------------------

Prolong tradeimages                0.77           0.79           0.58
-----------------------------------------------------------------------------
