k-points are in crystal coordinates
nk(3) =     4    4    4
dk(3) =   0.470000000  0.370000000  0.310000000

direct lattice vectors
a1 =   1.000000000  0.000000000  0.000000000
a2 =   0.000000000  1.000000000  0.000000000
a3 =   0.000000000  0.000000000  1.000000000

unit cell volume =  0.100000000E+01

reciprocal lattice vectors
b1 =   6.283185307  0.000000000  0.000000000
b2 =   0.000000000  6.283185307  0.000000000
b3 =   0.000000000  0.000000000  6.283185307

symmetries of the Bravais lattice
Space group 221, symbol Pm-3m                
r01 =     1   0   0     0   1   0     0   0   1
r02 =     1   0   0     0   1   0     0   0  -1
r03 =     1   0   0     0   0   1     0   1   0
r04 =     1   0   0     0   0   1     0  -1   0
r05 =     1   0   0     0  -1   0     0   0   1
r06 =     1   0   0     0  -1   0     0   0  -1
r07 =     1   0   0     0   0  -1     0   1   0
r08 =     1   0   0     0   0  -1     0  -1   0
r09 =     0   1   0     1   0   0     0   0   1
r10 =     0   1   0     1   0   0     0   0  -1
r11 =     0   1   0     0   0   1     1   0   0
r12 =     0   1   0     0   0   1    -1   0   0
r13 =     0   1   0    -1   0   0     0   0   1
r14 =     0   1   0    -1   0   0     0   0  -1
r15 =     0   1   0     0   0  -1     1   0   0
r16 =     0   1   0     0   0  -1    -1   0   0
r17 =     0   0   1     1   0   0     0   1   0
r18 =     0   0   1     1   0   0     0  -1   0
r19 =     0   0   1     0   1   0     1   0   0
r20 =     0   0   1     0   1   0    -1   0   0
r21 =     0   0   1    -1   0   0     0   1   0
r22 =     0   0   1    -1   0   0     0  -1   0
r23 =     0   0   1     0  -1   0     1   0   0
r24 =     0   0   1     0  -1   0    -1   0   0
r25 =    -1   0   0     0   1   0     0   0   1
r26 =    -1   0   0     0   1   0     0   0  -1
r27 =    -1   0   0     0   0   1     0   1   0
r28 =    -1   0   0     0   0   1     0  -1   0
r29 =    -1   0   0     0  -1   0     0   0   1
r30 =    -1   0   0     0  -1   0     0   0  -1
r31 =    -1   0   0     0   0  -1     0   1   0
r32 =    -1   0   0     0   0  -1     0  -1   0
r33 =     0  -1   0     1   0   0     0   0   1
r34 =     0  -1   0     1   0   0     0   0  -1
r35 =     0  -1   0     0   0   1     1   0   0
r36 =     0  -1   0     0   0   1    -1   0   0
r37 =     0  -1   0    -1   0   0     0   0   1
r38 =     0  -1   0    -1   0   0     0   0  -1
r39 =     0  -1   0     0   0  -1     1   0   0
r40 =     0  -1   0     0   0  -1    -1   0   0
r41 =     0   0  -1     1   0   0     0   1   0
r42 =     0   0  -1     1   0   0     0  -1   0
r43 =     0   0  -1     0   1   0     1   0   0
r44 =     0   0  -1     0   1   0    -1   0   0
r45 =     0   0  -1    -1   0   0     0   1   0
r46 =     0   0  -1    -1   0   0     0  -1   0
r47 =     0   0  -1     0  -1   0     1   0   0
r48 =     0   0  -1     0  -1   0    -1   0   0

symmetries of the crystal
Space group 227, symbol Fd-3m                
r01 =     1   0   0     0   1   0     0   0   1
r02 =     1   0   0     0   0   1     0   1   0
r03 =     1   0   0     0  -1   0     0   0  -1
r04 =     1   0   0     0   0  -1     0  -1   0
r05 =     0   1   0     1   0   0     0   0   1
r06 =     0   1   0     0   0   1     1   0   0
r07 =     0   1   0    -1   0   0     0   0  -1
r08 =     0   1   0     0   0  -1    -1   0   0
r09 =     0   0   1     1   0   0     0   1   0
r10 =     0   0   1     0   1   0     1   0   0
r11 =     0   0   1    -1   0   0     0  -1   0
r12 =     0   0   1     0  -1   0    -1   0   0
r13 =    -1   0   0     0   1   0     0   0  -1
r14 =    -1   0   0     0   0   1     0  -1   0
r15 =    -1   0   0     0  -1   0     0   0   1
r16 =    -1   0   0     0   0  -1     0   1   0
r17 =     0  -1   0     1   0   0     0   0  -1
r18 =     0  -1   0     0   0   1    -1   0   0
r19 =     0  -1   0    -1   0   0     0   0   1
r20 =     0  -1   0     0   0  -1     1   0   0
r21 =     0   0  -1     1   0   0     0  -1   0
r22 =     0   0  -1     0   1   0    -1   0   0
r23 =     0   0  -1    -1   0   0     0   1   0
r24 =     0   0  -1     0  -1   0     1   0   0

k-points in the original uniform grid
   64
    1  0.117500000  0.092500000  0.077500000   1.0    0  ---
    2  0.117500000  0.092500000  0.327500000   1.0    0  ---
    3  0.117500000  0.092500000  0.577500000   1.0    0  ---
    4  0.117500000  0.092500000  0.827500000   1.0    0  ---
    5  0.117500000  0.342500000  0.077500000   1.0    0  ---
    6  0.117500000  0.342500000  0.327500000   1.0    0  ---
    7  0.117500000  0.342500000  0.577500000   1.0    0  ---
    8  0.117500000  0.342500000  0.827500000   1.0    0  ---
    9  0.117500000  0.592500000  0.077500000   1.0    0  ---
   10  0.117500000  0.592500000  0.327500000   1.0    0  ---
   11  0.117500000  0.592500000  0.577500000   1.0    0  ---
   12  0.117500000  0.592500000  0.827500000   1.0    0  ---
   13  0.117500000  0.842500000  0.077500000   1.0    0  ---
   14  0.117500000  0.842500000  0.327500000   1.0    0  ---
   15  0.117500000  0.842500000  0.577500000   1.0    0  ---
   16  0.117500000  0.842500000  0.827500000   1.0    0  ---
   17  0.367500000  0.092500000  0.077500000   1.0    0  ---
   18  0.367500000  0.092500000  0.327500000   1.0    0  ---
   19  0.367500000  0.092500000  0.577500000   1.0    0  ---
   20  0.367500000  0.092500000  0.827500000   1.0    0  ---
   21  0.367500000  0.342500000  0.077500000   1.0    0  ---
   22  0.367500000  0.342500000  0.327500000   1.0    0  ---
   23  0.367500000  0.342500000  0.577500000   1.0    0  ---
   24  0.367500000  0.342500000  0.827500000   1.0    0  ---
   25  0.367500000  0.592500000  0.077500000   1.0    0  ---
   26  0.367500000  0.592500000  0.327500000   1.0    0  ---
   27  0.367500000  0.592500000  0.577500000   1.0    0  ---
   28  0.367500000  0.592500000  0.827500000   1.0    0  ---
   29  0.367500000  0.842500000  0.077500000   1.0    0  ---
   30  0.367500000  0.842500000  0.327500000   1.0    0  ---
   31  0.367500000  0.842500000  0.577500000   1.0    0  ---
   32  0.367500000  0.842500000  0.827500000   1.0    0  ---
   33  0.617500000  0.092500000  0.077500000   1.0    0  ---
   34  0.617500000  0.092500000  0.327500000   1.0    0  ---
   35  0.617500000  0.092500000  0.577500000   1.0    0  ---
   36  0.617500000  0.092500000  0.827500000   1.0    0  ---
   37  0.617500000  0.342500000  0.077500000   1.0    0  ---
   38  0.617500000  0.342500000  0.327500000   1.0    0  ---
   39  0.617500000  0.342500000  0.577500000   1.0    0  ---
   40  0.617500000  0.342500000  0.827500000   1.0    0  ---
   41  0.617500000  0.592500000  0.077500000   1.0    0  ---
   42  0.617500000  0.592500000  0.327500000   1.0    0  ---
   43  0.617500000  0.592500000  0.577500000   1.0    0  ---
   44  0.617500000  0.592500000  0.827500000   1.0    0  ---
   45  0.617500000  0.842500000  0.077500000   1.0    0  ---
   46  0.617500000  0.842500000  0.327500000   1.0    0  ---
   47  0.617500000  0.842500000  0.577500000   1.0    0  ---
   48  0.617500000  0.842500000  0.827500000   1.0    0  ---
   49  0.867500000  0.092500000  0.077500000   1.0    0  ---
   50  0.867500000  0.092500000  0.327500000   1.0    0  ---
   51  0.867500000  0.092500000  0.577500000   1.0    0  ---
   52  0.867500000  0.092500000  0.827500000   1.0    0  ---
   53  0.867500000  0.342500000  0.077500000   1.0    0  ---
   54  0.867500000  0.342500000  0.327500000   1.0    0  ---
   55  0.867500000  0.342500000  0.577500000   1.0    0  ---
   56  0.867500000  0.342500000  0.827500000   1.0    0  ---
   57  0.867500000  0.592500000  0.077500000   1.0    0  ---
   58  0.867500000  0.592500000  0.327500000   1.0    0  ---
   59  0.867500000  0.592500000  0.577500000   1.0    0  ---
   60  0.867500000  0.592500000  0.827500000   1.0    0  ---
   61  0.867500000  0.842500000  0.077500000   1.0    0  ---
   62  0.867500000  0.842500000  0.327500000   1.0    0  ---
   63  0.867500000  0.842500000  0.577500000   1.0    0  ---
   64  0.867500000  0.842500000  0.827500000   1.0    0  ---

k-points in the irreducible wedge
   64
    1  0.117500000  0.092500000  0.077500000   1.0    1
    2  0.117500000  0.092500000  0.327500000   1.0    2
    3  0.117500000  0.092500000  0.577500000   1.0    3
    4  0.117500000  0.092500000  0.827500000   1.0    4
    5  0.117500000  0.342500000  0.077500000   1.0    5
    6  0.117500000  0.342500000  0.327500000   1.0    6
    7  0.117500000  0.342500000  0.577500000   1.0    7
    8  0.117500000  0.342500000  0.827500000   1.0    8
    9  0.117500000  0.592500000  0.077500000   1.0    9
   10  0.117500000  0.592500000  0.327500000   1.0   10
   11  0.117500000  0.592500000  0.577500000   1.0   11
   12  0.117500000  0.592500000  0.827500000   1.0   12
   13  0.117500000  0.842500000  0.077500000   1.0   13
   14  0.117500000  0.842500000  0.327500000   1.0   14
   15  0.117500000  0.842500000  0.577500000   1.0   15
   16  0.117500000  0.842500000  0.827500000   1.0   16
   17  0.367500000  0.092500000  0.077500000   1.0   17
   18  0.367500000  0.092500000  0.327500000   1.0   18
   19  0.367500000  0.092500000  0.577500000   1.0   19
   20  0.367500000  0.092500000  0.827500000   1.0   20
   21  0.367500000  0.342500000  0.077500000   1.0   21
   22  0.367500000  0.342500000  0.327500000   1.0   22
   23  0.367500000  0.342500000  0.577500000   1.0   23
   24  0.367500000  0.342500000  0.827500000   1.0   24
   25  0.367500000  0.592500000  0.077500000   1.0   25
   26  0.367500000  0.592500000  0.327500000   1.0   26
   27  0.367500000  0.592500000  0.577500000   1.0   27
   28  0.367500000  0.592500000  0.827500000   1.0   28
   29  0.367500000  0.842500000  0.077500000   1.0   29
   30  0.367500000  0.842500000  0.327500000   1.0   30
   31  0.367500000  0.842500000  0.577500000   1.0   31
   32  0.367500000  0.842500000  0.827500000   1.0   32
   33  0.617500000  0.092500000  0.077500000   1.0   33
   34  0.617500000  0.092500000  0.327500000   1.0   34
   35  0.617500000  0.092500000  0.577500000   1.0   35
   36  0.617500000  0.092500000  0.827500000   1.0   36
   37  0.617500000  0.342500000  0.077500000   1.0   37
   38  0.617500000  0.342500000  0.327500000   1.0   38
   39  0.617500000  0.342500000  0.577500000   1.0   39
   40  0.617500000  0.342500000  0.827500000   1.0   40
   41  0.617500000  0.592500000  0.077500000   1.0   41
   42  0.617500000  0.592500000  0.327500000   1.0   42
   43  0.617500000  0.592500000  0.577500000   1.0   43
   44  0.617500000  0.592500000  0.827500000   1.0   44
   45  0.617500000  0.842500000  0.077500000   1.0   45
   46  0.617500000  0.842500000  0.327500000   1.0   46
   47  0.617500000  0.842500000  0.577500000   1.0   47
   48  0.617500000  0.842500000  0.827500000   1.0   48
   49  0.867500000  0.092500000  0.077500000   1.0   49
   50  0.867500000  0.092500000  0.327500000   1.0   50
   51  0.867500000  0.092500000  0.577500000   1.0   51
   52  0.867500000  0.092500000  0.827500000   1.0   52
   53  0.867500000  0.342500000  0.077500000   1.0   53
   54  0.867500000  0.342500000  0.327500000   1.0   54
   55  0.867500000  0.342500000  0.577500000   1.0   55
   56  0.867500000  0.342500000  0.827500000   1.0   56
   57  0.867500000  0.592500000  0.077500000   1.0   57
   58  0.867500000  0.592500000  0.327500000   1.0   58
   59  0.867500000  0.592500000  0.577500000   1.0   59
   60  0.867500000  0.592500000  0.827500000   1.0   60
   61  0.867500000  0.842500000  0.077500000   1.0   61
   62  0.867500000  0.842500000  0.327500000   1.0   62
   63  0.867500000  0.842500000  0.577500000   1.0   63
   64  0.867500000  0.842500000  0.827500000   1.0   64

