K_POINTS crystal
   64
  0.118500000  0.092500000  0.077500000   1.0
  0.118500000  0.092500000  0.327500000   1.0
  0.118500000  0.092500000  0.577500000   1.0
  0.118500000  0.092500000  0.827500000   1.0
  0.118500000  0.342500000  0.077500000   1.0
  0.118500000  0.342500000  0.327500000   1.0
  0.118500000  0.342500000  0.577500000   1.0
  0.118500000  0.342500000  0.827500000   1.0
  0.118500000  0.592500000  0.077500000   1.0
  0.118500000  0.592500000  0.327500000   1.0
  0.118500000  0.592500000  0.577500000   1.0
  0.118500000  0.592500000  0.827500000   1.0
  0.118500000  0.842500000  0.077500000   1.0
  0.118500000  0.842500000  0.327500000   1.0
  0.118500000  0.842500000  0.577500000   1.0
  0.118500000  0.842500000  0.827500000   1.0
  0.368500000  0.092500000  0.077500000   1.0
  0.368500000  0.092500000  0.327500000   1.0
  0.368500000  0.092500000  0.577500000   1.0
  0.368500000  0.092500000  0.827500000   1.0
  0.368500000  0.342500000  0.077500000   1.0
  0.368500000  0.342500000  0.327500000   1.0
  0.368500000  0.342500000  0.577500000   1.0
  0.368500000  0.342500000  0.827500000   1.0
  0.368500000  0.592500000  0.077500000   1.0
  0.368500000  0.592500000  0.327500000   1.0
  0.368500000  0.592500000  0.577500000   1.0
  0.368500000  0.592500000  0.827500000   1.0
  0.368500000  0.842500000  0.077500000   1.0
  0.368500000  0.842500000  0.327500000   1.0
  0.368500000  0.842500000  0.577500000   1.0
  0.368500000  0.842500000  0.827500000   1.0
  0.618500000  0.092500000  0.077500000   1.0
  0.618500000  0.092500000  0.327500000   1.0
  0.618500000  0.092500000  0.577500000   1.0
  0.618500000  0.092500000  0.827500000   1.0
  0.618500000  0.342500000  0.077500000   1.0
  0.618500000  0.342500000  0.327500000   1.0
  0.618500000  0.342500000  0.577500000   1.0
  0.618500000  0.342500000  0.827500000   1.0
  0.618500000  0.592500000  0.077500000   1.0
  0.618500000  0.592500000  0.327500000   1.0
  0.618500000  0.592500000  0.577500000   1.0
  0.618500000  0.592500000  0.827500000   1.0
  0.618500000  0.842500000  0.077500000   1.0
  0.618500000  0.842500000  0.327500000   1.0
  0.618500000  0.842500000  0.577500000   1.0
  0.618500000  0.842500000  0.827500000   1.0
  0.868500000  0.092500000  0.077500000   1.0
  0.868500000  0.092500000  0.327500000   1.0
  0.868500000  0.092500000  0.577500000   1.0
  0.868500000  0.092500000  0.827500000   1.0
  0.868500000  0.342500000  0.077500000   1.0
  0.868500000  0.342500000  0.327500000   1.0
  0.868500000  0.342500000  0.577500000   1.0
  0.868500000  0.342500000  0.827500000   1.0
  0.868500000  0.592500000  0.077500000   1.0
  0.868500000  0.592500000  0.327500000   1.0
  0.868500000  0.592500000  0.577500000   1.0
  0.868500000  0.592500000  0.827500000   1.0
  0.868500000  0.842500000  0.077500000   1.0
  0.868500000  0.842500000  0.327500000   1.0
  0.868500000  0.842500000  0.577500000   1.0
  0.868500000  0.842500000  0.827500000   1.0
