RMG initialization ... 1 image(s) total, 1 per node. 8 MPI processes/image. Thread level 0.

total pseudopotential charge =    55.000 e
total electronic charge      =   -55.000 e
total system charge          =     0.000 e

  States orbital size: x.y.z   

  States orbital radius 8.500000 0.010417 25.322340 2 

 init_state_size Done! 
 lagest orbital size: 65 63 63 make_mask_grid_state is  done
 make_mask_grid_state is  done
 make_mask_grid_state is  done


                     * * * * * * * * * *
                     *    R   M   G    *
                     * * * * * * * * * *

     -- A Real Space Multigrid Electronic structure code --
     --      More information at www.rmgdft.org          --

Code Revision:     5.4.0-develop-78f09519
Build Date:        Aug  1 2023  15:45:16
Start time:        Thu Aug  3 09:36:20 2023

NOTICE: RMG internal pseudopotentials have switched to
ONCVP from Ultrasoft. You can revert to Ultrasoft by
adding the input tag internal_pseudo_type="ultrasoft" to
your input files.


Files
   Control input file:        input_band
   Data input file:           Waves/Awave.out
   Data output file:          Waves/wave.out

Run Setup
    Calculation type:         Band structure calculation.
    Description:              Au lead1
    Orbital Initialization:   Read from Waves/Awave.out 
    Exchange Correlation:     pz
    Spin Polarization:        OFF
    System charge:            Neutral

Processor Topology
   Total PEs:                 8
   X direction:               2
   Y direction:               2
   Z direction:               2
   MG Threads/PE:             1
   OMP Threads/PE:            1

Grid Points  (Linear Anisotropy: 1.049)
    X:  Total: 96   Per PE: 48   Spacing:0.264 a0  
    Y:  Total: 64   Per PE: 32   Spacing:0.277 a0  
    Z:  Total: 64   Per PE: 32   Spacing:0.277 a0  

    Equivalent energy cutoffs (psi,rho):   128.847    515.387 Ry

    Charge density grid:         2 times finer

Coordinate planes
  Planar Anisotropy: 1.049
  A0-A1 density:    13.698
  A0-A2 density:    13.698
  A1-A2 density:    13.055


Lattice (Cell) Setup
    Type:                       Orthorhombic_primitive
    Volume (a0^3):               7944.93
    Boundary conditions:        Periodic

    X Basis Vector:      25.322       0.000       0.000 a0
    Y Basis Vector:       0.000      17.713       0.000 a0
    Z Basis Vector:       0.000       0.000      17.713 a0
    X Reci Vector:       0.039      -0.000       0.000 a0
    Y Reci Vector:       0.000       0.056       0.000 a0
    Z Reci Vector:       0.000      -0.000       0.056 a0

K-points
    Brillouin Zone sampling with 26 K-points (orbitals are complex)

         Kx      Ky        Kz     Weight in crystal unit
      0.0000     0.0000     0.0000   0.000
      0.1257     0.0000     0.0000   0.000
      0.2513     0.0000     0.0000   0.000
      0.3770     0.0000     0.0000   0.000
      0.5027     0.0000     0.0000   0.000
      0.6283     0.0000     0.0000   0.000
      0.7540     0.0000     0.0000   0.000
      0.8796     0.0000     0.0000   0.000
      1.0053     0.0000     0.0000   0.000
      1.1310     0.0000     0.0000   0.000
      1.2566     0.0000     0.0000   0.000
      1.3823     0.0000     0.0000   0.000
      1.5080     0.0000     0.0000   0.000
      1.6336     0.0000     0.0000   0.000
      1.7593     0.0000     0.0000   0.000
      1.8850     0.0000     0.0000   0.000
      2.0106     0.0000     0.0000   0.000
      2.1363     0.0000     0.0000   0.000
      2.2619     0.0000     0.0000   0.000
      2.3876     0.0000     0.0000   0.000
      2.5133     0.0000     0.0000   0.000
      2.6389     0.0000     0.0000   0.000
      2.7646     0.0000     0.0000   0.000
      2.8903     0.0000     0.0000   0.000
      3.0159     0.0000     0.0000   0.000
      3.1416     0.0000     0.0000   0.000

         Kx      Ky        Kz     Weight in 2PI/a 
      0.0000     0.0000     0.0000   0.000
      0.0200     0.0000     0.0000   0.000
      0.0400     0.0000     0.0000   0.000
      0.0600     0.0000     0.0000   0.000
      0.0800     0.0000     0.0000   0.000
      0.1000     0.0000     0.0000   0.000
      0.1200     0.0000     0.0000   0.000
      0.1400     0.0000     0.0000   0.000
      0.1600     0.0000     0.0000   0.000
      0.1800     0.0000     0.0000   0.000
      0.2000     0.0000     0.0000   0.000
      0.2200     0.0000     0.0000   0.000
      0.2400     0.0000     0.0000   0.000
      0.2600     0.0000     0.0000   0.000
      0.2800     0.0000     0.0000   0.000
      0.3000     0.0000     0.0000   0.000
      0.3200     0.0000     0.0000   0.000
      0.3400     0.0000     0.0000   0.000
      0.3600     0.0000     0.0000   0.000
      0.3800     0.0000     0.0000   0.000
      0.4000     0.0000     0.0000   0.000
      0.4200     0.0000     0.0000   0.000
      0.4400     0.0000     0.0000   0.000
      0.4600     0.0000     0.0000   0.000
      0.4800     0.0000     0.0000   0.000
      0.5000     0.0000     0.0000   0.000

Atoms and States
    Number of ions:                          5
    Number of species:                       1
    Number of states:                        0

Run Parameters
    SCF Convergence criterion (potential):   1.00e-07
    SCF Convergence criterion (energy):      1.00e-10
    Max SCF steps:                           100
    Max MD steps                             100
    Timestep for molecular dynamics:          50.00000000
    Restart data write frequency:            5 MD steps

SCF Cycle Settings
    Charge density mixing:                   Pulay  (Order:5 Scale:0.10 Refresh:20)
    Hartree Solver:                          PFFT
    Interpolation type:                      FFT

Finite Difference parameters
    Kohn Sham FD Order:                      8   
    Force Gradient Order:                    8   
    Adaptive Finite Differencing:            On
    Adaptive CFAC:                           0.000000000

Subspace Diagonalization Options
    Frequency:                               every 1 SCF step(s)
    Driver:                                  Unknown diagonalization method    Initial diagonalization:                 ON
    Folded spectrum:                         OFF

Filtering Cutoff  Parameters
    Wavefunction grid (cparm):               0.800
    Charge density grid (rhocparm):          1.000
    Filter factor:                           1.000

Multigrid (MG) Parameters
    Psi MG levels:                           2
    Psi global step:                         1.000 
    Psi pre:                                 2
    Psi post:                                2


Blas Libraries
    CPU support with openblas-parallel.


Atomic Species Information
(PP = Pseudopotential, US = Ultrasoft, NC = Norm Conserving)
-------------------------------------------------------------------------
|Index|Symbol| Mass|Valence| PP |  Comp  |Local| Local|Nlocal|    PP    |
|     |      |     |       |Type|Gaussian|  l  |Radius|Radius|Functional|
-------------------------------------------------------------------------
|    1|    Au|196.0|  11.00|  NC|    1.50|    1|  8.37|  5.93|       LDA|
-------------------------------------------------------------------------

Pseudopotential generation information:
  Au pseudopotential file: ../Au.UPF
      Generation info     : Generated using FHI98PP, converted with fhi2upf.x v.5.0.2
      Author info         : unknown


Memory usage (Mbytes):     Min        Max       Total
    wave functions          0.00       0.00       0.00
    beta-functions          0.00       0.00       0.00



Initial Ionic Positions And Displacements (Bohr)
Species      X           Y           Z           dX          dY          dZ
  Au       2.5322      7.5589      7.5589      0.0000      0.0000      0.0000
  Au       7.5967      7.5589      7.5589      0.0000      0.0000      0.0000
  Au      12.6612      7.5589      7.5589      0.0000      0.0000      0.0000
  Au      17.7256      7.5589      7.5589      0.0000      0.0000      0.0000
  Au      22.7901      7.5589      7.5589      0.0000      0.0000      0.0000


Initial Ionic Positions And Displacements (Angstrom)
Species      X           Y           Z           dX          dY          dZ
  Au       1.3400      4.0000      4.0000      0.0000      0.0000      0.0000
  Au       4.0200      4.0000      4.0000      0.0000      0.0000      0.0000
  Au       6.7000      4.0000      4.0000      0.0000      0.0000      0.0000
  Au       9.3800      4.0000      4.0000      0.0000      0.0000      0.0000
  Au      12.0600      4.0000      4.0000      0.0000      0.0000      0.0000
 init_nl_xyz.c  done

 number of blocks 1 and block dims for orbital and non-local projector
 block 0 65 30


 ITERATION     0
MATRIX 
-2.58639808e-01 	-5.96202260e-04 	-5.96569408e-04 	 1.12864388e-02 	-3.19287354e-04 	-1.96617743e-02 	
-5.96202260e-04 	-2.92197517e-01 	 2.91883197e-04 	 6.32406822e-04 	 1.16380142e-03 	-5.77858650e-04 	
-5.96569408e-04 	 2.91883197e-04 	-2.92197822e-01 	 1.82679327e-04 	 1.16392412e-03 	-8.38393719e-04 	
 1.12864388e-02 	 6.32406822e-04 	 1.82679327e-04 	-2.81067238e-01 	 1.38830878e-03 	 5.76436782e-03 	
-3.19287354e-04 	 1.16380142e-03 	 1.16392412e-03 	 1.38830878e-03 	-2.77162262e-01 	-2.41090029e-03 	
-1.96617743e-02 	-5.77858650e-04 	-8.38393719e-04 	 5.76436782e-03 	-2.41090029e-03 	-2.89244847e-01 	

MATRIX 
 1.00000000e+00 	 1.61418620e-04 	 1.62505215e-04 	-1.77893815e-03 	 1.05741522e-03 	 3.35668994e-03 	
 1.61418620e-04 	 1.00000000e+00 	-8.89626655e-04 	-1.84031132e-03 	-4.10299203e-03 	 1.50193496e-03 	
 1.62505215e-04 	-8.89626655e-04 	 1.00000000e+00 	-3.76517253e-04 	-4.10341155e-03 	 2.34996161e-03 	
-1.77893815e-03 	-1.84031132e-03 	-3.76517253e-04 	 1.00000000e+00 	-4.97877954e-03 	 4.65030896e-03 	
 1.05741522e-03 	-4.10299203e-03 	-4.10341155e-03 	-4.97877954e-03 	 1.00000000e+00 	 8.64641614e-03 	
 3.35668994e-03 	 1.50193496e-03 	 2.34996161e-03 	 4.65030896e-03 	 8.64641614e-03 	 1.00000000e+00 	


  KOHN-SHAM EIGENVALUES: [eV] at K =[0.000000 0.000000 0.000000]
   -11.018 [2.00]    -9.490 [2.00]    -9.487 [2.00]    -8.864 [2.00]    -8.863 [2.00]
    -8.863 [2.00]    -8.863 [2.00]    -7.768 [2.00]    -7.766 [2.00]    -7.702 [2.00]
    -7.701 [2.00]    -7.700 [2.00]    -7.700 [2.00]    -7.616 [2.00]    -7.614 [2.00]
    -7.613 [2.00]    -7.612 [2.00]    -7.448 [2.00]    -7.357 [2.00]    -7.357 [2.00]
    -7.354 [2.00]    -7.354 [2.00]    -7.004 [2.00]    -7.002 [2.00]    -6.963 [2.00]
    -6.962 [2.00]    -6.687 [2.00]    -6.686 [1.00]    -4.397 [0.00]    -4.393 [0.00]
    -2.207 [0.00]    -2.207 [0.00]    -0.861 [0.00]    -0.861 [0.00]    -0.861 [0.00]
    -0.861 [0.00]     1.928 [0.00]     1.939 [0.00]     1.947 [0.00]     1.950 [0.00]
     1.952 [0.00]     1.955 [0.00]     2.281 [0.00]     2.951 [0.00]     3.030 [0.00]
     4.528 [0.00]     4.547 [0.00]     5.293 [0.00]     5.442 [0.00]     5.558 [0.00]
     5.564 [0.00]     5.579 [0.00]     5.580 [0.00]     7.855 [0.00]     8.095 [0.00]
     8.096 [0.00]     8.176 [0.00]     8.895 [0.00]     8.897 [0.00]     9.631 [0.00]
     9.903 [0.00]    10.571 [0.00]    13.025 [0.00]    14.994 [0.00]    16.579 [0.00]



  KOHN-SHAM EIGENVALUES: [eV] at K =[0.020000 0.000000 0.000000]
   -11.018 [2.00]    -9.546 [2.00]    -9.430 [2.00]    -8.876 [2.00]    -8.876 [2.00]
    -8.850 [2.00]    -8.850 [2.00]    -7.768 [2.00]    -7.766 [2.00]    -7.730 [2.00]
    -7.730 [2.00]    -7.671 [2.00]    -7.671 [2.00]    -7.620 [2.00]    -7.618 [2.00]
    -7.609 [2.00]    -7.607 [2.00]    -7.447 [2.00]    -7.360 [2.00]    -7.358 [2.00]
    -7.353 [2.00]    -7.351 [2.00]    -7.021 [2.00]    -6.985 [2.00]    -6.982 [2.00]
    -6.944 [2.00]    -6.687 [2.00]    -6.687 [1.00]    -4.495 [0.00]    -4.294 [0.00]
    -2.206 [0.00]    -2.206 [0.00]    -0.907 [0.00]    -0.907 [0.00]    -0.815 [0.00]
    -0.815 [0.00]     1.803 [0.00]     1.888 [0.00]     1.893 [0.00]     2.008 [0.00]
     2.013 [0.00]     2.065 [0.00]     2.281 [0.00]     2.941 [0.00]     3.040 [0.00]
     4.528 [0.00]     4.547 [0.00]     5.268 [0.00]     5.466 [0.00]     5.523 [0.00]
     5.541 [0.00]     5.600 [0.00]     5.618 [0.00]     7.845 [0.00]     8.023 [0.00]
     8.170 [0.00]     8.187 [0.00]     8.752 [0.00]     9.039 [0.00]     9.621 [0.00]
     9.902 [0.00]    10.584 [0.00]    13.021 [0.00]    14.989 [0.00]    16.572 [0.00]



  KOHN-SHAM EIGENVALUES: [eV] at K =[0.040000 0.000000 0.000000]
   -11.016 [2.00]    -9.603 [2.00]    -9.370 [2.00]    -8.888 [2.00]    -8.888 [2.00]
    -8.836 [2.00]    -8.836 [2.00]    -7.768 [2.00]    -7.766 [2.00]    -7.760 [2.00]
    -7.760 [2.00]    -7.641 [2.00]    -7.641 [2.00]    -7.625 [2.00]    -7.623 [2.00]
    -7.604 [2.00]    -7.601 [2.00]    -7.447 [2.00]    -7.364 [2.00]    -7.361 [2.00]
    -7.350 [2.00]    -7.347 [2.00]    -7.039 [2.00]    -7.003 [2.00]    -6.965 [2.00]
    -6.927 [2.00]    -6.689 [2.00]    -6.689 [1.00]    -4.594 [0.00]    -4.191 [0.00]
    -2.204 [0.00]    -2.204 [0.00]    -0.952 [0.00]    -0.952 [0.00]    -0.768 [0.00]
    -0.768 [0.00]     1.672 [0.00]     1.828 [0.00]     1.833 [0.00]     2.066 [0.00]
     2.071 [0.00]     2.196 [0.00]     2.282 [0.00]     2.921 [0.00]     3.062 [0.00]
     4.530 [0.00]     4.548 [0.00]     5.218 [0.00]     5.485 [0.00]     5.499 [0.00]
     5.522 [0.00]     5.639 [0.00]     5.658 [0.00]     7.817 [0.00]     7.952 [0.00]
     8.217 [0.00]     8.246 [0.00]     8.607 [0.00]     9.179 [0.00]     9.593 [0.00]
     9.898 [0.00]    10.621 [0.00]    13.009 [0.00]    14.974 [0.00]    16.554 [0.00]



  KOHN-SHAM EIGENVALUES: [eV] at K =[0.060000 0.000000 0.000000]
   -11.013 [2.00]    -9.659 [2.00]    -9.310 [2.00]    -8.900 [2.00]    -8.900 [2.00]
    -8.821 [2.00]    -8.821 [2.00]    -7.789 [2.00]    -7.789 [2.00]    -7.767 [2.00]
    -7.765 [2.00]    -7.631 [2.00]    -7.628 [2.00]    -7.612 [2.00]    -7.612 [2.00]
    -7.598 [2.00]    -7.596 [2.00]    -7.446 [2.00]    -7.368 [2.00]    -7.365 [2.00]
    -7.347 [2.00]    -7.344 [2.00]    -7.056 [2.00]    -7.024 [2.00]    -6.946 [2.00]
    -6.910 [2.00]    -6.692 [2.00]    -6.692 [1.00]    -4.692 [0.00]    -4.087 [0.00]
    -2.201 [0.00]    -2.201 [0.00]    -0.997 [0.00]    -0.997 [0.00]    -0.721 [0.00]
    -0.721 [0.00]     1.543 [0.00]     1.767 [0.00]     1.772 [0.00]     2.124 [0.00]
     2.129 [0.00]     2.282 [0.00]     2.329 [0.00]     2.896 [0.00]     3.090 [0.00]
     4.532 [0.00]     4.551 [0.00]     5.160 [0.00]     5.448 [0.00]     5.464 [0.00]
     5.581 [0.00]     5.679 [0.00]     5.699 [0.00]     7.779 [0.00]     7.884 [0.00]
     8.259 [0.00]     8.325 [0.00]     8.462 [0.00]     9.307 [0.00]     9.559 [0.00]
     9.894 [0.00]    10.676 [0.00]    12.988 [0.00]    14.951 [0.00]    16.523 [0.00]



  KOHN-SHAM EIGENVALUES: [eV] at K =[0.080000 0.000000 0.000000]
   -11.008 [2.00]    -9.714 [2.00]    -9.249 [2.00]    -8.912 [2.00]    -8.911 [2.00]
    -8.806 [2.00]    -8.806 [2.00]    -7.818 [2.00]    -7.818 [2.00]    -7.767 [2.00]
    -7.765 [2.00]    -7.636 [2.00]    -7.634 [2.00]    -7.593 [2.00]    -7.590 [2.00]
    -7.582 [2.00]    -7.582 [2.00]    -7.445 [2.00]    -7.372 [2.00]    -7.369 [2.00]
    -7.344 [2.00]    -7.341 [2.00]    -7.073 [2.00]    -7.047 [2.00]    -6.926 [2.00]
    -6.895 [2.00]    -6.696 [2.00]    -6.696 [1.00]    -4.787 [0.00]    -3.983 [0.00]
    -2.196 [0.00]    -2.196 [0.00]    -1.041 [0.00]    -1.041 [0.00]    -0.673 [0.00]
    -0.673 [0.00]     1.413 [0.00]     1.706 [0.00]     1.711 [0.00]     2.181 [0.00]
     2.186 [0.00]     2.284 [0.00]     2.461 [0.00]     2.871 [0.00]     3.119 [0.00]
     4.535 [0.00]     4.554 [0.00]     5.100 [0.00]     5.412 [0.00]     5.428 [0.00]
     5.644 [0.00]     5.719 [0.00]     5.741 [0.00]     7.734 [0.00]     7.817 [0.00]
     8.306 [0.00]     8.319 [0.00]     8.405 [0.00]     9.382 [0.00]     9.562 [0.00]
     9.892 [0.00]    10.744 [0.00]    12.962 [0.00]    14.917 [0.00]    16.481 [0.00]



  KOHN-SHAM EIGENVALUES: [eV] at K =[0.100000 0.000000 0.000000]
   -11.002 [2.00]    -9.768 [2.00]    -9.187 [2.00]    -8.923 [2.00]    -8.922 [2.00]
    -8.791 [2.00]    -8.791 [2.00]    -7.848 [2.00]    -7.848 [2.00]    -7.766 [2.00]
    -7.764 [2.00]    -7.641 [2.00]    -7.639 [2.00]    -7.587 [2.00]    -7.585 [2.00]
    -7.553 [2.00]    -7.553 [2.00]    -7.443 [2.00]    -7.376 [2.00]    -7.373 [2.00]
    -7.341 [2.00]    -7.338 [2.00]    -7.090 [2.00]    -7.071 [2.00]    -6.905 [2.00]
    -6.880 [2.00]    -6.701 [2.00]    -6.701 [1.00]    -4.882 [0.00]    -3.877 [0.00]
    -2.190 [0.00]    -2.190 [0.00]    -1.085 [0.00]    -1.085 [0.00]    -0.624 [0.00]
    -0.624 [0.00]     1.284 [0.00]     1.645 [0.00]     1.649 [0.00]     2.236 [0.00]
     2.242 [0.00]     2.287 [0.00]     2.593 [0.00]     2.846 [0.00]     3.150 [0.00]
     4.539 [0.00]     4.558 [0.00]     5.040 [0.00]     5.376 [0.00]     5.392 [0.00]
     5.708 [0.00]     5.759 [0.00]     5.784 [0.00]     7.686 [0.00]     7.752 [0.00]
     8.173 [0.00]     8.361 [0.00]     8.488 [0.00]     9.355 [0.00]     9.652 [0.00]
     9.896 [0.00]    10.820 [0.00]    12.932 [0.00]    14.875 [0.00]    16.429 [0.00]



  KOHN-SHAM EIGENVALUES: [eV] at K =[0.120000 0.000000 0.000000]
   -10.995 [2.00]    -9.821 [2.00]    -9.125 [2.00]    -8.933 [2.00]    -8.933 [2.00]
    -8.775 [2.00]    -8.775 [2.00]    -7.877 [2.00]    -7.877 [2.00]    -7.766 [2.00]
    -7.763 [2.00]    -7.646 [2.00]    -7.644 [2.00]    -7.582 [2.00]    -7.579 [2.00]
    -7.523 [2.00]    -7.523 [2.00]    -7.441 [2.00]    -7.380 [2.00]    -7.377 [2.00]
    -7.338 [2.00]    -7.335 [2.00]    -7.106 [2.00]    -7.097 [2.00]    -6.883 [2.00]
    -6.866 [2.00]    -6.707 [2.00]    -6.707 [1.00]    -4.974 [0.00]    -3.771 [0.00]
    -2.183 [0.00]    -2.183 [0.00]    -1.128 [0.00]    -1.128 [0.00]    -0.576 [0.00]
    -0.576 [0.00]     1.156 [0.00]     1.583 [0.00]     1.588 [0.00]     2.280 [0.00]
     2.296 [0.00]     2.300 [0.00]     2.726 [0.00]     2.821 [0.00]     3.181 [0.00]
     4.544 [0.00]     4.562 [0.00]     4.981 [0.00]     5.341 [0.00]     5.357 [0.00]
     5.771 [0.00]     5.801 [0.00]     5.830 [0.00]     7.636 [0.00]     7.688 [0.00]
     8.029 [0.00]     8.416 [0.00]     8.572 [0.00]     9.287 [0.00]     9.751 [0.00]
     9.924 [0.00]    10.899 [0.00]    12.899 [0.00]    14.824 [0.00]    16.369 [0.00]



  KOHN-SHAM EIGENVALUES: [eV] at K =[0.140000 0.000000 0.000000]
   -10.987 [2.00]    -9.874 [2.00]    -9.062 [2.00]    -8.943 [2.00]    -8.943 [2.00]
    -8.759 [2.00]    -8.759 [2.00]    -7.906 [2.00]    -7.906 [2.00]    -7.765 [2.00]
    -7.763 [2.00]    -7.651 [2.00]    -7.649 [2.00]    -7.576 [2.00]    -7.574 [2.00]
    -7.494 [2.00]    -7.494 [2.00]    -7.439 [2.00]    -7.384 [2.00]    -7.381 [2.00]
    -7.335 [2.00]    -7.333 [2.00]    -7.124 [2.00]    -7.121 [2.00]    -6.862 [2.00]
    -6.853 [2.00]    -6.714 [2.00]    -6.714 [1.00]    -5.065 [0.00]    -3.664 [0.00]
    -2.174 [0.00]    -2.174 [0.00]    -1.170 [0.00]    -1.170 [0.00]    -0.526 [0.00]
    -0.526 [0.00]     1.029 [0.00]     1.522 [0.00]     1.526 [0.00]     2.289 [0.00]
     2.348 [0.00]     2.349 [0.00]     2.795 [0.00]     2.858 [0.00]     3.214 [0.00]
     4.550 [0.00]     4.568 [0.00]     4.921 [0.00]     5.306 [0.00]     5.322 [0.00]
     5.832 [0.00]     5.842 [0.00]     5.881 [0.00]     7.586 [0.00]     7.625 [0.00]
     7.885 [0.00]     8.473 [0.00]     8.658 [0.00]     9.209 [0.00]     9.800 [0.00]
    10.010 [0.00]    10.978 [0.00]    12.868 [0.00]    14.764 [0.00]    16.302 [0.00]



  KOHN-SHAM EIGENVALUES: [eV] at K =[0.160000 0.000000 0.000000]
   -10.978 [2.00]    -9.925 [2.00]    -8.998 [2.00]    -8.952 [2.00]    -8.952 [2.00]
    -8.742 [2.00]    -8.742 [2.00]    -7.935 [2.00]    -7.934 [2.00]    -7.764 [2.00]
    -7.762 [2.00]    -7.656 [2.00]    -7.654 [2.00]    -7.570 [2.00]    -7.568 [2.00]
    -7.465 [2.00]    -7.465 [2.00]    -7.436 [2.00]    -7.388 [2.00]    -7.386 [2.00]
    -7.333 [2.00]    -7.330 [2.00]    -7.152 [2.00]    -7.136 [2.00]    -6.841 [2.00]
    -6.839 [2.00]    -6.723 [2.00]    -6.722 [1.00]    -5.153 [0.00]    -3.556 [0.00]
    -2.165 [0.00]    -2.164 [0.00]    -1.212 [0.00]    -1.212 [0.00]    -0.476 [0.00]
    -0.476 [0.00]     0.902 [0.00]     1.460 [0.00]     1.464 [0.00]     2.293 [0.00]
     2.399 [0.00]     2.401 [0.00]     2.771 [0.00]     2.991 [0.00]     3.247 [0.00]
     4.556 [0.00]     4.574 [0.00]     4.863 [0.00]     5.272 [0.00]     5.288 [0.00]
     5.884 [0.00]     5.886 [0.00]     5.938 [0.00]     7.535 [0.00]     7.564 [0.00]
     7.741 [0.00]     8.530 [0.00]     8.746 [0.00]     9.126 [0.00]     9.810 [0.00]
    10.138 [0.00]    11.053 [0.00]    12.841 [0.00]    14.696 [0.00]    16.228 [0.00]



  KOHN-SHAM EIGENVALUES: [eV] at K =[0.180000 0.000000 0.000000]
   -10.967 [2.00]    -9.975 [2.00]    -8.961 [2.00]    -8.961 [2.00]    -8.934 [2.00]
    -8.725 [2.00]    -8.725 [2.00]    -7.963 [2.00]    -7.963 [2.00]    -7.763 [2.00]
    -7.760 [2.00]    -7.661 [2.00]    -7.658 [2.00]    -7.565 [2.00]    -7.562 [2.00]
    -7.436 [2.00]    -7.436 [2.00]    -7.433 [2.00]    -7.393 [2.00]    -7.390 [2.00]
    -7.330 [2.00]    -7.328 [2.00]    -7.182 [2.00]    -7.151 [2.00]    -6.830 [2.00]
    -6.816 [2.00]    -6.732 [2.00]    -6.732 [1.00]    -5.240 [0.00]    -3.448 [0.00]
    -2.154 [0.00]    -2.153 [0.00]    -1.253 [0.00]    -1.253 [0.00]    -0.426 [0.00]
    -0.426 [0.00]     0.776 [0.00]     1.398 [0.00]     1.403 [0.00]     2.297 [0.00]
     2.449 [0.00]     2.451 [0.00]     2.747 [0.00]     3.123 [0.00]     3.281 [0.00]
     4.564 [0.00]     4.582 [0.00]     4.805 [0.00]     5.239 [0.00]     5.255 [0.00]
     5.927 [0.00]     5.934 [0.00]     6.002 [0.00]     7.483 [0.00]     7.505 [0.00]
     7.598 [0.00]     8.585 [0.00]     8.835 [0.00]     9.041 [0.00]     9.808 [0.00]
    10.279 [0.00]    11.122 [0.00]    12.822 [0.00]    14.620 [0.00]    16.150 [0.00]



  KOHN-SHAM EIGENVALUES: [eV] at K =[0.200000 0.000000 0.000000]
   -10.955 [2.00]   -10.024 [2.00]    -8.969 [2.00]    -8.969 [2.00]    -8.870 [2.00]
    -8.707 [2.00]    -8.707 [2.00]    -7.992 [2.00]    -7.992 [2.00]    -7.761 [2.00]
    -7.759 [2.00]    -7.666 [2.00]    -7.663 [2.00]    -7.559 [2.00]    -7.557 [2.00]
    -7.430 [2.00]    -7.407 [2.00]    -7.407 [2.00]    -7.397 [2.00]    -7.394 [2.00]
    -7.328 [2.00]    -7.325 [2.00]    -7.213 [2.00]    -7.165 [2.00]    -6.819 [2.00]
    -6.792 [2.00]    -6.743 [2.00]    -6.742 [1.00]    -5.325 [0.00]    -3.340 [0.00]
    -2.141 [0.00]    -2.141 [0.00]    -1.294 [0.00]    -1.294 [0.00]    -0.375 [0.00]
    -0.375 [0.00]     0.651 [0.00]     1.337 [0.00]     1.341 [0.00]     2.301 [0.00]
     2.497 [0.00]     2.499 [0.00]     2.724 [0.00]     3.256 [0.00]     3.316 [0.00]
     4.572 [0.00]     4.590 [0.00]     4.749 [0.00]     5.206 [0.00]     5.222 [0.00]
     5.970 [0.00]     5.981 [0.00]     6.068 [0.00]     7.432 [0.00]     7.446 [0.00]
     7.455 [0.00]     8.639 [0.00]     8.925 [0.00]     8.956 [0.00]     9.803 [0.00]
    10.424 [0.00]    11.183 [0.00]    12.813 [0.00]    14.538 [0.00]    16.067 [0.00]



  KOHN-SHAM EIGENVALUES: [eV] at K =[0.220000 0.000000 0.000000]
   -10.942 [2.00]   -10.072 [2.00]    -8.977 [2.00]    -8.977 [2.00]    -8.805 [2.00]
    -8.689 [2.00]    -8.689 [2.00]    -8.020 [2.00]    -8.020 [2.00]    -7.760 [2.00]
    -7.758 [2.00]    -7.670 [2.00]    -7.668 [2.00]    -7.553 [2.00]    -7.551 [2.00]
    -7.426 [2.00]    -7.402 [2.00]    -7.399 [2.00]    -7.378 [2.00]    -7.378 [2.00]
    -7.326 [2.00]    -7.323 [2.00]    -7.247 [2.00]    -7.180 [2.00]    -6.809 [2.00]
    -6.767 [2.00]    -6.754 [2.00]    -6.754 [1.00]    -5.407 [0.00]    -3.232 [0.00]
    -2.128 [0.00]    -2.127 [0.00]    -1.334 [0.00]    -1.334 [0.00]    -0.324 [0.00]
    -0.324 [0.00]     0.528 [0.00]     1.275 [0.00]     1.279 [0.00]     2.306 [0.00]
     2.543 [0.00]     2.545 [0.00]     2.701 [0.00]     3.351 [0.00]     3.388 [0.00]
     4.581 [0.00]     4.599 [0.00]     4.695 [0.00]     5.174 [0.00]     5.190 [0.00]
     6.013 [0.00]     6.026 [0.00]     6.136 [0.00]     7.311 [0.00]     7.382 [0.00]
     7.388 [0.00]     8.690 [0.00]     8.872 [0.00]     9.015 [0.00]     9.797 [0.00]
    10.572 [0.00]    11.233 [0.00]    12.819 [0.00]    14.448 [0.00]    15.982 [0.00]



  KOHN-SHAM EIGENVALUES: [eV] at K =[0.240000 0.000000 0.000000]
   -10.927 [2.00]   -10.119 [2.00]    -8.984 [2.00]    -8.984 [2.00]    -8.739 [2.00]
    -8.670 [2.00]    -8.670 [2.00]    -8.048 [2.00]    -8.048 [2.00]    -7.758 [2.00]
    -7.756 [2.00]    -7.675 [2.00]    -7.673 [2.00]    -7.548 [2.00]    -7.545 [2.00]
    -7.422 [2.00]    -7.406 [2.00]    -7.404 [2.00]    -7.349 [2.00]    -7.349 [2.00]
    -7.324 [2.00]    -7.321 [2.00]    -7.281 [2.00]    -7.193 [2.00]    -6.800 [2.00]
    -6.766 [2.00]    -6.766 [2.00]    -6.741 [1.00]    -5.487 [0.00]    -3.124 [0.00]
    -2.113 [0.00]    -2.113 [0.00]    -1.373 [0.00]    -1.373 [0.00]    -0.272 [0.00]
    -0.272 [0.00]     0.406 [0.00]     1.214 [0.00]     1.218 [0.00]     2.312 [0.00]
     2.587 [0.00]     2.588 [0.00]     2.679 [0.00]     3.387 [0.00]     3.518 [0.00]
     4.591 [0.00]     4.607 [0.00]     4.644 [0.00]     5.143 [0.00]     5.158 [0.00]
     6.057 [0.00]     6.072 [0.00]     6.205 [0.00]     7.169 [0.00]     7.331 [0.00]
     7.332 [0.00]     8.728 [0.00]     8.797 [0.00]     9.105 [0.00]     9.791 [0.00]
    10.720 [0.00]    11.272 [0.00]    12.839 [0.00]    14.352 [0.00]    15.893 [0.00]



  KOHN-SHAM EIGENVALUES: [eV] at K =[0.260000 0.000000 0.000000]
   -10.911 [2.00]   -10.164 [2.00]    -8.991 [2.00]    -8.991 [2.00]    -8.674 [2.00]
    -8.651 [2.00]    -8.651 [2.00]    -8.076 [2.00]    -8.076 [2.00]    -7.757 [2.00]
    -7.754 [2.00]    -7.679 [2.00]    -7.677 [2.00]    -7.542 [2.00]    -7.539 [2.00]
    -7.418 [2.00]    -7.411 [2.00]    -7.409 [2.00]    -7.322 [2.00]    -7.321 [2.00]
    -7.321 [2.00]    -7.319 [2.00]    -7.318 [2.00]    -7.206 [2.00]    -6.792 [2.00]
    -6.780 [2.00]    -6.780 [2.00]    -6.714 [1.00]    -5.565 [0.00]    -3.016 [0.00]
    -2.097 [0.00]    -2.097 [0.00]    -1.412 [0.00]    -1.412 [0.00]    -0.220 [0.00]
    -0.220 [0.00]     0.285 [0.00]     1.153 [0.00]     1.156 [0.00]     2.318 [0.00]
     2.628 [0.00]     2.630 [0.00]     2.659 [0.00]     3.424 [0.00]     3.648 [0.00]
     4.588 [0.00]     4.602 [0.00]     4.624 [0.00]     5.112 [0.00]     5.128 [0.00]
     6.101 [0.00]     6.117 [0.00]     6.273 [0.00]     7.027 [0.00]     7.276 [0.00]
     7.280 [0.00]     8.689 [0.00]     8.797 [0.00]     9.194 [0.00]     9.788 [0.00]
    10.869 [0.00]    11.300 [0.00]    12.876 [0.00]    14.250 [0.00]    15.803 [0.00]



  KOHN-SHAM EIGENVALUES: [eV] at K =[0.280000 0.000000 0.000000]
   -10.894 [2.00]   -10.209 [2.00]    -8.997 [2.00]    -8.997 [2.00]    -8.632 [2.00]
    -8.632 [2.00]    -8.608 [2.00]    -8.104 [2.00]    -8.104 [2.00]    -7.755 [2.00]
    -7.752 [2.00]    -7.684 [2.00]    -7.682 [2.00]    -7.536 [2.00]    -7.534 [2.00]
    -7.416 [2.00]    -7.413 [2.00]    -7.413 [2.00]    -7.357 [2.00]    -7.320 [2.00]
    -7.318 [2.00]    -7.293 [2.00]    -7.293 [2.00]    -7.219 [2.00]    -6.794 [2.00]
    -6.794 [2.00]    -6.784 [2.00]    -6.687 [1.00]    -5.640 [0.00]    -2.910 [0.00]
    -2.080 [0.00]    -2.079 [0.00]    -1.450 [0.00]    -1.450 [0.00]    -0.168 [0.00]
    -0.167 [0.00]     0.167 [0.00]     1.092 [0.00]     1.095 [0.00]     2.324 [0.00]
     2.634 [0.00]     2.669 [0.00]     2.671 [0.00]     3.461 [0.00]     3.775 [0.00]
     4.543 [0.00]     4.614 [0.00]     4.634 [0.00]     5.082 [0.00]     5.098 [0.00]
     6.145 [0.00]     6.163 [0.00]     6.341 [0.00]     6.886 [0.00]     7.221 [0.00]
     7.229 [0.00]     8.611 [0.00]     8.833 [0.00]     9.281 [0.00]     9.786 [0.00]
    11.016 [0.00]    11.318 [0.00]    12.928 [0.00]    14.143 [0.00]    15.711 [0.00]



  KOHN-SHAM EIGENVALUES: [eV] at K =[0.300000 0.000000 0.000000]
   -10.876 [2.00]   -10.253 [2.00]    -9.003 [2.00]    -9.002 [2.00]    -8.612 [2.00]
    -8.612 [2.00]    -8.543 [2.00]    -8.131 [2.00]    -8.131 [2.00]    -7.753 [2.00]
    -7.751 [2.00]    -7.688 [2.00]    -7.686 [2.00]    -7.530 [2.00]    -7.528 [2.00]
    -7.421 [2.00]    -7.418 [2.00]    -7.408 [2.00]    -7.397 [2.00]    -7.319 [2.00]
    -7.316 [2.00]    -7.265 [2.00]    -7.265 [2.00]    -7.232 [2.00]    -6.810 [2.00]
    -6.810 [2.00]    -6.777 [2.00]    -6.658 [1.00]    -5.713 [0.00]    -2.804 [0.00]
    -2.061 [0.00]    -2.061 [0.00]    -1.487 [0.00]    -1.487 [0.00]    -0.115 [0.00]
    -0.114 [0.00]     0.051 [0.00]     1.031 [0.00]     1.034 [0.00]     2.331 [0.00]
     2.614 [0.00]     2.705 [0.00]     2.707 [0.00]     3.499 [0.00]     3.896 [0.00]
     4.504 [0.00]     4.627 [0.00]     4.646 [0.00]     5.053 [0.00]     5.069 [0.00]
     6.190 [0.00]     6.209 [0.00]     6.409 [0.00]     6.745 [0.00]     7.167 [0.00]
     7.179 [0.00]     8.531 [0.00]     8.867 [0.00]     9.365 [0.00]     9.788 [0.00]
    11.159 [0.00]    11.333 [0.00]    12.992 [0.00]    14.031 [0.00]    15.617 [0.00]



  KOHN-SHAM EIGENVALUES: [eV] at K =[0.320000 0.000000 0.000000]
   -10.856 [2.00]   -10.295 [2.00]    -9.008 [2.00]    -9.007 [2.00]    -8.591 [2.00]
    -8.591 [2.00]    -8.477 [2.00]    -8.158 [2.00]    -8.158 [2.00]    -7.751 [2.00]
    -7.748 [2.00]    -7.692 [2.00]    -7.690 [2.00]    -7.525 [2.00]    -7.522 [2.00]
    -7.440 [2.00]    -7.426 [2.00]    -7.423 [2.00]    -7.403 [2.00]    -7.317 [2.00]
    -7.315 [2.00]    -7.244 [2.00]    -7.237 [2.00]    -7.237 [2.00]    -6.826 [2.00]
    -6.826 [2.00]    -6.771 [2.00]    -6.628 [1.00]    -5.782 [0.00]    -2.700 [0.00]
    -2.042 [0.00]    -2.042 [0.00]    -1.524 [0.00]    -1.524 [0.00]    -0.063 [0.00]
    -0.061 [0.00]    -0.061 [0.00]     0.970 [0.00]     0.973 [0.00]     2.339 [0.00]
     2.595 [0.00]     2.738 [0.00]     2.740 [0.00]     3.538 [0.00]     4.006 [0.00]
     4.476 [0.00]     4.641 [0.00]     4.659 [0.00]     5.024 [0.00]     5.040 [0.00]
     6.235 [0.00]     6.255 [0.00]     6.474 [0.00]     6.605 [0.00]     7.114 [0.00]
     7.128 [0.00]     8.453 [0.00]     8.895 [0.00]     9.446 [0.00]     9.793 [0.00]
    11.267 [0.00]    11.375 [0.00]    13.067 [0.00]    13.916 [0.00]    15.523 [0.00]



  KOHN-SHAM EIGENVALUES: [eV] at K =[0.340000 0.000000 0.000000]
   -10.835 [2.00]   -10.336 [2.00]    -9.012 [2.00]    -9.012 [2.00]    -8.570 [2.00]
    -8.570 [2.00]    -8.411 [2.00]    -8.185 [2.00]    -8.185 [2.00]    -7.748 [2.00]
    -7.746 [2.00]    -7.697 [2.00]    -7.694 [2.00]    -7.519 [2.00]    -7.516 [2.00]
    -7.484 [2.00]    -7.431 [2.00]    -7.428 [2.00]    -7.397 [2.00]    -7.316 [2.00]
    -7.313 [2.00]    -7.256 [2.00]    -7.210 [2.00]    -7.210 [2.00]    -6.843 [2.00]
    -6.843 [2.00]    -6.765 [2.00]    -6.597 [1.00]    -5.850 [0.00]    -2.599 [0.00]
    -2.021 [0.00]    -2.021 [0.00]    -1.560 [0.00]    -1.560 [0.00]    -0.173 [0.00]
    -0.007 [0.00]    -0.007 [0.00]     0.910 [0.00]     0.913 [0.00]     2.347 [0.00]
     2.576 [0.00]     2.768 [0.00]     2.771 [0.00]     3.577 [0.00]     4.093 [0.00]
     4.473 [0.00]     4.655 [0.00]     4.673 [0.00]     4.996 [0.00]     5.012 [0.00]
     6.281 [0.00]     6.301 [0.00]     6.463 [0.00]     6.541 [0.00]     7.061 [0.00]
     7.078 [0.00]     8.377 [0.00]     8.918 [0.00]     9.523 [0.00]     9.801 [0.00]
    11.293 [0.00]    11.494 [0.00]    13.147 [0.00]    13.799 [0.00]    15.428 [0.00]



  KOHN-SHAM EIGENVALUES: [eV] at K =[0.360000 0.000000 0.000000]
   -10.813 [2.00]   -10.376 [2.00]    -9.016 [2.00]    -9.016 [2.00]    -8.549 [2.00]
    -8.549 [2.00]    -8.346 [2.00]    -8.212 [2.00]    -8.212 [2.00]    -7.746 [2.00]
    -7.744 [2.00]    -7.701 [2.00]    -7.698 [2.00]    -7.531 [2.00]    -7.513 [2.00]
    -7.511 [2.00]    -7.436 [2.00]    -7.434 [2.00]    -7.391 [2.00]    -7.315 [2.00]
    -7.312 [2.00]    -7.267 [2.00]    -7.183 [2.00]    -7.183 [2.00]    -6.861 [2.00]
    -6.861 [2.00]    -6.760 [2.00]    -6.565 [1.00]    -5.914 [0.00]    -2.501 [0.00]
    -1.999 [0.00]    -1.999 [0.00]    -1.595 [0.00]    -1.595 [0.00]    -0.278 [0.00]
     0.047 [0.00]     0.048 [0.00]     0.850 [0.00]     0.853 [0.00]     2.356 [0.00]
     2.557 [0.00]     2.795 [0.00]     2.798 [0.00]     3.616 [0.00]     4.138 [0.00]
     4.513 [0.00]     4.670 [0.00]     4.688 [0.00]     4.969 [0.00]     4.985 [0.00]
     6.318 [0.00]     6.327 [0.00]     6.353 [0.00]     6.602 [0.00]     7.009 [0.00]
     7.028 [0.00]     8.305 [0.00]     8.936 [0.00]     9.594 [0.00]     9.812 [0.00]
    11.292 [0.00]    11.638 [0.00]    13.227 [0.00]    13.683 [0.00]    15.335 [0.00]



  KOHN-SHAM EIGENVALUES: [eV] at K =[0.380000 0.000000 0.000000]
   -10.790 [2.00]   -10.415 [2.00]    -9.020 [2.00]    -9.019 [2.00]    -8.527 [2.00]
    -8.527 [2.00]    -8.281 [2.00]    -8.238 [2.00]    -8.238 [2.00]    -7.744 [2.00]
    -7.741 [2.00]    -7.705 [2.00]    -7.702 [2.00]    -7.579 [2.00]    -7.507 [2.00]
    -7.505 [2.00]    -7.441 [2.00]    -7.439 [2.00]    -7.384 [2.00]    -7.314 [2.00]
    -7.311 [2.00]    -7.278 [2.00]    -7.157 [2.00]    -7.157 [2.00]    -6.880 [2.00]
    -6.880 [2.00]    -6.756 [2.00]    -6.531 [1.00]    -5.976 [0.00]    -2.408 [0.00]
    -1.977 [0.00]    -1.977 [0.00]    -1.630 [0.00]    -1.630 [0.00]    -0.378 [0.00]
     0.102 [0.00]     0.103 [0.00]     0.791 [0.00]     0.793 [0.00]     2.365 [0.00]
     2.540 [0.00]     2.819 [0.00]     2.822 [0.00]     3.656 [0.00]     4.141 [0.00]
     4.596 [0.00]     4.686 [0.00]     4.704 [0.00]     4.943 [0.00]     4.959 [0.00]
     6.182 [0.00]     6.373 [0.00]     6.396 [0.00]     6.660 [0.00]     6.958 [0.00]
     6.979 [0.00]     8.238 [0.00]     8.948 [0.00]     9.658 [0.00]     9.824 [0.00]
    11.286 [0.00]    11.786 [0.00]    13.292 [0.00]    13.581 [0.00]    15.243 [0.00]



  KOHN-SHAM EIGENVALUES: [eV] at K =[0.400000 0.000000 0.000000]
   -10.766 [2.00]   -10.453 [2.00]    -9.023 [2.00]    -9.022 [2.00]    -8.505 [2.00]
    -8.505 [2.00]    -8.264 [2.00]    -8.264 [2.00]    -8.217 [2.00]    -7.741 [2.00]
    -7.739 [2.00]    -7.709 [2.00]    -7.706 [2.00]    -7.629 [2.00]    -7.502 [2.00]
    -7.499 [2.00]    -7.447 [2.00]    -7.444 [2.00]    -7.377 [2.00]    -7.313 [2.00]
    -7.310 [2.00]    -7.289 [2.00]    -7.131 [2.00]    -7.131 [2.00]    -6.899 [2.00]
    -6.899 [2.00]    -6.752 [2.00]    -6.496 [1.00]    -6.036 [0.00]    -2.321 [0.00]
    -1.953 [0.00]    -1.953 [0.00]    -1.663 [0.00]    -1.663 [0.00]    -0.470 [0.00]
     0.157 [0.00]     0.158 [0.00]     0.731 [0.00]     0.733 [0.00]     2.375 [0.00]
     2.523 [0.00]     2.839 [0.00]     2.843 [0.00]     3.697 [0.00]     4.119 [0.00]
     4.703 [0.00]     4.705 [0.00]     4.721 [0.00]     4.917 [0.00]     4.934 [0.00]
     6.044 [0.00]     6.420 [0.00]     6.443 [0.00]     6.714 [0.00]     6.907 [0.00]
     6.929 [0.00]     8.177 [0.00]     8.957 [0.00]     9.715 [0.00]     9.838 [0.00]
    11.277 [0.00]    11.935 [0.00]    13.294 [0.00]    13.537 [0.00]    15.156 [0.00]



  KOHN-SHAM EIGENVALUES: [eV] at K =[0.420000 0.000000 0.000000]
   -10.740 [2.00]   -10.490 [2.00]    -9.025 [2.00]    -9.025 [2.00]    -8.483 [2.00]
    -8.483 [2.00]    -8.290 [2.00]    -8.290 [2.00]    -8.153 [2.00]    -7.738 [2.00]
    -7.736 [2.00]    -7.712 [2.00]    -7.710 [2.00]    -7.681 [2.00]    -7.496 [2.00]
    -7.494 [2.00]    -7.452 [2.00]    -7.449 [2.00]    -7.370 [2.00]    -7.313 [2.00]
    -7.310 [2.00]    -7.300 [2.00]    -7.105 [2.00]    -7.105 [2.00]    -6.920 [2.00]
    -6.919 [2.00]    -6.750 [2.00]    -6.459 [1.00]    -6.092 [0.00]    -2.243 [0.00]
    -1.928 [0.00]    -1.928 [0.00]    -1.696 [0.00]    -1.696 [0.00]    -0.552 [0.00]
     0.213 [0.00]     0.214 [0.00]     0.672 [0.00]     0.674 [0.00]     2.385 [0.00]
     2.507 [0.00]     2.856 [0.00]     2.860 [0.00]     3.738 [0.00]     4.085 [0.00]
     4.721 [0.00]     4.738 [0.00]     4.827 [0.00]     4.892 [0.00]     4.909 [0.00]
     5.905 [0.00]     6.467 [0.00]     6.490 [0.00]     6.761 [0.00]     6.856 [0.00]
     6.880 [0.00]     8.123 [0.00]     8.963 [0.00]     9.762 [0.00]     9.851 [0.00]
    11.270 [0.00]    12.084 [0.00]    13.208 [0.00]    13.573 [0.00]    15.074 [0.00]



  KOHN-SHAM EIGENVALUES: [eV] at K =[0.440000 0.000000 0.000000]
   -10.713 [2.00]   -10.525 [2.00]    -9.027 [2.00]    -9.027 [2.00]    -8.460 [2.00]
    -8.460 [2.00]    -8.315 [2.00]    -8.315 [2.00]    -8.090 [2.00]    -7.735 [2.00]
    -7.735 [2.00]    -7.733 [2.00]    -7.716 [2.00]    -7.714 [2.00]    -7.490 [2.00]
    -7.488 [2.00]    -7.457 [2.00]    -7.455 [2.00]    -7.362 [2.00]    -7.312 [2.00]
    -7.310 [2.00]    -7.309 [2.00]    -7.080 [2.00]    -7.080 [2.00]    -6.941 [2.00]
    -6.940 [2.00]    -6.747 [2.00]    -6.421 [1.00]    -6.146 [0.00]    -2.177 [0.00]
    -1.902 [0.00]    -1.902 [0.00]    -1.728 [0.00]    -1.728 [0.00]    -0.622 [0.00]
     0.269 [0.00]     0.270 [0.00]     0.613 [0.00]     0.615 [0.00]     2.395 [0.00]
     2.492 [0.00]     2.869 [0.00]     2.873 [0.00]     3.779 [0.00]     4.047 [0.00]
     4.740 [0.00]     4.757 [0.00]     4.868 [0.00]     4.885 [0.00]     4.956 [0.00]
     5.767 [0.00]     6.514 [0.00]     6.538 [0.00]     6.801 [0.00]     6.806 [0.00]
     6.831 [0.00]     8.078 [0.00]     8.966 [0.00]     9.801 [0.00]     9.862 [0.00]
    11.263 [0.00]    12.232 [0.00]    13.085 [0.00]    13.633 [0.00]    15.003 [0.00]



  KOHN-SHAM EIGENVALUES: [eV] at K =[0.460000 0.000000 0.000000]
   -10.685 [2.00]   -10.560 [2.00]    -9.028 [2.00]    -9.028 [2.00]    -8.437 [2.00]
    -8.437 [2.00]    -8.340 [2.00]    -8.340 [2.00]    -8.028 [2.00]    -7.791 [2.00]
    -7.732 [2.00]    -7.730 [2.00]    -7.719 [2.00]    -7.717 [2.00]    -7.485 [2.00]
    -7.482 [2.00]    -7.463 [2.00]    -7.460 [2.00]    -7.355 [2.00]    -7.319 [2.00]
    -7.312 [2.00]    -7.309 [2.00]    -7.055 [2.00]    -7.055 [2.00]    -6.962 [2.00]
    -6.962 [2.00]    -6.746 [2.00]    -6.380 [1.00]    -6.198 [0.00]    -2.125 [0.00]
    -1.876 [0.00]    -1.876 [0.00]    -1.759 [0.00]    -1.759 [0.00]    -0.676 [0.00]
     0.325 [0.00]     0.326 [0.00]     0.555 [0.00]     0.557 [0.00]     2.405 [0.00]
     2.479 [0.00]     2.878 [0.00]     2.883 [0.00]     3.819 [0.00]     4.008 [0.00]
     4.759 [0.00]     4.776 [0.00]     4.845 [0.00]     4.862 [0.00]     5.087 [0.00]
     5.629 [0.00]     6.562 [0.00]     6.586 [0.00]     6.756 [0.00]     6.781 [0.00]
     6.832 [0.00]     8.044 [0.00]     8.968 [0.00]     9.828 [0.00]     9.871 [0.00]
    11.258 [0.00]    12.379 [0.00]    12.952 [0.00]    13.687 [0.00]    14.945 [0.00]



  KOHN-SHAM EIGENVALUES: [eV] at K =[0.480000 0.000000 0.000000]
   -10.655 [2.00]   -10.593 [2.00]    -9.029 [2.00]    -9.029 [2.00]    -8.413 [2.00]
    -8.413 [2.00]    -8.365 [2.00]    -8.365 [2.00]    -