k-points are in crystal coordinates
nk(3) =     1    1    8
dk(3) =   0.000000000  0.000000000  0.000000000

direct lattice vectors
a1 =  30.739978000  0.000000000  0.000000000
a2 =   0.000000000 30.739978000  0.000000000
a3 =   0.000000000  0.000000000  8.038461979

unit cell volume =  0.759591448E+04

reciprocal lattice vectors
b1 =   0.204397847  0.000000000  0.000000000
b2 =   0.000000000  0.204397847  0.000000000
b3 =   0.000000000  0.000000000  0.781640235

symmetries of the Bravais lattice
Space group 123, symbol P4/mmm               
r01 =     1   0   0     0   1   0     0   0   1
r02 =     1   0   0     0  -1   0     0   0   1
r03 =     0   1   0     1   0   0     0   0   1
r04 =     0   1   0    -1   0   0     0   0   1
r05 =    -1   0   0     0   1   0     0   0   1
r06 =    -1   0   0     0  -1   0     0   0   1
r07 =     0  -1   0     1   0   0     0   0   1
r08 =     0  -1   0    -1   0   0     0   0   1
r09 =     1   0   0     0   1   0     0   0  -1
r10 =     1   0   0     0  -1   0     0   0  -1
r11 =     0   1   0     1   0   0     0   0  -1
r12 =     0   1   0    -1   0   0     0   0  -1
r13 =    -1   0   0     0   1   0     0   0  -1
r14 =    -1   0   0     0  -1   0     0   0  -1
r15 =     0  -1   0     1   0   0     0   0  -1
r16 =     0  -1   0    -1   0   0     0   0  -1

symmetries of the crystal
Space group 123, symbol P4/mmm               
r01 =     1   0   0     0   1   0     0   0   1
r02 =     1   0   0     0  -1   0     0   0   1
r03 =     0   1   0     1   0   0     0   0   1
r04 =     0   1   0    -1   0   0     0   0   1
r05 =    -1   0   0     0   1   0     0   0   1
r06 =    -1   0   0     0  -1   0     0   0   1
r07 =     0  -1   0     1   0   0     0   0   1
r08 =     0  -1   0    -1   0   0     0   0   1

k-points in the original uniform grid
    8
    1  0.000000000  0.000000000  0.000000000   1.0    0  ---
    2  0.000000000  0.000000000  0.125000000   1.0    0  ---
    3  0.000000000  0.000000000  0.250000000   1.0    0  ---
    4  0.000000000  0.000000000  0.375000000   1.0    0  ---
    5  0.000000000  0.000000000  0.500000000   1.0    0  ---
    6  0.000000000  0.000000000  0.625000000   1.0    0  ---
    7  0.000000000  0.000000000  0.750000000   1.0    0  ---
    8  0.000000000  0.000000000  0.875000000   1.0    0  ---

k-points in the irreducible wedge
    8
    1  0.000000000  0.000000000  0.000000000   1.0    1
    2  0.000000000  0.000000000  0.125000000   1.0    2
    3  0.000000000  0.000000000  0.250000000   1.0    3
    4  0.000000000  0.000000000  0.375000000   1.0    4
    5  0.000000000  0.000000000  0.500000000   1.0    5
    6  0.000000000  0.000000000  0.625000000   1.0    6
    7  0.000000000  0.000000000  0.750000000   1.0    7
    8  0.000000000  0.000000000  0.875000000   1.0    8

