k-points are in crystal coordinates
nk(3) =     1    1   32
dk(3) =   0.000000000  0.000000000  0.500000000

direct lattice vectors
a1 =  30.739978000  0.000000000  0.000000000
a2 =   0.000000000 30.739978000  0.000000000
a3 =   0.000000000  0.000000000  8.038461979

unit cell volume =  0.759591448E+04

reciprocal lattice vectors
b1 =   0.204397847  0.000000000  0.000000000
b2 =   0.000000000  0.204397847  0.000000000
b3 =   0.000000000  0.000000000  0.781640235

symmetries of the Bravais lattice
Space group 123, symbol P4/mmm               
r01 =     1   0   0     0   1   0     0   0   1
r02 =     1   0   0     0  -1   0     0   0   1
r03 =     0   1   0     1   0   0     0   0   1
r04 =     0   1   0    -1   0   0     0   0   1
r05 =    -1   0   0     0   1   0     0   0   1
r06 =    -1   0   0     0  -1   0     0   0   1
r07 =     0  -1   0     1   0   0     0   0   1
r08 =     0  -1   0    -1   0   0     0   0   1
r09 =     1   0   0     0   1   0     0   0  -1
r10 =     1   0   0     0  -1   0     0   0  -1
r11 =     0   1   0     1   0   0     0   0  -1
r12 =     0   1   0    -1   0   0     0   0  -1
r13 =    -1   0   0     0   1   0     0   0  -1
r14 =    -1   0   0     0  -1   0     0   0  -1
r15 =     0  -1   0     1   0   0     0   0  -1
r16 =     0  -1   0    -1   0   0     0   0  -1

symmetries of the crystal
Space group 123, symbol P4/mmm               
r01 =     1   0   0     0   1   0     0   0   1
r02 =     1   0   0     0  -1   0     0   0   1
r03 =     0   1   0     1   0   0     0   0   1
r04 =     0   1   0    -1   0   0     0   0   1
r05 =    -1   0   0     0   1   0     0   0   1
r06 =    -1   0   0     0  -1   0     0   0   1
r07 =     0  -1   0     1   0   0     0   0   1
r08 =     0  -1   0    -1   0   0     0   0   1

k-points in the original uniform grid
   32
    1  0.000000000  0.000000000  0.015625000   1.0    0  ---
    2  0.000000000  0.000000000  0.046875000   1.0    0  ---
    3  0.000000000  0.000000000  0.078125000   1.0    0  ---
    4  0.000000000  0.000000000  0.109375000   1.0    0  ---
    5  0.000000000  0.000000000  0.140625000   1.0    0  ---
    6  0.000000000  0.000000000  0.171875000   1.0    0  ---
    7  0.000000000  0.000000000  0.203125000   1.0    0  ---
    8  0.000000000  0.000000000  0.234375000   1.0    0  ---
    9  0.000000000  0.000000000  0.265625000   1.0    0  ---
   10  0.000000000  0.000000000  0.296875000   1.0    0  ---
   11  0.000000000  0.000000000  0.328125000   1.0    0  ---
   12  0.000000000  0.000000000  0.359375000   1.0    0  ---
   13  0.000000000  0.000000000  0.390625000   1.0    0  ---
   14  0.000000000  0.000000000  0.421875000   1.0    0  ---
   15  0.000000000  0.000000000  0.453125000   1.0    0  ---
   16  0.000000000  0.000000000  0.484375000   1.0    0  ---
   17  0.000000000  0.000000000  0.515625000   1.0    0  ---
   18  0.000000000  0.000000000  0.546875000   1.0    0  ---
   19  0.000000000  0.000000000  0.578125000   1.0    0  ---
   20  0.000000000  0.000000000  0.609375000   1.0    0  ---
   21  0.000000000  0.000000000  0.640625000   1.0    0  ---
   22  0.000000000  0.000000000  0.671875000   1.0    0  ---
   23  0.000000000  0.000000000  0.703125000   1.0    0  ---
   24  0.000000000  0.000000000  0.734375000   1.0    0  ---
   25  0.000000000  0.000000000  0.765625000   1.0    0  ---
   26  0.000000000  0.000000000  0.796875000   1.0    0  ---
   27  0.000000000  0.000000000  0.828125000   1.0    0  ---
   28  0.000000000  0.000000000  0.859375000   1.0    0  ---
   29  0.000000000  0.000000000  0.890625000   1.0    0  ---
   30  0.000000000  0.000000000  0.921875000   1.0    0  ---
   31  0.000000000  0.000000000  0.953125000   1.0    0  ---
   32  0.000000000  0.000000000  0.984375000   1.0    0  ---

k-points in the irreducible wedge
   32
    1  0.000000000  0.000000000  0.015625000   1.0    1
    2  0.000000000  0.000000000  0.046875000   1.0    2
    3  0.000000000  0.000000000  0.078125000   1.0    3
    4  0.000000000  0.000000000  0.109375000   1.0    4
    5  0.000000000  0.000000000  0.140625000   1.0    5
    6  0.000000000  0.000000000  0.171875000   1.0    6
    7  0.000000000  0.000000000  0.203125000   1.0    7
    8  0.000000000  0.000000000  0.234375000   1.0    8
    9  0.000000000  0.000000000  0.265625000   1.0    9
   10  0.000000000  0.000000000  0.296875000   1.0   10
   11  0.000000000  0.000000000  0.328125000   1.0   11
   12  0.000000000  0.000000000  0.359375000   1.0   12
   13  0.000000000  0.000000000  0.390625000   1.0   13
   14  0.000000000  0.000000000  0.421875000   1.0   14
   15  0.000000000  0.000000000  0.453125000   1.0   15
   16  0.000000000  0.000000000  0.484375000   1.0   16
   17  0.000000000  0.000000000  0.515625000   1.0   17
   18  0.000000000  0.000000000  0.546875000   1.0   18
   19  0.000000000  0.000000000  0.578125000   1.0   19
   20  0.000000000  0.000000000  0.609375000   1.0   20
   21  0.000000000  0.000000000  0.640625000   1.0   21
   22  0.000000000  0.000000000  0.671875000   1.0   22
   23  0.000000000  0.000000000  0.703125000   1.0   23
   24  0.000000000  0.000000000  0.734375000   1.0   24
   25  0.000000000  0.000000000  0.765625000   1.0   25
   26  0.000000000  0.000000000  0.796875000   1.0   26
   27  0.000000000  0.000000000  0.828125000   1.0   27
   28  0.000000000  0.000000000  0.859375000   1.0   28
   29  0.000000000  0.000000000  0.890625000   1.0   29
   30  0.000000000  0.000000000  0.921875000   1.0   30
   31  0.000000000  0.000000000  0.953125000   1.0   31
   32  0.000000000  0.000000000  0.984375000   1.0   32

