RMG initialization ... 1 image(s) total, 1 per node. 16 MPI processes/image. Thread level 2.


                     * * * * * * * * * *
                     *    R   M   G    *
                     * * * * * * * * * *

     -- A Real Space Multigrid Electronic structure code --
     --      More information at www.rmgdft.org          --

Code Revision:     5.4.0-develop-78f09519
Build Date:        Aug  1 2023  15:45:16
Start time:        Thu Aug  3 10:02:41 2023

NOTICE: RMG internal pseudopotentials have switched to
ONCVP from Ultrasoft. You can revert to Ultrasoft by
adding the input tag internal_pseudo_type="ultrasoft" to
your input files.


Files
   Control input file:        input_band
   Data output file:          Waves/wave.out

Run Setup
    Calculation type:         Band structure calculation.
    Description:              Au lead1
    Orbital Initialization:   LCAO (30 LCAO and 0 random orbitals)
    Exchange Correlation:     pz
    Spin Polarization:        OFF
    System charge:            Neutral

Processor Topology
   Total PEs:                 16
   X direction:               4
   Y direction:               2
   Z direction:               2
   MG Threads/PE:             1
   OMP Threads/PE:            1

Grid Points  (Linear Anisotropy: 1.049)
    X:  Total: 96   Per PE: 24   Spacing:0.264 a0  
    Y:  Total: 64   Per PE: 32   Spacing:0.277 a0  
    Z:  Total: 64   Per PE: 32   Spacing:0.277 a0  

    Equivalent energy cutoffs (psi,rho):   128.847    515.387 Ry

    Charge density grid:         2 times finer

Coordinate planes
  Planar Anisotropy: 1.049
  A0-A1 density:    13.698
  A0-A2 density:    13.698
  A1-A2 density:    13.055


Lattice (Cell) Setup
    Type:                       Orthorhombic_primitive
    Volume (a0^3):               7944.93
    Boundary conditions:        Periodic

    X Basis Vector:      25.322       0.000       0.000 a0
    Y Basis Vector:       0.000      17.713       0.000 a0
    Z Basis Vector:       0.000       0.000      17.713 a0
    X Reci Vector:       0.039      -0.000       0.000 a0
    Y Reci Vector:       0.000       0.056       0.000 a0
    Z Reci Vector:       0.000      -0.000       0.056 a0

K-points
    Brillouin Zone sampling with 26 K-points (orbitals are complex)

         Kx      Ky        Kz     Weight in crystal unit
      0.0000     0.0000     0.0000   0.000
      0.0200     0.0000     0.0000   0.000
      0.0400     0.0000     0.0000   0.000
      0.0600     0.0000     0.0000   0.000
      0.0800     0.0000     0.0000   0.000
      0.1000     0.0000     0.0000   0.000
      0.1200     0.0000     0.0000   0.000
      0.1400     0.0000     0.0000   0.000
      0.1600     0.0000     0.0000   0.000
      0.1800     0.0000     0.0000   0.000
      0.2000     0.0000     0.0000   0.000
      0.2200     0.0000     0.0000   0.000
      0.2400     0.0000     0.0000   0.000
      0.2600     0.0000     0.0000   0.000
      0.2800     0.0000     0.0000   0.000
      0.3000     0.0000     0.0000   0.000
      0.3200     0.0000     0.0000   0.000
      0.3400     0.0000     0.0000   0.000
      0.3600     0.0000     0.0000   0.000
      0.3800     0.0000     0.0000   0.000
      0.4000     0.0000     0.0000   0.000
      0.4200     0.0000     0.0000   0.000
      0.4400     0.0000     0.0000   0.000
      0.4600     0.0000     0.0000   0.000
      0.4800     0.0000     0.0000   0.000
      0.5000     0.0000     0.0000   0.000

         Kx      Ky        Kz     Weight in 2PI/a 
      0.0000     0.0000     0.0000   0.000
      0.0200     0.0000     0.0000   0.000
      0.0400     0.0000     0.0000   0.000
      0.0600     0.0000     0.0000   0.000
      0.0800     0.0000     0.0000   0.000
      0.1000     0.0000     0.0000   0.000
      0.1200     0.0000     0.0000   0.000
      0.1400     0.0000     0.0000   0.000
      0.1600     0.0000     0.0000   0.000
      0.1800     0.0000     0.0000   0.000
      0.2000     0.0000     0.0000   0.000
      0.2200     0.0000     0.0000   0.000
      0.2400     0.0000     0.0000   0.000
      0.2600     0.0000     0.0000   0.000
      0.2800     0.0000     0.0000   0.000
      0.3000     0.0000     0.0000   0.000
      0.3200     0.0000     0.0000   0.000
      0.3400     0.0000     0.0000   0.000
      0.3600     0.0000     0.0000   0.000
      0.3800     0.0000     0.0000   0.000
      0.4000     0.0000     0.0000   0.000
      0.4200     0.0000     0.0000   0.000
      0.4400     0.0000     0.0000   0.000
      0.4600     0.0000     0.0000   0.000
      0.4800     0.0000     0.0000   0.000
      0.5000     0.0000     0.0000   0.000

Atoms and States
    Number of ions:                          5
    Number of species:                       1
    Number of states:                        38

Run Parameters
    SCF Convergence criterion (potential):   1.00e-07
    SCF Convergence criterion (energy):      1.00e-10
    Max SCF steps:                           10
    Max MD steps                             100
    Timestep for molecular dynamics:          50.00000000
    Restart data write frequency:            5 MD steps

SCF Cycle Settings
    Charge density mixing:                   Pulay  (Order:5 Scale:0.10 Refresh:20)
    Hartree Solver:                          PFFT
    Interpolation type:                      FFT

Finite Difference parameters
    Kohn Sham FD Order:                      8   
    Force Gradient Order:                    8   
    Adaptive Finite Differencing:            On
    Adaptive CFAC:                           1.716372316

Subspace Diagonalization Options
    Frequency:                               every 1 SCF step(s)
    Driver:                                  Lapack
    Initial diagonalization:                 ON
    Folded spectrum:                         OFF

Filtering Cutoff  Parameters
    Wavefunction grid (cparm):               0.800
    Charge density grid (rhocparm):          1.000
    Filter factor:                           1.000

Multigrid (MG) Parameters
    Psi MG levels:                           3
    Psi global step:                         0.660 
    Psi pre:                                 2
    Psi post:                                2

Davidson Parameters
    Davidson multiplier:                     4
    Davidson max step:                       8
    Davidson unocc tol factor:               1000.000

Blas Libraries
    CPU support with openblas-parallel.


Atomic Species Information
(PP = Pseudopotential, US = Ultrasoft, NC = Norm Conserving)
-------------------------------------------------------------------------
|Index|Symbol| Mass|Valence| PP |  Comp  |Local| Local|Nlocal|    PP    |
|     |      |     |       |Type|Gaussian|  l  |Radius|Radius|Functional|
-------------------------------------------------------------------------
|    1|    Au|196.0|  11.00|  NC|    1.50|    1|  8.37|  5.93|       LDA|
-------------------------------------------------------------------------

Pseudopotential generation information:
  Au pseudopotential file: ../Au.UPF
      Generation info     : Generated using FHI98PP, converted with fhi2upf.x v.5.0.2
      Author info         : unknown


Memory usage (Mbytes):     Min        Max       Total
    wave functions         59.77      59.77     956.32
    beta-functions          0.00       0.00       0.00



Initial Ionic Positions And Displacements (Bohr)
Species      X           Y           Z           dX          dY          dZ
  Au       2.5322      7.5589      7.5589      0.0000      0.0000      0.0000
  Au       7.5967      7.5589      7.5589      0.0000      0.0000      0.0000
  Au      12.6612      7.5589      7.5589      0.0000      0.0000      0.0000
  Au      17.7256      7.5589      7.5589      0.0000      0.0000      0.0000
  Au      22.7901      7.5589      7.5589      0.0000      0.0000      0.0000


Initial Ionic Positions And Displacements (Angstrom)
Species      X           Y           Z           dX          dY          dZ
  Au       1.3400      4.0000      4.0000      0.0000      0.0000      0.0000
  Au       4.0200      4.0000      4.0000      0.0000      0.0000      0.0000
  Au       6.7000      4.0000      4.0000      0.0000      0.0000      0.0000
  Au       9.3800      4.0000      4.0000      0.0000      0.0000      0.0000
  Au      12.0600      4.0000      4.0000      0.0000      0.0000      0.0000
Davidson converged in 3 steps
kpt= 0  scf = 0  rms_eig = 8.818545e+00
Davidson incomplete convergence steps = 8
kpt= 0  scf = 1  rms_eig = 2.632007e-04
Davidson incomplete convergence steps = 8
kpt= 0  scf = 2  rms_eig = 1.077179e-05
Davidson converged in 7 steps
kpt= 0  scf = 3  rms_eig = 3.522677e-07
Davidson converged in 2 steps
kpt= 1  scf = 0  rms_eig = 2.980673e-02
kpt= 1  scf = 1  rms_eig = 1.598114e-14
Davidson converged in 2 steps
kpt= 2  scf = 0  rms_eig = 2.974620e-02
Davidson converged in 8 steps
kpt= 2  scf = 1  rms_eig = 1.304277e-05
Davidson converged in 6 steps
kpt= 2  scf = 2  rms_eig = 1.320135e-06
Davidson converged in 2 steps
kpt= 3  scf = 0  rms_eig = 2.976352e-02
kpt= 3  scf = 1  rms_eig = 1.142576e-14
Davidson converged in 2 steps
kpt= 4  scf = 0  rms_eig = 3.028558e-02
kpt= 4  scf = 1  rms_eig = 1.516409e-14
Davidson converged in 2 steps
kpt= 5  scf = 0  rms_eig = 3.080975e-02
Davidson converged in 8 steps
kpt= 5  scf = 1  rms_eig = 1.382904e-05
Davidson converged in 5 steps
kpt= 5  scf = 2  rms_eig = 1.441193e-06
Davidson converged in 2 steps
kpt= 6  scf = 0  rms_eig = 3.100573e-02
kpt= 6  scf = 1  rms_eig = 1.330099e-14
Davidson converged in 2 steps
kpt= 7  scf = 0  rms_eig = 3.119372e-02
Davidson converged in 8 steps
kpt= 7  scf = 1  rms_eig = 1.613089e-05
Davidson converged in 6 steps
kpt= 7  scf = 2  rms_eig = 1.902348e-06
Davidson converged in 2 steps
kpt= 8  scf = 0  rms_eig = 3.136297e-02
kpt= 8  scf = 1  rms_eig = 1.531674e-14
Davidson converged in 2 steps
kpt= 9  scf = 0  rms_eig = 3.087084e-02
Davidson converged in 8 steps
kpt= 9  scf = 1  rms_eig = 1.912979e-05
Davidson converged in 6 steps
kpt= 9  scf = 2  rms_eig = 2.388180e-06
Davidson converged in 2 steps
kpt= 10  scf = 0  rms_eig = 3.166425e-02
kpt= 10  scf = 1  rms_eig = 1.533669e-14
Davidson converged in 2 steps
kpt= 11  scf = 0  rms_eig = 3.109776e-02
Davidson converged in 8 steps
kpt= 11  scf = 1  rms_eig = 2.055716e-05
Davidson converged in 5 steps
kpt= 11  scf = 2  rms_eig = 2.522180e-06
Davidson converged in 2 steps
kpt= 12  scf = 0  rms_eig = 3.188825e-02
Davidson converged in 8 steps
kpt= 12  scf = 1  rms_eig = 1.539513e-05
Davidson converged in 5 steps
kpt= 12  scf = 2  rms_eig = 1.671800e-06
Davidson converged in 2 steps
kpt= 13  scf = 0  rms_eig = 3.131429e-02
Davidson converged in 8 steps
kpt= 13  scf = 1  rms_eig = 1.714490e-05
Davidson converged in 7 steps
kpt= 13  scf = 2  rms_eig = 2.086123e-06
Davidson converged in 2 steps
kpt= 14  scf = 0  rms_eig = 3.116525e-02
Davidson converged in 8 steps
kpt= 14  scf = 1  rms_eig = 2.053169e-05
Davidson converged in 7 steps
kpt= 14  scf = 2  rms_eig = 2.705688e-06
Davidson converged in 2 steps
kpt= 15  scf = 0  rms_eig = 3.174001e-02
kpt= 15  scf = 1  rms_eig = 1.385871e-14
Davidson converged in 2 steps
kpt= 16  scf = 0  rms_eig = 3.189446e-02
Davidson converged in 8 steps
kpt= 16  scf = 1  rms_eig = 5.856333e-05
Davidson converged in 7 steps
kpt= 16  scf = 2  rms_eig = 1.086771e-05
Davidson converged in 1 steps
kpt= 16  scf = 3  rms_eig = 2.690762e-07
Davidson converged in 2 steps
kpt= 17  scf = 0  rms_eig = 3.128630e-02
Davidson converged in 8 steps
kpt= 17  scf = 1  rms_eig = 3.859480e-05
Davidson converged in 7 steps
kpt= 17  scf = 2  rms_eig = 5.788664e-05
Davidson converged in 3 steps
kpt= 17  scf = 3  rms_eig = 8.118537e-04
Davidson converged in 1 steps
kpt= 17  scf = 4  rms_eig = 5.729632e-05
Davidson converged in 1 steps
kpt= 17  scf = 5  rms_eig = 4.270205e-05
Davidson converged in 1 steps
kpt= 17  scf = 6  rms_eig = 4.192719e-05
Davidson converged in 1 steps
kpt= 17  scf = 7  rms_eig = 4.269783e-05
Davidson converged in 1 steps
kpt= 17  scf = 8  rms_eig = 4.419776e-05
Davidson converged in 1 steps
kpt= 17  scf = 9  rms_eig = 4.616193e-05
Davidson converged in 2 steps
kpt= 18  scf = 0  rms_eig = 3.168323e-02
Davidson converged in 8 steps
kpt= 18  scf = 1  rms_eig = 1.589457e-02
Davidson converged in 5 steps
kpt= 18  scf = 2  rms_eig = 3.631052e-05
Davidson converged in 1 steps
kpt= 18  scf = 3  rms_eig = 6.463028e-06
Davidson converged in 2 steps
kpt= 19  scf = 0  rms_eig = 3.472191e-02
Davidson converged in 8 steps
kpt= 19  scf = 1  rms_eig = 8.085225e-06
Davidson converged in 2 steps
kpt= 20  scf = 0  rms_eig = 3.234831e-02
Davidson converged in 8 steps
kpt= 20  scf = 1  rms_eig = 8.162163e-06
Davidson converged in 2 steps
kpt= 21  scf = 0  rms_eig = 3.361629e-02
Davidson converged in 8 steps
kpt= 21  scf = 1  rms_eig = 7.873351e-06
Davidson converged in 2 steps
kpt= 22  scf = 0  rms_eig = 3.245962e-02
Davidson converged in 8 steps
kpt= 22  scf = 1  rms_eig = 7.698894e-06
Davidson converged in 2 steps
kpt= 23  scf = 0  rms_eig = 3.143386e-02
Davidson converged in 8 steps
kpt= 23  scf = 1  rms_eig = 7.715818e-06
Davidson converged in 2 steps
kpt= 24  scf = 0  rms_eig = 2.983783e-02
Davidson converged in 8 steps
kpt= 24  scf = 1  rms_eig = 7.719769e-06
Davidson converged in 2 steps
kpt= 25  scf = 0  rms_eig = 2.863801e-02
kpt= 25  scf = 1  rms_eig = 1.578691e-14


--------TIMING INFORMATION FOR Processor owned the most atoms----------------
                                        Total time               Per SCF/step

1-TOTAL                                           113.59               56.80
-----------------------------------------------------------------------------
  1-TOTAL: Init                                     2.70                1.35
  1-TOTAL: run                                    110.90               55.45

2-Init                                              2.70                1.35
-----------------------------------------------------------------------------
  2-Init: KpointClass                               0.57                0.28
  2-Init: ReinitIonicPotentials                     0.06                0.03
  2-Init: radial potentials                         1.05                0.53
  2-Init: weights                                   0.84                0.42

3-ReinitIonicPotentials                             0.06                0.03
-----------------------------------------------------------------------------
  3-ReinitIonicPotentials: get_QI                   0.00                0.00
  3-ReinitIonicPotentials: get_qqq                  0.00                0.00
  3-ReinitIonicPotentials: init_nuc                 0.06                0.03

5-Functional                                        0.00                0.00

6-Davidson                                        109.85               54.93
-----------------------------------------------------------------------------
  6-Davidson: Betaxpsi                              4.43                2.22
  6-Davidson: apply hamiltonian                    21.74               10.87
  6-Davidson: diagonalization                       1.44                0.72
  6-Davidson: generate residuals                    9.32                4.66
  6-Davidson: matrix setup/reduce                  21.70               10.85
  6-Davidson: normalization                         5.88                2.94
  6-Davidson: precondition                         36.59               18.30
  6-Davidson: refresh h_psi and s_psi               3.33                1.67
  6-Davidson: reset hr,sr,vr                        0.01                0.01
  6-Davidson: rotate orbitals                       4.11                2.06

AppNls                                              5.95                2.98
-----------------------------------------------------------------------------
  AppNls: data_rearrange                            0.01                0.01
  ---------------------------------------------------------------------------
    AppNls: data_rearrange: alloc and zeros           0.00                0.00
    AppNls: data_rearrange: dnm                     0.00                0.00
    AppNls: data_rearrange: sint                    0.00                0.00
  AppNls: nv                                        3.68                1.84
  AppNls: nv_work                                   0.00                0.00

GlobalSums                                          0.02                0.01

Init                                                2.13                1.06

Orbital                                             0.17                0.08
-----------------------------------------------------------------------------
  Orbital: phase and set                            0.17                0.08
  Orbital: proj cal                                 0.17                0.08

Weight                                              0.67                0.34
-----------------------------------------------------------------------------
  Weight: bcast                                     0.41                0.20
  Weight: phase and set                             0.07                0.04
  Weight: proj cal                                  0.19                0.10

radial beta                                         0.05                0.03

weight fft_forward                                  0.03                0.01

weight fft_nldim                                    0.02                0.01

weight fold                                         0.01                0.01


------------------------- TIMING INFORMATION FOR THREADS  -------------------

                                           Min            Max            Avg
GlobalSums                0.76           0.76           0.76
-----------------------------------------------------------------------------
