RMG initialization ... 1 image(s) total, 1 per node. 16 MPI processes/image. Thread level 2.


                     * * * * * * * * * *
                     *    R   M   G    *
                     * * * * * * * * * *

     -- A Real Space Multigrid Electronic structure code --
     --      More information at www.rmgdft.org          --

Code Revision 3.0, Last change on Unknown
Build Date: Jun 27 2018  13:04:47
Start time: Thu Jun 28 12:53:25 2018

Files
   Control input file:        in.aln32
   Data output file:          Waves/wave.out

Run Setup
    Calculation type:         Quench electrons - Fixed ions SCF calculation
    Description:              AlN 32 atom wurtzite test cell
    Orbital Initialization:   LCAO (128 LCAO and 0 random orbitals)
    Exchange Correlation:     pbe
    Spin Polarization:        OFF
    System charge:            Neutral

Processor Topology
   Total PEs:                 16
   X direction:               4
   Y direction:               2
   Z direction:               2
   MG Threads/PE:             1
   OMP Threads/PE:            1

Grid Points  (Anisotropy: 1.021)
    X:  Total: 40   Per PE: 10   Spacing:0.302 a0  
    Y:  Total: 40   Per PE: 20   Spacing:0.302 a0  
    Z:  Total: 64   Per PE: 32   Spacing:0.309 a0  

    Equivalent energy cutoff:    56.267 Ry

    Charge density grid:         2 times finer
    Non-local projectors grid:   4 times finer


Lattice (Cell) Setup
    Type:                       Hexagonal
    Volume (a0^3):               2501.65
    Boundary conditions:        Periodic

    X Basis Vector:      12.094       0.000       0.000 a0
    Y Basis Vector:       6.047      10.474       0.000 a0
    Z Basis Vector:       0.000       0.000      19.750 a0

K-points
    Gamma Point Only (real orbitals)

Ions and States
    Number of ions:                          32
    Number of species:                       2
    Number of states:                        80

Run Parameters
    SCF Convergence criterion (potential):   1.00e-07
    SCF Convergence criterion (energy):      1.00e-09
    Max SCF steps:                           20

SCF Cycle Settings
    Charge density mixing:                   Linear  (Mixing constant 0.50)
    Hartree Solver:                          PFFT
    Interpolation type:                      FFT
    Projector mixing:                        Linear, mixing constant 0.00

Subspace Diagonalization Options
    Frequency:                               every 1 SCF step(s)
    Driver:                                  ScaLapack
    Initial diagonalization:                 ON
    Folded spectrum:                         OFF

Filtering Cutoff  Parameters
    Wavefunction grid (cparm):               0.800
    Charge density grid (rhocparm):          0.800
    NL projectors grid (betacparm):          2.400

Multigrid (MG) Parameters
    Psi MG levels:                           3
    Psi global step:                         0.660 
    Psi pre:                                 2
    Psi post:                                2


Atomic Species Information
(PP = Pseudopotential, US = Ultrasoft, NC = Norm Conserving)
----------------------------------------------------------------------------------------
|Index|Symbol| Mass|Valence| PP |  Comp  |Local| Local|Nlocal|  LCAO|        PP        |
|     |      |     |       |Type|Gaussian|  l  |Radius|Radius|Radius|    Functional    |
----------------------------------------------------------------------------------------
|    1|    Al| 26.0|   3.00|  US|    0.80|    0|  8.39|  7.00|  9.00|SLA  PW   PBE  PBE|
|    2|     N| 14.0|   5.00|  US|    0.55|    0|  8.39|  7.00|  9.00|SLA  PW   PBE  PBE|
----------------------------------------------------------------------------------------


Initial Ionic Positions And Displacements
Species      X           Y           Z           dX          dY          dZ
  Al      15.4199      8.7281     18.8237      0.0000      0.0000      0.0000
  Al       3.3258      5.2369     13.8864      0.0000      0.0000      0.0000
  Al      12.3963      3.4912     18.8237      0.0000      0.0000      0.0000
  Al       0.3024      0.0000     13.8864      0.0000      0.0000      0.0000
  Al       9.3728      8.7281     18.8237      0.0000      0.0000      0.0000
  Al       9.3728      5.2369     13.8864      0.0000      0.0000      0.0000
  Al       6.3494      3.4912     18.8237      0.0000      0.0000      0.0000
  Al       6.3494      0.0000     13.8864      0.0000      0.0000      0.0000
  Al      15.4199      8.7281      8.9490      0.0000      0.0000      0.0000
  Al       3.3258      5.2369      4.0116      0.0000      0.0000      0.0000
  Al      12.3963      3.4912      8.9490      0.0000      0.0000      0.0000
  Al       0.3024      0.0000      4.0116      0.0000      0.0000      0.0000
  Al       9.3728      8.7281      8.9490      0.0000      0.0000      0.0000
  Al       9.3728      5.2369      4.0116      0.0000      0.0000      0.0000
  Al       6.3494      3.4912      8.9490      0.0000      0.0000      0.0000
  Al       6.3494      0.0000      4.0116      0.0000      0.0000      0.0000
  N       15.4199      8.7281     15.1207      0.0000      0.0000      0.0000
  N        3.3258      5.2369     10.1833      0.0000      0.0000      0.0000
  N       12.3963      3.4912     15.1207      0.0000      0.0000      0.0000
  N        0.3024      0.0000     10.1833      0.0000      0.0000      0.0000
  N        9.3728      8.7281     15.1207      0.0000      0.0000      0.0000
  N        9.3728      5.2369     10.1833      0.0000      0.0000      0.0000
  N        6.3494      3.4912     15.1207      0.0000      0.0000      0.0000
  N        6.3494      0.0000     10.1833      0.0000      0.0000      0.0000
  N       15.4199      8.7281      5.2460      0.0000      0.0000      0.0000
  N        3.3258      5.2369      0.3086      0.0000      0.0000      0.0000
  N       12.3963      3.4912      5.2460      0.0000      0.0000      0.0000
  N        0.3024      0.0000      0.3086      0.0000      0.0000      0.0000
  N        9.3728      8.7281      5.2460      0.0000      0.0000      0.0000
  N        9.3728      5.2369      0.3086      0.0000      0.0000      0.0000
  N        6.3494      3.4912      5.2460      0.0000      0.0000      0.0000
  N        6.3494      0.0000      0.3086      0.0000      0.0000      0.0000


KOHN SHAM EIGENVALUES [eV] AT K-POINT [  0]:       0.000000      0.000000      0.000000

[kpt   0  -1   0]   -10.6108 [2.000]   -10.0612 [2.000]   -10.0610 [2.000]    -9.4123 [2.000]    -9.4088 [2.000]
[kpt   0  -1   1]    -9.4083 [2.000]    -9.3816 [2.000]    -9.2059 [2.000]    -9.2056 [2.000]    -9.2040 [2.000]
[kpt   0  -1   2]    -9.2039 [2.000]    -9.2038 [2.000]    -9.2035 [2.000]    -9.0018 [2.000]    -8.9996 [2.000]
[kpt   0  -1   3]    -8.9990 [2.000]    -0.8089 [2.000]    -0.4663 [2.000]    -0.4654 [2.000]    -0.4635 [2.000]
[kpt   0  -1   4]    -0.4620 [2.000]    -0.4619 [2.000]    -0.4602 [2.000]    -0.3822 [2.000]    -0.3760 [2.000]
[kpt   0  -1   5]    -0.3738 [2.000]     0.4200 [2.000]     0.4219 [2.000]     0.4225 [2.000]     1.0323 [2.000]
[kpt   0  -1   6]     1.0337 [2.000]     1.0345 [2.000]     1.0361 [2.000]     1.0374 [2.000]     1.9217 [2.000]
[kpt   0  -1   7]     1.9269 [2.000]     1.9577 [2.000]     2.2118 [2.000]     2.2175 [2.000]     2.2232 [2.000]
[kpt   0  -1   8]     2.3548 [2.000]     2.3550 [2.000]     2.3556 [2.000]     2.3564 [2.000]     2.3568 [2.000]
[kpt   0  -1   9]     2.3586 [2.000]     2.3595 [2.000]     2.3607 [2.000]     2.3618 [2.000]     2.3635 [2.000]
[kpt   0  -1  10]     2.3637 [2.000]     2.3837 [2.000]     2.8677 [2.000]     2.8733 [2.000]     2.8839 [2.000]
[kpt   0  -1  11]     2.8858 [2.000]     2.8922 [2.000]     3.0951 [2.000]     3.0986 [2.000]     3.1052 [2.000]
[kpt   0  -1  12]     3.1075 [2.000]     3.3335 [2.000]     3.3565 [2.000]     3.3573 [2.000]     8.4385 [0.000]
[kpt   0  -1  13]    10.6258 [0.000]    10.6329 [0.000]    12.1406 [0.000]    12.1755 [0.000]    12.2168 [0.000]
[kpt   0  -1  14]    12.2878 [0.000]    12.2931 [0.000]    12.2946 [0.000]    12.3920 [0.000]    12.5437 [0.000]
[kpt   0  -1  15]    12.7107 [0.000]    12.8269 [0.000]    13.5114 [0.000]    13.6812 [0.000]    13.8767 [0.000]
[kpt   0  -1  16]    14.0761 [0.000]    14.2944 [0.000]    14.4820 [0.000]    15.2019 [0.000]    15.5848 [0.000]
[kpt   0  -1  17]    15.5970 [0.000]    15.6260 [0.000]    15.6477 [0.000]    15.6525 [0.000]    15.6844 [0.000]
[kpt   0  -1  18]    15.7588 [0.000]    15.7909 [0.000]    15.8071 [0.000]    17.0575 [0.000]    17.0931 [0.000]
[kpt   0  -1  19]    17.1185 [0.000]    17.9607 [0.000]    18.0898 [0.000]    18.5058 [0.000]    18.5666 [0.000]
[kpt   0  -1  20]    18.7754 [0.000]    19.1801 [0.000]    19.2796 [0.000]    19.3176 [0.000]    19.4227 [0.000]
[kpt   0  -1  21]    19.5519 [0.000]    19.6617 [0.000]    19.6789 [0.000]    19.6885 [0.000]    19.7714 [0.000]
[kpt   0  -1  22]    19.8549 [0.000]    19.8893 [0.000]    20.0453 [0.000]    20.1112 [0.000]    20.2524 [0.000]
[kpt   0  -1  23]    20.4469 [0.000]    20.4778 [0.000]    20.6300 [0.000]    20.6478 [0.000]    20.7623 [0.000]
[kpt   0  -1  24]    20.9136 [0.000]    20.9416 [0.000]    21.0727 [0.000]    21.4785 [0.000]    21.5918 [0.000]
[kpt   0  -1  25]    22.9266 [0.000]    23.4975 [0.000]    24.7406 [0.000]


Charge density mixing: Linear with a constant of 0.50 
@@ EIGENVALUE SUM     =        8.533011 Ha
@@ ION_ION            =     -168.110824 Ha
@@ ELECTROSTATIC      =      -53.009577 Ha
@@ VXC                =      -74.244111 Ha
@@ EXC                =      -79.783454 Ha
@@ TOTAL ENERGY       =     -218.126734 Ha
@@ estimated error    =   ****************
Charge density mixing: Linear with a constant of 0.50 
WriteRestart: Restart file Waves/wave.out opened...
WriteData: total size of each of the 16 files = 2.1 Mb
WriteData: writing took 0.0 seconds, writing speed 61.186 Mbps 
WriteRestart: writing took 0.0 seconds 


KOHN SHAM EIGENVALUES [eV] AT K-POINT [  0]:       0.000000      0.000000      0.000000

[kpt   0   0   0]    -8.1147 [2.000]    -7.3741 [2.000]    -7.3675 [2.000]    -6.4386 [2.000]    -6.4356 [2.000]
[kpt   0   0   1]    -6.4347 [2.000]    -6.3776 [2.000]    -6.1445 [2.000]    -6.1430 [2.000]    -6.1414 [2.000]
[kpt   0   0   2]    -6.1386 [2.000]    -6.1383 [2.000]    -6.1364 [2.000]    -5.8717 [2.000]    -5.8680 [2.000]
[kpt   0   0   3]    -5.8674 [2.000]     1.0014 [2.000]     1.4891 [2.000]     1.4892 [2.000]     1.4899 [2.000]
[kpt   0   0   4]     1.4925 [2.000]     1.4952 [2.000]     1.4966 [2.000]     1.5777 [2.000]     1.5798 [2.000]
[kpt   0   0   5]     1.5800 [2.000]     2.7895 [2.000]     2.7898 [2.000]     2.7969 [2.000]     3.4769 [2.000]
[kpt   0   0   6]     3.4821 [2.000]     3.6599 [2.000]     3.6620 [2.000]     3.6626 [2.000]     5.0642 [2.000]
[kpt   0   0   7]     5.0671 [2.000]     5.0672 [2.000]     5.1969 [2.000]     5.2025 [2.000]     5.2065 [2.000]
[kpt   0   0   8]     5.5836 [2.000]     5.5848 [2.000]     5.5859 [2.000]     5.5871 [2.000]     5.5898 [2.000]
[kpt   0   0   9]     5.5903 [2.000]     5.6668 [2.000]     5.6701 [2.000]     5.6704 [2.000]     5.6764 [2.000]
[kpt   0   0  10]     5.6785 [2.000]     5.6801 [2.000]     6.3562 [2.000]     6.3660 [2.000]     6.4261 [2.000]
[kpt   0   0  11]     6.4324 [2.000]     6.4331 [2.000]     6.6728 [2.000]     6.6751 [2.000]     6.6825 [2.000]
[kpt   0   0  12]     6.6858 [2.000]     6.9620 [2.000]     7.0031 [2.000]     7.0149 [2.000]    10.0307 [0.000]
[kpt   0   0  13]    11.8811 [0.000]    11.8857 [0.000]    11.9060 [0.000]    11.9100 [0.000]    11.9241 [0.000]
[kpt   0   0  14]    11.9289 [0.000]    12.3357 [0.000]    12.3677 [0.000]    12.5923 [0.000]    13.0183 [0.000]
[kpt   0   0  15]    13.1746 [0.000]    13.2585 [0.000]    13.5698 [0.000]    13.6653 [0.000]    13.7547 [0.000]




Total charge in supercell =     128.00000000
 quench: [md:   0/100  scf:   0/20  step time:   0.79  scf time:     0.82 secs  RMS[dV]: 7.32e-02 ]


average potential <V> = -9.06e-16
@@ EIGENVALUE SUM     =        9.292156 Ha
@@ ION_ION            =     -168.110824 Ha
@@ ELECTROSTATIC      =      -52.966628 Ha
@@ VXC                =      -74.115161 Ha
@@ EXC                =      -79.618681 Ha
@@ TOTAL ENERGY       =     -215.223329 Ha
@@ estimated error    =        1.17e-01 Ha
Charge density mixing: Linear with a constant of 0.50 
 quench: [md:   0/100  scf:   1/20  step time:   0.71  scf time:     1.53 secs  RMS[dV]: 1.76e-02 ]


average potential <V> = -2.23e-15
@@ EIGENVALUE SUM     =        7.210295 Ha
@@ ION_ION            =     -168.110824 Ha
@@ ELECTROSTATIC      =      -49.448129 Ha
@@ VXC                =      -73.025703 Ha
@@ EXC                =      -78.741899 Ha
@@ TOTAL ENERGY       =     -215.512730 Ha
@@ estimated error    =        3.45e-01 Ha
Charge density mixing: Linear with a constant of 0.50 
 quench: [md:   0/100  scf:   2/20  step time:   0.70  scf time:     2.24 secs  RMS[dV]: 2.15e-02 ]


average potential <V> = -2.00e-15
@@ EIGENVALUE SUM     =        5.893369 Ha
@@ ION_ION            =     -168.110824 Ha
@@ ELECTROSTATIC      =      -47.711608 Ha
@@ VXC                =      -72.498467 Ha
@@ EXC                =      -78.317819 Ha
@@ TOTAL ENERGY       =     -215.719311 Ha
@@ estimated error    =        9.64e-02 Ha
Charge density mixing: Linear with a constant of 0.50 
 quench: [md:   0/100  scf:   3/20  step time:   0.70  scf time:     2.94 secs  RMS[dV]: 1.16e-02 ]


average potential <V> = 4.09e-16
Davidson converged in 3 steps
@@ EIGENVALUE SUM     =        5.514954 Ha
@@ ION_ION            =     -168.110824 Ha
@@ ELECTROSTATIC      =      -47.577060 Ha
@@ VXC                =      -72.462473 Ha
@@ EXC                =      -78.283217 Ha
@@ TOTAL ENERGY       =     -216.054171 Ha
@@ estimated error    =        5.67e-03 Ha
Charge density mixing: Linear with a constant of 0.50 
 quench: [md:   0/100  scf:   4/20  step time:   0.72  scf time:     3.66 secs  RMS[dV]: 3.97e-03 ]


average potential <V> = -1.01e-15
Davidson converged in 3 steps
@@ EIGENVALUE SUM     =        6.219378 Ha
@@ ION_ION            =     -168.110824 Ha
@@ ELECTROSTATIC      =      -48.333420 Ha
@@ VXC                =      -72.694884 Ha
@@ EXC                =      -78.461009 Ha
@@ TOTAL ENERGY       =     -215.987273 Ha
@@ estimated error    =        1.22e-02 Ha
Charge density mixing: Linear with a constant of 0.50 


KOHN SHAM EIGENVALUES [eV] AT K-POINT [  0]:       0.000000      0.000000      0.000000

[kpt   0   5   0]    -8.3201 [2.000]    -7.5479 [2.000]    -7.5419 [2.000]    -6.5395 [2.000]    -6.5388 [2.000]
[kpt   0   5   1]    -6.5381 [2.000]    -6.4683 [2.000]    -6.2264 [2.000]    -6.2256 [2.000]    -6.2246 [2.000]
[kpt   0   5   2]    -6.2192 [2.000]    -6.2187 [2.000]    -6.2182 [2.000]    -5.9380 [2.000]    -5.9373 [2.000]
[kpt   0   5   3]    -5.9366 [2.000]     0.5238 [2.000]     0.9945 [2.000]     0.9948 [2.000]     0.9949 [2.000]
[kpt   0   5   4]     0.9974 [2.000]     0.9975 [2.000]     0.9976 [2.000]     1.1221 [2.000]     1.1224 [2.000]
[kpt   0   5   5]     1.1226 [2.000]     2.2635 [2.000]     2.2638 [2.000]     2.2640 [2.000]     2.9549 [2.000]
[kpt   0   5   6]     2.9585 [2.000]     3.0692 [2.000]     3.0698 [2.000]     3.0704 [2.000]     4.4344 [2.000]
[kpt   0   5   7]     4.4346 [2.000]     4.4349 [2.000]     4.5635 [2.000]     4.5641 [2.000]     4.5646 [2.000]
[kpt   0   5   8]     4.9243 [2.000]     4.9249 [2.000]     4.9257 [2.000]     4.9281 [2.000]     4.9285 [2.000]
[kpt   0   5   9]     4.9288 [2.000]     5.0042 [2.000]     5.0046 [2.000]     5.0050 [2.000]     5.0107 [2.000]
[kpt   0   5  10]     5.0109 [2.000]     5.0111 [2.000]     5.6402 [2.000]     5.6404 [2.000]     5.7141 [2.000]
[kpt   0   5  11]     5.7144 [2.000]     5.7147 [2.000]     5.9339 [2.000]     5.9340 [2.000]     5.9408 [2.000]
[kpt   0   5  12]     5.9410 [2.000]     6.1977 [2.000]     6.2512 [2.000]     6.2513 [2.000]     9.5267 [0.000]
[kpt   0   5  13]    11.0094 [0.000]    11.0096 [0.000]    11.0096 [0.000]    11.0105 [0.000]    11.0106 [0.000]
[kpt   0   5  14]    11.0108 [0.000]    11.5775 [0.000]    11.5779 [0.000]    11.5786 [0.000]    11.6586 [0.000]
[kpt   0   5  15]    11.6589 [0.000]    11.6592 [0.000]    11.8537 [0.000]    11.8554 [0.000]    12.0865 [0.000]




Total charge in supercell =     128.00000000
 quench: [md:   0/100  scf:   5/20  step time:   0.63  scf time:     4.29 secs  RMS[dV]: 5.52e-03 ]


average potential <V> = -5.33e-16
Davidson converged in 2 steps
@@ EIGENVALUE SUM     =        5.992591 Ha
@@ ION_ION            =     -168.110824 Ha
@@ ELECTROSTATIC      =      -48.091677 Ha
@@ VXC                =      -72.622342 Ha
@@ EXC                =      -78.403056 Ha
@@ TOTAL ENERGY       =     -215.988743 Ha
@@ estimated error    =        1.84e-03 Ha
Charge density mixing: Linear with a constant of 0.50 
 quench: [md:   0/100  scf:   6/20  step time:   0.55  scf time:     4.84 secs  RMS[dV]: 1.64e-03 ]


average potential <V> = -5.11e-16
Davidson converged in 1 steps
@@ EIGENVALUE SUM     =        6.089646 Ha
@@ ION_ION            =     -168.110824 Ha
@@ ELECTROSTATIC      =      -48.196539 Ha
@@ VXC                =      -72.655601 Ha
@@ EXC                =      -78.428467 Ha
@@ TOTAL ENERGY       =     -215.990321 Ha
@@ estimated error    =        2.62e-04 Ha
Charge density mixing: Linear with a constant of 0.50 
 quench: [md:   0/100  scf:   7/20  step time:   0.42  scf time:     5.26 secs  RMS[dV]: 9.56e-04 ]


average potential <V> = -1.18e-15
Davidson converged in 1 steps
@@ EIGENVALUE SUM     =        6.084041 Ha
@@ ION_ION            =     -168.110824 Ha
@@ ELECTROSTATIC      =      -48.191010 Ha
@@ VXC                =      -72.654084 Ha
@@ EXC                =      -78.426883 Ha
@@ TOTAL ENERGY       =     -215.990565 Ha
@@ estimated error    =        1.71e-05 Ha
Charge density mixing: Linear with a constant of 0.50 
 quench: [md:   0/100  scf:   8/20  step time:   0.42  scf time:     5.68 secs  RMS[dV]: 2.45e-04 ]


average potential <V> = 2.58e-16
Davidson converged in 1 steps
@@ EIGENVALUE SUM     =        6.081845 Ha
@@ ION_ION            =     -168.110824 Ha
@@ ELECTROSTATIC      =      -48.188871 Ha
@@ VXC                =      -72.653636 Ha
@@ EXC                =      -78.426379 Ha
@@ TOTAL ENERGY       =     -215.990591 Ha
@@ estimated error    =        4.46e-06 Ha
Charge density mixing: Linear with a constant of 0.50 
 quench: [md:   0/100  scf:   9/20  step time:   0.42  scf time:     6.09 secs  RMS[dV]: 1.35e-04 ]


average potential <V> = -2.58e-16
Davidson converged in 1 steps
@@ EIGENVALUE SUM     =        6.081137 Ha
@@ ION_ION            =     -168.110824 Ha
@@ ELECTROSTATIC      =      -48.188207 Ha
@@ VXC                =      -72.653599 Ha
@@ EXC                =      -78.426300 Ha
@@ TOTAL ENERGY       =     -215.990594 Ha
@@ estimated error    =        1.26e-06 Ha
Charge density mixing: Linear with a constant of 0.50 


KOHN SHAM EIGENVALUES [eV] AT K-POINT [  0]:       0.000000      0.000000      0.000000

[kpt   0  10   0]    -8.3456 [2.000]    -7.5737 [2.000]    -7.5736 [2.000]    -6.5736 [2.000]    -6.5736 [2.000]
[kpt   0  10   1]    -6.5736 [2.000]    -6.5036 [2.000]    -6.2589 [2.000]    -6.2589 [2.000]    -6.2589 [2.000]
[kpt   0  10   2]    -6.2589 [2.000]    -6.2589 [2.000]    -6.2589 [2.000]    -5.9756 [2.000]    -5.9756 [2.000]
[kpt   0  10   3]    -5.9756 [2.000]     0.5132 [2.000]     0.9838 [2.000]     0.9838 [2.000]     0.9838 [2.000]
[kpt   0  10   4]     0.9838 [2.000]     0.9838 [2.000]     0.9838 [2.000]     1.1097 [2.000]     1.1097 [2.000]
[kpt   0  10   5]     1.1097 [2.000]     2.2453 [2.000]     2.2453 [2.000]     2.2453 [2.000]     2.9345 [2.000]
[kpt   0  10   6]     2.9345 [2.000]     3.0480 [2.000]     3.0481 [2.000]     3.0481 [2.000]     4.4048 [2.000]
[kpt   0  10   7]     4.4048 [2.000]     4.4048 [2.000]     4.5374 [2.000]     4.5374 [2.000]     4.5374 [2.000]
[kpt   0  10   8]     4.8939 [2.000]     4.8939 [2.000]     4.8939 [2.000]     4.8939 [2.000]     4.8939 [2.000]
[kpt   0  10   9]     4.8939 [2.000]     4.9747 [2.000]     4.9747 [2.000]     4.9747 [2.000]     4.9747 [2.000]
[kpt   0  10  10]     4.9748 [2.000]     4.9748 [2.000]     5.6029 [2.000]     5.6029 [2.000]     5.6763 [2.000]
[kpt   0  10  11]     5.6764 [2.000]     5.6764 [2.000]     5.8981 [2.000]     5.8981 [2.000]     5.8981 [2.000]
[kpt   0  10  12]     5.8981 [2.000]     6.1563 [2.000]     6.2098 [2.000]     6.2098 [2.000]     9.5179 [0.000]
[kpt   0  10  13]    11.0166 [0.000]    11.0166 [0.000]    11.0166 [0.000]    11.0166 [0.000]    11.0166 [0.000]
[kpt   0  10  14]    11.0166 [0.000]    11.5780 [0.000]    11.5780 [0.000]    11.5780 [0.000]    11.6705 [0.000]
[kpt   0  10  15]    11.6706 [0.000]    11.6706 [0.000]    11.8422 [0.000]    11.8423 [0.000]    12.0909 [0.000]




Total charge in supercell =     128.00000000
 quench: [md:   0/100  scf:  10/20  step time:   0.42  scf time:     6.51 secs  RMS[dV]: 7.78e-05 ]


average potential <V> = 1.76e-15
Davidson converged in 1 steps
@@ EIGENVALUE SUM     =        6.081270 Ha
@@ ION_ION            =     -168.110824 Ha
@@ ELECTROSTATIC      =      -48.188395 Ha
@@ VXC                =      -72.653762 Ha
@@ EXC                =      -78.426408 Ha
@@ TOTAL ENERGY       =     -215.990595 Ha
@@ estimated error    =        3.25e-07 Ha
Charge density mixing: Linear with a constant of 0.50 
 quench: [md:   0/100  scf:  11/20  step time:   0.42  scf time:     6.93 secs  RMS[dV]: 4.30e-05 ]


average potential <V> = -2.71e-16
Davidson converged in 1 steps
@@ EIGENVALUE SUM     =        6.081591 Ha
@@ ION_ION            =     -168.110824 Ha
@@ ELECTROSTATIC      =      -48.188759 Ha
@@ VXC                =      -72.653934 Ha
@@ EXC                =      -78.426536 Ha
@@ TOTAL ENERGY       =     -215.990595 Ha
@@ estimated error    =        8.65e-08 Ha
Charge density mixing: Linear with a constant of 0.50 
 quench: [md:   0/100  scf:  12/20  step time:   0.42  scf time:     7.34 secs  RMS[dV]: 2.40e-05 ]


average potential <V> = -2.58e-16
Davidson converged in 1 steps
@@ EIGENVALUE SUM     =        6.081818 Ha
@@ ION_ION            =     -168.110824 Ha
@@ ELECTROSTATIC      =      -48.189013 Ha
@@ VXC                =      -72.654043 Ha
@@ EXC                =      -78.426619 Ha
@@ TOTAL ENERGY       =     -215.990595 Ha
@@ estimated error    =        2.31e-08 Ha
Charge density mixing: Linear with a constant of 0.50 
 quench: [md:   0/100  scf:  13/20  step time:   0.42  scf time:     7.76 secs  RMS[dV]: 1.30e-05 ]


average potential <V> = 6.00e-16
Davidson converged in 1 steps
@@ EIGENVALUE SUM     =        6.081940 Ha
@@ ION_ION            =     -168.110824 Ha
@@ ELECTROSTATIC      =      -48.189148 Ha
@@ VXC                =      -72.654100 Ha
@@ EXC                =      -78.426663 Ha
@@ TOTAL ENERGY       =     -215.990595 Ha
@@ estimated error    =        6.21e-09 Ha
Charge density mixing: Linear with a constant of 0.50 
 quench: [md:   0/100  scf:  14/20  step time:   0.42  scf time:     8.17 secs  RMS[dV]: 6.96e-06 ]


average potential <V> = 8.88e-18
Davidson converged in 1 steps
@@ EIGENVALUE SUM     =        6.082000 Ha
@@ ION_ION            =     -168.110824 Ha
@@ ELECTROSTATIC      =      -48.189215 Ha
@@ VXC                =      -72.654128 Ha
@@ EXC                =      -78.426685 Ha
@@ TOTAL ENERGY       =     -215.990595 Ha
@@ estimated error    =        1.70e-09 Ha

 Convergence criterion reached: Energy variation (4.75e-10) is lower than threshold (1.00e-09)
Charge density mixing: Linear with a constant of 0.50 


KOHN SHAM EIGENVALUES [eV] AT K-POINT [  0]:       0.000000      0.000000      0.000000

[kpt   0  15   0]    -8.3454 [2.000]    -7.5734 [2.000]    -7.5734 [2.000]    -6.5734 [2.000]    -6.5734 [2.000]
[kpt   0  15   1]    -6.5734 [2.000]    -6.5035 [2.000]    -6.2588 [2.000]    -6.2587 [2.000]    -6.2587 [2.000]
[kpt   0  15   2]    -6.2587 [2.000]    -6.2587 [2.000]    -6.2587 [2.000]    -5.9755 [2.000]    -5.9755 [2.000]
[kpt   0  15   3]    -5.9755 [2.000]     0.5135 [2.000]     0.9841 [2.000]     0.9841 [2.000]     0.9841 [2.000]
[kpt   0  15   4]     0.9841 [2.000]     0.9841 [2.000]     0.9841 [2.000]     1.1100 [2.000]     1.1100 [2.000]
[kpt   0  15   5]     1.1100 [2.000]     2.2455 [2.000]     2.2455 [2.000]     2.2455 [2.000]     2.9347 [2.000]
[kpt   0  15   6]     2.9348 [2.000]     3.0483 [2.000]     3.0483 [2.000]     3.0483 [2.000]     4.4049 [2.000]
[kpt   0  15   7]     4.4050 [2.000]     4.4050 [2.000]     4.5377 [2.000]     4.5377 [2.000]     4.5377 [2.000]
[kpt   0  15   8]     4.8941 [2.000]     4.8941 [2.000]     4.8941 [2.000]     4.8941 [2.000]     4.8941 [2.000]
[kpt   0  15   9]     4.8941 [2.000]     4.9749 [2.000]     4.9749 [2.000]     4.9749 [2.000]     4.9749 [2.000]
[kpt   0  15  10]     4.9749 [2.000]     4.9749 [2.000]     5.6030 [2.000]     5.6030 [2.000]     5.6764 [2.000]
[kpt   0  15  11]     5.6765 [2.000]     5.6765 [2.000]     5.8982 [2.000]     5.8982 [2.000]     5.8982 [2.000]
[kpt   0  15  12]     5.8982 [2.000]     6.1564 [2.000]     6.2098 [2.000]     6.2099 [2.000]     9.5185 [0.000]
[kpt   0  15  13]    11.0171 [0.000]    11.0171 [0.000]    11.0171 [0.000]    11.0171 [0.000]    11.0171 [0.000]
[kpt   0  15  14]    11.0171 [0.000]    11.5785 [0.000]    11.5785 [0.000]    11.5785 [0.000]    11.6712 [0.000]
[kpt   0  15  15]    11.6712 [0.000]    11.6712 [0.000]    11.8428 [0.000]    11.8428 [0.000]    12.0915 [0.000]




Total charge in supercell =     128.00000000
 quench: [md:   0/100  scf:  15/20  step time:   0.45  scf time:     8.63 secs  RMS[dV]: 3.75e-06 ]



potential convergence has been achieved. stopping ...

[   0  16   16       12 ] Quench.cpp: final total energy =    -215.99059530 Ha


KOHN SHAM EIGENVALUES [eV] AT K-POINT [  0]:       0.000000      0.000000      0.000000

[kpt   0  16   0]    -8.3454 [2.000]    -7.5734 [2.000]    -7.5734 [2.000]    -6.5734 [2.000]    -6.5734 [2.000]
[kpt   0  16   1]    -6.5734 [2.000]    -6.5035 [2.000]    -6.2588 [2.000]    -6.2587 [2.000]    -6.2587 [2.000]
[kpt   0  16   2]    -6.2587 [2.000]    -6.2587 [2.000]    -6.2587 [2.000]    -5.9755 [2.000]    -5.9755 [2.000]
[kpt   0  16   3]    -5.9755 [2.000]     0.5135 [2.000]     0.9841 [2.000]     0.9841 [2.000]     0.9841 [2.000]
[kpt   0  16   4]     0.9841 [2.000]     0.9841 [2.000]     0.9841 [2.000]     1.1100 [2.000]     1.1100 [2.000]
[kpt   0  16   5]     1.1100 [2.000]     2.2455 [2.000]     2.2455 [2.000]     2.2455 [2.000]     2.9347 [2.000]
[kpt   0  16   6]     2.9348 [2.000]     3.0483 [2.000]     3.0483 [2.000]     3.0483 [2.000]     4.4049 [2.000]
[kpt   0  16   7]     4.4050 [2.000]     4.4050 [2.000]     4.5377 [2.000]     4.5377 [2.000]     4.5377 [2.000]
[kpt   0  16   8]     4.8941 [2.000]     4.8941 [2.000]     4.8941 [2.000]     4.8941 [2.000]     4.8941 [2.000]
[kpt   0  16   9]     4.8941 [2.000]     4.9749 [2.000]     4.9749 [2.000]     4.9749 [2.000]     4.9749 [2.000]
[kpt   0  16  10]     4.9749 [2.000]     4.9749 [2.000]     5.6030 [2.000]     5.6030 [2.000]     5.6764 [2.000]
[kpt   0  16  11]     5.6765 [2.000]     5.6765 [2.000]     5.8982 [2.000]     5.8982 [2.000]     5.8982 [2.000]
[kpt   0  16  12]     5.8982 [2.000]     6.1564 [2.000]     6.2098 [2.000]     6.2099 [2.000]     9.5185 [0.000]
[kpt   0  16  13]    11.0171 [0.000]    11.0171 [0.000]    11.0171 [0.000]    11.0171 [0.000]    11.0171 [0.000]
[kpt   0  16  14]    11.0171 [0.000]    11.5785 [0.000]    11.5785 [0.000]    11.5785 [0.000]    11.6712 [0.000]
[kpt   0  16  15]    11.6712 [0.000]    11.6712 [0.000]    11.8428 [0.000]    11.8428 [0.000]    12.0915 [0.000]




Total charge in supercell =     128.00000000
 volume and energy per atom =        11.58457564       -183.66884804 eV


VDD: Summation of partial charges is 7.340364e-06 (report if substantially different from 0)
 Vdd took 0.213223 seconds



  IONIC POSITIONS [a0] AND FORCES [Ha/a0]
  Charge analysis using: Voronoi Deformation Density

@ION  Ion  Species       X           Y           Z       Charge       FX          FY         FZ      Movable
@ION    1    Al     15.4198500   8.7280927  18.8237441    0.462    0.0000001  -0.0000001   0.0087078     1
@ION    2    Al      3.3258500   5.2368556  13.8863686    0.462    0.0000008   0.0000006   0.0087073     1
@ION    3    Al     12.3963500   3.4912371  18.8237441    0.462    0.0000000  -0.0000002   0.0087078     1
@ION    4    Al      0.3023500   0.0000000  13.8863686    0.461    0.0000008   0.0000006   0.0087073     1
@ION    5    Al      9.3728500   8.7280927  18.8237441    0.462   -0.0000000  -0.0000001   0.0087078     1
@ION    6    Al      9.3728500   5.2368556  13.8863686    0.462    0.0000009   0.0000006   0.0087073     1
@ION    7    Al      6.3493500   3.4912371  18.8237441    0.462    0.0000000  -0.0000001   0.0087077     1
@ION    8    Al      6.3493500   0.0000000  13.8863686    0.462    0.0000009   0.0000005   0.0087073     1
@ION    9    Al     15.4198500   8.7280927   8.9489931    0.462    0.0000001  -0.0000001   0.0087075     1
@ION   10    Al      3.3258500   5.2368556   4.0116176    0.468    0.0000008   0.0000006   0.0087073     1
@ION   11    Al     12.3963500   3.4912371   8.9489931    0.462    0.0000000  -0.0000002   0.0087075     1
@ION   12    Al      0.3023500   0.0000000   4.0116176    0.467    0.0000008   0.0000006   0.0087072     1
@ION   13    Al      9.3728500   8.7280927   8.9489931    0.462   -0.0000000  -0.0000001   0.0087075     1
@ION   14    Al      9.3728500   5.2368556   4.0116176    0.468    0.0000009   0.0000006   0.0087072     1
@ION   15    Al      6.3493500   3.4912371   8.9489931    0.462    0.0000000  -0.0000001   0.0087074     1
@ION   16    Al      6.3493500   0.0000000   4.0116176    0.468    0.0000009   0.0000005   0.0087072     1
@ION   17     N     15.4198500   8.7280927  15.1207125   -0.462   -0.0000022  -0.0000013  -0.0087073     1
@ION   18     N      3.3258500   5.2368556  10.1833370   -0.462    0.0000013   0.0000009  -0.0087077     1
@ION   19     N     12.3963500   3.4912371  15.1207125   -0.462   -0.0000022  -0.0000014  -0.0087073     1
@ION   20     N      0.3023500   0.0000000  10.1833370   -0.463    0.0000013   0.0000009  -0.0087076     1
@ION   21     N      9.3728500   8.7280927  15.1207125   -0.462   -0.0000022  -0.0000014  -0.0087073     1
@ION   22     N      9.3728500   5.2368556  10.1833370   -0.462    0.0000013   0.0000009  -0.0087078     1
@ION   23     N      6.3493500   3.4912371  15.1207125   -0.462   -0.0000021  -0.0000014  -0.0087073     1
@ION   24     N      6.3493500   0.0000000  10.1833370   -0.462    0.0000013   0.0000009  -0.0087077     1
@ION   25     N     15.4198500   8.7280927   5.2459615   -0.462   -0.0000022  -0.0000013  -0.0087075     1
@ION   26     N      3.3258500   5.2368556   0.3085860   -0.468    0.0000013   0.0000009  -0.0087073     1
@ION   27     N     12.3963500   3.4912371   5.2459615   -0.462   -0.0000022  -0.0000014  -0.0087075     1
@ION   28     N      0.3023500   0.0000000   0.3085860   -0.469    0.0000013   0.0000009  -0.0087073     1
@ION   29     N      9.3728500   8.7280927   5.2459615   -0.462   -0.0000022  -0.0000014  -0.0087074     1
@ION   30     N      9.3728500   5.2368556   0.3085860   -0.468    0.0000013   0.0000009  -0.0087074     1
@ION   31     N      6.3493500   3.4912371   5.2459615   -0.462   -0.0000021  -0.0000014  -0.0087074     1
@ION   32     N      6.3493500   0.0000000   0.3085860   -0.468    0.0000013   0.0000009  -0.0087073     1

 mean FX      =   0.00000109 Ha/a0
 mean FY      =   0.00000074 Ha/a0
 mean FZ      =   0.00870745 Ha/a0

 max FX       =   0.00000221 Ha/a0   (ion 27)
 max FY       =   0.00000138 Ha/a0   (ion 31)
 max FZ       =   0.00870778 Ha/a0   (ion 1)
 max F[x,y,z] =   0.00870778 Ha/a0
 max |F|      =   0.00870778 Ha/a0   (ion 1)

WriteRestart: Restart file Waves/wave.out opened...
WriteData: total size of each of the 16 files = 2.1 Mb
WriteData: writing took 0.0 seconds, writing speed 60.876 Mbps 
WriteRestart: writing took 0.0 seconds 
WriteRestart: Restart file Waves/wave.out opened...
WriteData: total size of each of the 16 files = 2.1 Mb
WriteData: writing took 0.0 seconds, writing speed 51.665 Mbps 
WriteRestart: writing took 0.1 seconds 


--------TIMING INFORMATION FOR Processor owned the most atoms----------------
                                        Total time               Per SCF/step

1-TOTAL                                            12.89                0.81
-----------------------------------------------------------------------------
  1-TOTAL: Init                                     2.95                0.18
  1-TOTAL: run                                      9.94                0.62
  ---------------------------------------------------------------------------
    1-TOTAL: run: Force                             1.00                0.06
    1-TOTAL: run: Scf steps                         8.59                0.54

2-Force                                             1.00                0.06
-----------------------------------------------------------------------------
  2-Force: core correction                          0.10                0.01
  2-Force: corrections                              0.33                0.02
  2-Force: ion-ion                                  0.17                0.01
  2-Force: local                                    0.33                0.02
  2-Force: non-local                                0.07                0.00
  2-Force: non-local-betaxpsi                       0.04                0.00
  2-Force: non-local-get gamma                      0.00                0.00
  2-Force: non-local-nlforce_par_Q                  0.01                0.00
  2-Force: non-local-nlforce_par_gamma              0.00                0.00
  2-Force: non-local-nlforce_par_omega              0.00                0.00
  2-Force: non-local-partial gamma                  0.00                0.00
  2-Force: non-local-veff grad                      0.00                0.00

2-Init                                              2.95                0.18
-----------------------------------------------------------------------------
  2-Init: GetNewRho                                 0.02                0.00
  2-Init: KpointClass                               0.63                0.04
  2-Init: LcaoGetPsi                                0.09                0.01
  2-Init: LcaoGetRho                                0.05                0.00
  2-Init: ReinitIonicPotentials                     0.47                0.03
  2-Init: betaxpsi                                  0.05                0.00
  2-Init: exchange/correlation                      0.03                0.00
  2-Init: hartree                                   0.01                0.00
  2-Init: normalization                             0.00                0.00
  2-Init: qfunct                                    0.71                0.04
  2-Init: radial potentials                         0.58                0.04
  2-Init: subdiag                                   0.17                0.01
  2-Init: weights                                   0.01                0.00

2-Scf steps                                         8.59                0.54
-----------------------------------------------------------------------------
  2-Scf steps: Davidson                             3.80                0.24
  2-Scf steps: GetNewRho                            0.37                0.02
  2-Scf steps: Hartree                              0.45                0.03
  2-Scf steps: MgridSubspace                        2.19                0.14
  2-Scf steps: MixRho                               0.01                0.00
  2-Scf steps: exchange/correlation                 0.53                0.03

3-MgridSubspace                                     2.19                0.14
-----------------------------------------------------------------------------
  3-MgridSubspace: AppNls                           0.63                0.04
  3-MgridSubspace: Beta x psi                       0.25                0.02
  3-MgridSubspace: Diagonalization                  0.39                0.02
  3-MgridSubspace: Mg_eig                           0.90                0.06

3-ReinitIonicPotentials                             0.47                0.03
-----------------------------------------------------------------------------
  3-ReinitIonicPotentials: GetNlop                  0.02                0.00
  3-ReinitIonicPotentials: GetWeight                0.15                0.01
  3-ReinitIonicPotentials: get_QI                   0.17                0.01
  3-ReinitIonicPotentials: get_qqq                  0.03                0.00
  3-ReinitIonicPotentials: init_nuc                 0.11                0.01

4-Diagonalization                                   0.56                0.04
-----------------------------------------------------------------------------
  4-Diagonalization: AppNls                         0.29                0.02
  4-Diagonalization: Eigensolver                    0.02                0.00
  4-Diagonalization: Invert Bij                     0.00                0.00
  4-Diagonalization: MPI_Bcast                      0.00                0.00
  4-Diagonalization: PDSYGVX/PZHEGVX                0.02                0.00
  4-Diagonalization: Update orbitals                0.06                0.00
  4-Diagonalization: apply operators                0.40                0.03
  4-Diagonalization: distribute matrices.           0.00                0.00
  4-Diagonalization: matrix setup                   0.00                0.00
  4-Diagonalization: matrix setup/reduce            0.08                0.01

5-Functional                                        0.56                0.03
-----------------------------------------------------------------------------
  5-Functional: apply gradient                      0.08                0.00
  5-Functional: apply laplacian                     0.05                0.00
  5-Functional: libxc                               0.29                0.02
  5-Functional: vxc                                 0.56                0.03
  5-Functional: vxc grad                            0.45                0.03
  5-Functional: vxc local                           0.10                0.01
  5-Functional: vxc nonlocal                        0.00                0.00

6-Davidson                                          3.80                0.24
-----------------------------------------------------------------------------
  6-Davidson: Betaxpsi                              0.63                0.04
  6-Davidson: apply hamiltonian                     1.43                0.09
  6-Davidson: diagonalization                       0.14                0.01
  6-Davidson: generate residuals                    0.25                0.02
  6-Davidson: matrix setup/reduce                   0.42                0.03
  6-Davidson: normalization                         0.05                0.00
  6-Davidson: precondition                          0.66                0.04
  6-Davidson: rotate orbitals                       0.18                0.01

App_gradient                                        0.10                0.01

GlobalSums                                          0.11                0.01

Init                                                2.32                0.14

Mix rho                                             0.01                0.00
-----------------------------------------------------------------------------
  Mix rho: Linear                                   0.00                0.00

VhPfft                                              0.45                0.03

Weight                                              0.01                0.00
-----------------------------------------------------------------------------
  Weight: phase and set                             0.01                0.00
  Weight: proj cal                                  0.01                0.00

radial beta                                         0.14                0.01


------------------------- TIMING INFORMATION FOR THREADS  -------------------

                                           Min            Max            Avg
GlobalSums                              0.06           0.06           0.06
-----------------------------------------------------------------------------

Mg_eig                                  0.90           0.90           0.90
-----------------------------------------------------------------------------
  Mg_eig: apply A operator              0.46           0.46           0.46
  Mg_eig: apply B operator              0.00           0.00           0.00
  Mg_eig: mgrid_solv                    0.24           0.24           0.24
